[ 2016-05-10T00:23:35+08:00 ] 192.168.57.1 /index.php/home/index/show?id=76
INFO: [ app_init ] --START--
INFO: Run Behavior\BuildLiteBehavior [ RunTime:0.000000s ]
INFO: [ app_init ] --END-- [ RunTime:0.000000s ]
INFO: [ app_begin ] --START--
INFO: Run Behavior\ReadHtmlCacheBehavior [ RunTime:0.000000s ]
INFO: [ app_begin ] --END-- [ RunTime:0.000000s ]
NOTIC: [2048] Declaration of Home\Controller\IndexController::show() should be compatible with that of Think\Controller::show() D:\wwwroot\btsmzj\wwwroot\Application\Home\Controller\IndexController.class.php 第 125 行.
SQL: SHOW COLUMNS FROM `mxweb_module` [ RunTime:0.0469s ]
SQL: SELECT * FROM `mxweb_module` WHERE `status` = 1  [ RunTime:0.0469s ]
SQL: SHOW COLUMNS FROM `mxweb_data` [ RunTime:0.0469s ]
SQL: SELECT * FROM `mxweb_data` WHERE `id` = '76' LIMIT 1   [ RunTime:0.0938s ]
SQL: SELECT * FROM `mxweb_module` WHERE `first_module` = 3 AND `status` = 1 LIMIT 1   [ RunTime:0.0469s ]
SQL: SELECT * FROM `mxweb_data` WHERE `cate` = '64' LIMIT 0,7   [ RunTime:0.3594s ]
INFO: [ view_parse ] --START--
INFO: [ template_filter ] --START--
INFO: Run Behavior\ContentReplaceBehavior [ RunTime:0.000000s ]
INFO: [ template_filter ] --END-- [ RunTime:0.015625s ]
INFO: Run Behavior\ParseTemplateBehavior [ RunTime:0.109375s ]
INFO: [ view_parse ] --END-- [ RunTime:0.109375s ]
INFO: [ view_filter ] --START--
INFO: Run Behavior\WriteHtmlCacheBehavior [ RunTime:0.000000s ]
INFO: [ view_filter ] --END-- [ RunTime:0.000000s ]
INFO: [ app_end ] --START--
INFO: Run Behavior\ShowPageTraceBehavior [ RunTime:0.000000s ]
INFO: [ app_end ] --END-- [ RunTime:0.000000s ]

[ 2016-05-10T04:39:48+08:00 ] 192.168.57.1 /
INFO: [ app_init ] --START--
INFO: Run Behavior\BuildLiteBehavior [ RunTime:0.000000s ]
INFO: [ app_init ] --END-- [ RunTime:0.000000s ]
INFO: [ app_begin ] --START--
INFO: Run Behavior\ReadHtmlCacheBehavior [ RunTime:0.000000s ]
INFO: [ app_begin ] --END-- [ RunTime:0.000000s ]
NOTIC: [2048] Declaration of Home\Controller\IndexController::show() should be compatible with that of Think\Controller::show() D:\wwwroot\btsmzj\wwwroot\Application\Home\Controller\IndexController.class.php 第 125 行.
SQL: SHOW COLUMNS FROM `mxweb_module` [ RunTime:0.0469s ]
SQL: SELECT * FROM `mxweb_module` WHERE `status` = 1  [ RunTime:0.0313s ]
SQL: SELECT * FROM `mxweb_module` WHERE `first_module` = 1 AND `status` = 1 LIMIT 1   [ RunTime:0.0469s ]
SQL: SHOW COLUMNS FROM `mxweb_data` [ RunTime:0.0469s ]
SQL: SELECT * FROM `mxweb_data` WHERE `cate` = '62' LIMIT 0,7   [ RunTime:0.2031s ]
SQL: SELECT * FROM `mxweb_module` WHERE `first_module` = 2 AND `status` = 1 LIMIT 1   [ RunTime:0.0313s ]
SQL: SELECT * FROM `mxweb_data` WHERE `cate` = '63' LIMIT 0,7   [ RunTime:0.5000s ]
SQL: SELECT * FROM `mxweb_module` WHERE `id` = 61 LIMIT 1   [ RunTime:0.0469s ]
SQL: SELECT * FROM `mxweb_data` WHERE `cate` = '61' LIMIT 0,7   [ RunTime:0.0469s ]
SQL: SELECT * FROM `mxweb_module` WHERE `id` = 63 LIMIT 1   [ RunTime:0.0469s ]
SQL: SELECT * FROM `mxweb_data` WHERE `cate` = '63' LIMIT 0,7   [ RunTime:0.5000s ]
SQL: SELECT * FROM `mxweb_module` WHERE `id` = 64 LIMIT 1   [ RunTime:0.0469s ]
SQL: SELECT * FROM `mxweb_data` WHERE `cate` = '64' LIMIT 0,7   [ RunTime:0.3281s ]
SQL: SELECT * FROM `mxweb_module` WHERE `id` = 65 LIMIT 1   [ RunTime:0.0469s ]
SQL: SELECT * FROM `mxweb_data` WHERE `cate` = '65' LIMIT 0,7   [ RunTime:0.2500s ]
SQL: SELECT * FROM `mxweb_module` WHERE `id` = 66 LIMIT 1   [ RunTime:0.0313s ]
SQL: SELECT * FROM `mxweb_data` WHERE `cate` = '66' LIMIT 0,7   [ RunTime:0.3750s ]
SQL: SELECT * FROM `mxweb_module` WHERE `id` = 67 LIMIT 1   [ RunTime:0.0469s ]
SQL: SELECT * FROM `mxweb_data` WHERE `cate` = '67' LIMIT 0,7   [ RunTime:0.4063s ]
SQL: SELECT * FROM `mxweb_module` WHERE `id` = 68 LIMIT 1   [ RunTime:0.0313s ]
SQL: SELECT * FROM `mxweb_data` WHERE `cate` = '68' LIMIT 0,7   [ RunTime:0.3906s ]
SQL: SELECT * FROM `mxweb_module` WHERE `id` = 69 LIMIT 1   [ RunTime:0.0469s ]
SQL: SELECT * FROM `mxweb_data` WHERE `cate` = '69' LIMIT 0,7   [ RunTime:0.0781s ]
INFO: [ view_parse ] --START--
INFO: [ template_filter ] --START--
INFO: Run Behavior\ContentReplaceBehavior [ RunTime:0.000000s ]
INFO: [ template_filter ] --END-- [ RunTime:0.000000s ]
INFO: Run Behavior\ParseTemplateBehavior [ RunTime:0.125000s ]
INFO: [ view_parse ] --END-- [ RunTime:0.125000s ]
INFO: [ view_filter ] --START--
INFO: Run Behavior\WriteHtmlCacheBehavior [ RunTime:0.000000s ]
INFO: [ view_filter ] --END-- [ RunTime:0.000000s ]
INFO: [ app_end ] --START--
INFO: Run Behavior\ShowPageTraceBehavior [ RunTime:0.000000s ]
INFO: [ app_end ] --END-- [ RunTime:0.000000s ]

[ 2016-05-10T06:39:00+08:00 ] 192.168.57.1 /
INFO: [ app_init ] --START--
INFO: Run Behavior\BuildLiteBehavior [ RunTime:0.000000s ]
INFO: [ app_init ] --END-- [ RunTime:0.000000s ]
INFO: [ app_begin ] --START--
INFO: Run Behavior\ReadHtmlCacheBehavior [ RunTime:0.000000s ]
INFO: [ app_begin ] --END-- [ RunTime:0.000000s ]
NOTIC: [2048] Declaration of Home\Controller\IndexController::show() should be compatible with that of Think\Controller::show() D:\wwwroot\btsmzj\wwwroot\Application\Home\Controller\IndexController.class.php 第 125 行.
SQL: SHOW COLUMNS FROM `mxweb_module` [ RunTime:0.0625s ]
SQL: SELECT * FROM `mxweb_module` WHERE `status` = 1  [ RunTime:0.0313s ]
SQL: SELECT * FROM `mxweb_module` WHERE `first_module` = 1 AND `status` = 1 LIMIT 1   [ RunTime:0.0313s ]
SQL: SHOW COLUMNS FROM `mxweb_data` [ RunTime:0.0625s ]
SQL: SELECT * FROM `mxweb_data` WHERE `cate` = '62' LIMIT 0,7   [ RunTime:0.2188s ]
SQL: SELECT * FROM `mxweb_module` WHERE `first_module` = 2 AND `status` = 1 LIMIT 1   [ RunTime:0.0469s ]
SQL: SELECT * FROM `mxweb_data` WHERE `cate` = '63' LIMIT 0,7   [ RunTime:0.5313s ]
SQL: SELECT * FROM `mxweb_module` WHERE `id` = 61 LIMIT 1   [ RunTime:0.0313s ]
SQL: SELECT * FROM `mxweb_data` WHERE `cate` = '61' LIMIT 0,7   [ RunTime:0.0469s ]
SQL: SELECT * FROM `mxweb_module` WHERE `id` = 63 LIMIT 1   [ RunTime:0.0469s ]
SQL: SELECT * FROM `mxweb_data` WHERE `cate` = '63' LIMIT 0,7   [ RunTime:0.5313s ]
SQL: SELECT * FROM `mxweb_module` WHERE `id` = 64 LIMIT 1   [ RunTime:0.0469s ]
SQL: SELECT * FROM `mxweb_data` WHERE `cate` = '64' LIMIT 0,7   [ RunTime:0.3281s ]
SQL: SELECT * FROM `mxweb_module` WHERE `id` = 65 LIMIT 1   [ RunTime:0.0469s ]
SQL: SELECT * FROM `mxweb_data` WHERE `cate` = '65' LIMIT 0,7   [ RunTime:0.2500s ]
SQL: SELECT * FROM `mxweb_module` WHERE `id` = 66 LIMIT 1   [ RunTime:0.0625s ]
SQL: SELECT * FROM `mxweb_data` WHERE `cate` = '66' LIMIT 0,7   [ RunTime:0.3750s ]
SQL: SELECT * FROM `mxweb_module` WHERE `id` = 67 LIMIT 1   [ RunTime:0.0313s ]
SQL: SELECT * FROM `mxweb_data` WHERE `cate` = '67' LIMIT 0,7   [ RunTime:0.4375s ]
SQL: SELECT * FROM `mxweb_module` WHERE `id` = 68 LIMIT 1   [ RunTime:0.0469s ]
SQL: SELECT * FROM `mxweb_data` WHERE `cate` = '68' LIMIT 0,7   [ RunTime:0.4063s ]
SQL: SELECT * FROM `mxweb_module` WHERE `id` = 69 LIMIT 1   [ RunTime:0.0313s ]
SQL: SELECT * FROM `mxweb_data` WHERE `cate` = '69' LIMIT 0,7   [ RunTime:0.0938s ]
INFO: [ view_parse ] --START--
INFO: [ template_filter ] --START--
INFO: Run Behavior\ContentReplaceBehavior [ RunTime:0.000000s ]
INFO: [ template_filter ] --END-- [ RunTime:0.000000s ]
INFO: Run Behavior\ParseTemplateBehavior [ RunTime:0.125000s ]
INFO: [ view_parse ] --END-- [ RunTime:0.125000s ]
INFO: [ view_filter ] --START--
INFO: Run Behavior\WriteHtmlCacheBehavior [ RunTime:0.000000s ]
INFO: [ view_filter ] --END-- [ RunTime:0.000000s ]
INFO: [ app_end ] --START--
INFO: Run Behavior\ShowPageTraceBehavior [ RunTime:0.000000s ]
INFO: [ app_end ] --END-- [ RunTime:0.000000s ]

[ 2016-05-10T08:17:26+08:00 ] 192.168.57.1 /
INFO: [ app_init ] --START--
INFO: Run Behavior\BuildLiteBehavior [ RunTime:0.000000s ]
INFO: [ app_init ] --END-- [ RunTime:0.000000s ]
INFO: [ app_begin ] --START--
INFO: Run Behavior\ReadHtmlCacheBehavior [ RunTime:0.000000s ]
INFO: [ app_begin ] --END-- [ RunTime:0.000000s ]
NOTIC: [2048] Declaration of Home\Controller\IndexController::show() should be compatible with that of Think\Controller::show() D:\wwwroot\btsmzj\wwwroot\Application\Home\Controller\IndexController.class.php 第 125 行.
SQL: SHOW COLUMNS FROM `mxweb_module` [ RunTime:0.0469s ]
SQL: SELECT * FROM `mxweb_module` WHERE `status` = 1  [ RunTime:0.0625s ]
SQL: SELECT * FROM `mxweb_module` WHERE `first_module` = 1 AND `status` = 1 LIMIT 1   [ RunTime:0.0625s ]
SQL: SHOW COLUMNS FROM `mxweb_data` [ RunTime:0.0469s ]
SQL: SELECT * FROM `mxweb_data` WHERE `cate` = '62' LIMIT 0,7   [ RunTime:0.2656s ]
SQL: SELECT * FROM `mxweb_module` WHERE `first_module` = 2 AND `status` = 1 LIMIT 1   [ RunTime:0.0469s ]
SQL: SELECT * FROM `mxweb_data` WHERE `cate` = '63' LIMIT 0,7   [ RunTime:0.6250s ]
SQL: SELECT * FROM `mxweb_module` WHERE `id` = 61 LIMIT 1   [ RunTime:0.0469s ]
SQL: SELECT * FROM `mxweb_data` WHERE `cate` = '61' LIMIT 0,7   [ RunTime:0.0469s ]
SQL: SELECT * FROM `mxweb_module` WHERE `id` = 63 LIMIT 1   [ RunTime:0.0625s ]
SQL: SELECT * FROM `mxweb_data` WHERE `cate` = '63' LIMIT 0,7   [ RunTime:0.6406s ]
SQL: SELECT * FROM `mxweb_module` WHERE `id` = 64 LIMIT 1   [ RunTime:0.0469s ]
SQL: SELECT * FROM `mxweb_data` WHERE `cate` = '64' LIMIT 0,7   [ RunTime:0.4063s ]
SQL: SELECT * FROM `mxweb_module` WHERE `id` = 65 LIMIT 1   [ RunTime:0.0625s ]
SQL: SELECT * FROM `mxweb_data` WHERE `cate` = '65' LIMIT 0,7   [ RunTime:0.3281s ]
SQL: SELECT * FROM `mxweb_module` WHERE `id` = 66 LIMIT 1   [ RunTime:0.0469s ]
SQL: SELECT * FROM `mxweb_data` WHERE `cate` = '66' LIMIT 0,7   [ RunTime:0.4688s ]
SQL: SELECT * FROM `mxweb_module` WHERE `id` = 67 LIMIT 1   [ RunTime:0.0625s ]
SQL: SELECT * FROM `mxweb_data` WHERE `cate` = '67' LIMIT 0,7   [ RunTime:0.5313s ]
SQL: SELECT * FROM `mxweb_module` WHERE `id` = 68 LIMIT 1   [ RunTime:0.0625s ]
SQL: SELECT * FROM `mxweb_data` WHERE `cate` = '68' LIMIT 0,7   [ RunTime:0.5313s ]
SQL: SELECT * FROM `mxweb_module` WHERE `id` = 69 LIMIT 1   [ RunTime:0.0625s ]
SQL: SELECT * FROM `mxweb_data` WHERE `cate` = '69' LIMIT 0,7   [ RunTime:0.1094s ]
INFO: [ view_parse ] --START--
INFO: [ template_filter ] --START--
INFO: Run Behavior\ContentReplaceBehavior [ RunTime:0.000000s ]
INFO: [ template_filter ] --END-- [ RunTime:0.000000s ]
INFO: Run Behavior\ParseTemplateBehavior [ RunTime:0.140625s ]
INFO: [ view_parse ] --END-- [ RunTime:0.140625s ]
INFO: [ view_filter ] --START--
INFO: Run Behavior\WriteHtmlCacheBehavior [ RunTime:0.000000s ]
INFO: [ view_filter ] --END-- [ RunTime:0.000000s ]
INFO: [ app_end ] --START--
INFO: Run Behavior\ShowPageTraceBehavior [ RunTime:0.000000s ]
INFO: [ app_end ] --END-- [ RunTime:0.000000s ]

[ 2016-05-10T10:47:38+08:00 ] 192.168.57.1 /
INFO: [ app_init ] --START--
INFO: Run Behavior\BuildLiteBehavior [ RunTime:0.000000s ]
INFO: [ app_init ] --END-- [ RunTime:0.000000s ]
INFO: [ app_begin ] --START--
INFO: Run Behavior\ReadHtmlCacheBehavior [ RunTime:0.000000s ]
INFO: [ app_begin ] --END-- [ RunTime:0.000000s ]
NOTIC: [2048] Declaration of Home\Controller\IndexController::show() should be compatible with that of Think\Controller::show() D:\wwwroot\btsmzj\wwwroot\Application\Home\Controller\IndexController.class.php 第 125 行.
SQL: SHOW COLUMNS FROM `mxweb_module` [ RunTime:0.0469s ]
SQL: SELECT * FROM `mxweb_module` WHERE `status` = 1  [ RunTime:0.0469s ]
SQL: SELECT * FROM `mxweb_module` WHERE `first_module` = 1 AND `status` = 1 LIMIT 1   [ RunTime:0.0469s ]
SQL: SHOW COLUMNS FROM `mxweb_data` [ RunTime:0.0469s ]
SQL: SELECT * FROM `mxweb_data` WHERE `cate` = '62' LIMIT 0,7   [ RunTime:0.2344s ]
SQL: SELECT * FROM `mxweb_module` WHERE `first_module` = 2 AND `status` = 1 LIMIT 1   [ RunTime:0.0469s ]
SQL: SELECT * FROM `mxweb_data` WHERE `cate` = '63' LIMIT 0,7   [ RunTime:0.5625s ]
SQL: SELECT * FROM `mxweb_module` WHERE `id` = 61 LIMIT 1   [ RunTime:0.0625s ]
SQL: SELECT * FROM `mxweb_data` WHERE `cate` = '61' LIMIT 0,7   [ RunTime:0.0469s ]
SQL: SELECT * FROM `mxweb_module` WHERE `id` = 63 LIMIT 1   [ RunTime:0.0469s ]
SQL: SELECT * FROM `mxweb_data` WHERE `cate` = '63' LIMIT 0,7   [ RunTime:0.5781s ]
SQL: SELECT * FROM `mxweb_module` WHERE `id` = 64 LIMIT 1   [ RunTime:0.0469s ]
SQL: SELECT * FROM `mxweb_data` WHERE `cate` = '64' LIMIT 0,7   [ RunTime:0.3750s ]
SQL: SELECT * FROM `mxweb_module` WHERE `id` = 65 LIMIT 1   [ RunTime:0.0313s ]
SQL: SELECT * FROM `mxweb_data` WHERE `cate` = '65' LIMIT 0,7   [ RunTime:0.2813s ]
SQL: SELECT * FROM `mxweb_module` WHERE `id` = 66 LIMIT 1   [ RunTime:0.0469s ]
SQL: SELECT * FROM `mxweb_data` WHERE `cate` = '66' LIMIT 0,7   [ RunTime:0.4219s ]
SQL: SELECT * FROM `mxweb_module` WHERE `id` = 67 LIMIT 1   [ RunTime:0.0625s ]
SQL: SELECT * FROM `mxweb_data` WHERE `cate` = '67' LIMIT 0,7   [ RunTime:0.4688s ]
SQL: SELECT * FROM `mxweb_module` WHERE `id` = 68 LIMIT 1   [ RunTime:0.0469s ]
SQL: SELECT * FROM `mxweb_data` WHERE `cate` = '68' LIMIT 0,7   [ RunTime:0.4688s ]
SQL: SELECT * FROM `mxweb_module` WHERE `id` = 69 LIMIT 1   [ RunTime:0.0469s ]
SQL: SELECT * FROM `mxweb_data` WHERE `cate` = '69' LIMIT 0,7   [ RunTime:0.0781s ]
INFO: [ view_parse ] --START--
INFO: [ template_filter ] --START--
INFO: Run Behavior\ContentReplaceBehavior [ RunTime:0.000000s ]
INFO: [ template_filter ] --END-- [ RunTime:0.000000s ]
INFO: Run Behavior\ParseTemplateBehavior [ RunTime:0.156250s ]
INFO: [ view_parse ] --END-- [ RunTime:0.156250s ]
INFO: [ view_filter ] --START--
INFO: Run Behavior\WriteHtmlCacheBehavior [ RunTime:0.000000s ]
INFO: [ view_filter ] --END-- [ RunTime:0.000000s ]
INFO: [ app_end ] --START--
INFO: Run Behavior\ShowPageTraceBehavior [ RunTime:0.000000s ]
INFO: [ app_end ] --END-- [ RunTime:0.000000s ]

[ 2016-05-10T13:54:02+08:00 ] 192.168.57.1 /index.php/home/index/lists?id=66
INFO: [ app_init ] --START--
INFO: Run Behavior\BuildLiteBehavior [ RunTime:0.000000s ]
INFO: [ app_init ] --END-- [ RunTime:0.000000s ]
INFO: [ app_begin ] --START--
INFO: Run Behavior\ReadHtmlCacheBehavior [ RunTime:0.000000s ]
INFO: [ app_begin ] --END-- [ RunTime:0.000000s ]
NOTIC: [2048] Declaration of Home\Controller\IndexController::show() should be compatible with that of Think\Controller::show() D:\wwwroot\btsmzj\wwwroot\Application\Home\Controller\IndexController.class.php 第 125 行.
SQL: SHOW COLUMNS FROM `mxweb_module` [ RunTime:0.0469s ]
SQL: SELECT * FROM `mxweb_module` WHERE `status` = 1  [ RunTime:0.0313s ]
SQL: SELECT * FROM `mxweb_module` WHERE `id` = '66' AND `status` = 1 LIMIT 1   [ RunTime:0.0469s ]
SQL: SHOW COLUMNS FROM `mxweb_data` [ RunTime:0.0469s ]
SQL: SELECT * FROM `mxweb_data` WHERE `cate` = '66' LIMIT 0,30   [ RunTime:0.3906s ]
SQL: SELECT * FROM `mxweb_module` WHERE `first_module` = 3 AND `status` = 1 LIMIT 1   [ RunTime:0.0313s ]
SQL: SELECT * FROM `mxweb_data` WHERE `cate` = '64' LIMIT 0,7   [ RunTime:0.3281s ]
INFO: [ view_parse ] --START--
INFO: [ template_filter ] --START--
INFO: Run Behavior\ContentReplaceBehavior [ RunTime:0.000000s ]
INFO: [ template_filter ] --END-- [ RunTime:0.000000s ]
NOTIC: [8] Undefined variable: addtime D:\wwwroot\btsmzj\wwwroot\Application\Runtime\Cache\Home\b703616f43106f0a92ef0e15a918e383.php 第 59 行.
NOTIC: [8] Undefined variable: addtime D:\wwwroot\btsmzj\wwwroot\Application\Runtime\Cache\Home\b703616f43106f0a92ef0e15a918e383.php 第 59 行.
NOTIC: [8] Undefined variable: addtime D:\wwwroot\btsmzj\wwwroot\Application\Runtime\Cache\Home\b703616f43106f0a92ef0e15a918e383.php 第 59 行.
NOTIC: [8] Undefined variable: addtime D:\wwwroot\btsmzj\wwwroot\Application\Runtime\Cache\Home\b703616f43106f0a92ef0e15a918e383.php 第 59 行.
NOTIC: [8] Undefined variable: addtime D:\wwwroot\btsmzj\wwwroot\Application\Runtime\Cache\Home\b703616f43106f0a92ef0e15a918e383.php 第 59 行.
NOTIC: [8] Undefined variable: addtime D:\wwwroot\btsmzj\wwwroot\Application\Runtime\Cache\Home\b703616f43106f0a92ef0e15a918e383.php 第 59 行.
NOTIC: [8] Undefined variable: addtime D:\wwwroot\btsmzj\wwwroot\Application\Runtime\Cache\Home\b703616f43106f0a92ef0e15a918e383.php 第 59 行.
INFO: Run Behavior\ParseTemplateBehavior [ RunTime:0.093750s ]
INFO: [ view_parse ] --END-- [ RunTime:0.093750s ]
INFO: [ view_filter ] --START--
INFO: Run Behavior\WriteHtmlCacheBehavior [ RunTime:0.000000s ]
INFO: [ view_filter ] --END-- [ RunTime:0.000000s ]
INFO: [ app_end ] --START--
INFO: Run Behavior\ShowPageTraceBehavior [ RunTime:0.000000s ]
INFO: [ app_end ] --END-- [ RunTime:0.000000s ]

[ 2016-05-10T19:35:29+08:00 ] 192.168.57.1 /index.php/home/index/show?id=55
INFO: [ app_init ] --START--
INFO: Run Behavior\BuildLiteBehavior [ RunTime:0.000000s ]
INFO: [ app_init ] --END-- [ RunTime:0.000000s ]
INFO: [ app_begin ] --START--
INFO: Run Behavior\ReadHtmlCacheBehavior [ RunTime:0.000000s ]
INFO: [ app_begin ] --END-- [ RunTime:0.000000s ]
NOTIC: [2048] Declaration of Home\Controller\IndexController::show() should be compatible with that of Think\Controller::show() D:\wwwroot\btsmzj\wwwroot\Application\Home\Controller\IndexController.class.php 第 125 行.
SQL: SHOW COLUMNS FROM `mxweb_module` [ RunTime:0.0469s ]
SQL: SELECT * FROM `mxweb_module` WHERE `status` = 1  [ RunTime:0.0469s ]
SQL: SHOW COLUMNS FROM `mxweb_data` [ RunTime:0.0313s ]
SQL: SELECT * FROM `mxweb_data` WHERE `id` = '55' LIMIT 1   [ RunTime:0.0313s ]
SQL: SELECT * FROM `mxweb_module` WHERE `first_module` = 3 AND `status` = 1 LIMIT 1   [ RunTime:0.0469s ]
SQL: SELECT * FROM `mxweb_data` WHERE `cate` = '64' LIMIT 0,7   [ RunTime:0.3125s ]
INFO: [ view_parse ] --START--
INFO: [ template_filter ] --START--
INFO: Run Behavior\ContentReplaceBehavior [ RunTime:0.000000s ]
INFO: [ template_filter ] --END-- [ RunTime:0.000000s ]
INFO: Run Behavior\ParseTemplateBehavior [ RunTime:0.093750s ]
INFO: [ view_parse ] --END-- [ RunTime:0.093750s ]
INFO: [ view_filter ] --START--
INFO: Run Behavior\WriteHtmlCacheBehavior [ RunTime:0.000000s ]
INFO: [ view_filter ] --END-- [ RunTime:0.015625s ]
INFO: [ app_end ] --START--
INFO: Run Behavior\ShowPageTraceBehavior [ RunTime:0.000000s ]
INFO: [ app_end ] --END-- [ RunTime:0.000000s ]

[ 2016-05-10T19:53:34+08:00 ] 192.168.57.1 /index.php/home/index/show?id=54
INFO: [ app_init ] --START--
INFO: Run Behavior\BuildLiteBehavior [ RunTime:0.000000s ]
INFO: [ app_init ] --END-- [ RunTime:0.000000s ]
INFO: [ app_begin ] --START--
INFO: Run Behavior\ReadHtmlCacheBehavior [ RunTime:0.000000s ]
INFO: [ app_begin ] --END-- [ RunTime:0.000000s ]
NOTIC: [2048] Declaration of Home\Controller\IndexController::show() should be compatible with that of Think\Controller::show() D:\wwwroot\btsmzj\wwwroot\Application\Home\Controller\IndexController.class.php 第 125 行.
SQL: SHOW COLUMNS FROM `mxweb_module` [ RunTime:0.0469s ]
SQL: SELECT * FROM `mxweb_module` WHERE `status` = 1  [ RunTime:0.0469s ]
SQL: SHOW COLUMNS FROM `mxweb_data` [ RunTime:0.0313s ]
SQL: SELECT * FROM `mxweb_data` WHERE `id` = '54' LIMIT 1   [ RunTime:0.0469s ]
SQL: SELECT * FROM `mxweb_module` WHERE `first_module` = 3 AND `status` = 1 LIMIT 1   [ RunTime:0.0313s ]
SQL: SELECT * FROM `mxweb_data` WHERE `cate` = '64' LIMIT 0,7   [ RunTime:0.3281s ]
INFO: [ view_parse ] --START--
INFO: [ template_filter ] --START--
INFO: Run Behavior\ContentReplaceBehavior [ RunTime:0.000000s ]
INFO: [ template_filter ] --END-- [ RunTime:0.000000s ]
INFO: Run Behavior\ParseTemplateBehavior [ RunTime:0.046875s ]
INFO: [ view_parse ] --END-- [ RunTime:0.046875s ]
INFO: [ view_filter ] --START--
INFO: Run Behavior\WriteHtmlCacheBehavior [ RunTime:0.000000s ]
INFO: [ view_filter ] --END-- [ RunTime:0.000000s ]
INFO: [ app_end ] --START--
INFO: Run Behavior\ShowPageTraceBehavior [ RunTime:0.015625s ]
INFO: [ app_end ] --END-- [ RunTime:0.015625s ]

[ 2016-05-10T20:23:58+08:00 ] 192.168.57.1 /index.php/home/index/show?id=92
INFO: [ app_init ] --START--
INFO: Run Behavior\BuildLiteBehavior [ RunTime:0.000000s ]
INFO: [ app_init ] --END-- [ RunTime:0.000000s ]
INFO: [ app_begin ] --START--
INFO: Run Behavior\ReadHtmlCacheBehavior [ RunTime:0.000000s ]
INFO: [ app_begin ] --END-- [ RunTime:0.000000s ]
NOTIC: [2048] Declaration of Home\Controller\IndexController::show() should be compatible with that of Think\Controller::show() D:\wwwroot\btsmzj\wwwroot\Application\Home\Controller\IndexController.class.php 第 125 行.
SQL: SHOW COLUMNS FROM `mxweb_module` [ RunTime:0.0625s ]
SQL: SELECT * FROM `mxweb_module` WHERE `status` = 1  [ RunTime:0.0469s ]
SQL: SHOW COLUMNS FROM `mxweb_data` [ RunTime:0.0625s ]
SQL: SELECT * FROM `mxweb_data` WHERE `id` = '92' LIMIT 1   [ RunTime:0.1094s ]
SQL: SELECT * FROM `mxweb_module` WHERE `first_module` = 3 AND `status` = 1 LIMIT 1   [ RunTime:0.0469s ]
SQL: SELECT * FROM `mxweb_data` WHERE `cate` = '64' LIMIT 0,7   [ RunTime:0.4219s ]
INFO: [ view_parse ] --START--
INFO: [ template_filter ] --START--
INFO: Run Behavior\ContentReplaceBehavior [ RunTime:0.000000s ]
INFO: [ template_filter ] --END-- [ RunTime:0.000000s ]
INFO: Run Behavior\ParseTemplateBehavior [ RunTime:0.062500s ]
INFO: [ view_parse ] --END-- [ RunTime:0.062500s ]
INFO: [ view_filter ] --START--
INFO: Run Behavior\WriteHtmlCacheBehavior [ RunTime:0.000000s ]
INFO: [ view_filter ] --END-- [ RunTime:0.000000s ]
INFO: [ app_end ] --START--
INFO: Run Behavior\ShowPageTraceBehavior [ RunTime:0.015625s ]
INFO: [ app_end ] --END-- [ RunTime:0.015625s ]

[ 2016-05-10T22:16:15+08:00 ] 192.168.57.1 /index.php/home/index/show?id=82
INFO: [ app_init ] --START--
INFO: Run Behavior\BuildLiteBehavior [ RunTime:0.000000s ]
INFO: [ app_init ] --END-- [ RunTime:0.015625s ]
INFO: [ app_begin ] --START--
INFO: Run Behavior\ReadHtmlCacheBehavior [ RunTime:0.000000s ]
INFO: [ app_begin ] --END-- [ RunTime:0.000000s ]
NOTIC: [2048] Declaration of Home\Controller\IndexController::show() should be compatible with that of Think\Controller::show() D:\wwwroot\btsmzj\wwwroot\Application\Home\Controller\IndexController.class.php 第 125 行.
SQL: SHOW COLUMNS FROM `mxweb_module` [ RunTime:0.0469s ]
SQL: SELECT * FROM `mxweb_module` WHERE `status` = 1  [ RunTime:0.0469s ]
SQL: SHOW COLUMNS FROM `mxweb_data` [ RunTime:0.0469s ]
SQL: SELECT * FROM `mxweb_data` WHERE `id` = '82' LIMIT 1   [ RunTime:0.1094s ]
SQL: SELECT * FROM `mxweb_module` WHERE `first_module` = 3 AND `status` = 1 LIMIT 1   [ RunTime:0.0469s ]
SQL: SELECT * FROM `mxweb_data` WHERE `cate` = '64' LIMIT 0,7   [ RunTime:0.3750s ]
INFO: [ view_parse ] --START--
INFO: [ template_filter ] --START--
INFO: Run Behavior\ContentReplaceBehavior [ RunTime:0.000000s ]
INFO: [ template_filter ] --END-- [ RunTime:0.000000s ]
INFO: Run Behavior\ParseTemplateBehavior [ RunTime:0.125000s ]
INFO: [ view_parse ] --END-- [ RunTime:0.125000s ]
INFO: [ view_filter ] --START--
INFO: Run Behavior\WriteHtmlCacheBehavior [ RunTime:0.000000s ]
INFO: [ view_filter ] --END-- [ RunTime:0.000000s ]
INFO: [ app_end ] --START--
INFO: Run Behavior\ShowPageTraceBehavior [ RunTime:0.000000s ]
INFO: [ app_end ] --END-- [ RunTime:0.000000s ]

[ 2016-05-10T23:33:07+08:00 ] 192.168.57.1 /
INFO: [ app_init ] --START--
INFO: Run Behavior\BuildLiteBehavior [ RunTime:0.000000s ]
INFO: [ app_init ] --END-- [ RunTime:0.000000s ]
INFO: [ app_begin ] --START--
INFO: Run Behavior\ReadHtmlCacheBehavior [ RunTime:0.000000s ]
INFO: [ app_begin ] --END-- [ RunTime:0.000000s ]
NOTIC: [2048] Declaration of Home\Controller\IndexController::show() should be compatible with that of Think\Controller::show() D:\wwwroot\btsmzj\wwwroot\Application\Home\Controller\IndexController.class.php 第 125 行.
SQL: SHOW COLUMNS FROM `mxweb_module` [ RunTime:0.0469s ]
SQL: SELECT * FROM `mxweb_module` WHERE `status` = 1  [ RunTime:0.0469s ]
SQL: SELECT * FROM `mxweb_module` WHERE `first_module` = 1 AND `status` = 1 LIMIT 1   [ RunTime:0.0469s ]
SQL: SHOW COLUMNS FROM `mxweb_data` [ RunTime:0.0313s ]
SQL: SELECT * FROM `mxweb_data` WHERE `cate` = '62' LIMIT 0,7   [ RunTime:0.2031s ]
SQL: SELECT * FROM `mxweb_module` WHERE `first_module` = 2 AND `status` = 1 LIMIT 1   [ RunTime:0.0469s ]
SQL: SELECT * FROM `mxweb_data` WHERE `cate` = '63' LIMIT 0,7   [ RunTime:0.5000s ]
SQL: SELECT * FROM `mxweb_module` WHERE `id` = 61 LIMIT 1   [ RunTime:0.0469s ]
SQL: SELECT * FROM `mxweb_data` WHERE `cate` = '61' LIMIT 0,7   [ RunTime:0.0469s ]
SQL: SELECT * FROM `mxweb_module` WHERE `id` = 63 LIMIT 1   [ RunTime:0.0469s ]
SQL: SELECT * FROM `mxweb_data` WHERE `cate` = '63' LIMIT 0,7   [ RunTime:0.4844s ]
SQL: SELECT * FROM `mxweb_module` WHERE `id` = 64 LIMIT 1   [ RunTime:0.0469s ]
SQL: SELECT * FROM `mxweb_data` WHERE `cate` = '64' LIMIT 0,7   [ RunTime:0.3438s ]
SQL: SELECT * FROM `mxweb_module` WHERE `id` = 65 LIMIT 1   [ RunTime:0.0469s ]
SQL: SELECT * FROM `mxweb_data` WHERE `cate` = '65' LIMIT 0,7   [ RunTime:0.2500s ]
SQL: SELECT * FROM `mxweb_module` WHERE `id` = 66 LIMIT 1   [ RunTime:0.0469s ]
SQL: SELECT * FROM `mxweb_data` WHERE `cate` = '66' LIMIT 0,7   [ RunTime:0.3750s ]
SQL: SELECT * FROM `mxweb_module` WHERE `id` = 67 LIMIT 1   [ RunTime:0.0469s ]
SQL: SELECT * FROM `mxweb_data` WHERE `cate` = '67' LIMIT 0,7   [ RunTime:0.4063s ]
SQL: SELECT * FROM `mxweb_module` WHERE `id` = 68 LIMIT 1   [ RunTime:0.0469s ]
SQL: SELECT * FROM `mxweb_data` WHERE `cate` = '68' LIMIT 0,7   [ RunTime:0.4219s ]
SQL: SELECT * FROM `mxweb_module` WHERE `id` = 69 LIMIT 1   [ RunTime:0.0469s ]
SQL: SELECT * FROM `mxweb_data` WHERE `cate` = '69' LIMIT 0,7   [ RunTime:0.0781s ]
INFO: [ view_parse ] --START--
INFO: [ template_filter ] --START--
INFO: Run Behavior\ContentReplaceBehavior [ RunTime:0.000000s ]
INFO: [ template_filter ] --END-- [ RunTime:0.000000s ]
INFO: Run Behavior\ParseTemplateBehavior [ RunTime:0.187500s ]
INFO: [ view_parse ] --END-- [ RunTime:0.187500s ]
INFO: [ view_filter ] --START--
INFO: Run Behavior\WriteHtmlCacheBehavior [ RunTime:0.000000s ]
INFO: [ view_filter ] --END-- [ RunTime:0.000000s ]
INFO: [ app_end ] --START--
INFO: Run Behavior\ShowPageTraceBehavior [ RunTime:0.000000s ]
INFO: [ app_end ] --END-- [ RunTime:0.000000s ]

