[ 2016-05-17T00:41:47+08:00 ] 192.168.57.1 /
INFO: [ app_init ] --START--
INFO: Run Behavior\BuildLiteBehavior [ RunTime:0.000000s ]
INFO: [ app_init ] --END-- [ RunTime:0.000000s ]
INFO: [ app_begin ] --START--
INFO: Run Behavior\ReadHtmlCacheBehavior [ RunTime:0.000000s ]
INFO: [ app_begin ] --END-- [ RunTime:0.000000s ]
NOTIC: [2048] Declaration of Home\Controller\IndexController::show() should be compatible with that of Think\Controller::show() D:\wwwroot\btsmzj\wwwroot\Application\Home\Controller\IndexController.class.php 第 125 行.
SQL: SHOW COLUMNS FROM `mxweb_module` [ RunTime:0.0469s ]
SQL: SELECT * FROM `mxweb_module` WHERE `status` = 1  [ RunTime:0.0469s ]
SQL: SELECT * FROM `mxweb_module` WHERE `first_module` = 1 AND `status` = 1 LIMIT 1   [ RunTime:0.0625s ]
SQL: SHOW COLUMNS FROM `mxweb_data` [ RunTime:0.0469s ]
SQL: SELECT * FROM `mxweb_data` WHERE `cate` = '62' LIMIT 0,7   [ RunTime:0.2344s ]
SQL: SELECT * FROM `mxweb_module` WHERE `first_module` = 2 AND `status` = 1 LIMIT 1   [ RunTime:0.0625s ]
SQL: SELECT * FROM `mxweb_data` WHERE `cate` = '63' LIMIT 0,7   [ RunTime:0.5781s ]
SQL: SELECT * FROM `mxweb_module` WHERE `id` = 61 LIMIT 1   [ RunTime:0.0625s ]
SQL: SELECT * FROM `mxweb_data` WHERE `cate` = '61' LIMIT 0,7   [ RunTime:0.0469s ]
SQL: SELECT * FROM `mxweb_module` WHERE `id` = 63 LIMIT 1   [ RunTime:0.0469s ]
SQL: SELECT * FROM `mxweb_data` WHERE `cate` = '63' LIMIT 0,7   [ RunTime:0.5781s ]
SQL: SELECT * FROM `mxweb_module` WHERE `id` = 64 LIMIT 1   [ RunTime:0.0469s ]
SQL: SELECT * FROM `mxweb_data` WHERE `cate` = '64' LIMIT 0,7   [ RunTime:0.4063s ]
SQL: SELECT * FROM `mxweb_module` WHERE `id` = 65 LIMIT 1   [ RunTime:0.0469s ]
SQL: SELECT * FROM `mxweb_data` WHERE `cate` = '65' LIMIT 0,7   [ RunTime:0.2813s ]
SQL: SELECT * FROM `mxweb_module` WHERE `id` = 66 LIMIT 1   [ RunTime:0.0469s ]
SQL: SELECT * FROM `mxweb_data` WHERE `cate` = '66' LIMIT 0,7   [ RunTime:0.4531s ]
SQL: SELECT * FROM `mxweb_module` WHERE `id` = 67 LIMIT 1   [ RunTime:0.0469s ]
SQL: SELECT * FROM `mxweb_data` WHERE `cate` = '67' LIMIT 0,7   [ RunTime:0.4688s ]
SQL: SELECT * FROM `mxweb_module` WHERE `id` = 68 LIMIT 1   [ RunTime:0.0469s ]
SQL: SELECT * FROM `mxweb_data` WHERE `cate` = '68' LIMIT 0,7   [ RunTime:0.4844s ]
SQL: SELECT * FROM `mxweb_module` WHERE `id` = 69 LIMIT 1   [ RunTime:0.0469s ]
SQL: SELECT * FROM `mxweb_data` WHERE `cate` = '69' LIMIT 0,7   [ RunTime:0.0938s ]
INFO: [ view_parse ] --START--
INFO: [ template_filter ] --START--
INFO: Run Behavior\ContentReplaceBehavior [ RunTime:0.000000s ]
INFO: [ template_filter ] --END-- [ RunTime:0.000000s ]
INFO: Run Behavior\ParseTemplateBehavior [ RunTime:0.187500s ]
INFO: [ view_parse ] --END-- [ RunTime:0.187500s ]
INFO: [ view_filter ] --START--
INFO: Run Behavior\WriteHtmlCacheBehavior [ RunTime:0.000000s ]
INFO: [ view_filter ] --END-- [ RunTime:0.000000s ]
INFO: [ app_end ] --START--
INFO: Run Behavior\ShowPageTraceBehavior [ RunTime:0.000000s ]
INFO: [ app_end ] --END-- [ RunTime:0.000000s ]

[ 2016-05-17T01:47:23+08:00 ] 192.168.57.1 /
INFO: [ app_init ] --START--
INFO: Run Behavior\BuildLiteBehavior [ RunTime:0.000000s ]
INFO: [ app_init ] --END-- [ RunTime:0.000000s ]
INFO: [ app_begin ] --START--
INFO: Run Behavior\ReadHtmlCacheBehavior [ RunTime:0.000000s ]
INFO: [ app_begin ] --END-- [ RunTime:0.000000s ]
NOTIC: [2048] Declaration of Home\Controller\IndexController::show() should be compatible with that of Think\Controller::show() D:\wwwroot\btsmzj\wwwroot\Application\Home\Controller\IndexController.class.php 第 125 行.
SQL: SHOW COLUMNS FROM `mxweb_module` [ RunTime:0.0469s ]
SQL: SELECT * FROM `mxweb_module` WHERE `status` = 1  [ RunTime:0.0313s ]
SQL: SELECT * FROM `mxweb_module` WHERE `first_module` = 1 AND `status` = 1 LIMIT 1   [ RunTime:0.0469s ]
SQL: SHOW COLUMNS FROM `mxweb_data` [ RunTime:0.0469s ]
SQL: SELECT * FROM `mxweb_data` WHERE `cate` = '62' LIMIT 0,7   [ RunTime:0.2031s ]
SQL: SELECT * FROM `mxweb_module` WHERE `first_module` = 2 AND `status` = 1 LIMIT 1   [ RunTime:0.0313s ]
SQL: SELECT * FROM `mxweb_data` WHERE `cate` = '63' LIMIT 0,7   [ RunTime:0.5000s ]
SQL: SELECT * FROM `mxweb_module` WHERE `id` = 61 LIMIT 1   [ RunTime:0.0469s ]
SQL: SELECT * FROM `mxweb_data` WHERE `cate` = '61' LIMIT 0,7   [ RunTime:0.0313s ]
SQL: SELECT * FROM `mxweb_module` WHERE `id` = 63 LIMIT 1   [ RunTime:0.0469s ]
SQL: SELECT * FROM `mxweb_data` WHERE `cate` = '63' LIMIT 0,7   [ RunTime:0.5000s ]
SQL: SELECT * FROM `mxweb_module` WHERE `id` = 64 LIMIT 1   [ RunTime:0.0469s ]
SQL: SELECT * FROM `mxweb_data` WHERE `cate` = '64' LIMIT 0,7   [ RunTime:0.3438s ]
SQL: SELECT * FROM `mxweb_module` WHERE `id` = 65 LIMIT 1   [ RunTime:0.0313s ]
SQL: SELECT * FROM `mxweb_data` WHERE `cate` = '65' LIMIT 0,7   [ RunTime:0.2500s ]
SQL: SELECT * FROM `mxweb_module` WHERE `id` = 66 LIMIT 1   [ RunTime:0.0313s ]
SQL: SELECT * FROM `mxweb_data` WHERE `cate` = '66' LIMIT 0,7   [ RunTime:0.3750s ]
SQL: SELECT * FROM `mxweb_module` WHERE `id` = 67 LIMIT 1   [ RunTime:0.0469s ]
SQL: SELECT * FROM `mxweb_data` WHERE `cate` = '67' LIMIT 0,7   [ RunTime:0.4219s ]
SQL: SELECT * FROM `mxweb_module` WHERE `id` = 68 LIMIT 1   [ RunTime:0.0313s ]
SQL: SELECT * FROM `mxweb_data` WHERE `cate` = '68' LIMIT 0,7   [ RunTime:0.4063s ]
SQL: SELECT * FROM `mxweb_module` WHERE `id` = 69 LIMIT 1   [ RunTime:0.0469s ]
SQL: SELECT * FROM `mxweb_data` WHERE `cate` = '69' LIMIT 0,7   [ RunTime:0.0781s ]
INFO: [ view_parse ] --START--
INFO: [ template_filter ] --START--
INFO: Run Behavior\ContentReplaceBehavior [ RunTime:0.000000s ]
INFO: [ template_filter ] --END-- [ RunTime:0.000000s ]
INFO: Run Behavior\ParseTemplateBehavior [ RunTime:0.109375s ]
INFO: [ view_parse ] --END-- [ RunTime:0.109375s ]
INFO: [ view_filter ] --START--
INFO: Run Behavior\WriteHtmlCacheBehavior [ RunTime:0.000000s ]
INFO: [ view_filter ] --END-- [ RunTime:0.000000s ]
INFO: [ app_end ] --START--
INFO: Run Behavior\ShowPageTraceBehavior [ RunTime:0.000000s ]
INFO: [ app_end ] --END-- [ RunTime:0.000000s ]

[ 2016-05-17T03:24:01+08:00 ] 192.168.57.1 /
INFO: [ app_init ] --START--
INFO: Run Behavior\BuildLiteBehavior [ RunTime:0.000000s ]
INFO: [ app_init ] --END-- [ RunTime:0.000000s ]
INFO: [ app_begin ] --START--
INFO: Run Behavior\ReadHtmlCacheBehavior [ RunTime:0.000000s ]
INFO: [ app_begin ] --END-- [ RunTime:0.015625s ]
NOTIC: [2048] Declaration of Home\Controller\IndexController::show() should be compatible with that of Think\Controller::show() D:\wwwroot\btsmzj\wwwroot\Application\Home\Controller\IndexController.class.php 第 125 行.
SQL: SHOW COLUMNS FROM `mxweb_module` [ RunTime:0.0469s ]
SQL: SELECT * FROM `mxweb_module` WHERE `status` = 1  [ RunTime:0.0469s ]
SQL: SELECT * FROM `mxweb_module` WHERE `first_module` = 1 AND `status` = 1 LIMIT 1   [ RunTime:0.0469s ]
SQL: SHOW COLUMNS FROM `mxweb_data` [ RunTime:0.0625s ]
SQL: SELECT * FROM `mxweb_data` WHERE `cate` = '62' LIMIT 0,7   [ RunTime:0.2344s ]
SQL: SELECT * FROM `mxweb_module` WHERE `first_module` = 2 AND `status` = 1 LIMIT 1   [ RunTime:0.0469s ]
SQL: SELECT * FROM `mxweb_data` WHERE `cate` = '63' LIMIT 0,7   [ RunTime:0.5938s ]
SQL: SELECT * FROM `mxweb_module` WHERE `id` = 61 LIMIT 1   [ RunTime:0.0313s ]
SQL: SELECT * FROM `mxweb_data` WHERE `cate` = '61' LIMIT 0,7   [ RunTime:0.0625s ]
SQL: SELECT * FROM `mxweb_module` WHERE `id` = 63 LIMIT 1   [ RunTime:0.0469s ]
SQL: SELECT * FROM `mxweb_data` WHERE `cate` = '63' LIMIT 0,7   [ RunTime:0.6094s ]
SQL: SELECT * FROM `mxweb_module` WHERE `id` = 64 LIMIT 1   [ RunTime:0.0469s ]
SQL: SELECT * FROM `mxweb_data` WHERE `cate` = '64' LIMIT 0,7   [ RunTime:0.4063s ]
SQL: SELECT * FROM `mxweb_module` WHERE `id` = 65 LIMIT 1   [ RunTime:0.0469s ]
SQL: SELECT * FROM `mxweb_data` WHERE `cate` = '65' LIMIT 0,7   [ RunTime:0.2969s ]
SQL: SELECT * FROM `mxweb_module` WHERE `id` = 66 LIMIT 1   [ RunTime:0.0469s ]
SQL: SELECT * FROM `mxweb_data` WHERE `cate` = '66' LIMIT 0,7   [ RunTime:0.4375s ]
SQL: SELECT * FROM `mxweb_module` WHERE `id` = 67 LIMIT 1   [ RunTime:0.0469s ]
SQL: SELECT * FROM `mxweb_data` WHERE `cate` = '67' LIMIT 0,7   [ RunTime:0.4844s ]
SQL: SELECT * FROM `mxweb_module` WHERE `id` = 68 LIMIT 1   [ RunTime:0.0469s ]
SQL: SELECT * FROM `mxweb_data` WHERE `cate` = '68' LIMIT 0,7   [ RunTime:0.4844s ]
SQL: SELECT * FROM `mxweb_module` WHERE `id` = 69 LIMIT 1   [ RunTime:0.0469s ]
SQL: SELECT * FROM `mxweb_data` WHERE `cate` = '69' LIMIT 0,7   [ RunTime:0.1094s ]
INFO: [ view_parse ] --START--
INFO: [ template_filter ] --START--
INFO: Run Behavior\ContentReplaceBehavior [ RunTime:0.000000s ]
INFO: [ template_filter ] --END-- [ RunTime:0.000000s ]
INFO: Run Behavior\ParseTemplateBehavior [ RunTime:0.078125s ]
INFO: [ view_parse ] --END-- [ RunTime:0.078125s ]
INFO: [ view_filter ] --START--
INFO: Run Behavior\WriteHtmlCacheBehavior [ RunTime:0.000000s ]
INFO: [ view_filter ] --END-- [ RunTime:0.000000s ]
INFO: [ app_end ] --START--
INFO: Run Behavior\ShowPageTraceBehavior [ RunTime:0.000000s ]
INFO: [ app_end ] --END-- [ RunTime:0.000000s ]

[ 2016-05-17T05:46:15+08:00 ] 192.168.57.1 /
INFO: [ app_init ] --START--
INFO: Run Behavior\BuildLiteBehavior [ RunTime:0.000000s ]
INFO: [ app_init ] --END-- [ RunTime:0.000000s ]
INFO: [ app_begin ] --START--
INFO: Run Behavior\ReadHtmlCacheBehavior [ RunTime:0.000000s ]
INFO: [ app_begin ] --END-- [ RunTime:0.000000s ]
NOTIC: [2048] Declaration of Home\Controller\IndexController::show() should be compatible with that of Think\Controller::show() D:\wwwroot\btsmzj\wwwroot\Application\Home\Controller\IndexController.class.php 第 125 行.
SQL: SHOW COLUMNS FROM `mxweb_module` [ RunTime:0.0625s ]
SQL: SELECT * FROM `mxweb_module` WHERE `status` = 1  [ RunTime:0.0469s ]
SQL: SELECT * FROM `mxweb_module` WHERE `first_module` = 1 AND `status` = 1 LIMIT 1   [ RunTime:0.0469s ]
SQL: SHOW COLUMNS FROM `mxweb_data` [ RunTime:0.0625s ]
SQL: SELECT * FROM `mxweb_data` WHERE `cate` = '62' LIMIT 0,7   [ RunTime:0.2344s ]
SQL: SELECT * FROM `mxweb_module` WHERE `first_module` = 2 AND `status` = 1 LIMIT 1   [ RunTime:0.0469s ]
SQL: SELECT * FROM `mxweb_data` WHERE `cate` = '63' LIMIT 0,7   [ RunTime:0.5781s ]
SQL: SELECT * FROM `mxweb_module` WHERE `id` = 61 LIMIT 1   [ RunTime:0.0469s ]
SQL: SELECT * FROM `mxweb_data` WHERE `cate` = '61' LIMIT 0,7   [ RunTime:0.0469s ]
SQL: SELECT * FROM `mxweb_module` WHERE `id` = 63 LIMIT 1   [ RunTime:0.0469s ]
SQL: SELECT * FROM `mxweb_data` WHERE `cate` = '63' LIMIT 0,7   [ RunTime:0.5781s ]
SQL: SELECT * FROM `mxweb_module` WHERE `id` = 64 LIMIT 1   [ RunTime:0.0469s ]
SQL: SELECT * FROM `mxweb_data` WHERE `cate` = '64' LIMIT 0,7   [ RunTime:0.4063s ]
SQL: SELECT * FROM `mxweb_module` WHERE `id` = 65 LIMIT 1   [ RunTime:0.0469s ]
SQL: SELECT * FROM `mxweb_data` WHERE `cate` = '65' LIMIT 0,7   [ RunTime:0.2969s ]
SQL: SELECT * FROM `mxweb_module` WHERE `id` = 66 LIMIT 1   [ RunTime:0.0469s ]
SQL: SELECT * FROM `mxweb_data` WHERE `cate` = '66' LIMIT 0,7   [ RunTime:0.4375s ]
SQL: SELECT * FROM `mxweb_module` WHERE `id` = 67 LIMIT 1   [ RunTime:0.0469s ]
SQL: SELECT * FROM `mxweb_data` WHERE `cate` = '67' LIMIT 0,7   [ RunTime:0.4844s ]
SQL: SELECT * FROM `mxweb_module` WHERE `id` = 68 LIMIT 1   [ RunTime:0.0469s ]
SQL: SELECT * FROM `mxweb_data` WHERE `cate` = '68' LIMIT 0,7   [ RunTime:0.4688s ]
SQL: SELECT * FROM `mxweb_module` WHERE `id` = 69 LIMIT 1   [ RunTime:0.0469s ]
SQL: SELECT * FROM `mxweb_data` WHERE `cate` = '69' LIMIT 0,7   [ RunTime:0.0938s ]
INFO: [ view_parse ] --START--
INFO: [ template_filter ] --START--
INFO: Run Behavior\ContentReplaceBehavior [ RunTime:0.000000s ]
INFO: [ template_filter ] --END-- [ RunTime:0.000000s ]
INFO: Run Behavior\ParseTemplateBehavior [ RunTime:0.187500s ]
INFO: [ view_parse ] --END-- [ RunTime:0.187500s ]
INFO: [ view_filter ] --START--
INFO: Run Behavior\WriteHtmlCacheBehavior [ RunTime:0.000000s ]
INFO: [ view_filter ] --END-- [ RunTime:0.000000s ]
INFO: [ app_end ] --START--
INFO: Run Behavior\ShowPageTraceBehavior [ RunTime:0.000000s ]
INFO: [ app_end ] --END-- [ RunTime:0.000000s ]

[ 2016-05-17T06:04:25+08:00 ] 192.168.57.1 /index.php/home/index/lists
INFO: [ app_init ] --START--
INFO: Run Behavior\BuildLiteBehavior [ RunTime:0.000000s ]
INFO: [ app_init ] --END-- [ RunTime:0.000000s ]
INFO: [ app_begin ] --START--
INFO: Run Behavior\ReadHtmlCacheBehavior [ RunTime:0.015625s ]
INFO: [ app_begin ] --END-- [ RunTime:0.015625s ]
NOTIC: [2048] Declaration of Home\Controller\IndexController::show() should be compatible with that of Think\Controller::show() D:\wwwroot\btsmzj\wwwroot\Application\Home\Controller\IndexController.class.php 第 125 行.
SQL: SHOW COLUMNS FROM `mxweb_module` [ RunTime:0.0469s ]
SQL: SELECT * FROM `mxweb_module` WHERE `status` = 1  [ RunTime:0.0469s ]
SQL: SELECT * FROM `mxweb_module` WHERE `id` = '' AND `status` = 1 LIMIT 1   [ RunTime:0.0313s ]
SQL: SHOW COLUMNS FROM `mxweb_data` [ RunTime:0.0625s ]
SQL: SELECT * FROM `mxweb_data` WHERE `cate` = '' LIMIT 0,30   [ RunTime:0.0469s ]
SQL: SELECT * FROM `mxweb_module` WHERE `first_module` = 3 AND `status` = 1 LIMIT 1   [ RunTime:0.0469s ]
SQL: SELECT * FROM `mxweb_data` WHERE `cate` = '64' LIMIT 0,7   [ RunTime:0.3750s ]
INFO: [ view_parse ] --START--
INFO: [ template_filter ] --START--
INFO: Run Behavior\ContentReplaceBehavior [ RunTime:0.000000s ]
INFO: [ template_filter ] --END-- [ RunTime:0.000000s ]
INFO: Run Behavior\ParseTemplateBehavior [ RunTime:0.125000s ]
INFO: [ view_parse ] --END-- [ RunTime:0.125000s ]
INFO: [ view_filter ] --START--
INFO: Run Behavior\WriteHtmlCacheBehavior [ RunTime:0.000000s ]
INFO: [ view_filter ] --END-- [ RunTime:0.000000s ]
INFO: [ app_end ] --START--
INFO: Run Behavior\ShowPageTraceBehavior [ RunTime:0.000000s ]
INFO: [ app_end ] --END-- [ RunTime:0.000000s ]

[ 2016-05-17T14:41:23+08:00 ] 192.168.57.1 /
INFO: [ app_init ] --START--
INFO: Run Behavior\BuildLiteBehavior [ RunTime:0.000000s ]
INFO: [ app_init ] --END-- [ RunTime:0.015625s ]
INFO: [ app_begin ] --START--
INFO: Run Behavior\ReadHtmlCacheBehavior [ RunTime:0.000000s ]
INFO: [ app_begin ] --END-- [ RunTime:0.000000s ]
NOTIC: [2048] Declaration of Home\Controller\IndexController::show() should be compatible with that of Think\Controller::show() D:\wwwroot\btsmzj\wwwroot\Application\Home\Controller\IndexController.class.php 第 125 行.
SQL: SHOW COLUMNS FROM `mxweb_module` [ RunTime:0.0469s ]
SQL: SELECT * FROM `mxweb_module` WHERE `status` = 1  [ RunTime:0.0469s ]
SQL: SELECT * FROM `mxweb_module` WHERE `first_module` = 1 AND `status` = 1 LIMIT 1   [ RunTime:0.0469s ]
SQL: SHOW COLUMNS FROM `mxweb_data` [ RunTime:0.0313s ]
SQL: SELECT * FROM `mxweb_data` WHERE `cate` = '62' LIMIT 0,7   [ RunTime:0.2188s ]
SQL: SELECT * FROM `mxweb_module` WHERE `first_module` = 2 AND `status` = 1 LIMIT 1   [ RunTime:0.0469s ]
SQL: SELECT * FROM `mxweb_data` WHERE `cate` = '63' LIMIT 0,7   [ RunTime:0.5156s ]
SQL: SELECT * FROM `mxweb_module` WHERE `id` = 61 LIMIT 1   [ RunTime:0.0313s ]
SQL: SELECT * FROM `mxweb_data` WHERE `cate` = '61' LIMIT 0,7   [ RunTime:0.0469s ]
SQL: SELECT * FROM `mxweb_module` WHERE `id` = 63 LIMIT 1   [ RunTime:0.0469s ]
SQL: SELECT * FROM `mxweb_data` WHERE `cate` = '63' LIMIT 0,7   [ RunTime:0.5156s ]
SQL: SELECT * FROM `mxweb_module` WHERE `id` = 64 LIMIT 1   [ RunTime:0.0313s ]
SQL: SELECT * FROM `mxweb_data` WHERE `cate` = '64' LIMIT 0,7   [ RunTime:0.3281s ]
SQL: SELECT * FROM `mxweb_module` WHERE `id` = 65 LIMIT 1   [ RunTime:0.0469s ]
SQL: SELECT * FROM `mxweb_data` WHERE `cate` = '65' LIMIT 0,7   [ RunTime:0.2500s ]
SQL: SELECT * FROM `mxweb_module` WHERE `id` = 66 LIMIT 1   [ RunTime:0.0469s ]
SQL: SELECT * FROM `mxweb_data` WHERE `cate` = '66' LIMIT 0,7   [ RunTime:0.3750s ]
SQL: SELECT * FROM `mxweb_module` WHERE `id` = 67 LIMIT 1   [ RunTime:0.0469s ]
SQL: SELECT * FROM `mxweb_data` WHERE `cate` = '67' LIMIT 0,7   [ RunTime:0.4219s ]
SQL: SELECT * FROM `mxweb_module` WHERE `id` = 68 LIMIT 1   [ RunTime:0.0469s ]
SQL: SELECT * FROM `mxweb_data` WHERE `cate` = '68' LIMIT 0,7   [ RunTime:0.4219s ]
SQL: SELECT * FROM `mxweb_module` WHERE `id` = 69 LIMIT 1   [ RunTime:0.0469s ]
SQL: SELECT * FROM `mxweb_data` WHERE `cate` = '69' LIMIT 0,7   [ RunTime:0.0781s ]
INFO: [ view_parse ] --START--
INFO: [ template_filter ] --START--
INFO: Run Behavior\ContentReplaceBehavior [ RunTime:0.000000s ]
INFO: [ template_filter ] --END-- [ RunTime:0.000000s ]
INFO: Run Behavior\ParseTemplateBehavior [ RunTime:0.312500s ]
INFO: [ view_parse ] --END-- [ RunTime:0.312500s ]
INFO: [ view_filter ] --START--
INFO: Run Behavior\WriteHtmlCacheBehavior [ RunTime:0.015625s ]
INFO: [ view_filter ] --END-- [ RunTime:0.015625s ]
INFO: [ app_end ] --START--
INFO: Run Behavior\ShowPageTraceBehavior [ RunTime:0.000000s ]
INFO: [ app_end ] --END-- [ RunTime:0.000000s ]

[ 2016-05-17T14:41:30+08:00 ] 192.168.57.1 /
INFO: [ app_init ] --START--
INFO: Run Behavior\BuildLiteBehavior [ RunTime:0.000000s ]
INFO: [ app_init ] --END-- [ RunTime:0.000000s ]
INFO: [ app_begin ] --START--
INFO: Run Behavior\ReadHtmlCacheBehavior [ RunTime:0.015625s ]
INFO: [ app_begin ] --END-- [ RunTime:0.015625s ]
NOTIC: [2048] Declaration of Home\Controller\IndexController::show() should be compatible with that of Think\Controller::show() D:\wwwroot\btsmzj\wwwroot\Application\Home\Controller\IndexController.class.php 第 125 行.
SQL: SHOW COLUMNS FROM `mxweb_module` [ RunTime:0.0469s ]
SQL: SELECT * FROM `mxweb_module` WHERE `status` = 1  [ RunTime:0.0469s ]
SQL: SELECT * FROM `mxweb_module` WHERE `first_module` = 1 AND `status` = 1 LIMIT 1   [ RunTime:0.0469s ]
SQL: SHOW COLUMNS FROM `mxweb_data` [ RunTime:0.0469s ]
SQL: SELECT * FROM `mxweb_data` WHERE `cate` = '62' LIMIT 0,7   [ RunTime:0.2188s ]
SQL: SELECT * FROM `mxweb_module` WHERE `first_module` = 2 AND `status` = 1 LIMIT 1   [ RunTime:0.0469s ]
SQL: SELECT * FROM `mxweb_data` WHERE `cate` = '63' LIMIT 0,7   [ RunTime:0.5469s ]
SQL: SELECT * FROM `mxweb_module` WHERE `id` = 61 LIMIT 1   [ RunTime:0.0469s ]
SQL: SELECT * FROM `mxweb_data` WHERE `cate` = '61' LIMIT 0,7   [ RunTime:0.0469s ]
SQL: SELECT * FROM `mxweb_module` WHERE `id` = 63 LIMIT 1   [ RunTime:0.0469s ]
SQL: SELECT * FROM `mxweb_data` WHERE `cate` = '63' LIMIT 0,7   [ RunTime:0.5781s ]
SQL: SELECT * FROM `mxweb_module` WHERE `id` = 64 LIMIT 1   [ RunTime:0.0469s ]
SQL: SELECT * FROM `mxweb_data` WHERE `cate` = '64' LIMIT 0,7   [ RunTime:0.3750s ]
SQL: SELECT * FROM `mxweb_module` WHERE `id` = 65 LIMIT 1   [ RunTime:0.0469s ]
SQL: SELECT * FROM `mxweb_data` WHERE `cate` = '65' LIMIT 0,7   [ RunTime:0.2813s ]
SQL: SELECT * FROM `mxweb_module` WHERE `id` = 66 LIMIT 1   [ RunTime:0.0469s ]
SQL: SELECT * FROM `mxweb_data` WHERE `cate` = '66' LIMIT 0,7   [ RunTime:0.4063s ]
SQL: SELECT * FROM `mxweb_module` WHERE `id` = 67 LIMIT 1   [ RunTime:0.0469s ]
SQL: SELECT * FROM `mxweb_data` WHERE `cate` = '67' LIMIT 0,7   [ RunTime:0.4844s ]
SQL: SELECT * FROM `mxweb_module` WHERE `id` = 68 LIMIT 1   [ RunTime:0.0469s ]
SQL: SELECT * FROM `mxweb_data` WHERE `cate` = '68' LIMIT 0,7   [ RunTime:0.4688s ]
SQL: SELECT * FROM `mxweb_module` WHERE `id` = 69 LIMIT 1   [ RunTime:0.0469s ]
SQL: SELECT * FROM `mxweb_data` WHERE `cate` = '69' LIMIT 0,7   [ RunTime:0.0938s ]
INFO: [ view_parse ] --START--
INFO: [ template_filter ] --START--
INFO: Run Behavior\ContentReplaceBehavior [ RunTime:0.000000s ]
INFO: [ template_filter ] --END-- [ RunTime:0.000000s ]
INFO: Run Behavior\ParseTemplateBehavior [ RunTime:0.046875s ]
INFO: [ view_parse ] --END-- [ RunTime:0.046875s ]
INFO: [ view_filter ] --START--
INFO: Run Behavior\WriteHtmlCacheBehavior [ RunTime:0.000000s ]
INFO: [ view_filter ] --END-- [ RunTime:0.000000s ]
INFO: [ app_end ] --START--
INFO: Run Behavior\ShowPageTraceBehavior [ RunTime:0.000000s ]
INFO: [ app_end ] --END-- [ RunTime:0.000000s ]

[ 2016-05-17T14:41:36+08:00 ] 192.168.57.1 /index.php/home/index
INFO: [ app_init ] --START--
INFO: Run Behavior\BuildLiteBehavior [ RunTime:0.000000s ]
INFO: [ app_init ] --END-- [ RunTime:0.000000s ]
INFO: [ app_begin ] --START--
INFO: Run Behavior\ReadHtmlCacheBehavior [ RunTime:0.000000s ]
INFO: [ app_begin ] --END-- [ RunTime:0.000000s ]
NOTIC: [2048] Declaration of Home\Controller\IndexController::show() should be compatible with that of Think\Controller::show() D:\wwwroot\btsmzj\wwwroot\Application\Home\Controller\IndexController.class.php 第 125 行.
SQL: SHOW COLUMNS FROM `mxweb_module` [ RunTime:0.0469s ]
SQL: SELECT * FROM `mxweb_module` WHERE `status` = 1  [ RunTime:0.0469s ]
SQL: SELECT * FROM `mxweb_module` WHERE `first_module` = 1 AND `status` = 1 LIMIT 1   [ RunTime:0.0469s ]
SQL: SHOW COLUMNS FROM `mxweb_data` [ RunTime:0.0625s ]
SQL: SELECT * FROM `mxweb_data` WHERE `cate` = '62' LIMIT 0,7   [ RunTime:0.2344s ]
SQL: SELECT * FROM `mxweb_module` WHERE `first_module` = 2 AND `status` = 1 LIMIT 1   [ RunTime:0.0313s ]
SQL: SELECT * FROM `mxweb_data` WHERE `cate` = '63' LIMIT 0,7   [ RunTime:0.5625s ]
SQL: SELECT * FROM `mxweb_module` WHERE `id` = 61 LIMIT 1   [ RunTime:0.0313s ]
SQL: SELECT * FROM `mxweb_data` WHERE `cate` = '61' LIMIT 0,7   [ RunTime:0.0625s ]
SQL: SELECT * FROM `mxweb_module` WHERE `id` = 63 LIMIT 1   [ RunTime:0.0469s ]
SQL: SELECT * FROM `mxweb_data` WHERE `cate` = '63' LIMIT 0,7   [ RunTime:0.5781s ]
SQL: SELECT * FROM `mxweb_module` WHERE `id` = 64 LIMIT 1   [ RunTime:0.0469s ]
SQL: SELECT * FROM `mxweb_data` WHERE `cate` = '64' LIMIT 0,7   [ RunTime:0.3750s ]
SQL: SELECT * FROM `mxweb_module` WHERE `id` = 65 LIMIT 1   [ RunTime:0.0469s ]
SQL: SELECT * FROM `mxweb_data` WHERE `cate` = '65' LIMIT 0,7   [ RunTime:0.2813s ]
SQL: SELECT * FROM `mxweb_module` WHERE `id` = 66 LIMIT 1   [ RunTime:0.0469s ]
SQL: SELECT * FROM `mxweb_data` WHERE `cate` = '66' LIMIT 0,7   [ RunTime:0.4219s ]
SQL: SELECT * FROM `mxweb_module` WHERE `id` = 67 LIMIT 1   [ RunTime:0.0469s ]
SQL: SELECT * FROM `mxweb_data` WHERE `cate` = '67' LIMIT 0,7   [ RunTime:0.4844s ]
SQL: SELECT * FROM `mxweb_module` WHERE `id` = 68 LIMIT 1   [ RunTime:0.0469s ]
SQL: SELECT * FROM `mxweb_data` WHERE `cate` = '68' LIMIT 0,7   [ RunTime:0.4844s ]
SQL: SELECT * FROM `mxweb_module` WHERE `id` = 69 LIMIT 1   [ RunTime:0.0469s ]
SQL: SELECT * FROM `mxweb_data` WHERE `cate` = '69' LIMIT 0,7   [ RunTime:0.0938s ]
INFO: [ view_parse ] --START--
INFO: [ template_filter ] --START--
INFO: Run Behavior\ContentReplaceBehavior [ RunTime:0.000000s ]
INFO: [ template_filter ] --END-- [ RunTime:0.000000s ]
INFO: Run Behavior\ParseTemplateBehavior [ RunTime:0.078125s ]
INFO: [ view_parse ] --END-- [ RunTime:0.078125s ]
INFO: [ view_filter ] --START--
INFO: Run Behavior\WriteHtmlCacheBehavior [ RunTime:0.000000s ]
INFO: [ view_filter ] --END-- [ RunTime:0.000000s ]
INFO: [ app_end ] --START--
INFO: Run Behavior\ShowPageTraceBehavior [ RunTime:0.000000s ]
INFO: [ app_end ] --END-- [ RunTime:0.000000s ]

[ 2016-05-17T14:41:38+08:00 ] 192.168.57.1 /index.php/home/index/lists?id=61
INFO: [ app_init ] --START--
INFO: Run Behavior\BuildLiteBehavior [ RunTime:0.000000s ]
INFO: [ app_init ] --END-- [ RunTime:0.000000s ]
INFO: [ app_begin ] --START--
INFO: Run Behavior\ReadHtmlCacheBehavior [ RunTime:0.015625s ]
INFO: [ app_begin ] --END-- [ RunTime:0.015625s ]
NOTIC: [2048] Declaration of Home\Controller\IndexController::show() should be compatible with that of Think\Controller::show() D:\wwwroot\btsmzj\wwwroot\Application\Home\Controller\IndexController.class.php 第 125 行.
SQL: SHOW COLUMNS FROM `mxweb_module` [ RunTime:0.0313s ]
SQL: SELECT * FROM `mxweb_module` WHERE `status` = 1  [ RunTime:0.0469s ]
SQL: SELECT * FROM `mxweb_module` WHERE `id` = '61' AND `status` = 1 LIMIT 1   [ RunTime:0.0469s ]
SQL: SHOW COLUMNS FROM `mxweb_data` [ RunTime:0.0469s ]
SQL: SELECT * FROM `mxweb_data` WHERE `cate` = '61' LIMIT 0,30   [ RunTime:0.0313s ]
SQL: SELECT * FROM `mxweb_module` WHERE `first_module` = 3 AND `status` = 1 LIMIT 1   [ RunTime:0.0469s ]
SQL: SELECT * FROM `mxweb_data` WHERE `cate` = '64' LIMIT 0,7   [ RunTime:0.3281s ]
INFO: [ view_parse ] --START--
INFO: [ template_filter ] --START--
INFO: Run Behavior\ContentReplaceBehavior [ RunTime:0.000000s ]
INFO: [ template_filter ] --END-- [ RunTime:0.000000s ]
NOTIC: [8] Undefined variable: addtime D:\wwwroot\btsmzj\wwwroot\Application\Runtime\Cache\Home\b703616f43106f0a92ef0e15a918e383.php 第 59 行.
INFO: Run Behavior\ParseTemplateBehavior [ RunTime:0.062500s ]
INFO: [ view_parse ] --END-- [ RunTime:0.062500s ]
INFO: [ view_filter ] --START--
INFO: Run Behavior\WriteHtmlCacheBehavior [ RunTime:0.000000s ]
INFO: [ view_filter ] --END-- [ RunTime:0.000000s ]
INFO: [ app_end ] --START--
INFO: Run Behavior\ShowPageTraceBehavior [ RunTime:0.000000s ]
INFO: [ app_end ] --END-- [ RunTime:0.000000s ]

[ 2016-05-17T14:41:41+08:00 ] 192.168.57.1 /index.php/home/index/lists?id=62
INFO: [ app_init ] --START--
INFO: Run Behavior\BuildLiteBehavior [ RunTime:0.000000s ]
INFO: [ app_init ] --END-- [ RunTime:0.000000s ]
INFO: [ app_begin ] --START--
INFO: Run Behavior\ReadHtmlCacheBehavior [ RunTime:0.000000s ]
INFO: [ app_begin ] --END-- [ RunTime:0.000000s ]
NOTIC: [2048] Declaration of Home\Controller\IndexController::show() should be compatible with that of Think\Controller::show() D:\wwwroot\btsmzj\wwwroot\Application\Home\Controller\IndexController.class.php 第 125 行.
SQL: SHOW COLUMNS FROM `mxweb_module` [ RunTime:0.0313s ]
SQL: SELECT * FROM `mxweb_module` WHERE `status` = 1  [ RunTime:0.0313s ]
SQL: SELECT * FROM `mxweb_module` WHERE `id` = '62' AND `status` = 1 LIMIT 1   [ RunTime:0.0469s ]
SQL: SHOW COLUMNS FROM `mxweb_data` [ RunTime:0.0313s ]
SQL: SELECT * FROM `mxweb_data` WHERE `cate` = '62' LIMIT 0,30   [ RunTime:0.1875s ]
SQL: SELECT * FROM `mxweb_module` WHERE `first_module` = 3 AND `status` = 1 LIMIT 1   [ RunTime:0.0313s ]
SQL: SELECT * FROM `mxweb_data` WHERE `cate` = '64' LIMIT 0,7   [ RunTime:0.2813s ]
INFO: [ view_parse ] --START--
INFO: [ template_filter ] --START--
INFO: Run Behavior\ContentReplaceBehavior [ RunTime:0.000000s ]
INFO: [ template_filter ] --END-- [ RunTime:0.000000s ]
NOTIC: [8] Undefined variable: addtime D:\wwwroot\btsmzj\wwwroot\Application\Runtime\Cache\Home\b703616f43106f0a92ef0e15a918e383.php 第 59 行.
NOTIC: [8] Undefined variable: addtime D:\wwwroot\btsmzj\wwwroot\Application\Runtime\Cache\Home\b703616f43106f0a92ef0e15a918e383.php 第 59 行.
NOTIC: [8] Undefined variable: addtime D:\wwwroot\btsmzj\wwwroot\Application\Runtime\Cache\Home\b703616f43106f0a92ef0e15a918e383.php 第 59 行.
NOTIC: [8] Undefined variable: addtime D:\wwwroot\btsmzj\wwwroot\Application\Runtime\Cache\Home\b703616f43106f0a92ef0e15a918e383.php 第 59 行.
NOTIC: [8] Undefined variable: addtime D:\wwwroot\btsmzj\wwwroot\Application\Runtime\Cache\Home\b703616f43106f0a92ef0e15a918e383.php 第 59 行.
NOTIC: [8] Undefined variable: addtime D:\wwwroot\btsmzj\wwwroot\Application\Runtime\Cache\Home\b703616f43106f0a92ef0e15a918e383.php 第 59 行.
NOTIC: [8] Undefined variable: addtime D:\wwwroot\btsmzj\wwwroot\Application\Runtime\Cache\Home\b703616f43106f0a92ef0e15a918e383.php 第 59 行.
INFO: Run Behavior\ParseTemplateBehavior [ RunTime:0.031250s ]
INFO: [ view_parse ] --END-- [ RunTime:0.031250s ]
INFO: [ view_filter ] --START--
INFO: Run Behavior\WriteHtmlCacheBehavior [ RunTime:0.000000s ]
INFO: [ view_filter ] --END-- [ RunTime:0.000000s ]
INFO: [ app_end ] --START--
INFO: Run Behavior\ShowPageTraceBehavior [ RunTime:0.000000s ]
INFO: [ app_end ] --END-- [ RunTime:0.000000s ]

[ 2016-05-17T14:41:44+08:00 ] 192.168.57.1 /index.php/home/index/lists?id=63
INFO: [ app_init ] --START--
INFO: Run Behavior\BuildLiteBehavior [ RunTime:0.000000s ]
INFO: [ app_init ] --END-- [ RunTime:0.000000s ]
INFO: [ app_begin ] --START--
INFO: Run Behavior\ReadHtmlCacheBehavior [ RunTime:0.000000s ]
INFO: [ app_begin ] --END-- [ RunTime:0.000000s ]
NOTIC: [2048] Declaration of Home\Controller\IndexController::show() should be compatible with that of Think\Controller::show() D:\wwwroot\btsmzj\wwwroot\Application\Home\Controller\IndexController.class.php 第 125 行.
SQL: SHOW COLUMNS FROM `mxweb_module` [ RunTime:0.0313s ]
SQL: SELECT * FROM `mxweb_module` WHERE `status` = 1  [ RunTime:0.0469s ]
SQL: SELECT * FROM `mxweb_module` WHERE `id` = '63' AND `status` = 1 LIMIT 1   [ RunTime:0.0469s ]
SQL: SHOW COLUMNS FROM `mxweb_data` [ RunTime:0.0469s ]
SQL: SELECT * FROM `mxweb_data` WHERE `cate` = '63' LIMIT 0,30   [ RunTime:0.4844s ]
SQL: SELECT * FROM `mxweb_module` WHERE `first_module` = 3 AND `status` = 1 LIMIT 1   [ RunTime:0.0469s ]
SQL: SELECT * FROM `mxweb_data` WHERE `cate` = '64' LIMIT 0,7   [ RunTime:0.3438s ]
INFO: [ view_parse ] --START--
INFO: [ template_filter ] --START--
INFO: Run Behavior\ContentReplaceBehavior [ RunTime:0.000000s ]
INFO: [ template_filter ] --END-- [ RunTime:0.000000s ]
NOTIC: [8] Undefined variable: addtime D:\wwwroot\btsmzj\wwwroot\Application\Runtime\Cache\Home\b703616f43106f0a92ef0e15a918e383.php 第 59 行.
NOTIC: [8] Undefined variable: addtime D:\wwwroot\btsmzj\wwwroot\Application\Runtime\Cache\Home\b703616f43106f0a92ef0e15a918e383.php 第 59 行.
NOTIC: [8] Undefined variable: addtime D:\wwwroot\btsmzj\wwwroot\Application\Runtime\Cache\Home\b703616f43106f0a92ef0e15a918e383.php 第 59 行.
NOTIC: [8] Undefined variable: addtime D:\wwwroot\btsmzj\wwwroot\Application\Runtime\Cache\Home\b703616f43106f0a92ef0e15a918e383.php 第 59 行.
NOTIC: [8] Undefined variable: addtime D:\wwwroot\btsmzj\wwwroot\Application\Runtime\Cache\Home\b703616f43106f0a92ef0e15a918e383.php 第 59 行.
NOTIC: [8] Undefined variable: addtime D:\wwwroot\btsmzj\wwwroot\Application\Runtime\Cache\Home\b703616f43106f0a92ef0e15a918e383.php 第 59 行.
NOTIC: [8] Undefined variable: addtime D:\wwwroot\btsmzj\wwwroot\Application\Runtime\Cache\Home\b703616f43106f0a92ef0e15a918e383.php 第 59 行.
INFO: Run Behavior\ParseTemplateBehavior [ RunTime:0.031250s ]
INFO: [ view_parse ] --END-- [ RunTime:0.031250s ]
INFO: [ view_filter ] --START--
INFO: Run Behavior\WriteHtmlCacheBehavior [ RunTime:0.000000s ]
INFO: [ view_filter ] --END-- [ RunTime:0.000000s ]
INFO: [ app_end ] --START--
INFO: Run Behavior\ShowPageTraceBehavior [ RunTime:0.000000s ]
INFO: [ app_end ] --END-- [ RunTime:0.000000s ]

[ 2016-05-17T14:41:46+08:00 ] 192.168.57.1 /index.php/home/index/lists?id=64
INFO: [ app_init ] --START--
INFO: Run Behavior\BuildLiteBehavior [ RunTime:0.000000s ]
INFO: [ app_init ] --END-- [ RunTime:0.000000s ]
INFO: [ app_begin ] --START--
INFO: Run Behavior\ReadHtmlCacheBehavior [ RunTime:0.000000s ]
INFO: [ app_begin ] --END-- [ RunTime:0.000000s ]
NOTIC: [2048] Declaration of Home\Controller\IndexController::show() should be compatible with that of Think\Controller::show() D:\wwwroot\btsmzj\wwwroot\Application\Home\Controller\IndexController.class.php 第 125 行.
SQL: SHOW COLUMNS FROM `mxweb_module` [ RunTime:0.0469s ]
SQL: SELECT * FROM `mxweb_module` WHERE `status` = 1  [ RunTime:0.0469s ]
SQL: SELECT * FROM `mxweb_module` WHERE `id` = '64' AND `status` = 1 LIMIT 1   [ RunTime:0.0469s ]
SQL: SHOW COLUMNS FROM `mxweb_data` [ RunTime:0.0469s ]
SQL: SELECT * FROM `mxweb_data` WHERE `cate` = '64' LIMIT 0,30   [ RunTime:0.3750s ]
SQL: SELECT * FROM `mxweb_module` WHERE `first_module` = 3 AND `status` = 1 LIMIT 1   [ RunTime:0.0469s ]
SQL: SELECT * FROM `mxweb_data` WHERE `cate` = '64' LIMIT 0,7   [ RunTime:0.3906s ]
INFO: [ view_parse ] --START--
INFO: [ template_filter ] --START--
INFO: Run Behavior\ContentReplaceBehavior [ RunTime:0.000000s ]
INFO: [ template_filter ] --END-- [ RunTime:0.000000s ]
NOTIC: [8] Undefined variable: addtime D:\wwwroot\btsmzj\wwwroot\Application\Runtime\Cache\Home\b703616f43106f0a92ef0e15a918e383.php 第 59 行.
NOTIC: [8] Undefined variable: addtime D:\wwwroot\btsmzj\wwwroot\Application\Runtime\Cache\Home\b703616f43106f0a92ef0e15a918e383.php 第 59 行.
NOTIC: [8] Undefined variable: addtime D:\wwwroot\btsmzj\wwwroot\Application\Runtime\Cache\Home\b703616f43106f0a92ef0e15a918e383.php 第 59 行.
NOTIC: [8] Undefined variable: addtime D:\wwwroot\btsmzj\wwwroot\Application\Runtime\Cache\Home\b703616f43106f0a92ef0e15a918e383.php 第 59 行.
NOTIC: [8] Undefined variable: addtime D:\wwwroot\btsmzj\wwwroot\Application\Runtime\Cache\Home\b703616f43106f0a92ef0e15a918e383.php 第 59 行.
NOTIC: [8] Undefined variable: addtime D:\wwwroot\btsmzj\wwwroot\Application\Runtime\Cache\Home\b703616f43106f0a92ef0e15a918e383.php 第 59 行.
NOTIC: [8] Undefined variable: addtime D:\wwwroot\btsmzj\wwwroot\Application\Runtime\Cache\Home\b703616f43106f0a92ef0e15a918e383.php 第 59 行.
INFO: Run Behavior\ParseTemplateBehavior [ RunTime:0.031250s ]
INFO: [ view_parse ] --END-- [ RunTime:0.031250s ]
INFO: [ view_filter ] --START--
INFO: Run Behavior\WriteHtmlCacheBehavior [ RunTime:0.000000s ]
INFO: [ view_filter ] --END-- [ RunTime:0.000000s ]
INFO: [ app_end ] --START--
INFO: Run Behavior\ShowPageTraceBehavior [ RunTime:0.000000s ]
INFO: [ app_end ] --END-- [ RunTime:0.000000s ]

[ 2016-05-17T14:41:49+08:00 ] 192.168.57.1 /index.php/home/index/lists?id=65
INFO: [ app_init ] --START--
INFO: Run Behavior\BuildLiteBehavior [ RunTime:0.000000s ]
INFO: [ app_init ] --END-- [ RunTime:0.015625s ]
INFO: [ app_begin ] --START--
INFO: Run Behavior\ReadHtmlCacheBehavior [ RunTime:0.000000s ]
INFO: [ app_begin ] --END-- [ RunTime:0.000000s ]
NOTIC: [2048] Declaration of Home\Controller\IndexController::show() should be compatible with that of Think\Controller::show() D:\wwwroot\btsmzj\wwwroot\Application\Home\Controller\IndexController.class.php 第 125 行.
SQL: SHOW COLUMNS FROM `mxweb_module` [ RunTime:0.0469s ]
SQL: SELECT * FROM `mxweb_module` WHERE `status` = 1  [ RunTime:0.0313s ]
SQL: SELECT * FROM `mxweb_module` WHERE `id` = '65' AND `status` = 1 LIMIT 1   [ RunTime:0.0469s ]
SQL: SHOW COLUMNS FROM `mxweb_data` [ RunTime:0.0469s ]
SQL: SELECT * FROM `mxweb_data` WHERE `cate` = '65' LIMIT 0,30   [ RunTime:0.2656s ]
SQL: SELECT * FROM `mxweb_module` WHERE `first_module` = 3 AND `status` = 1 LIMIT 1   [ RunTime:0.0469s ]
SQL: SELECT * FROM `mxweb_data` WHERE `cate` = '64' LIMIT 0,7   [ RunTime:0.3125s ]
INFO: [ view_parse ] --START--
INFO: [ template_filter ] --START--
INFO: Run Behavior\ContentReplaceBehavior [ RunTime:0.000000s ]
INFO: [ template_filter ] --END-- [ RunTime:0.000000s ]
NOTIC: [8] Undefined variable: addtime D:\wwwroot\btsmzj\wwwroot\Application\Runtime\Cache\Home\b703616f43106f0a92ef0e15a918e383.php 第 59 行.
NOTIC: [8] Undefined variable: addtime D:\wwwroot\btsmzj\wwwroot\Application\Runtime\Cache\Home\b703616f43106f0a92ef0e15a918e383.php 第 59 行.
NOTIC: [8] Undefined variable: addtime D:\wwwroot\btsmzj\wwwroot\Application\Runtime\Cache\Home\b703616f43106f0a92ef0e15a918e383.php 第 59 行.
NOTIC: [8] Undefined variable: addtime D:\wwwroot\btsmzj\wwwroot\Application\Runtime\Cache\Home\b703616f43106f0a92ef0e15a918e383.php 第 59 行.
NOTIC: [8] Undefined variable: addtime D:\wwwroot\btsmzj\wwwroot\Application\Runtime\Cache\Home\b703616f43106f0a92ef0e15a918e383.php 第 59 行.
NOTIC: [8] Undefined variable: addtime D:\wwwroot\btsmzj\wwwroot\Application\Runtime\Cache\Home\b703616f43106f0a92ef0e15a918e383.php 第 59 行.
NOTIC: [8] Undefined variable: addtime D:\wwwroot\btsmzj\wwwroot\Application\Runtime\Cache\Home\b703616f43106f0a92ef0e15a918e383.php 第 59 行.
NOTIC: [8] Undefined variable: addtime D:\wwwroot\btsmzj\wwwroot\Application\Runtime\Cache\Home\b703616f43106f0a92ef0e15a918e383.php 第 59 行.
INFO: Run Behavior\ParseTemplateBehavior [ RunTime:0.046875s ]
INFO: [ view_parse ] --END-- [ RunTime:0.046875s ]
INFO: [ view_filter ] --START--
INFO: Run Behavior\WriteHtmlCacheBehavior [ RunTime:0.000000s ]
INFO: [ view_filter ] --END-- [ RunTime:0.000000s ]
INFO: [ app_end ] --START--
INFO: Run Behavior\ShowPageTraceBehavior [ RunTime:0.000000s ]
INFO: [ app_end ] --END-- [ RunTime:0.000000s ]

[ 2016-05-17T14:41:51+08:00 ] 192.168.57.1 /index.php/home/index/lists?id=66
INFO: [ app_init ] --START--
INFO: Run Behavior\BuildLiteBehavior [ RunTime:0.000000s ]
INFO: [ app_init ] --END-- [ RunTime:0.000000s ]
INFO: [ app_begin ] --START--
INFO: Run Behavior\ReadHtmlCacheBehavior [ RunTime:0.000000s ]
INFO: [ app_begin ] --END-- [ RunTime:0.000000s ]
NOTIC: [2048] Declaration of Home\Controller\IndexController::show() should be compatible with that of Think\Controller::show() D:\wwwroot\btsmzj\wwwroot\Application\Home\Controller\IndexController.class.php 第 125 行.
SQL: SHOW COLUMNS FROM `mxweb_module` [ RunTime:0.0469s ]
SQL: SELECT * FROM `mxweb_module` WHERE `status` = 1  [ RunTime:0.0469s ]
SQL: SELECT * FROM `mxweb_module` WHERE `id` = '66' AND `status` = 1 LIMIT 1   [ RunTime:0.0469s ]
SQL: SHOW COLUMNS FROM `mxweb_data` [ RunTime:0.0313s ]
SQL: SELECT * FROM `mxweb_data` WHERE `cate` = '66' LIMIT 0,30   [ RunTime:0.3750s ]
SQL: SELECT * FROM `mxweb_module` WHERE `first_module` = 3 AND `status` = 1 LIMIT 1   [ RunTime:0.0469s ]
SQL: SELECT * FROM `mxweb_data` WHERE `cate` = '64' LIMIT 0,7   [ RunTime:0.3438s ]
INFO: [ view_parse ] --START--
INFO: [ template_filter ] --START--
INFO: Run Behavior\ContentReplaceBehavior [ RunTime:0.000000s ]
INFO: [ template_filter ] --END-- [ RunTime:0.015625s ]
NOTIC: [8] Undefined variable: addtime D:\wwwroot\btsmzj\wwwroot\Application\Runtime\Cache\Home\b703616f43106f0a92ef0e15a918e383.php 第 59 行.
NOTIC: [8] Undefined variable: addtime D:\wwwroot\btsmzj\wwwroot\Application\Runtime\Cache\Home\b703616f43106f0a92ef0e15a918e383.php 第 59 行.
NOTIC: [8] Undefined variable: addtime D:\wwwroot\btsmzj\wwwroot\Application\Runtime\Cache\Home\b703616f43106f0a92ef0e15a918e383.php 第 59 行.
NOTIC: [8] Undefined variable: addtime D:\wwwroot\btsmzj\wwwroot\Application\Runtime\Cache\Home\b703616f43106f0a92ef0e15a918e383.php 第 59 行.
NOTIC: [8] Undefined variable: addtime D:\wwwroot\btsmzj\wwwroot\Application\Runtime\Cache\Home\b703616f43106f0a92ef0e15a918e383.php 第 59 行.
NOTIC: [8] Undefined variable: addtime D:\wwwroot\btsmzj\wwwroot\Application\Runtime\Cache\Home\b703616f43106f0a92ef0e15a918e383.php 第 59 行.
NOTIC: [8] Undefined variable: addtime D:\wwwroot\btsmzj\wwwroot\Application\Runtime\Cache\Home\b703616f43106f0a92ef0e15a918e383.php 第 59 行.
INFO: Run Behavior\ParseTemplateBehavior [ RunTime:0.031250s ]
INFO: [ view_parse ] --END-- [ RunTime:0.031250s ]
INFO: [ view_filter ] --START--
INFO: Run Behavior\WriteHtmlCacheBehavior [ RunTime:0.000000s ]
INFO: [ view_filter ] --END-- [ RunTime:0.000000s ]
INFO: [ app_end ] --START--
INFO: Run Behavior\ShowPageTraceBehavior [ RunTime:0.000000s ]
INFO: [ app_end ] --END-- [ RunTime:0.000000s ]

[ 2016-05-17T14:41:54+08:00 ] 192.168.57.1 /index.php/home/index/lists?id=67
INFO: [ app_init ] --START--
INFO: Run Behavior\BuildLiteBehavior [ RunTime:0.000000s ]
INFO: [ app_init ] --END-- [ RunTime:0.000000s ]
INFO: [ app_begin ] --START--
INFO: Run Behavior\ReadHtmlCacheBehavior [ RunTime:0.015625s ]
INFO: [ app_begin ] --END-- [ RunTime:0.015625s ]
NOTIC: [2048] Declaration of Home\Controller\IndexController::show() should be compatible with that of Think\Controller::show() D:\wwwroot\btsmzj\wwwroot\Application\Home\Controller\IndexController.class.php 第 125 行.
SQL: SHOW COLUMNS FROM `mxweb_module` [ RunTime:0.0469s ]
SQL: SELECT * FROM `mxweb_module` WHERE `status` = 1  [ RunTime:0.0625s ]
SQL: SELECT * FROM `mxweb_module` WHERE `id` = '67' AND `status` = 1 LIMIT 1   [ RunTime:0.0469s ]
SQL: SHOW COLUMNS FROM `mxweb_data` [ RunTime:0.0625s ]
SQL: SELECT * FROM `mxweb_data` WHERE `cate` = '67' LIMIT 0,30   [ RunTime:0.5313s ]
SQL: SELECT * FROM `mxweb_module` WHERE `first_module` = 3 AND `status` = 1 LIMIT 1   [ RunTime:0.0469s ]
SQL: SELECT * FROM `mxweb_data` WHERE `cate` = '64' LIMIT 0,7   [ RunTime:0.4219s ]
INFO: [ view_parse ] --START--
INFO: [ template_filter ] --START--
INFO: Run Behavior\ContentReplaceBehavior [ RunTime:0.000000s ]
INFO: [ template_filter ] --END-- [ RunTime:0.000000s ]
NOTIC: [8] Undefined variable: addtime D:\wwwroot\btsmzj\wwwroot\Application\Runtime\Cache\Home\b703616f43106f0a92ef0e15a918e383.php 第 59 行.
NOTIC: [8] Undefined variable: addtime D:\wwwroot\btsmzj\wwwroot\Application\Runtime\Cache\Home\b703616f43106f0a92ef0e15a918e383.php 第 59 行.
NOTIC: [8] Undefined variable: addtime D:\wwwroot\btsmzj\wwwroot\Application\Runtime\Cache\Home\b703616f43106f0a92ef0e15a918e383.php 第 59 行.
NOTIC: [8] Undefined variable: addtime D:\wwwroot\btsmzj\wwwroot\Application\Runtime\Cache\Home\b703616f43106f0a92ef0e15a918e383.php 第 59 行.
NOTIC: [8] Undefined variable: addtime D:\wwwroot\btsmzj\wwwroot\Application\Runtime\Cache\Home\b703616f43106f0a92ef0e15a918e383.php 第 59 行.
NOTIC: [8] Undefined variable: addtime D:\wwwroot\btsmzj\wwwroot\Application\Runtime\Cache\Home\b703616f43106f0a92ef0e15a918e383.php 第 59 行.
NOTIC: [8] Undefined variable: addtime D:\wwwroot\btsmzj\wwwroot\Application\Runtime\Cache\Home\b703616f43106f0a92ef0e15a918e383.php 第 59 行.
INFO: Run Behavior\ParseTemplateBehavior [ RunTime:0.046875s ]
INFO: [ view_parse ] --END-- [ RunTime:0.046875s ]
INFO: [ view_filter ] --START--
INFO: Run Behavior\WriteHtmlCacheBehavior [ RunTime:0.015625s ]
INFO: [ view_filter ] --END-- [ RunTime:0.015625s ]
INFO: [ app_end ] --START--
INFO: Run Behavior\ShowPageTraceBehavior [ RunTime:0.000000s ]
INFO: [ app_end ] --END-- [ RunTime:0.000000s ]

[ 2016-05-17T14:41:57+08:00 ] 192.168.57.1 /index.php/home/index/lists?id=68
INFO: [ app_init ] --START--
INFO: Run Behavior\BuildLiteBehavior [ RunTime:0.000000s ]
INFO: [ app_init ] --END-- [ RunTime:0.000000s ]
INFO: [ app_begin ] --START--
INFO: Run Behavior\ReadHtmlCacheBehavior [ RunTime:0.000000s ]
INFO: [ app_begin ] --END-- [ RunTime:0.000000s ]
NOTIC: [2048] Declaration of Home\Controller\IndexController::show() should be compatible with that of Think\Controller::show() D:\wwwroot\btsmzj\wwwroot\Application\Home\Controller\IndexController.class.php 第 125 行.
SQL: SHOW COLUMNS FROM `mxweb_module` [ RunTime:0.0469s ]
SQL: SELECT * FROM `mxweb_module` WHERE `status` = 1  [ RunTime:0.0625s ]
SQL: SELECT * FROM `mxweb_module` WHERE `id` = '68' AND `status` = 1 LIMIT 1   [ RunTime:0.0469s ]
SQL: SHOW COLUMNS FROM `mxweb_data` [ RunTime:0.0469s ]
SQL: SELECT * FROM `mxweb_data` WHERE `cate` = '68' LIMIT 0,30   [ RunTime:0.4844s ]
SQL: SELECT * FROM `mxweb_module` WHERE `first_module` = 3 AND `status` = 1 LIMIT 1   [ RunTime:0.0469s ]
SQL: SELECT * FROM `mxweb_data` WHERE `cate` = '64' LIMIT 0,7   [ RunTime:0.3750s ]
INFO: [ view_parse ] --START--
INFO: [ template_filter ] --START--
INFO: Run Behavior\ContentReplaceBehavior [ RunTime:0.000000s ]
INFO: [ template_filter ] --END-- [ RunTime:0.000000s ]
NOTIC: [8] Undefined variable: addtime D:\wwwroot\btsmzj\wwwroot\Application\Runtime\Cache\Home\b703616f43106f0a92ef0e15a918e383.php 第 59 行.
NOTIC: [8] Undefined variable: addtime D:\wwwroot\btsmzj\wwwroot\Application\Runtime\Cache\Home\b703616f43106f0a92ef0e15a918e383.php 第 59 行.
NOTIC: [8] Undefined variable: addtime D:\wwwroot\btsmzj\wwwroot\Application\Runtime\Cache\Home\b703616f43106f0a92ef0e15a918e383.php 第 59 行.
NOTIC: [8] Undefined variable: addtime D:\wwwroot\btsmzj\wwwroot\Application\Runtime\Cache\Home\b703616f43106f0a92ef0e15a918e383.php 第 59 行.
NOTIC: [8] Undefined variable: addtime D:\wwwroot\btsmzj\wwwroot\Application\Runtime\Cache\Home\b703616f43106f0a92ef0e15a918e383.php 第 59 行.
NOTIC: [8] Undefined variable: addtime D:\wwwroot\btsmzj\wwwroot\Application\Runtime\Cache\Home\b703616f43106f0a92ef0e15a918e383.php 第 59 行.
NOTIC: [8] Undefined variable: addtime D:\wwwroot\btsmzj\wwwroot\Application\Runtime\Cache\Home\b703616f43106f0a92ef0e15a918e383.php 第 59 行.
INFO: Run Behavior\ParseTemplateBehavior [ RunTime:0.062500s ]
INFO: [ view_parse ] --END-- [ RunTime:0.062500s ]
INFO: [ view_filter ] --START--
INFO: Run Behavior\WriteHtmlCacheBehavior [ RunTime:0.000000s ]
INFO: [ view_filter ] --END-- [ RunTime:0.000000s ]
INFO: [ app_end ] --START--
INFO: Run Behavior\ShowPageTraceBehavior [ RunTime:0.000000s ]
INFO: [ app_end ] --END-- [ RunTime:0.000000s ]

[ 2016-05-17T15:50:15+08:00 ] 192.168.57.1 /index.php/home/index/show?id=92
INFO: [ app_init ] --START--
INFO: Run Behavior\BuildLiteBehavior [ RunTime:0.000000s ]
INFO: [ app_init ] --END-- [ RunTime:0.000000s ]
INFO: [ app_begin ] --START--
INFO: Run Behavior\ReadHtmlCacheBehavior [ RunTime:0.000000s ]
INFO: [ app_begin ] --END-- [ RunTime:0.000000s ]
NOTIC: [2048] Declaration of Home\Controller\IndexController::show() should be compatible with that of Think\Controller::show() D:\wwwroot\btsmzj\wwwroot\Application\Home\Controller\IndexController.class.php 第 125 行.
SQL: SHOW COLUMNS FROM `mxweb_module` [ RunTime:0.0469s ]
SQL: SELECT * FROM `mxweb_module` WHERE `status` = 1  [ RunTime:0.0469s ]
SQL: SHOW COLUMNS FROM `mxweb_data` [ RunTime:0.0313s ]
SQL: SELECT * FROM `mxweb_data` WHERE `id` = '92' LIMIT 1   [ RunTime:0.0938s ]
SQL: SELECT * FROM `mxweb_module` WHERE `first_module` = 3 AND `status` = 1 LIMIT 1   [ RunTime:0.0469s ]
SQL: SELECT * FROM `mxweb_data` WHERE `cate` = '64' LIMIT 0,7   [ RunTime:0.3281s ]
INFO: [ view_parse ] --START--
INFO: [ template_filter ] --START--
INFO: Run Behavior\ContentReplaceBehavior [ RunTime:0.000000s ]
INFO: [ template_filter ] --END-- [ RunTime:0.000000s ]
INFO: Run Behavior\ParseTemplateBehavior [ RunTime:0.093750s ]
INFO: [ view_parse ] --END-- [ RunTime:0.093750s ]
INFO: [ view_filter ] --START--
INFO: Run Behavior\WriteHtmlCacheBehavior [ RunTime:0.000000s ]
INFO: [ view_filter ] --END-- [ RunTime:0.000000s ]
INFO: [ app_end ] --START--
INFO: Run Behavior\ShowPageTraceBehavior [ RunTime:0.000000s ]
INFO: [ app_end ] --END-- [ RunTime:0.000000s ]

[ 2016-05-17T15:51:23+08:00 ] 192.168.57.1 /index.php/home/index/show?id=57
INFO: [ app_init ] --START--
INFO: Run Behavior\BuildLiteBehavior [ RunTime:0.000000s ]
INFO: [ app_init ] --END-- [ RunTime:0.015625s ]
INFO: [ app_begin ] --START--
INFO: Run Behavior\ReadHtmlCacheBehavior [ RunTime:0.000000s ]
INFO: [ app_begin ] --END-- [ RunTime:0.000000s ]
NOTIC: [2048] Declaration of Home\Controller\IndexController::show() should be compatible with that of Think\Controller::show() D:\wwwroot\btsmzj\wwwroot\Application\Home\Controller\IndexController.class.php 第 125 行.
SQL: SHOW COLUMNS FROM `mxweb_module` [ RunTime:0.0469s ]
SQL: SELECT * FROM `mxweb_module` WHERE `status` = 1  [ RunTime:0.0625s ]
SQL: SHOW COLUMNS FROM `mxweb_data` [ RunTime:0.0469s ]
SQL: SELECT * FROM `mxweb_data` WHERE `id` = '57' LIMIT 1   [ RunTime:0.0625s ]
SQL: SELECT * FROM `mxweb_module` WHERE `first_module` = 3 AND `status` = 1 LIMIT 1   [ RunTime:0.0469s ]
SQL: SELECT * FROM `mxweb_data` WHERE `cate` = '64' LIMIT 0,7   [ RunTime:0.4375s ]
INFO: [ view_parse ] --START--
INFO: [ template_filter ] --START--
INFO: Run Behavior\ContentReplaceBehavior [ RunTime:0.000000s ]
INFO: [ template_filter ] --END-- [ RunTime:0.000000s ]
INFO: Run Behavior\ParseTemplateBehavior [ RunTime:0.031250s ]
INFO: [ view_parse ] --END-- [ RunTime:0.031250s ]
INFO: [ view_filter ] --START--
INFO: Run Behavior\WriteHtmlCacheBehavior [ RunTime:0.000000s ]
INFO: [ view_filter ] --END-- [ RunTime:0.000000s ]
INFO: [ app_end ] --START--
INFO: Run Behavior\ShowPageTraceBehavior [ RunTime:0.000000s ]
INFO: [ app_end ] --END-- [ RunTime:0.000000s ]

[ 2016-05-17T15:54:28+08:00 ] 192.168.57.1 /
INFO: [ app_init ] --START--
INFO: Run Behavior\BuildLiteBehavior [ RunTime:0.000000s ]
INFO: [ app_init ] --END-- [ RunTime:0.000000s ]
INFO: [ app_begin ] --START--
INFO: Run Behavior\ReadHtmlCacheBehavior [ RunTime:0.000000s ]
INFO: [ app_begin ] --END-- [ RunTime:0.000000s ]
NOTIC: [2048] Declaration of Home\Controller\IndexController::show() should be compatible with that of Think\Controller::show() D:\wwwroot\btsmzj\wwwroot\Application\Home\Controller\IndexController.class.php 第 125 行.
SQL: SHOW COLUMNS FROM `mxweb_module` [ RunTime:0.0469s ]
SQL: SELECT * FROM `mxweb_module` WHERE `status` = 1  [ RunTime:0.0625s ]
SQL: SELECT * FROM `mxweb_module` WHERE `first_module` = 1 AND `status` = 1 LIMIT 1   [ RunTime:0.0469s ]
SQL: SHOW COLUMNS FROM `mxweb_data` [ RunTime:0.0469s ]
SQL: SELECT * FROM `mxweb_data` WHERE `cate` = '62' LIMIT 0,7   [ RunTime:0.2344s ]
SQL: SELECT * FROM `mxweb_module` WHERE `first_module` = 2 AND `status` = 1 LIMIT 1   [ RunTime:0.0469s ]
SQL: SELECT * FROM `mxweb_data` WHERE `cate` = '63' LIMIT 0,7   [ RunTime:0.5781s ]
SQL: SELECT * FROM `mxweb_module` WHERE `id` = 61 LIMIT 1   [ RunTime:0.0469s ]
SQL: SELECT * FROM `mxweb_data` WHERE `cate` = '61' LIMIT 0,7   [ RunTime:0.0625s ]
SQL: SELECT * FROM `mxweb_module` WHERE `id` = 63 LIMIT 1   [ RunTime:0.0469s ]
SQL: SELECT * FROM `mxweb_data` WHERE `cate` = '63' LIMIT 0,7   [ RunTime:0.5781s ]
SQL: SELECT * FROM `mxweb_module` WHERE `id` = 64 LIMIT 1   [ RunTime:0.0469s ]
SQL: SELECT * FROM `mxweb_data` WHERE `cate` = '64' LIMIT 0,7   [ RunTime:0.3906s ]
SQL: SELECT * FROM `mxweb_module` WHERE `id` = 65 LIMIT 1   [ RunTime:0.0469s ]
SQL: SELECT * FROM `mxweb_data` WHERE `cate` = '65' LIMIT 0,7   [ RunTime:0.2813s ]
SQL: SELECT * FROM `mxweb_module` WHERE `id` = 66 LIMIT 1   [ RunTime:0.0469s ]
SQL: SELECT * FROM `mxweb_data` WHERE `cate` = '66' LIMIT 0,7   [ RunTime:0.4375s ]
SQL: SELECT * FROM `mxweb_module` WHERE `id` = 67 LIMIT 1   [ RunTime:0.0469s ]
SQL: SELECT * FROM `mxweb_data` WHERE `cate` = '67' LIMIT 0,7   [ RunTime:0.4844s ]
SQL: SELECT * FROM `mxweb_module` WHERE `id` = 68 LIMIT 1   [ RunTime:0.0469s ]
SQL: SELECT * FROM `mxweb_data` WHERE `cate` = '68' LIMIT 0,7   [ RunTime:0.4688s ]
SQL: SELECT * FROM `mxweb_module` WHERE `id` = 69 LIMIT 1   [ RunTime:0.0469s ]
SQL: SELECT * FROM `mxweb_data` WHERE `cate` = '69' LIMIT 0,7   [ RunTime:0.0938s ]
INFO: [ view_parse ] --START--
INFO: [ template_filter ] --START--
INFO: Run Behavior\ContentReplaceBehavior [ RunTime:0.000000s ]
INFO: [ template_filter ] --END-- [ RunTime:0.000000s ]
INFO: Run Behavior\ParseTemplateBehavior [ RunTime:0.093750s ]
INFO: [ view_parse ] --END-- [ RunTime:0.093750s ]
INFO: [ view_filter ] --START--
INFO: Run Behavior\WriteHtmlCacheBehavior [ RunTime:0.000000s ]
INFO: [ view_filter ] --END-- [ RunTime:0.000000s ]
INFO: [ app_end ] --START--
INFO: Run Behavior\ShowPageTraceBehavior [ RunTime:0.000000s ]
INFO: [ app_end ] --END-- [ RunTime:0.000000s ]

[ 2016-05-17T16:11:17+08:00 ] 192.168.57.1 /index.php/home/index/show?id=77
INFO: [ app_init ] --START--
INFO: Run Behavior\BuildLiteBehavior [ RunTime:0.000000s ]
INFO: [ app_init ] --END-- [ RunTime:0.000000s ]
INFO: [ app_begin ] --START--
INFO: Run Behavior\ReadHtmlCacheBehavior [ RunTime:0.015625s ]
INFO: [ app_begin ] --END-- [ RunTime:0.015625s ]
NOTIC: [2048] Declaration of Home\Controller\IndexController::show() should be compatible with that of Think\Controller::show() D:\wwwroot\btsmzj\wwwroot\Application\Home\Controller\IndexController.class.php 第 125 行.
SQL: SHOW COLUMNS FROM `mxweb_module` [ RunTime:0.0469s ]
SQL: SELECT * FROM `mxweb_module` WHERE `status` = 1  [ RunTime:0.0313s ]
SQL: SHOW COLUMNS FROM `mxweb_data` [ RunTime:0.0313s ]
SQL: SELECT * FROM `mxweb_data` WHERE `id` = '77' LIMIT 1   [ RunTime:0.0938s ]
SQL: SELECT * FROM `mxweb_module` WHERE `first_module` = 3 AND `status` = 1 LIMIT 1   [ RunTime:0.0313s ]
SQL: SELECT * FROM `mxweb_data` WHERE `cate` = '64' LIMIT 0,7   [ RunTime:0.3281s ]
INFO: [ view_parse ] --START--
INFO: [ template_filter ] --START--
INFO: Run Behavior\ContentReplaceBehavior [ RunTime:0.000000s ]
INFO: [ template_filter ] --END-- [ RunTime:0.000000s ]
INFO: Run Behavior\ParseTemplateBehavior [ RunTime:0.109375s ]
INFO: [ view_parse ] --END-- [ RunTime:0.109375s ]
INFO: [ view_filter ] --START--
INFO: Run Behavior\WriteHtmlCacheBehavior [ RunTime:0.000000s ]
INFO: [ view_filter ] --END-- [ RunTime:0.000000s ]
INFO: [ app_end ] --START--
INFO: Run Behavior\ShowPageTraceBehavior [ RunTime:0.000000s ]
INFO: [ app_end ] --END-- [ RunTime:0.000000s ]

[ 2016-05-17T16:11:43+08:00 ] 192.168.57.1 /index.php/home/index/lists?id=68
INFO: [ app_init ] --START--
INFO: Run Behavior\BuildLiteBehavior [ RunTime:0.000000s ]
INFO: [ app_init ] --END-- [ RunTime:0.015625s ]
INFO: [ app_begin ] --START--
INFO: Run Behavior\ReadHtmlCacheBehavior [ RunTime:0.000000s ]
INFO: [ app_begin ] --END-- [ RunTime:0.000000s ]
NOTIC: [2048] Declaration of Home\Controller\IndexController::show() should be compatible with that of Think\Controller::show() D:\wwwroot\btsmzj\wwwroot\Application\Home\Controller\IndexController.class.php 第 125 行.
SQL: SHOW COLUMNS FROM `mxweb_module` [ RunTime:0.0469s ]
SQL: SELECT * FROM `mxweb_module` WHERE `status` = 1  [ RunTime:0.0469s ]
SQL: SELECT * FROM `mxweb_module` WHERE `id` = '68' AND `status` = 1 LIMIT 1   [ RunTime:0.0469s ]
SQL: SHOW COLUMNS FROM `mxweb_data` [ RunTime:0.0469s ]
SQL: SELECT * FROM `mxweb_data` WHERE `cate` = '68' LIMIT 0,30   [ RunTime:0.4688s ]
SQL: SELECT * FROM `mxweb_module` WHERE `first_module` = 3 AND `status` = 1 LIMIT 1   [ RunTime:0.0469s ]
SQL: SELECT * FROM `mxweb_data` WHERE `cate` = '64' LIMIT 0,7   [ RunTime:0.3750s ]
INFO: [ view_parse ] --START--
INFO: [ template_filter ] --START--
INFO: Run Behavior\ContentReplaceBehavior [ RunTime:0.000000s ]
INFO: [ template_filter ] --END-- [ RunTime:0.000000s ]
NOTIC: [8] Undefined variable: addtime D:\wwwroot\btsmzj\wwwroot\Application\Runtime\Cache\Home\b703616f43106f0a92ef0e15a918e383.php 第 59 行.
NOTIC: [8] Undefined variable: addtime D:\wwwroot\btsmzj\wwwroot\Application\Runtime\Cache\Home\b703616f43106f0a92ef0e15a918e383.php 第 59 行.
NOTIC: [8] Undefined variable: addtime D:\wwwroot\btsmzj\wwwroot\Application\Runtime\Cache\Home\b703616f43106f0a92ef0e15a918e383.php 第 59 行.
NOTIC: [8] Undefined variable: addtime D:\wwwroot\btsmzj\wwwroot\Application\Runtime\Cache\Home\b703616f43106f0a92ef0e15a918e383.php 第 59 行.
NOTIC: [8] Undefined variable: addtime D:\wwwroot\btsmzj\wwwroot\Application\Runtime\Cache\Home\b703616f43106f0a92ef0e15a918e383.php 第 59 行.
NOTIC: [8] Undefined variable: addtime D:\wwwroot\btsmzj\wwwroot\Application\Runtime\Cache\Home\b703616f43106f0a92ef0e15a918e383.php 第 59 行.
NOTIC: [8] Undefined variable: addtime D:\wwwroot\btsmzj\wwwroot\Application\Runtime\Cache\Home\b703616f43106f0a92ef0e15a918e383.php 第 59 行.
INFO: Run Behavior\ParseTemplateBehavior [ RunTime:0.046875s ]
INFO: [ view_parse ] --END-- [ RunTime:0.046875s ]
INFO: [ view_filter ] --START--
INFO: Run Behavior\WriteHtmlCacheBehavior [ RunTime:0.000000s ]
INFO: [ view_filter ] --END-- [ RunTime:0.000000s ]
INFO: [ app_end ] --START--
INFO: Run Behavior\ShowPageTraceBehavior [ RunTime:0.000000s ]
INFO: [ app_end ] --END-- [ RunTime:0.000000s ]

[ 2016-05-17T19:06:40+08:00 ] 192.168.57.1 /
INFO: [ app_init ] --START--
INFO: Run Behavior\BuildLiteBehavior [ RunTime:0.000000s ]
INFO: [ app_init ] --END-- [ RunTime:0.000000s ]
INFO: [ app_begin ] --START--
INFO: Run Behavior\ReadHtmlCacheBehavior [ RunTime:0.000000s ]
INFO: [ app_begin ] --END-- [ RunTime:0.000000s ]
NOTIC: [2048] Declaration of Home\Controller\IndexController::show() should be compatible with that of Think\Controller::show() D:\wwwroot\btsmzj\wwwroot\Application\Home\Controller\IndexController.class.php 第 125 行.
SQL: SHOW COLUMNS FROM `mxweb_module` [ RunTime:0.0469s ]
SQL: SELECT * FROM `mxweb_module` WHERE `status` = 1  [ RunTime:0.0313s ]
SQL: SELECT * FROM `mxweb_module` WHERE `first_module` = 1 AND `status` = 1 LIMIT 1   [ RunTime:0.0469s ]
SQL: SHOW COLUMNS FROM `mxweb_data` [ RunTime:0.0469s ]
SQL: SELECT * FROM `mxweb_data` WHERE `cate` = '62' LIMIT 0,7   [ RunTime:0.2031s ]
SQL: SELECT * FROM `mxweb_module` WHERE `first_module` = 2 AND `status` = 1 LIMIT 1   [ RunTime:0.0469s ]
SQL: SELECT * FROM `mxweb_data` WHERE `cate` = '63' LIMIT 0,7   [ RunTime:0.4688s ]
SQL: SELECT * FROM `mxweb_module` WHERE `id` = 61 LIMIT 1   [ RunTime:0.0469s ]
SQL: SELECT * FROM `mxweb_data` WHERE `cate` = '61' LIMIT 0,7   [ RunTime:0.0313s ]
SQL: SELECT * FROM `mxweb_module` WHERE `id` = 63 LIMIT 1   [ RunTime:0.0469s ]
SQL: SELECT * FROM `mxweb_data` WHERE `cate` = '63' LIMIT 0,7   [ RunTime:0.4688s ]
SQL: SELECT * FROM `mxweb_module` WHERE `id` = 64 LIMIT 1   [ RunTime:0.0313s ]
SQL: SELECT * FROM `mxweb_data` WHERE `cate` = '64' LIMIT 0,7   [ RunTime:0.3281s ]
SQL: SELECT * FROM `mxweb_module` WHERE `id` = 65 LIMIT 1   [ RunTime:0.0469s ]
SQL: SELECT * FROM `mxweb_data` WHERE `cate` = '65' LIMIT 0,7   [ RunTime:0.2500s ]
SQL: SELECT * FROM `mxweb_module` WHERE `id` = 66 LIMIT 1   [ RunTime:0.0313s ]
SQL: SELECT * FROM `mxweb_data` WHERE `cate` = '66' LIMIT 0,7   [ RunTime:0.3438s ]
SQL: SELECT * FROM `mxweb_module` WHERE `id` = 67 LIMIT 1   [ RunTime:0.0469s ]
SQL: SELECT * FROM `mxweb_data` WHERE `cate` = '67' LIMIT 0,7   [ RunTime:0.4063s ]
SQL: SELECT * FROM `mxweb_module` WHERE `id` = 68 LIMIT 1   [ RunTime:0.0313s ]
SQL: SELECT * FROM `mxweb_data` WHERE `cate` = '68' LIMIT 0,7   [ RunTime:0.4063s ]
SQL: SELECT * FROM `mxweb_module` WHERE `id` = 69 LIMIT 1   [ RunTime:0.0469s ]
SQL: SELECT * FROM `mxweb_data` WHERE `cate` = '69' LIMIT 0,7   [ RunTime:0.0781s ]
INFO: [ view_parse ] --START--
INFO: [ template_filter ] --START--
INFO: Run Behavior\ContentReplaceBehavior [ RunTime:0.000000s ]
INFO: [ template_filter ] --END-- [ RunTime:0.000000s ]
INFO: Run Behavior\ParseTemplateBehavior [ RunTime:0.156250s ]
INFO: [ view_parse ] --END-- [ RunTime:0.156250s ]
INFO: [ view_filter ] --START--
INFO: Run Behavior\WriteHtmlCacheBehavior [ RunTime:0.000000s ]
INFO: [ view_filter ] --END-- [ RunTime:0.000000s ]
INFO: [ app_end ] --START--
INFO: Run Behavior\ShowPageTraceBehavior [ RunTime:0.000000s ]
INFO: [ app_end ] --END-- [ RunTime:0.000000s ]

[ 2016-05-17T19:39:11+08:00 ] 192.168.57.1 /index.php/home/index/show?id=101
INFO: [ app_init ] --START--
INFO: Run Behavior\BuildLiteBehavior [ RunTime:0.000000s ]
INFO: [ app_init ] --END-- [ RunTime:0.000000s ]
INFO: [ app_begin ] --START--
INFO: Run Behavior\ReadHtmlCacheBehavior [ RunTime:0.000000s ]
INFO: [ app_begin ] --END-- [ RunTime:0.000000s ]
NOTIC: [2048] Declaration of Home\Controller\IndexController::show() should be compatible with that of Think\Controller::show() D:\wwwroot\btsmzj\wwwroot\Application\Home\Controller\IndexController.class.php 第 125 行.
SQL: SHOW COLUMNS FROM `mxweb_module` [ RunTime:0.0469s ]
SQL: SELECT * FROM `mxweb_module` WHERE `status` = 1  [ RunTime:0.0313s ]
SQL: SHOW COLUMNS FROM `mxweb_data` [ RunTime:0.0469s ]
SQL: SELECT * FROM `mxweb_data` WHERE `id` = '101' LIMIT 1   [ RunTime:0.0781s ]
SQL: SELECT * FROM `mxweb_module` WHERE `first_module` = 3 AND `status` = 1 LIMIT 1   [ RunTime:0.0469s ]
SQL: SELECT * FROM `mxweb_data` WHERE `cate` = '64' LIMIT 0,7   [ RunTime:0.3125s ]
INFO: [ view_parse ] --START--
INFO: [ template_filter ] --START--
INFO: Run Behavior\ContentReplaceBehavior [ RunTime:0.000000s ]
INFO: [ template_filter ] --END-- [ RunTime:0.000000s ]
INFO: Run Behavior\ParseTemplateBehavior [ RunTime:0.109375s ]
INFO: [ view_parse ] --END-- [ RunTime:0.109375s ]
INFO: [ view_filter ] --START--
INFO: Run Behavior\WriteHtmlCacheBehavior [ RunTime:0.000000s ]
INFO: [ view_filter ] --END-- [ RunTime:0.000000s ]
INFO: [ app_end ] --START--
INFO: Run Behavior\ShowPageTraceBehavior [ RunTime:0.000000s ]
INFO: [ app_end ] --END-- [ RunTime:0.000000s ]

[ 2016-05-17T20:20:49+08:00 ] 192.168.57.1 /index.php/home/index/show?id=84
INFO: [ app_init ] --START--
INFO: Run Behavior\BuildLiteBehavior [ RunTime:0.000000s ]
INFO: [ app_init ] --END-- [ RunTime:0.000000s ]
INFO: [ app_begin ] --START--
INFO: Run Behavior\ReadHtmlCacheBehavior [ RunTime:0.000000s ]
INFO: [ app_begin ] --END-- [ RunTime:0.000000s ]
NOTIC: [2048] Declaration of Home\Controller\IndexController::show() should be compatible with that of Think\Controller::show() D:\wwwroot\btsmzj\wwwroot\Application\Home\Controller\IndexController.class.php 第 125 行.
SQL: SHOW COLUMNS FROM `mxweb_module` [ RunTime:0.0469s ]
SQL: SELECT * FROM `mxweb_module` WHERE `status` = 1  [ RunTime:0.0469s ]
SQL: SHOW COLUMNS FROM `mxweb_data` [ RunTime:0.0313s ]
SQL: SELECT * FROM `mxweb_data` WHERE `id` = '84' LIMIT 1   [ RunTime:0.0469s ]
SQL: SELECT * FROM `mxweb_module` WHERE `first_module` = 3 AND `status` = 1 LIMIT 1   [ RunTime:0.0469s ]
SQL: SELECT * FROM `mxweb_data` WHERE `cate` = '64' LIMIT 0,7   [ RunTime:0.3438s ]
INFO: [ view_parse ] --START--
INFO: [ template_filter ] --START--
INFO: Run Behavior\ContentReplaceBehavior [ RunTime:0.000000s ]
INFO: [ template_filter ] --END-- [ RunTime:0.000000s ]
INFO: Run Behavior\ParseTemplateBehavior [ RunTime:0.062500s ]
INFO: [ view_parse ] --END-- [ RunTime:0.062500s ]
INFO: [ view_filter ] --START--
INFO: Run Behavior\WriteHtmlCacheBehavior [ RunTime:0.000000s ]
INFO: [ view_filter ] --END-- [ RunTime:0.000000s ]
INFO: [ app_end ] --START--
INFO: Run Behavior\ShowPageTraceBehavior [ RunTime:0.015625s ]
INFO: [ app_end ] --END-- [ RunTime:0.015625s ]

[ 2016-05-17T21:26:37+08:00 ] 192.168.57.1 /index.php/home/index/show?id=77
INFO: [ app_init ] --START--
INFO: Run Behavior\BuildLiteBehavior [ RunTime:0.000000s ]
INFO: [ app_init ] --END-- [ RunTime:0.000000s ]
INFO: [ app_begin ] --START--
INFO: Run Behavior\ReadHtmlCacheBehavior [ RunTime:0.000000s ]
INFO: [ app_begin ] --END-- [ RunTime:0.000000s ]
NOTIC: [2048] Declaration of Home\Controller\IndexController::show() should be compatible with that of Think\Controller::show() D:\wwwroot\btsmzj\wwwroot\Application\Home\Controller\IndexController.class.php 第 125 行.
SQL: SHOW COLUMNS FROM `mxweb_module` [ RunTime:0.0469s ]
SQL: SELECT * FROM `mxweb_module` WHERE `status` = 1  [ RunTime:0.0469s ]
SQL: SHOW COLUMNS FROM `mxweb_data` [ RunTime:0.0469s ]
SQL: SELECT * FROM `mxweb_data` WHERE `id` = '77' LIMIT 1   [ RunTime:0.0938s ]
SQL: SELECT * FROM `mxweb_module` WHERE `first_module` = 3 AND `status` = 1 LIMIT 1   [ RunTime:0.0469s ]
SQL: SELECT * FROM `mxweb_data` WHERE `cate` = '64' LIMIT 0,7   [ RunTime:0.3750s ]
INFO: [ view_parse ] --START--
INFO: [ template_filter ] --START--
INFO: Run Behavior\ContentReplaceBehavior [ RunTime:0.000000s ]
INFO: [ template_filter ] --END-- [ RunTime:0.000000s ]
INFO: Run Behavior\ParseTemplateBehavior [ RunTime:0.093750s ]
INFO: [ view_parse ] --END-- [ RunTime:0.093750s ]
INFO: [ view_filter ] --START--
INFO: Run Behavior\WriteHtmlCacheBehavior [ RunTime:0.000000s ]
INFO: [ view_filter ] --END-- [ RunTime:0.000000s ]
INFO: [ app_end ] --START--
INFO: Run Behavior\ShowPageTraceBehavior [ RunTime:0.015625s ]
INFO: [ app_end ] --END-- [ RunTime:0.015625s ]

[ 2016-05-17T21:29:21+08:00 ] 192.168.57.1 /index.php/home/index/show?id=55
INFO: [ app_init ] --START--
INFO: Run Behavior\BuildLiteBehavior [ RunTime:0.000000s ]
INFO: [ app_init ] --END-- [ RunTime:0.000000s ]
INFO: [ app_begin ] --START--
INFO: Run Behavior\ReadHtmlCacheBehavior [ RunTime:0.000000s ]
INFO: [ app_begin ] --END-- [ RunTime:0.000000s ]
NOTIC: [2048] Declaration of Home\Controller\IndexController::show() should be compatible with that of Think\Controller::show() D:\wwwroot\btsmzj\wwwroot\Application\Home\Controller\IndexController.class.php 第 125 行.
SQL: SHOW COLUMNS FROM `mxweb_module` [ RunTime:0.0313s ]
SQL: SELECT * FROM `mxweb_module` WHERE `status` = 1  [ RunTime:0.0469s ]
SQL: SHOW COLUMNS FROM `mxweb_data` [ RunTime:0.0313s ]
SQL: SELECT * FROM `mxweb_data` WHERE `id` = '55' LIMIT 1   [ RunTime:0.0313s ]
SQL: SELECT * FROM `mxweb_module` WHERE `first_module` = 3 AND `status` = 1 LIMIT 1   [ RunTime:0.0313s ]
SQL: SELECT * FROM `mxweb_data` WHERE `cate` = '64' LIMIT 0,7   [ RunTime:0.2656s ]
INFO: [ view_parse ] --START--
INFO: [ template_filter ] --START--
INFO: Run Behavior\ContentReplaceBehavior [ RunTime:0.000000s ]
INFO: [ template_filter ] --END-- [ RunTime:0.000000s ]
INFO: Run Behavior\ParseTemplateBehavior [ RunTime:0.062500s ]
INFO: [ view_parse ] --END-- [ RunTime:0.062500s ]
INFO: [ view_filter ] --START--
INFO: Run Behavior\WriteHtmlCacheBehavior [ RunTime:0.000000s ]
INFO: [ view_filter ] --END-- [ RunTime:0.000000s ]
INFO: [ app_end ] --START--
INFO: Run Behavior\ShowPageTraceBehavior [ RunTime:0.015625s ]
INFO: [ app_end ] --END-- [ RunTime:0.015625s ]

[ 2016-05-17T21:30:41+08:00 ] 192.168.57.1 /index.php/home/index/show?id=60
INFO: [ app_init ] --START--
INFO: Run Behavior\BuildLiteBehavior [ RunTime:0.000000s ]
INFO: [ app_init ] --END-- [ RunTime:0.000000s ]
INFO: [ app_begin ] --START--
INFO: Run Behavior\ReadHtmlCacheBehavior [ RunTime:0.000000s ]
INFO: [ app_begin ] --END-- [ RunTime:0.000000s ]
NOTIC: [2048] Declaration of Home\Controller\IndexController::show() should be compatible with that of Think\Controller::show() D:\wwwroot\btsmzj\wwwroot\Application\Home\Controller\IndexController.class.php 第 125 行.
SQL: SHOW COLUMNS FROM `mxweb_module` [ RunTime:0.0469s ]
SQL: SELECT * FROM `mxweb_module` WHERE `status` = 1  [ RunTime:0.0469s ]
SQL: SHOW COLUMNS FROM `mxweb_data` [ RunTime:0.0313s ]
SQL: SELECT * FROM `mxweb_data` WHERE `id` = '60' LIMIT 1   [ RunTime:0.0781s ]
SQL: SELECT * FROM `mxweb_module` WHERE `first_module` = 3 AND `status` = 1 LIMIT 1   [ RunTime:0.0469s ]
SQL: SELECT * FROM `mxweb_data` WHERE `cate` = '64' LIMIT 0,7   [ RunTime:0.3125s ]
INFO: [ view_parse ] --START--
INFO: [ template_filter ] --START--
INFO: Run Behavior\ContentReplaceBehavior [ RunTime:0.000000s ]
INFO: [ template_filter ] --END-- [ RunTime:0.000000s ]
INFO: Run Behavior\ParseTemplateBehavior [ RunTime:0.031250s ]
INFO: [ view_parse ] --END-- [ RunTime:0.031250s ]
INFO: [ view_filter ] --START--
INFO: Run Behavior\WriteHtmlCacheBehavior [ RunTime:0.000000s ]
INFO: [ view_filter ] --END-- [ RunTime:0.000000s ]
INFO: [ app_end ] --START--
INFO: Run Behavior\ShowPageTraceBehavior [ RunTime:0.000000s ]
INFO: [ app_end ] --END-- [ RunTime:0.000000s ]

[ 2016-05-17T21:30:44+08:00 ] 192.168.57.1 /index.php/home/index/show?id=65
INFO: [ app_init ] --START--
INFO: Run Behavior\BuildLiteBehavior [ RunTime:0.000000s ]
INFO: [ app_init ] --END-- [ RunTime:0.000000s ]
INFO: [ app_begin ] --START--
INFO: Run Behavior\ReadHtmlCacheBehavior [ RunTime:0.000000s ]
INFO: [ app_begin ] --END-- [ RunTime:0.000000s ]
NOTIC: [2048] Declaration of Home\Controller\IndexController::show() should be compatible with that of Think\Controller::show() D:\wwwroot\btsmzj\wwwroot\Application\Home\Controller\IndexController.class.php 第 125 行.
SQL: SHOW COLUMNS FROM `mxweb_module` [ RunTime:0.0313s ]
SQL: SELECT * FROM `mxweb_module` WHERE `status` = 1  [ RunTime:0.0469s ]
SQL: SHOW COLUMNS FROM `mxweb_data` [ RunTime:0.0313s ]
SQL: SELECT * FROM `mxweb_data` WHERE `id` = '65' LIMIT 1   [ RunTime:0.0781s ]
SQL: SELECT * FROM `mxweb_module` WHERE `first_module` = 3 AND `status` = 1 LIMIT 1   [ RunTime:0.0313s ]
SQL: SELECT * FROM `mxweb_data` WHERE `cate` = '64' LIMIT 0,7   [ RunTime:0.2813s ]
INFO: [ view_parse ] --START--
INFO: [ template_filter ] --START--
INFO: Run Behavior\ContentReplaceBehavior [ RunTime:0.000000s ]
INFO: [ template_filter ] --END-- [ RunTime:0.000000s ]
INFO: Run Behavior\ParseTemplateBehavior [ RunTime:0.062500s ]
INFO: [ view_parse ] --END-- [ RunTime:0.062500s ]
INFO: [ view_filter ] --START--
INFO: Run Behavior\WriteHtmlCacheBehavior [ RunTime:0.000000s ]
INFO: [ view_filter ] --END-- [ RunTime:0.000000s ]
INFO: [ app_end ] --START--
INFO: Run Behavior\ShowPageTraceBehavior [ RunTime:0.015625s ]
INFO: [ app_end ] --END-- [ RunTime:0.015625s ]

[ 2016-05-17T21:30:58+08:00 ] 192.168.57.1 /index.php/home/index/show?id=58
INFO: [ app_init ] --START--
INFO: Run Behavior\BuildLiteBehavior [ RunTime:0.000000s ]
INFO: [ app_init ] --END-- [ RunTime:0.000000s ]
INFO: [ app_begin ] --START--
INFO: Run Behavior\ReadHtmlCacheBehavior [ RunTime:0.000000s ]
INFO: [ app_begin ] --END-- [ RunTime:0.000000s ]
NOTIC: [2048] Declaration of Home\Controller\IndexController::show() should be compatible with that of Think\Controller::show() D:\wwwroot\btsmzj\wwwroot\Application\Home\Controller\IndexController.class.php 第 125 行.
SQL: SHOW COLUMNS FROM `mxweb_module` [ RunTime:0.0625s ]
SQL: SELECT * FROM `mxweb_module` WHERE `status` = 1  [ RunTime:0.0469s ]
SQL: SHOW COLUMNS FROM `mxweb_data` [ RunTime:0.0625s ]
SQL: SELECT * FROM `mxweb_data` WHERE `id` = '58' LIMIT 1   [ RunTime:0.0938s ]
SQL: SELECT * FROM `mxweb_module` WHERE `first_module` = 3 AND `status` = 1 LIMIT 1   [ RunTime:0.0781s ]
SQL: SELECT * FROM `mxweb_data` WHERE `cate` = '64' LIMIT 0,7   [ RunTime:0.4063s ]
INFO: [ view_parse ] --START--
INFO: [ template_filter ] --START--
INFO: Run Behavior\ContentReplaceBehavior [ RunTime:0.000000s ]
INFO: [ template_filter ] --END-- [ RunTime:0.000000s ]
INFO: Run Behavior\ParseTemplateBehavior [ RunTime:0.046875s ]
INFO: [ view_parse ] --END-- [ RunTime:0.046875s ]
INFO: [ view_filter ] --START--
INFO: Run Behavior\WriteHtmlCacheBehavior [ RunTime:0.000000s ]
INFO: [ view_filter ] --END-- [ RunTime:0.000000s ]
INFO: [ app_end ] --START--
INFO: Run Behavior\ShowPageTraceBehavior [ RunTime:0.000000s ]
INFO: [ app_end ] --END-- [ RunTime:0.000000s ]

[ 2016-05-17T21:31:06+08:00 ] 192.168.57.1 /index.php/home/index/show?id=74
INFO: [ app_init ] --START--
INFO: Run Behavior\BuildLiteBehavior [ RunTime:0.000000s ]
INFO: [ app_init ] --END-- [ RunTime:0.000000s ]
INFO: [ app_begin ] --START--
INFO: Run Behavior\ReadHtmlCacheBehavior [ RunTime:0.000000s ]
INFO: [ app_begin ] --END-- [ RunTime:0.000000s ]
NOTIC: [2048] Declaration of Home\Controller\IndexController::show() should be compatible with that of Think\Controller::show() D:\wwwroot\btsmzj\wwwroot\Application\Home\Controller\IndexController.class.php 第 125 行.
SQL: SHOW COLUMNS FROM `mxweb_module` [ RunTime:0.0469s ]
SQL: SELECT * FROM `mxweb_module` WHERE `status` = 1  [ RunTime:0.0313s ]
SQL: SHOW COLUMNS FROM `mxweb_data` [ RunTime:0.0469s ]
SQL: SELECT * FROM `mxweb_data` WHERE `id` = '74' LIMIT 1   [ RunTime:0.0938s ]
SQL: SELECT * FROM `mxweb_module` WHERE `first_module` = 3 AND `status` = 1 LIMIT 1   [ RunTime:0.0469s ]
SQL: SELECT * FROM `mxweb_data` WHERE `cate` = '64' LIMIT 0,7   [ RunTime:0.3281s ]
INFO: [ view_parse ] --START--
INFO: [ template_filter ] --START--
INFO: Run Behavior\ContentReplaceBehavior [ RunTime:0.000000s ]
INFO: [ template_filter ] --END-- [ RunTime:0.000000s ]
INFO: Run Behavior\ParseTemplateBehavior [ RunTime:0.046875s ]
INFO: [ view_parse ] --END-- [ RunTime:0.046875s ]
INFO: [ view_filter ] --START--
INFO: Run Behavior\WriteHtmlCacheBehavior [ RunTime:0.000000s ]
INFO: [ view_filter ] --END-- [ RunTime:0.000000s ]
INFO: [ app_end ] --START--
INFO: Run Behavior\ShowPageTraceBehavior [ RunTime:0.000000s ]
INFO: [ app_end ] --END-- [ RunTime:0.000000s ]

[ 2016-05-17T21:31:10+08:00 ] 192.168.57.1 /index.php/home/index/lists?id=63
INFO: [ app_init ] --START--
INFO: Run Behavior\BuildLiteBehavior [ RunTime:0.000000s ]
INFO: [ app_init ] --END-- [ RunTime:0.000000s ]
INFO: [ app_begin ] --START--
INFO: Run Behavior\ReadHtmlCacheBehavior [ RunTime:0.000000s ]
INFO: [ app_begin ] --END-- [ RunTime:0.000000s ]
NOTIC: [2048] Declaration of Home\Controller\IndexController::show() should be compatible with that of Think\Controller::show() D:\wwwroot\btsmzj\wwwroot\Application\Home\Controller\IndexController.class.php 第 125 行.
SQL: SHOW COLUMNS FROM `mxweb_module` [ RunTime:0.0469s ]
SQL: SELECT * FROM `mxweb_module` WHERE `status` = 1  [ RunTime:0.0469s ]
SQL: SELECT * FROM `mxweb_module` WHERE `id` = '63' AND `status` = 1 LIMIT 1   [ RunTime:0.0469s ]
SQL: SHOW COLUMNS FROM `mxweb_data` [ RunTime:0.0469s ]
SQL: SELECT * FROM `mxweb_data` WHERE `cate` = '63' LIMIT 0,30   [ RunTime:0.5469s ]
SQL: SELECT * FROM `mxweb_module` WHERE `first_module` = 3 AND `status` = 1 LIMIT 1   [ RunTime:0.0469s ]
SQL: SELECT * FROM `mxweb_data` WHERE `cate` = '64' LIMIT 0,7   [ RunTime:0.3750s ]
INFO: [ view_parse ] --START--
INFO: [ template_filter ] --START--
INFO: Run Behavior\ContentReplaceBehavior [ RunTime:0.000000s ]
INFO: [ template_filter ] --END-- [ RunTime:0.000000s ]
NOTIC: [8] Undefined variable: addtime D:\wwwroot\btsmzj\wwwroot\Application\Runtime\Cache\Home\b703616f43106f0a92ef0e15a918e383.php 第 59 行.
NOTIC: [8] Undefined variable: addtime D:\wwwroot\btsmzj\wwwroot\Application\Runtime\Cache\Home\b703616f43106f0a92ef0e15a918e383.php 第 59 行.
NOTIC: [8] Undefined variable: addtime D:\wwwroot\btsmzj\wwwroot\Application\Runtime\Cache\Home\b703616f43106f0a92ef0e15a918e383.php 第 59 行.
NOTIC: [8] Undefined variable: addtime D:\wwwroot\btsmzj\wwwroot\Application\Runtime\Cache\Home\b703616f43106f0a92ef0e15a918e383.php 第 59 行.
NOTIC: [8] Undefined variable: addtime D:\wwwroot\btsmzj\wwwroot\Application\Runtime\Cache\Home\b703616f43106f0a92ef0e15a918e383.php 第 59 行.
NOTIC: [8] Undefined variable: addtime D:\wwwroot\btsmzj\wwwroot\Application\Runtime\Cache\Home\b703616f43106f0a92ef0e15a918e383.php 第 59 行.
NOTIC: [8] Undefined variable: addtime D:\wwwroot\btsmzj\wwwroot\Application\Runtime\Cache\Home\b703616f43106f0a92ef0e15a918e383.php 第 59 行.
INFO: Run Behavior\ParseTemplateBehavior [ RunTime:0.031250s ]
INFO: [ view_parse ] --END-- [ RunTime:0.031250s ]
INFO: [ view_filter ] --START--
INFO: Run Behavior\WriteHtmlCacheBehavior [ RunTime:0.000000s ]
INFO: [ view_filter ] --END-- [ RunTime:0.000000s ]
INFO: [ app_end ] --START--
INFO: Run Behavior\ShowPageTraceBehavior [ RunTime:0.015625s ]
INFO: [ app_end ] --END-- [ RunTime:0.015625s ]

[ 2016-05-17T21:31:12+08:00 ] 192.168.57.1 /index.php/home/index/show?id=100
INFO: [ app_init ] --START--
INFO: Run Behavior\BuildLiteBehavior [ RunTime:0.000000s ]
INFO: [ app_init ] --END-- [ RunTime:0.000000s ]
INFO: [ app_begin ] --START--
INFO: Run Behavior\ReadHtmlCacheBehavior [ RunTime:0.000000s ]
INFO: [ app_begin ] --END-- [ RunTime:0.000000s ]
NOTIC: [2048] Declaration of Home\Controller\IndexController::show() should be compatible with that of Think\Controller::show() D:\wwwroot\btsmzj\wwwroot\Application\Home\Controller\IndexController.class.php 第 125 行.
SQL: SHOW COLUMNS FROM `mxweb_module` [ RunTime:0.0313s ]
SQL: SELECT * FROM `mxweb_module` WHERE `status` = 1  [ RunTime:0.0313s ]
SQL: SHOW COLUMNS FROM `mxweb_data` [ RunTime:0.0313s ]
SQL: SELECT * FROM `mxweb_data` WHERE `id` = '100' LIMIT 1   [ RunTime:0.0938s ]
SQL: SELECT * FROM `mxweb_module` WHERE `first_module` = 3 AND `status` = 1 LIMIT 1   [ RunTime:0.0313s ]
SQL: SELECT * FROM `mxweb_data` WHERE `cate` = '64' LIMIT 0,7   [ RunTime:0.3438s ]
INFO: [ view_parse ] --START--
INFO: [ template_filter ] --START--
INFO: Run Behavior\ContentReplaceBehavior [ RunTime:0.000000s ]
INFO: [ template_filter ] --END-- [ RunTime:0.000000s ]
INFO: Run Behavior\ParseTemplateBehavior [ RunTime:0.031250s ]
INFO: [ view_parse ] --END-- [ RunTime:0.031250s ]
INFO: [ view_filter ] --START--
INFO: Run Behavior\WriteHtmlCacheBehavior [ RunTime:0.000000s ]
INFO: [ view_filter ] --END-- [ RunTime:0.000000s ]
INFO: [ app_end ] --START--
INFO: Run Behavior\ShowPageTraceBehavior [ RunTime:0.015625s ]
INFO: [ app_end ] --END-- [ RunTime:0.015625s ]

[ 2016-05-17T21:45:06+08:00 ] 192.168.57.1 /
INFO: [ app_init ] --START--
INFO: Run Behavior\BuildLiteBehavior [ RunTime:0.000000s ]
INFO: [ app_init ] --END-- [ RunTime:0.000000s ]
INFO: [ app_begin ] --START--
INFO: Run Behavior\ReadHtmlCacheBehavior [ RunTime:0.000000s ]
INFO: [ app_begin ] --END-- [ RunTime:0.015625s ]
NOTIC: [2048] Declaration of Home\Controller\IndexController::show() should be compatible with that of Think\Controller::show() D:\wwwroot\btsmzj\wwwroot\Application\Home\Controller\IndexController.class.php 第 125 行.
SQL: SHOW COLUMNS FROM `mxweb_module` [ RunTime:0.0313s ]
SQL: SELECT * FROM `mxweb_module` WHERE `status` = 1  [ RunTime:0.0469s ]
SQL: SELECT * FROM `mxweb_module` WHERE `first_module` = 1 AND `status` = 1 LIMIT 1   [ RunTime:0.0469s ]
SQL: SHOW COLUMNS FROM `mxweb_data` [ RunTime:0.0469s ]
SQL: SELECT * FROM `mxweb_data` WHERE `cate` = '62' LIMIT 0,7   [ RunTime:0.2188s ]
SQL: SELECT * FROM `mxweb_module` WHERE `first_module` = 2 AND `status` = 1 LIMIT 1   [ RunTime:0.0469s ]
SQL: SELECT * FROM `mxweb_data` WHERE `cate` = '63' LIMIT 0,7   [ RunTime:0.5000s ]
SQL: SELECT * FROM `mxweb_module` WHERE `id` = 61 LIMIT 1   [ RunTime:0.0469s ]
SQL: SELECT * FROM `mxweb_data` WHERE `cate` = '61' LIMIT 0,7   [ RunTime:0.0469s ]
SQL: SELECT * FROM `mxweb_module` WHERE `id` = 63 LIMIT 1   [ RunTime:0.0313s ]
SQL: SELECT * FROM `mxweb_data` WHERE `cate` = '63' LIMIT 0,7   [ RunTime:0.5156s ]
SQL: SELECT * FROM `mxweb_module` WHERE `id` = 64 LIMIT 1   [ RunTime:0.0469s ]
SQL: SELECT * FROM `mxweb_data` WHERE `cate` = '64' LIMIT 0,7   [ RunTime:0.3281s ]
SQL: SELECT * FROM `mxweb_module` WHERE `id` = 65 LIMIT 1   [ RunTime:0.0469s ]
SQL: SELECT * FROM `mxweb_data` WHERE `cate` = '65' LIMIT 0,7   [ RunTime:0.2500s ]
SQL: SELECT * FROM `mxweb_module` WHERE `id` = 66 LIMIT 1   [ RunTime:0.0313s ]
SQL: SELECT * FROM `mxweb_data` WHERE `cate` = '66' LIMIT 0,7   [ RunTime:0.3906s ]
SQL: SELECT * FROM `mxweb_module` WHERE `id` = 67 LIMIT 1   [ RunTime:0.0469s ]
SQL: SELECT * FROM `mxweb_data` WHERE `cate` = '67' LIMIT 0,7   [ RunTime:0.4219s ]
SQL: SELECT * FROM `mxweb_module` WHERE `id` = 68 LIMIT 1   [ RunTime:0.0469s ]
SQL: SELECT * FROM `mxweb_data` WHERE `cate` = '68' LIMIT 0,7   [ RunTime:0.4219s ]
SQL: SELECT * FROM `mxweb_module` WHERE `id` = 69 LIMIT 1   [ RunTime:0.0469s ]
SQL: SELECT * FROM `mxweb_data` WHERE `cate` = '69' LIMIT 0,7   [ RunTime:0.0938s ]
INFO: [ view_parse ] --START--
INFO: [ template_filter ] --START--
INFO: Run Behavior\ContentReplaceBehavior [ RunTime:0.000000s ]
INFO: [ template_filter ] --END-- [ RunTime:0.000000s ]
INFO: Run Behavior\ParseTemplateBehavior [ RunTime:0.093750s ]
INFO: [ view_parse ] --END-- [ RunTime:0.093750s ]
INFO: [ view_filter ] --START--
INFO: Run Behavior\WriteHtmlCacheBehavior [ RunTime:0.000000s ]
INFO: [ view_filter ] --END-- [ RunTime:0.000000s ]
INFO: [ app_end ] --START--
INFO: Run Behavior\ShowPageTraceBehavior [ RunTime:0.000000s ]
INFO: [ app_end ] --END-- [ RunTime:0.000000s ]

[ 2016-05-17T22:21:45+08:00 ] 192.168.57.1 /index.php/home/index/show?id=82
INFO: [ app_init ] --START--
INFO: Run Behavior\BuildLiteBehavior [ RunTime:0.000000s ]
INFO: [ app_init ] --END-- [ RunTime:0.000000s ]
INFO: [ app_begin ] --START--
INFO: Run Behavior\ReadHtmlCacheBehavior [ RunTime:0.000000s ]
INFO: [ app_begin ] --END-- [ RunTime:0.000000s ]
NOTIC: [2048] Declaration of Home\Controller\IndexController::show() should be compatible with that of Think\Controller::show() D:\wwwroot\btsmzj\wwwroot\Application\Home\Controller\IndexController.class.php 第 125 行.
SQL: SHOW COLUMNS FROM `mxweb_module` [ RunTime:0.0313s ]
SQL: SELECT * FROM `mxweb_module` WHERE `status` = 1  [ RunTime:0.0313s ]
SQL: SHOW COLUMNS FROM `mxweb_data` [ RunTime:0.0469s ]
SQL: SELECT * FROM `mxweb_data` WHERE `id` = '82' LIMIT 1   [ RunTime:0.0781s ]
SQL: SELECT * FROM `mxweb_module` WHERE `first_module` = 3 AND `status` = 1 LIMIT 1   [ RunTime:0.0469s ]
SQL: SELECT * FROM `mxweb_data` WHERE `cate` = '64' LIMIT 0,7   [ RunTime:0.3281s ]
INFO: [ view_parse ] --START--
INFO: [ template_filter ] --START--
INFO: Run Behavior\ContentReplaceBehavior [ RunTime:0.000000s ]
INFO: [ template_filter ] --END-- [ RunTime:0.000000s ]
INFO: Run Behavior\ParseTemplateBehavior [ RunTime:0.109375s ]
INFO: [ view_parse ] --END-- [ RunTime:0.109375s ]
INFO: [ view_filter ] --START--
INFO: Run Behavior\WriteHtmlCacheBehavior [ RunTime:0.000000s ]
INFO: [ view_filter ] --END-- [ RunTime:0.000000s ]
INFO: [ app_end ] --START--
INFO: Run Behavior\ShowPageTraceBehavior [ RunTime:0.000000s ]
INFO: [ app_end ] --END-- [ RunTime:0.000000s ]

[ 2016-05-17T22:22:57+08:00 ] 192.168.57.1 /index.php/home/index/show?id=83
INFO: [ app_init ] --START--
INFO: Run Behavior\BuildLiteBehavior [ RunTime:0.000000s ]
INFO: [ app_init ] --END-- [ RunTime:0.000000s ]
INFO: [ app_begin ] --START--
INFO: Run Behavior\ReadHtmlCacheBehavior [ RunTime:0.000000s ]
INFO: [ app_begin ] --END-- [ RunTime:0.000000s ]
NOTIC: [2048] Declaration of Home\Controller\IndexController::show() should be compatible with that of Think\Controller::show() D:\wwwroot\btsmzj\wwwroot\Application\Home\Controller\IndexController.class.php 第 125 行.
SQL: SHOW COLUMNS FROM `mxweb_module` [ RunTime:0.0625s ]
SQL: SELECT * FROM `mxweb_module` WHERE `status` = 1  [ RunTime:0.0625s ]
SQL: SHOW COLUMNS FROM `mxweb_data` [ RunTime:0.0469s ]
SQL: SELECT * FROM `mxweb_data` WHERE `id` = '83' LIMIT 1   [ RunTime:0.0625s ]
SQL: SELECT * FROM `mxweb_module` WHERE `first_module` = 3 AND `status` = 1 LIMIT 1   [ RunTime:0.0469s ]
SQL: SELECT * FROM `mxweb_data` WHERE `cate` = '64' LIMIT 0,7   [ RunTime:0.4219s ]
INFO: [ view_parse ] --START--
INFO: [ template_filter ] --START--
INFO: Run Behavior\ContentReplaceBehavior [ RunTime:0.015625s ]
INFO: [ template_filter ] --END-- [ RunTime:0.015625s ]
INFO: Run Behavior\ParseTemplateBehavior [ RunTime:0.046875s ]
INFO: [ view_parse ] --END-- [ RunTime:0.046875s ]
INFO: [ view_filter ] --START--
INFO: Run Behavior\WriteHtmlCacheBehavior [ RunTime:0.000000s ]
INFO: [ view_filter ] --END-- [ RunTime:0.000000s ]
INFO: [ app_end ] --START--
INFO: Run Behavior\ShowPageTraceBehavior [ RunTime:0.000000s ]
INFO: [ app_end ] --END-- [ RunTime:0.000000s ]

