[ 2016-04-27T05:58:09+08:00 ] 192.168.57.1 /
INFO: [ app_init ] --START--
INFO: Run Behavior\BuildLiteBehavior [ RunTime:0.000000s ]
INFO: [ app_init ] --END-- [ RunTime:0.000000s ]
INFO: [ app_begin ] --START--
INFO: Run Behavior\ReadHtmlCacheBehavior [ RunTime:0.000000s ]
INFO: [ app_begin ] --END-- [ RunTime:0.000000s ]
NOTIC: [2048] Declaration of Home\Controller\IndexController::show() should be compatible with that of Think\Controller::show() D:\wwwroot\btsmzj\wwwroot\Application\Home\Controller\IndexController.class.php 第 125 行.
SQL: SHOW COLUMNS FROM `mxweb_module` [ RunTime:0.0313s ]
SQL: SELECT * FROM `mxweb_module` WHERE `status` = 1  [ RunTime:0.0469s ]
SQL: SELECT * FROM `mxweb_module` WHERE `first_module` = 1 AND `status` = 1 LIMIT 1   [ RunTime:0.0469s ]
SQL: SHOW COLUMNS FROM `mxweb_data` [ RunTime:0.0313s ]
SQL: SELECT * FROM `mxweb_data` WHERE `cate` = '62' LIMIT 0,7   [ RunTime:0.2031s ]
SQL: SELECT * FROM `mxweb_module` WHERE `first_module` = 2 AND `status` = 1 LIMIT 1   [ RunTime:0.0313s ]
SQL: SELECT * FROM `mxweb_data` WHERE `cate` = '63' LIMIT 0,7   [ RunTime:0.4688s ]
SQL: SELECT * FROM `mxweb_module` WHERE `id` = 61 LIMIT 1   [ RunTime:0.0469s ]
SQL: SELECT * FROM `mxweb_data` WHERE `cate` = '61' LIMIT 0,7   [ RunTime:0.0313s ]
SQL: SELECT * FROM `mxweb_module` WHERE `id` = 63 LIMIT 1   [ RunTime:0.0469s ]
SQL: SELECT * FROM `mxweb_data` WHERE `cate` = '63' LIMIT 0,7   [ RunTime:0.4844s ]
SQL: SELECT * FROM `mxweb_module` WHERE `id` = 64 LIMIT 1   [ RunTime:0.0313s ]
SQL: SELECT * FROM `mxweb_data` WHERE `cate` = '64' LIMIT 0,7   [ RunTime:0.3125s ]
SQL: SELECT * FROM `mxweb_module` WHERE `id` = 65 LIMIT 1   [ RunTime:0.0313s ]
SQL: SELECT * FROM `mxweb_data` WHERE `cate` = '65' LIMIT 0,7   [ RunTime:0.2500s ]
SQL: SELECT * FROM `mxweb_module` WHERE `id` = 66 LIMIT 1   [ RunTime:0.0469s ]
SQL: SELECT * FROM `mxweb_data` WHERE `cate` = '66' LIMIT 0,7   [ RunTime:0.3438s ]
SQL: SELECT * FROM `mxweb_module` WHERE `id` = 67 LIMIT 1   [ RunTime:0.0313s ]
SQL: SELECT * FROM `mxweb_data` WHERE `cate` = '67' LIMIT 0,7   [ RunTime:0.4063s ]
SQL: SELECT * FROM `mxweb_module` WHERE `id` = 68 LIMIT 1   [ RunTime:0.0625s ]
SQL: SELECT * FROM `mxweb_data` WHERE `cate` = '68' LIMIT 0,7   [ RunTime:0.3906s ]
SQL: SELECT * FROM `mxweb_module` WHERE `id` = 69 LIMIT 1   [ RunTime:0.0469s ]
SQL: SELECT * FROM `mxweb_data` WHERE `cate` = '69' LIMIT 0,7   [ RunTime:0.0938s ]
INFO: [ view_parse ] --START--
INFO: [ template_filter ] --START--
INFO: Run Behavior\ContentReplaceBehavior [ RunTime:0.000000s ]
INFO: [ template_filter ] --END-- [ RunTime:0.000000s ]
INFO: Run Behavior\ParseTemplateBehavior [ RunTime:0.140625s ]
INFO: [ view_parse ] --END-- [ RunTime:0.140625s ]
INFO: [ view_filter ] --START--
INFO: Run Behavior\WriteHtmlCacheBehavior [ RunTime:0.000000s ]
INFO: [ view_filter ] --END-- [ RunTime:0.000000s ]
INFO: [ app_end ] --START--
INFO: Run Behavior\ShowPageTraceBehavior [ RunTime:0.000000s ]
INFO: [ app_end ] --END-- [ RunTime:0.000000s ]

[ 2016-04-27T05:58:16+08:00 ] 192.168.57.1 /
INFO: [ app_init ] --START--
INFO: Run Behavior\BuildLiteBehavior [ RunTime:0.000000s ]
INFO: [ app_init ] --END-- [ RunTime:0.000000s ]
INFO: [ app_begin ] --START--
INFO: Run Behavior\ReadHtmlCacheBehavior [ RunTime:0.000000s ]
INFO: [ app_begin ] --END-- [ RunTime:0.000000s ]
NOTIC: [2048] Declaration of Home\Controller\IndexController::show() should be compatible with that of Think\Controller::show() D:\wwwroot\btsmzj\wwwroot\Application\Home\Controller\IndexController.class.php 第 125 行.
SQL: SHOW COLUMNS FROM `mxweb_module` [ RunTime:0.0469s ]
SQL: SELECT * FROM `mxweb_module` WHERE `status` = 1  [ RunTime:0.0313s ]
SQL: SELECT * FROM `mxweb_module` WHERE `first_module` = 1 AND `status` = 1 LIMIT 1   [ RunTime:0.0469s ]
SQL: SHOW COLUMNS FROM `mxweb_data` [ RunTime:0.0469s ]
SQL: SELECT * FROM `mxweb_data` WHERE `cate` = '62' LIMIT 0,7   [ RunTime:0.2031s ]
SQL: SELECT * FROM `mxweb_module` WHERE `first_module` = 2 AND `status` = 1 LIMIT 1   [ RunTime:0.0313s ]
SQL: SELECT * FROM `mxweb_data` WHERE `cate` = '63' LIMIT 0,7   [ RunTime:0.4688s ]
SQL: SELECT * FROM `mxweb_module` WHERE `id` = 61 LIMIT 1   [ RunTime:0.0469s ]
SQL: SELECT * FROM `mxweb_data` WHERE `cate` = '61' LIMIT 0,7   [ RunTime:0.0469s ]
SQL: SELECT * FROM `mxweb_module` WHERE `id` = 63 LIMIT 1   [ RunTime:0.0469s ]
SQL: SELECT * FROM `mxweb_data` WHERE `cate` = '63' LIMIT 0,7   [ RunTime:0.4844s ]
SQL: SELECT * FROM `mxweb_module` WHERE `id` = 64 LIMIT 1   [ RunTime:0.0469s ]
SQL: SELECT * FROM `mxweb_data` WHERE `cate` = '64' LIMIT 0,7   [ RunTime:0.3125s ]
SQL: SELECT * FROM `mxweb_module` WHERE `id` = 65 LIMIT 1   [ RunTime:0.0469s ]
SQL: SELECT * FROM `mxweb_data` WHERE `cate` = '65' LIMIT 0,7   [ RunTime:0.2344s ]
SQL: SELECT * FROM `mxweb_module` WHERE `id` = 66 LIMIT 1   [ RunTime:0.0469s ]
SQL: SELECT * FROM `mxweb_data` WHERE `cate` = '66' LIMIT 0,7   [ RunTime:0.3594s ]
SQL: SELECT * FROM `mxweb_module` WHERE `id` = 67 LIMIT 1   [ RunTime:0.0469s ]
SQL: SELECT * FROM `mxweb_data` WHERE `cate` = '67' LIMIT 0,7   [ RunTime:0.4063s ]
SQL: SELECT * FROM `mxweb_module` WHERE `id` = 68 LIMIT 1   [ RunTime:0.0313s ]
SQL: SELECT * FROM `mxweb_data` WHERE `cate` = '68' LIMIT 0,7   [ RunTime:0.4063s ]
SQL: SELECT * FROM `mxweb_module` WHERE `id` = 69 LIMIT 1   [ RunTime:0.0469s ]
SQL: SELECT * FROM `mxweb_data` WHERE `cate` = '69' LIMIT 0,7   [ RunTime:0.0781s ]
INFO: [ view_parse ] --START--
INFO: [ template_filter ] --START--
INFO: Run Behavior\ContentReplaceBehavior [ RunTime:0.000000s ]
INFO: [ template_filter ] --END-- [ RunTime:0.000000s ]
INFO: Run Behavior\ParseTemplateBehavior [ RunTime:0.093750s ]
INFO: [ view_parse ] --END-- [ RunTime:0.093750s ]
INFO: [ view_filter ] --START--
INFO: Run Behavior\WriteHtmlCacheBehavior [ RunTime:0.000000s ]
INFO: [ view_filter ] --END-- [ RunTime:0.000000s ]
INFO: [ app_end ] --START--
INFO: Run Behavior\ShowPageTraceBehavior [ RunTime:0.000000s ]
INFO: [ app_end ] --END-- [ RunTime:0.000000s ]

[ 2016-04-27T05:58:22+08:00 ] 192.168.57.1 /index.php
INFO: [ app_init ] --START--
INFO: Run Behavior\BuildLiteBehavior [ RunTime:0.000000s ]
INFO: [ app_init ] --END-- [ RunTime:0.000000s ]
INFO: [ app_begin ] --START--
INFO: Run Behavior\ReadHtmlCacheBehavior [ RunTime:0.000000s ]
INFO: [ app_begin ] --END-- [ RunTime:0.000000s ]
NOTIC: [2048] Declaration of Home\Controller\IndexController::show() should be compatible with that of Think\Controller::show() D:\wwwroot\btsmzj\wwwroot\Application\Home\Controller\IndexController.class.php 第 125 行.
SQL: SHOW COLUMNS FROM `mxweb_module` [ RunTime:0.0469s ]
SQL: SELECT * FROM `mxweb_module` WHERE `status` = 1  [ RunTime:0.0625s ]
SQL: SELECT * FROM `mxweb_module` WHERE `first_module` = 1 AND `status` = 1 LIMIT 1   [ RunTime:0.0469s ]
SQL: SHOW COLUMNS FROM `mxweb_data` [ RunTime:0.0625s ]
SQL: SELECT * FROM `mxweb_data` WHERE `cate` = '62' LIMIT 0,7   [ RunTime:0.2656s ]
SQL: SELECT * FROM `mxweb_module` WHERE `first_module` = 2 AND `status` = 1 LIMIT 1   [ RunTime:0.0469s ]
SQL: SELECT * FROM `mxweb_data` WHERE `cate` = '63' LIMIT 0,7   [ RunTime:0.6563s ]
SQL: SELECT * FROM `mxweb_module` WHERE `id` = 61 LIMIT 1   [ RunTime:0.0469s ]
SQL: SELECT * FROM `mxweb_data` WHERE `cate` = '61' LIMIT 0,7   [ RunTime:0.0625s ]
SQL: SELECT * FROM `mxweb_module` WHERE `id` = 63 LIMIT 1   [ RunTime:0.0625s ]
SQL: SELECT * FROM `mxweb_data` WHERE `cate` = '63' LIMIT 0,7   [ RunTime:0.6406s ]
SQL: SELECT * FROM `mxweb_module` WHERE `id` = 64 LIMIT 1   [ RunTime:0.0469s ]
SQL: SELECT * FROM `mxweb_data` WHERE `cate` = '64' LIMIT 0,7   [ RunTime:0.4375s ]
SQL: SELECT * FROM `mxweb_module` WHERE `id` = 65 LIMIT 1   [ RunTime:0.0469s ]
SQL: SELECT * FROM `mxweb_data` WHERE `cate` = '65' LIMIT 0,7   [ RunTime:0.3125s ]
SQL: SELECT * FROM `mxweb_module` WHERE `id` = 66 LIMIT 1   [ RunTime:0.0469s ]
SQL: SELECT * FROM `mxweb_data` WHERE `cate` = '66' LIMIT 0,7   [ RunTime:0.4844s ]
SQL: SELECT * FROM `mxweb_module` WHERE `id` = 67 LIMIT 1   [ RunTime:0.0625s ]
SQL: SELECT * FROM `mxweb_data` WHERE `cate` = '67' LIMIT 0,7   [ RunTime:0.5313s ]
SQL: SELECT * FROM `mxweb_module` WHERE `id` = 68 LIMIT 1   [ RunTime:0.0469s ]
SQL: SELECT * FROM `mxweb_data` WHERE `cate` = '68' LIMIT 0,7   [ RunTime:0.5313s ]
SQL: SELECT * FROM `mxweb_module` WHERE `id` = 69 LIMIT 1   [ RunTime:0.0625s ]
SQL: SELECT * FROM `mxweb_data` WHERE `cate` = '69' LIMIT 0,7   [ RunTime:0.0938s ]
INFO: [ view_parse ] --START--
INFO: [ template_filter ] --START--
INFO: Run Behavior\ContentReplaceBehavior [ RunTime:0.000000s ]
INFO: [ template_filter ] --END-- [ RunTime:0.000000s ]
INFO: Run Behavior\ParseTemplateBehavior [ RunTime:0.140625s ]
INFO: [ view_parse ] --END-- [ RunTime:0.140625s ]
INFO: [ view_filter ] --START--
INFO: Run Behavior\WriteHtmlCacheBehavior [ RunTime:0.000000s ]
INFO: [ view_filter ] --END-- [ RunTime:0.000000s ]
INFO: [ app_end ] --START--
INFO: Run Behavior\ShowPageTraceBehavior [ RunTime:0.000000s ]
INFO: [ app_end ] --END-- [ RunTime:0.000000s ]

[ 2016-04-27T05:58:28+08:00 ] 192.168.57.1 /index.php/home/index
INFO: [ app_init ] --START--
INFO: Run Behavior\BuildLiteBehavior [ RunTime:0.000000s ]
INFO: [ app_init ] --END-- [ RunTime:0.000000s ]
INFO: [ app_begin ] --START--
INFO: Run Behavior\ReadHtmlCacheBehavior [ RunTime:0.000000s ]
INFO: [ app_begin ] --END-- [ RunTime:0.015625s ]
NOTIC: [2048] Declaration of Home\Controller\IndexController::show() should be compatible with that of Think\Controller::show() D:\wwwroot\btsmzj\wwwroot\Application\Home\Controller\IndexController.class.php 第 125 行.
SQL: SHOW COLUMNS FROM `mxweb_module` [ RunTime:0.0625s ]
SQL: SELECT * FROM `mxweb_module` WHERE `status` = 1  [ RunTime:0.0469s ]
SQL: SELECT * FROM `mxweb_module` WHERE `first_module` = 1 AND `status` = 1 LIMIT 1   [ RunTime:0.0469s ]
SQL: SHOW COLUMNS FROM `mxweb_data` [ RunTime:0.0469s ]
SQL: SELECT * FROM `mxweb_data` WHERE `cate` = '62' LIMIT 0,7   [ RunTime:0.2500s ]
SQL: SELECT * FROM `mxweb_module` WHERE `first_module` = 2 AND `status` = 1 LIMIT 1   [ RunTime:0.0625s ]
SQL: SELECT * FROM `mxweb_data` WHERE `cate` = '63' LIMIT 0,7   [ RunTime:0.5781s ]
SQL: SELECT * FROM `mxweb_module` WHERE `id` = 61 LIMIT 1   [ RunTime:0.0469s ]
SQL: SELECT * FROM `mxweb_data` WHERE `cate` = '61' LIMIT 0,7   [ RunTime:0.0469s ]
SQL: SELECT * FROM `mxweb_module` WHERE `id` = 63 LIMIT 1   [ RunTime:0.0469s ]
SQL: SELECT * FROM `mxweb_data` WHERE `cate` = '63' LIMIT 0,7   [ RunTime:0.5781s ]
SQL: SELECT * FROM `mxweb_module` WHERE `id` = 64 LIMIT 1   [ RunTime:0.0469s ]
SQL: SELECT * FROM `mxweb_data` WHERE `cate` = '64' LIMIT 0,7   [ RunTime:0.4219s ]
SQL: SELECT * FROM `mxweb_module` WHERE `id` = 65 LIMIT 1   [ RunTime:0.0469s ]
SQL: SELECT * FROM `mxweb_data` WHERE `cate` = '65' LIMIT 0,7   [ RunTime:0.2813s ]
SQL: SELECT * FROM `mxweb_module` WHERE `id` = 66 LIMIT 1   [ RunTime:0.0469s ]
SQL: SELECT * FROM `mxweb_data` WHERE `cate` = '66' LIMIT 0,7   [ RunTime:0.4531s ]
SQL: SELECT * FROM `mxweb_module` WHERE `id` = 67 LIMIT 1   [ RunTime:0.0469s ]
SQL: SELECT * FROM `mxweb_data` WHERE `cate` = '67' LIMIT 0,7   [ RunTime:0.4844s ]
SQL: SELECT * FROM `mxweb_module` WHERE `id` = 68 LIMIT 1   [ RunTime:0.0469s ]
SQL: SELECT * FROM `mxweb_data` WHERE `cate` = '68' LIMIT 0,7   [ RunTime:0.4844s ]
SQL: SELECT * FROM `mxweb_module` WHERE `id` = 69 LIMIT 1   [ RunTime:0.0469s ]
SQL: SELECT * FROM `mxweb_data` WHERE `cate` = '69' LIMIT 0,7   [ RunTime:0.1094s ]
INFO: [ view_parse ] --START--
INFO: [ template_filter ] --START--
INFO: Run Behavior\ContentReplaceBehavior [ RunTime:0.000000s ]
INFO: [ template_filter ] --END-- [ RunTime:0.000000s ]
INFO: Run Behavior\ParseTemplateBehavior [ RunTime:0.093750s ]
INFO: [ view_parse ] --END-- [ RunTime:0.093750s ]
INFO: [ view_filter ] --START--
INFO: Run Behavior\WriteHtmlCacheBehavior [ RunTime:0.000000s ]
INFO: [ view_filter ] --END-- [ RunTime:0.000000s ]
INFO: [ app_end ] --START--
INFO: Run Behavior\ShowPageTraceBehavior [ RunTime:0.031250s ]
INFO: [ app_end ] --END-- [ RunTime:0.031250s ]

[ 2016-04-27T05:58:30+08:00 ] 192.168.57.1 /index.php/home/index/lists
INFO: [ app_init ] --START--
INFO: Run Behavior\BuildLiteBehavior [ RunTime:0.000000s ]
INFO: [ app_init ] --END-- [ RunTime:0.000000s ]
INFO: [ app_begin ] --START--
INFO: Run Behavior\ReadHtmlCacheBehavior [ RunTime:0.000000s ]
INFO: [ app_begin ] --END-- [ RunTime:0.000000s ]
NOTIC: [2048] Declaration of Home\Controller\IndexController::show() should be compatible with that of Think\Controller::show() D:\wwwroot\btsmzj\wwwroot\Application\Home\Controller\IndexController.class.php 第 125 行.
SQL: SHOW COLUMNS FROM `mxweb_module` [ RunTime:0.0313s ]
SQL: SELECT * FROM `mxweb_module` WHERE `status` = 1  [ RunTime:0.0313s ]
SQL: SELECT * FROM `mxweb_module` WHERE `id` = '' AND `status` = 1 LIMIT 1   [ RunTime:0.0938s ]
SQL: SHOW COLUMNS FROM `mxweb_data` [ RunTime:0.0313s ]
SQL: SELECT * FROM `mxweb_data` WHERE `cate` = '' LIMIT 0,30   [ RunTime:0.0469s ]
SQL: SELECT * FROM `mxweb_module` WHERE `first_module` = 3 AND `status` = 1 LIMIT 1   [ RunTime:0.0313s ]
SQL: SELECT * FROM `mxweb_data` WHERE `cate` = '64' LIMIT 0,7   [ RunTime:0.2656s ]
INFO: [ view_parse ] --START--
INFO: [ template_filter ] --START--
INFO: Run Behavior\ContentReplaceBehavior [ RunTime:0.000000s ]
INFO: [ template_filter ] --END-- [ RunTime:0.000000s ]
INFO: Run Behavior\ParseTemplateBehavior [ RunTime:0.046875s ]
INFO: [ view_parse ] --END-- [ RunTime:0.046875s ]
INFO: [ view_filter ] --START--
INFO: Run Behavior\WriteHtmlCacheBehavior [ RunTime:0.000000s ]
INFO: [ view_filter ] --END-- [ RunTime:0.000000s ]
INFO: [ app_end ] --START--
INFO: Run Behavior\ShowPageTraceBehavior [ RunTime:0.000000s ]
INFO: [ app_end ] --END-- [ RunTime:0.000000s ]

[ 2016-04-27T05:58:35+08:00 ] 192.168.57.1 /index.php/home/index
INFO: [ app_init ] --START--
INFO: Run Behavior\BuildLiteBehavior [ RunTime:0.000000s ]
INFO: [ app_init ] --END-- [ RunTime:0.000000s ]
INFO: [ app_begin ] --START--
INFO: Run Behavior\ReadHtmlCacheBehavior [ RunTime:0.015625s ]
INFO: [ app_begin ] --END-- [ RunTime:0.015625s ]
NOTIC: [2048] Declaration of Home\Controller\IndexController::show() should be compatible with that of Think\Controller::show() D:\wwwroot\btsmzj\wwwroot\Application\Home\Controller\IndexController.class.php 第 125 行.
SQL: SHOW COLUMNS FROM `mxweb_module` [ RunTime:0.0469s ]
SQL: SELECT * FROM `mxweb_module` WHERE `status` = 1  [ RunTime:0.0469s ]
SQL: SELECT * FROM `mxweb_module` WHERE `first_module` = 1 AND `status` = 1 LIMIT 1   [ RunTime:0.0469s ]
SQL: SHOW COLUMNS FROM `mxweb_data` [ RunTime:0.0469s ]
SQL: SELECT * FROM `mxweb_data` WHERE `cate` = '62' LIMIT 0,7   [ RunTime:0.2188s ]
SQL: SELECT * FROM `mxweb_module` WHERE `first_module` = 2 AND `status` = 1 LIMIT 1   [ RunTime:0.0313s ]
SQL: SELECT * FROM `mxweb_data` WHERE `cate` = '63' LIMIT 0,7   [ RunTime:0.5313s ]
SQL: SELECT * FROM `mxweb_module` WHERE `id` = 61 LIMIT 1   [ RunTime:0.0469s ]
SQL: SELECT * FROM `mxweb_data` WHERE `cate` = '61' LIMIT 0,7   [ RunTime:0.0469s ]
SQL: SELECT * FROM `mxweb_module` WHERE `id` = 63 LIMIT 1   [ RunTime:0.0313s ]
SQL: SELECT * FROM `mxweb_data` WHERE `cate` = '63' LIMIT 0,7   [ RunTime:0.5000s ]
SQL: SELECT * FROM `mxweb_module` WHERE `id` = 64 LIMIT 1   [ RunTime:0.0313s ]
SQL: SELECT * FROM `mxweb_data` WHERE `cate` = '64' LIMIT 0,7   [ RunTime:0.3438s ]
SQL: SELECT * FROM `mxweb_module` WHERE `id` = 65 LIMIT 1   [ RunTime:0.0469s ]
SQL: SELECT * FROM `mxweb_data` WHERE `cate` = '65' LIMIT 0,7   [ RunTime:0.2500s ]
SQL: SELECT * FROM `mxweb_module` WHERE `id` = 66 LIMIT 1   [ RunTime:0.0469s ]
SQL: SELECT * FROM `mxweb_data` WHERE `cate` = '66' LIMIT 0,7   [ RunTime:0.3750s ]
SQL: SELECT * FROM `mxweb_module` WHERE `id` = 67 LIMIT 1   [ RunTime:0.0469s ]
SQL: SELECT * FROM `mxweb_data` WHERE `cate` = '67' LIMIT 0,7   [ RunTime:0.4219s ]
SQL: SELECT * FROM `mxweb_module` WHERE `id` = 68 LIMIT 1   [ RunTime:0.0313s ]
SQL: SELECT * FROM `mxweb_data` WHERE `cate` = '68' LIMIT 0,7   [ RunTime:0.4375s ]
SQL: SELECT * FROM `mxweb_module` WHERE `id` = 69 LIMIT 1   [ RunTime:0.0469s ]
SQL: SELECT * FROM `mxweb_data` WHERE `cate` = '69' LIMIT 0,7   [ RunTime:0.0781s ]
INFO: [ view_parse ] --START--
INFO: [ template_filter ] --START--
INFO: Run Behavior\ContentReplaceBehavior [ RunTime:0.000000s ]
INFO: [ template_filter ] --END-- [ RunTime:0.000000s ]
INFO: Run Behavior\ParseTemplateBehavior [ RunTime:0.093750s ]
INFO: [ view_parse ] --END-- [ RunTime:0.093750s ]
INFO: [ view_filter ] --START--
INFO: Run Behavior\WriteHtmlCacheBehavior [ RunTime:0.000000s ]
INFO: [ view_filter ] --END-- [ RunTime:0.000000s ]
INFO: [ app_end ] --START--
INFO: Run Behavior\ShowPageTraceBehavior [ RunTime:0.015625s ]
INFO: [ app_end ] --END-- [ RunTime:0.015625s ]

[ 2016-04-27T06:26:18+08:00 ] 192.168.57.1 /
INFO: [ app_init ] --START--
INFO: Run Behavior\BuildLiteBehavior [ RunTime:0.000000s ]
INFO: [ app_init ] --END-- [ RunTime:0.000000s ]
INFO: [ app_begin ] --START--
INFO: Run Behavior\ReadHtmlCacheBehavior [ RunTime:0.000000s ]
INFO: [ app_begin ] --END-- [ RunTime:0.000000s ]
NOTIC: [2048] Declaration of Home\Controller\IndexController::show() should be compatible with that of Think\Controller::show() D:\wwwroot\btsmzj\wwwroot\Application\Home\Controller\IndexController.class.php 第 125 行.
SQL: SHOW COLUMNS FROM `mxweb_module` [ RunTime:0.0469s ]
SQL: SELECT * FROM `mxweb_module` WHERE `status` = 1  [ RunTime:0.0469s ]
SQL: SELECT * FROM `mxweb_module` WHERE `first_module` = 1 AND `status` = 1 LIMIT 1   [ RunTime:0.0313s ]
SQL: SHOW COLUMNS FROM `mxweb_data` [ RunTime:0.0469s ]
SQL: SELECT * FROM `mxweb_data` WHERE `cate` = '62' LIMIT 0,7   [ RunTime:0.2344s ]
SQL: SELECT * FROM `mxweb_module` WHERE `first_module` = 2 AND `status` = 1 LIMIT 1   [ RunTime:0.0469s ]
SQL: SELECT * FROM `mxweb_data` WHERE `cate` = '63' LIMIT 0,7   [ RunTime:0.5469s ]
SQL: SELECT * FROM `mxweb_module` WHERE `id` = 61 LIMIT 1   [ RunTime:0.0469s ]
SQL: SELECT * FROM `mxweb_data` WHERE `cate` = '61' LIMIT 0,7   [ RunTime:0.0469s ]
SQL: SELECT * FROM `mxweb_module` WHERE `id` = 63 LIMIT 1   [ RunTime:0.0469s ]
SQL: SELECT * FROM `mxweb_data` WHERE `cate` = '63' LIMIT 0,7   [ RunTime:0.5469s ]
SQL: SELECT * FROM `mxweb_module` WHERE `id` = 64 LIMIT 1   [ RunTime:0.0469s ]
SQL: SELECT * FROM `mxweb_data` WHERE `cate` = '64' LIMIT 0,7   [ RunTime:0.3594s ]
SQL: SELECT * FROM `mxweb_module` WHERE `id` = 65 LIMIT 1   [ RunTime:0.0469s ]
SQL: SELECT * FROM `mxweb_data` WHERE `cate` = '65' LIMIT 0,7   [ RunTime:0.2813s ]
SQL: SELECT * FROM `mxweb_module` WHERE `id` = 66 LIMIT 1   [ RunTime:0.0469s ]
SQL: SELECT * FROM `mxweb_data` WHERE `cate` = '66' LIMIT 0,7   [ RunTime:0.4063s ]
SQL: SELECT * FROM `mxweb_module` WHERE `id` = 67 LIMIT 1   [ RunTime:0.0469s ]
SQL: SELECT * FROM `mxweb_data` WHERE `cate` = '67' LIMIT 0,7   [ RunTime:0.4531s ]
SQL: SELECT * FROM `mxweb_module` WHERE `id` = 68 LIMIT 1   [ RunTime:0.0469s ]
SQL: SELECT * FROM `mxweb_data` WHERE `cate` = '68' LIMIT 0,7   [ RunTime:0.4531s ]
SQL: SELECT * FROM `mxweb_module` WHERE `id` = 69 LIMIT 1   [ RunTime:0.0469s ]
SQL: SELECT * FROM `mxweb_data` WHERE `cate` = '69' LIMIT 0,7   [ RunTime:0.0938s ]
INFO: [ view_parse ] --START--
INFO: [ template_filter ] --START--
INFO: Run Behavior\ContentReplaceBehavior [ RunTime:0.000000s ]
INFO: [ template_filter ] --END-- [ RunTime:0.000000s ]
INFO: Run Behavior\ParseTemplateBehavior [ RunTime:0.156250s ]
INFO: [ view_parse ] --END-- [ RunTime:0.156250s ]
INFO: [ view_filter ] --START--
INFO: Run Behavior\WriteHtmlCacheBehavior [ RunTime:0.000000s ]
INFO: [ view_filter ] --END-- [ RunTime:0.000000s ]
INFO: [ app_end ] --START--
INFO: Run Behavior\ShowPageTraceBehavior [ RunTime:0.000000s ]
INFO: [ app_end ] --END-- [ RunTime:0.000000s ]

[ 2016-04-27T06:40:56+08:00 ] 192.168.57.1 /
INFO: [ app_init ] --START--
INFO: Run Behavior\BuildLiteBehavior [ RunTime:0.000000s ]
INFO: [ app_init ] --END-- [ RunTime:0.000000s ]
INFO: [ app_begin ] --START--
INFO: Run Behavior\ReadHtmlCacheBehavior [ RunTime:0.000000s ]
INFO: [ app_begin ] --END-- [ RunTime:0.000000s ]
NOTIC: [2048] Declaration of Home\Controller\IndexController::show() should be compatible with that of Think\Controller::show() D:\wwwroot\btsmzj\wwwroot\Application\Home\Controller\IndexController.class.php 第 125 行.
SQL: SHOW COLUMNS FROM `mxweb_module` [ RunTime:0.0469s ]
SQL: SELECT * FROM `mxweb_module` WHERE `status` = 1  [ RunTime:0.0625s ]
SQL: SELECT * FROM `mxweb_module` WHERE `first_module` = 1 AND `status` = 1 LIMIT 1   [ RunTime:0.0625s ]
SQL: SHOW COLUMNS FROM `mxweb_data` [ RunTime:0.0469s ]
SQL: SELECT * FROM `mxweb_data` WHERE `cate` = '62' LIMIT 0,7   [ RunTime:0.2344s ]
SQL: SELECT * FROM `mxweb_module` WHERE `first_module` = 2 AND `status` = 1 LIMIT 1   [ RunTime:0.0469s ]
SQL: SELECT * FROM `mxweb_data` WHERE `cate` = '63' LIMIT 0,7   [ RunTime:0.5625s ]
SQL: SELECT * FROM `mxweb_module` WHERE `id` = 61 LIMIT 1   [ RunTime:0.0469s ]
SQL: SELECT * FROM `mxweb_data` WHERE `cate` = '61' LIMIT 0,7   [ RunTime:0.0469s ]
SQL: SELECT * FROM `mxweb_module` WHERE `id` = 63 LIMIT 1   [ RunTime:0.0469s ]
SQL: SELECT * FROM `mxweb_data` WHERE `cate` = '63' LIMIT 0,7   [ RunTime:0.5781s ]
SQL: SELECT * FROM `mxweb_module` WHERE `id` = 64 LIMIT 1   [ RunTime:0.0469s ]
SQL: SELECT * FROM `mxweb_data` WHERE `cate` = '64' LIMIT 0,7   [ RunTime:0.3906s ]
SQL: SELECT * FROM `mxweb_module` WHERE `id` = 65 LIMIT 1   [ RunTime:0.0469s ]
SQL: SELECT * FROM `mxweb_data` WHERE `cate` = '65' LIMIT 0,7   [ RunTime:0.2969s ]
SQL: SELECT * FROM `mxweb_module` WHERE `id` = 66 LIMIT 1   [ RunTime:0.0469s ]
SQL: SELECT * FROM `mxweb_data` WHERE `cate` = '66' LIMIT 0,7   [ RunTime:0.4219s ]
SQL: SELECT * FROM `mxweb_module` WHERE `id` = 67 LIMIT 1   [ RunTime:0.0469s ]
SQL: SELECT * FROM `mxweb_data` WHERE `cate` = '67' LIMIT 0,7   [ RunTime:0.4688s ]
SQL: SELECT * FROM `mxweb_module` WHERE `id` = 68 LIMIT 1   [ RunTime:0.0469s ]
SQL: SELECT * FROM `mxweb_data` WHERE `cate` = '68' LIMIT 0,7   [ RunTime:0.4688s ]
SQL: SELECT * FROM `mxweb_module` WHERE `id` = 69 LIMIT 1   [ RunTime:0.0469s ]
SQL: SELECT * FROM `mxweb_data` WHERE `cate` = '69' LIMIT 0,7   [ RunTime:0.0938s ]
INFO: [ view_parse ] --START--
INFO: [ template_filter ] --START--
INFO: Run Behavior\ContentReplaceBehavior [ RunTime:0.000000s ]
INFO: [ template_filter ] --END-- [ RunTime:0.000000s ]
INFO: Run Behavior\ParseTemplateBehavior [ RunTime:0.156250s ]
INFO: [ view_parse ] --END-- [ RunTime:0.156250s ]
INFO: [ view_filter ] --START--
INFO: Run Behavior\WriteHtmlCacheBehavior [ RunTime:0.000000s ]
INFO: [ view_filter ] --END-- [ RunTime:0.000000s ]
INFO: [ app_end ] --START--
INFO: Run Behavior\ShowPageTraceBehavior [ RunTime:0.000000s ]
INFO: [ app_end ] --END-- [ RunTime:0.000000s ]

[ 2016-04-27T09:46:20+08:00 ] 192.168.57.1 /
INFO: [ app_init ] --START--
INFO: Run Behavior\BuildLiteBehavior [ RunTime:0.000000s ]
INFO: [ app_init ] --END-- [ RunTime:0.000000s ]
INFO: [ app_begin ] --START--
INFO: Run Behavior\ReadHtmlCacheBehavior [ RunTime:0.000000s ]
INFO: [ app_begin ] --END-- [ RunTime:0.000000s ]
NOTIC: [2048] Declaration of Home\Controller\IndexController::show() should be compatible with that of Think\Controller::show() D:\wwwroot\btsmzj\wwwroot\Application\Home\Controller\IndexController.class.php 第 125 行.
SQL: SHOW COLUMNS FROM `mxweb_module` [ RunTime:0.0469s ]
SQL: SELECT * FROM `mxweb_module` WHERE `status` = 1  [ RunTime:0.0469s ]
SQL: SELECT * FROM `mxweb_module` WHERE `first_module` = 1 AND `status` = 1 LIMIT 1   [ RunTime:0.0313s ]
SQL: SHOW COLUMNS FROM `mxweb_data` [ RunTime:0.0313s ]
SQL: SELECT * FROM `mxweb_data` WHERE `cate` = '62' LIMIT 0,7   [ RunTime:0.2031s ]
SQL: SELECT * FROM `mxweb_module` WHERE `first_module` = 2 AND `status` = 1 LIMIT 1   [ RunTime:0.0313s ]
SQL: SELECT * FROM `mxweb_data` WHERE `cate` = '63' LIMIT 0,7   [ RunTime:0.5000s ]
SQL: SELECT * FROM `mxweb_module` WHERE `id` = 61 LIMIT 1   [ RunTime:0.0313s ]
SQL: SELECT * FROM `mxweb_data` WHERE `cate` = '61' LIMIT 0,7   [ RunTime:0.0313s ]
SQL: SELECT * FROM `mxweb_module` WHERE `id` = 63 LIMIT 1   [ RunTime:0.0469s ]
SQL: SELECT * FROM `mxweb_data` WHERE `cate` = '63' LIMIT 0,7   [ RunTime:0.4844s ]
SQL: SELECT * FROM `mxweb_module` WHERE `id` = 64 LIMIT 1   [ RunTime:0.0469s ]
SQL: SELECT * FROM `mxweb_data` WHERE `cate` = '64' LIMIT 0,7   [ RunTime:0.3281s ]
SQL: SELECT * FROM `mxweb_module` WHERE `id` = 65 LIMIT 1   [ RunTime:0.0313s ]
SQL: SELECT * FROM `mxweb_data` WHERE `cate` = '65' LIMIT 0,7   [ RunTime:0.2656s ]
SQL: SELECT * FROM `mxweb_module` WHERE `id` = 66 LIMIT 1   [ RunTime:0.0469s ]
SQL: SELECT * FROM `mxweb_data` WHERE `cate` = '66' LIMIT 0,7   [ RunTime:0.3594s ]
SQL: SELECT * FROM `mxweb_module` WHERE `id` = 67 LIMIT 1   [ RunTime:0.0469s ]
SQL: SELECT * FROM `mxweb_data` WHERE `cate` = '67' LIMIT 0,7   [ RunTime:0.4219s ]
SQL: SELECT * FROM `mxweb_module` WHERE `id` = 68 LIMIT 1   [ RunTime:0.0313s ]
SQL: SELECT * FROM `mxweb_data` WHERE `cate` = '68' LIMIT 0,7   [ RunTime:0.4219s ]
SQL: SELECT * FROM `mxweb_module` WHERE `id` = 69 LIMIT 1   [ RunTime:0.0313s ]
SQL: SELECT * FROM `mxweb_data` WHERE `cate` = '69' LIMIT 0,7   [ RunTime:0.0938s ]
INFO: [ view_parse ] --START--
INFO: [ template_filter ] --START--
INFO: Run Behavior\ContentReplaceBehavior [ RunTime:0.000000s ]
INFO: [ template_filter ] --END-- [ RunTime:0.000000s ]
INFO: Run Behavior\ParseTemplateBehavior [ RunTime:0.156250s ]
INFO: [ view_parse ] --END-- [ RunTime:0.156250s ]
INFO: [ view_filter ] --START--
INFO: Run Behavior\WriteHtmlCacheBehavior [ RunTime:0.000000s ]
INFO: [ view_filter ] --END-- [ RunTime:0.000000s ]
INFO: [ app_end ] --START--
INFO: Run Behavior\ShowPageTraceBehavior [ RunTime:0.000000s ]
INFO: [ app_end ] --END-- [ RunTime:0.000000s ]

[ 2016-04-27T10:17:37+08:00 ] 192.168.57.1 /
INFO: [ app_init ] --START--
INFO: Run Behavior\BuildLiteBehavior [ RunTime:0.000000s ]
INFO: [ app_init ] --END-- [ RunTime:0.000000s ]
INFO: [ app_begin ] --START--
INFO: Run Behavior\ReadHtmlCacheBehavior [ RunTime:0.015625s ]
INFO: [ app_begin ] --END-- [ RunTime:0.015625s ]
NOTIC: [2048] Declaration of Home\Controller\IndexController::show() should be compatible with that of Think\Controller::show() D:\wwwroot\btsmzj\wwwroot\Application\Home\Controller\IndexController.class.php 第 125 行.
SQL: SHOW COLUMNS FROM `mxweb_module` [ RunTime:0.0469s ]
SQL: SELECT * FROM `mxweb_module` WHERE `status` = 1  [ RunTime:0.0469s ]
SQL: SELECT * FROM `mxweb_module` WHERE `first_module` = 1 AND `status` = 1 LIMIT 1   [ RunTime:0.0469s ]
SQL: SHOW COLUMNS FROM `mxweb_data` [ RunTime:0.0469s ]
SQL: SELECT * FROM `mxweb_data` WHERE `cate` = '62' LIMIT 0,7   [ RunTime:0.2344s ]
SQL: SELECT * FROM `mxweb_module` WHERE `first_module` = 2 AND `status` = 1 LIMIT 1   [ RunTime:0.0469s ]
SQL: SELECT * FROM `mxweb_data` WHERE `cate` = '63' LIMIT 0,7   [ RunTime:0.5781s ]
SQL: SELECT * FROM `mxweb_module` WHERE `id` = 61 LIMIT 1   [ RunTime:0.0469s ]
SQL: SELECT * FROM `mxweb_data` WHERE `cate` = '61' LIMIT 0,7   [ RunTime:0.0469s ]
SQL: SELECT * FROM `mxweb_module` WHERE `id` = 63 LIMIT 1   [ RunTime:0.0469s ]
SQL: SELECT * FROM `mxweb_data` WHERE `cate` = '63' LIMIT 0,7   [ RunTime:0.5469s ]
SQL: SELECT * FROM `mxweb_module` WHERE `id` = 64 LIMIT 1   [ RunTime:0.0625s ]
SQL: SELECT * FROM `mxweb_data` WHERE `cate` = '64' LIMIT 0,7   [ RunTime:0.3750s ]
SQL: SELECT * FROM `mxweb_module` WHERE `id` = 65 LIMIT 1   [ RunTime:0.0469s ]
SQL: SELECT * FROM `mxweb_data` WHERE `cate` = '65' LIMIT 0,7   [ RunTime:0.2969s ]
SQL: SELECT * FROM `mxweb_module` WHERE `id` = 66 LIMIT 1   [ RunTime:0.0469s ]
SQL: SELECT * FROM `mxweb_data` WHERE `cate` = '66' LIMIT 0,7   [ RunTime:0.4219s ]
SQL: SELECT * FROM `mxweb_module` WHERE `id` = 67 LIMIT 1   [ RunTime:0.0469s ]
SQL: SELECT * FROM `mxweb_data` WHERE `cate` = '67' LIMIT 0,7   [ RunTime:0.4688s ]
SQL: SELECT * FROM `mxweb_module` WHERE `id` = 68 LIMIT 1   [ RunTime:0.0469s ]
SQL: SELECT * FROM `mxweb_data` WHERE `cate` = '68' LIMIT 0,7   [ RunTime:0.4688s ]
SQL: SELECT * FROM `mxweb_module` WHERE `id` = 69 LIMIT 1   [ RunTime:0.0469s ]
SQL: SELECT * FROM `mxweb_data` WHERE `cate` = '69' LIMIT 0,7   [ RunTime:0.1094s ]
INFO: [ view_parse ] --START--
INFO: [ template_filter ] --START--
INFO: Run Behavior\ContentReplaceBehavior [ RunTime:0.000000s ]
INFO: [ template_filter ] --END-- [ RunTime:0.000000s ]
INFO: Run Behavior\ParseTemplateBehavior [ RunTime:0.171875s ]
INFO: [ view_parse ] --END-- [ RunTime:0.171875s ]
INFO: [ view_filter ] --START--
INFO: Run Behavior\WriteHtmlCacheBehavior [ RunTime:0.000000s ]
INFO: [ view_filter ] --END-- [ RunTime:0.000000s ]
INFO: [ app_end ] --START--
INFO: Run Behavior\ShowPageTraceBehavior [ RunTime:0.000000s ]
INFO: [ app_end ] --END-- [ RunTime:0.000000s ]

[ 2016-04-27T20:16:04+08:00 ] 192.168.57.1 /
INFO: [ app_init ] --START--
INFO: Run Behavior\BuildLiteBehavior [ RunTime:0.000000s ]
INFO: [ app_init ] --END-- [ RunTime:0.000000s ]
INFO: [ app_begin ] --START--
INFO: Run Behavior\ReadHtmlCacheBehavior [ RunTime:0.000000s ]
INFO: [ app_begin ] --END-- [ RunTime:0.000000s ]
NOTIC: [2048] Declaration of Home\Controller\IndexController::show() should be compatible with that of Think\Controller::show() D:\wwwroot\btsmzj\wwwroot\Application\Home\Controller\IndexController.class.php 第 125 行.
SQL: SHOW COLUMNS FROM `mxweb_module` [ RunTime:0.0313s ]
SQL: SELECT * FROM `mxweb_module` WHERE `status` = 1  [ RunTime:0.0469s ]
SQL: SELECT * FROM `mxweb_module` WHERE `first_module` = 1 AND `status` = 1 LIMIT 1   [ RunTime:0.0469s ]
SQL: SHOW COLUMNS FROM `mxweb_data` [ RunTime:0.0469s ]
SQL: SELECT * FROM `mxweb_data` WHERE `cate` = '62' LIMIT 0,7   [ RunTime:0.2031s ]
SQL: SELECT * FROM `mxweb_module` WHERE `first_module` = 2 AND `status` = 1 LIMIT 1   [ RunTime:0.0469s ]
SQL: SELECT * FROM `mxweb_data` WHERE `cate` = '63' LIMIT 0,7   [ RunTime:0.5000s ]
SQL: SELECT * FROM `mxweb_module` WHERE `id` = 61 LIMIT 1   [ RunTime:0.0469s ]
SQL: SELECT * FROM `mxweb_data` WHERE `cate` = '61' LIMIT 0,7   [ RunTime:0.0313s ]
SQL: SELECT * FROM `mxweb_module` WHERE `id` = 63 LIMIT 1   [ RunTime:0.0469s ]
SQL: SELECT * FROM `mxweb_data` WHERE `cate` = '63' LIMIT 0,7   [ RunTime:0.5000s ]
SQL: SELECT * FROM `mxweb_module` WHERE `id` = 64 LIMIT 1   [ RunTime:0.0313s ]
SQL: SELECT * FROM `mxweb_data` WHERE `cate` = '64' LIMIT 0,7   [ RunTime:0.3281s ]
SQL: SELECT * FROM `mxweb_module` WHERE `id` = 65 LIMIT 1   [ RunTime:0.0313s ]
SQL: SELECT * FROM `mxweb_data` WHERE `cate` = '65' LIMIT 0,7   [ RunTime:0.2500s ]
SQL: SELECT * FROM `mxweb_module` WHERE `id` = 66 LIMIT 1   [ RunTime:0.0469s ]
SQL: SELECT * FROM `mxweb_data` WHERE `cate` = '66' LIMIT 0,7   [ RunTime:0.3750s ]
SQL: SELECT * FROM `mxweb_module` WHERE `id` = 67 LIMIT 1   [ RunTime:0.0469s ]
SQL: SELECT * FROM `mxweb_data` WHERE `cate` = '67' LIMIT 0,7   [ RunTime:0.4375s ]
SQL: SELECT * FROM `mxweb_module` WHERE `id` = 68 LIMIT 1   [ RunTime:0.0469s ]
SQL: SELECT * FROM `mxweb_data` WHERE `cate` = '68' LIMIT 0,7   [ RunTime:0.4063s ]
SQL: SELECT * FROM `mxweb_module` WHERE `id` = 69 LIMIT 1   [ RunTime:0.0469s ]
SQL: SELECT * FROM `mxweb_data` WHERE `cate` = '69' LIMIT 0,7   [ RunTime:0.0781s ]
INFO: [ view_parse ] --START--
INFO: [ template_filter ] --START--
INFO: Run Behavior\ContentReplaceBehavior [ RunTime:0.000000s ]
INFO: [ template_filter ] --END-- [ RunTime:0.000000s ]
INFO: Run Behavior\ParseTemplateBehavior [ RunTime:0.156250s ]
INFO: [ view_parse ] --END-- [ RunTime:0.156250s ]
INFO: [ view_filter ] --START--
INFO: Run Behavior\WriteHtmlCacheBehavior [ RunTime:0.000000s ]
INFO: [ view_filter ] --END-- [ RunTime:0.000000s ]
INFO: [ app_end ] --START--
INFO: Run Behavior\ShowPageTraceBehavior [ RunTime:0.015625s ]
INFO: [ app_end ] --END-- [ RunTime:0.015625s ]

[ 2016-04-27T21:51:30+08:00 ] 192.168.57.1 /
INFO: [ app_init ] --START--
INFO: Run Behavior\BuildLiteBehavior [ RunTime:0.000000s ]
INFO: [ app_init ] --END-- [ RunTime:0.000000s ]
INFO: [ app_begin ] --START--
INFO: Run Behavior\ReadHtmlCacheBehavior [ RunTime:0.000000s ]
INFO: [ app_begin ] --END-- [ RunTime:0.000000s ]
NOTIC: [2048] Declaration of Home\Controller\IndexController::show() should be compatible with that of Think\Controller::show() D:\wwwroot\btsmzj\wwwroot\Application\Home\Controller\IndexController.class.php 第 125 行.
SQL: SHOW COLUMNS FROM `mxweb_module` [ RunTime:0.0469s ]
SQL: SELECT * FROM `mxweb_module` WHERE `status` = 1  [ RunTime:0.0469s ]
SQL: SELECT * FROM `mxweb_module` WHERE `first_module` = 1 AND `status` = 1 LIMIT 1   [ RunTime:0.0469s ]
SQL: SHOW COLUMNS FROM `mxweb_data` [ RunTime:0.0469s ]
SQL: SELECT * FROM `mxweb_data` WHERE `cate` = '62' LIMIT 0,7   [ RunTime:0.2500s ]
SQL: SELECT * FROM `mxweb_module` WHERE `first_module` = 2 AND `status` = 1 LIMIT 1   [ RunTime:0.0469s ]
SQL: SELECT * FROM `mxweb_data` WHERE `cate` = '63' LIMIT 0,7   [ RunTime:0.5625s ]
SQL: SELECT * FROM `mxweb_module` WHERE `id` = 61 LIMIT 1   [ RunTime:0.0469s ]
SQL: SELECT * FROM `mxweb_data` WHERE `cate` = '61' LIMIT 0,7   [ RunTime:0.0625s ]
SQL: SELECT * FROM `mxweb_module` WHERE `id` = 63 LIMIT 1   [ RunTime:0.0469s ]
SQL: SELECT * FROM `mxweb_data` WHERE `cate` = '63' LIMIT 0,7   [ RunTime:0.5781s ]
SQL: SELECT * FROM `mxweb_module` WHERE `id` = 64 LIMIT 1   [ RunTime:0.0469s ]
SQL: SELECT * FROM `mxweb_data` WHERE `cate` = '64' LIMIT 0,7   [ RunTime:0.3906s ]
SQL: SELECT * FROM `mxweb_module` WHERE `id` = 65 LIMIT 1   [ RunTime:0.0469s ]
SQL: SELECT * FROM `mxweb_data` WHERE `cate` = '65' LIMIT 0,7   [ RunTime:0.2969s ]
SQL: SELECT * FROM `mxweb_module` WHERE `id` = 66 LIMIT 1   [ RunTime:0.0469s ]
SQL: SELECT * FROM `mxweb_data` WHERE `cate` = '66' LIMIT 0,7   [ RunTime:0.4375s ]
SQL: SELECT * FROM `mxweb_module` WHERE `id` = 67 LIMIT 1   [ RunTime:0.0469s ]
SQL: SELECT * FROM `mxweb_data` WHERE `cate` = '67' LIMIT 0,7   [ RunTime:0.4844s ]
SQL: SELECT * FROM `mxweb_module` WHERE `id` = 68 LIMIT 1   [ RunTime:0.0469s ]
SQL: SELECT * FROM `mxweb_data` WHERE `cate` = '68' LIMIT 0,7   [ RunTime:0.4688s ]
SQL: SELECT * FROM `mxweb_module` WHERE `id` = 69 LIMIT 1   [ RunTime:0.0469s ]
SQL: SELECT * FROM `mxweb_data` WHERE `cate` = '69' LIMIT 0,7   [ RunTime:0.1094s ]
INFO: [ view_parse ] --START--
INFO: [ template_filter ] --START--
INFO: Run Behavior\ContentReplaceBehavior [ RunTime:0.000000s ]
INFO: [ template_filter ] --END-- [ RunTime:0.000000s ]
INFO: Run Behavior\ParseTemplateBehavior [ RunTime:0.156250s ]
INFO: [ view_parse ] --END-- [ RunTime:0.156250s ]
INFO: [ view_filter ] --START--
INFO: Run Behavior\WriteHtmlCacheBehavior [ RunTime:0.000000s ]
INFO: [ view_filter ] --END-- [ RunTime:0.000000s ]
INFO: [ app_end ] --START--
INFO: Run Behavior\ShowPageTraceBehavior [ RunTime:0.015625s ]
INFO: [ app_end ] --END-- [ RunTime:0.015625s ]

[ 2016-04-27T21:53:24+08:00 ] 192.168.57.1 /index.php/home/index/lists?id=61
INFO: [ app_init ] --START--
INFO: Run Behavior\BuildLiteBehavior [ RunTime:0.000000s ]
INFO: [ app_init ] --END-- [ RunTime:0.000000s ]
INFO: [ app_begin ] --START--
INFO: Run Behavior\ReadHtmlCacheBehavior [ RunTime:0.000000s ]
INFO: [ app_begin ] --END-- [ RunTime:0.000000s ]
NOTIC: [2048] Declaration of Home\Controller\IndexController::show() should be compatible with that of Think\Controller::show() D:\wwwroot\btsmzj\wwwroot\Application\Home\Controller\IndexController.class.php 第 125 行.
SQL: SHOW COLUMNS FROM `mxweb_module` [ RunTime:0.0469s ]
SQL: SELECT * FROM `mxweb_module` WHERE `status` = 1  [ RunTime:0.0469s ]
SQL: SELECT * FROM `mxweb_module` WHERE `id` = '61' AND `status` = 1 LIMIT 1   [ RunTime:0.0469s ]
SQL: SHOW COLUMNS FROM `mxweb_data` [ RunTime:0.0469s ]
SQL: SELECT * FROM `mxweb_data` WHERE `cate` = '61' LIMIT 0,30   [ RunTime:0.0625s ]
SQL: SELECT * FROM `mxweb_module` WHERE `first_module` = 3 AND `status` = 1 LIMIT 1   [ RunTime:0.0469s ]
SQL: SELECT * FROM `mxweb_data` WHERE `cate` = '64' LIMIT 0,7   [ RunTime:0.3906s ]
INFO: [ view_parse ] --START--
INFO: [ template_filter ] --START--
INFO: Run Behavior\ContentReplaceBehavior [ RunTime:0.000000s ]
INFO: [ template_filter ] --END-- [ RunTime:0.000000s ]
NOTIC: [8] Undefined variable: addtime D:\wwwroot\btsmzj\wwwroot\Application\Runtime\Cache\Home\b703616f43106f0a92ef0e15a918e383.php 第 59 行.
INFO: Run Behavior\ParseTemplateBehavior [ RunTime:0.046875s ]
INFO: [ view_parse ] --END-- [ RunTime:0.046875s ]
INFO: [ view_filter ] --START--
INFO: Run Behavior\WriteHtmlCacheBehavior [ RunTime:0.000000s ]
INFO: [ view_filter ] --END-- [ RunTime:0.000000s ]
INFO: [ app_end ] --START--
INFO: Run Behavior\ShowPageTraceBehavior [ RunTime:0.000000s ]
INFO: [ app_end ] --END-- [ RunTime:0.000000s ]

[ 2016-04-27T21:53:33+08:00 ] 192.168.57.1 /index.php/home/index/lists?id=63
INFO: [ app_init ] --START--
INFO: Run Behavior\BuildLiteBehavior [ RunTime:0.000000s ]
INFO: [ app_init ] --END-- [ RunTime:0.000000s ]
INFO: [ app_begin ] --START--
INFO: Run Behavior\ReadHtmlCacheBehavior [ RunTime:0.000000s ]
INFO: [ app_begin ] --END-- [ RunTime:0.000000s ]
NOTIC: [2048] Declaration of Home\Controller\IndexController::show() should be compatible with that of Think\Controller::show() D:\wwwroot\btsmzj\wwwroot\Application\Home\Controller\IndexController.class.php 第 125 行.
SQL: SHOW COLUMNS FROM `mxweb_module` [ RunTime:0.0469s ]
SQL: SELECT * FROM `mxweb_module` WHERE `status` = 1  [ RunTime:0.0469s ]
SQL: SELECT * FROM `mxweb_module` WHERE `id` = '63' AND `status` = 1 LIMIT 1   [ RunTime:0.0469s ]
SQL: SHOW COLUMNS FROM `mxweb_data` [ RunTime:0.0625s ]
SQL: SELECT * FROM `mxweb_data` WHERE `cate` = '63' LIMIT 0,30   [ RunTime:0.5781s ]
SQL: SELECT * FROM `mxweb_module` WHERE `first_module` = 3 AND `status` = 1 LIMIT 1   [ RunTime:0.0469s ]
SQL: SELECT * FROM `mxweb_data` WHERE `cate` = '64' LIMIT 0,7   [ RunTime:0.3906s ]
INFO: [ view_parse ] --START--
INFO: [ template_filter ] --START--
INFO: Run Behavior\ContentReplaceBehavior [ RunTime:0.000000s ]
INFO: [ template_filter ] --END-- [ RunTime:0.000000s ]
NOTIC: [8] Undefined variable: addtime D:\wwwroot\btsmzj\wwwroot\Application\Runtime\Cache\Home\b703616f43106f0a92ef0e15a918e383.php 第 59 行.
NOTIC: [8] Undefined variable: addtime D:\wwwroot\btsmzj\wwwroot\Application\Runtime\Cache\Home\b703616f43106f0a92ef0e15a918e383.php 第 59 行.
NOTIC: [8] Undefined variable: addtime D:\wwwroot\btsmzj\wwwroot\Application\Runtime\Cache\Home\b703616f43106f0a92ef0e15a918e383.php 第 59 行.
NOTIC: [8] Undefined variable: addtime D:\wwwroot\btsmzj\wwwroot\Application\Runtime\Cache\Home\b703616f43106f0a92ef0e15a918e383.php 第 59 行.
NOTIC: [8] Undefined variable: addtime D:\wwwroot\btsmzj\wwwroot\Application\Runtime\Cache\Home\b703616f43106f0a92ef0e15a918e383.php 第 59 行.
NOTIC: [8] Undefined variable: addtime D:\wwwroot\btsmzj\wwwroot\Application\Runtime\Cache\Home\b703616f43106f0a92ef0e15a918e383.php 第 59 行.
NOTIC: [8] Undefined variable: addtime D:\wwwroot\btsmzj\wwwroot\Application\Runtime\Cache\Home\b703616f43106f0a92ef0e15a918e383.php 第 59 行.
INFO: Run Behavior\ParseTemplateBehavior [ RunTime:0.062500s ]
INFO: [ view_parse ] --END-- [ RunTime:0.062500s ]
INFO: [ view_filter ] --START--
INFO: Run Behavior\WriteHtmlCacheBehavior [ RunTime:0.000000s ]
INFO: [ view_filter ] --END-- [ RunTime:0.000000s ]
INFO: [ app_end ] --START--
INFO: Run Behavior\ShowPageTraceBehavior [ RunTime:0.015625s ]
INFO: [ app_end ] --END-- [ RunTime:0.015625s ]

[ 2016-04-27T21:53:36+08:00 ] 192.168.57.1 /index.php/home/index/lists?id=64
INFO: [ app_init ] --START--
INFO: Run Behavior\BuildLiteBehavior [ RunTime:0.000000s ]
INFO: [ app_init ] --END-- [ RunTime:0.000000s ]
INFO: [ app_begin ] --START--
INFO: Run Behavior\ReadHtmlCacheBehavior [ RunTime:0.000000s ]
INFO: [ app_begin ] --END-- [ RunTime:0.000000s ]
NOTIC: [2048] Declaration of Home\Controller\IndexController::show() should be compatible with that of Think\Controller::show() D:\wwwroot\btsmzj\wwwroot\Application\Home\Controller\IndexController.class.php 第 125 行.
SQL: SHOW COLUMNS FROM `mxweb_module` [ RunTime:0.0313s ]
SQL: SELECT * FROM `mxweb_module` WHERE `status` = 1  [ RunTime:0.0469s ]
SQL: SELECT * FROM `mxweb_module` WHERE `id` = '64' AND `status` = 1 LIMIT 1   [ RunTime:0.0469s ]
SQL: SHOW COLUMNS FROM `mxweb_data` [ RunTime:0.0625s ]
SQL: SELECT * FROM `mxweb_data` WHERE `cate` = '64' LIMIT 0,30   [ RunTime:0.3750s ]
SQL: SELECT * FROM `mxweb_module` WHERE `first_module` = 3 AND `status` = 1 LIMIT 1   [ RunTime:0.0469s ]
SQL: SELECT * FROM `mxweb_data` WHERE `cate` = '64' LIMIT 0,7   [ RunTime:0.3750s ]
INFO: [ view_parse ] --START--
INFO: [ template_filter ] --START--
INFO: Run Behavior\ContentReplaceBehavior [ RunTime:0.000000s ]
INFO: [ template_filter ] --END-- [ RunTime:0.000000s ]
NOTIC: [8] Undefined variable: addtime D:\wwwroot\btsmzj\wwwroot\Application\Runtime\Cache\Home\b703616f43106f0a92ef0e15a918e383.php 第 59 行.
NOTIC: [8] Undefined variable: addtime D:\wwwroot\btsmzj\wwwroot\Application\Runtime\Cache\Home\b703616f43106f0a92ef0e15a918e383.php 第 59 行.
NOTIC: [8] Undefined variable: addtime D:\wwwroot\btsmzj\wwwroot\Application\Runtime\Cache\Home\b703616f43106f0a92ef0e15a918e383.php 第 59 行.
NOTIC: [8] Undefined variable: addtime D:\wwwroot\btsmzj\wwwroot\Application\Runtime\Cache\Home\b703616f43106f0a92ef0e15a918e383.php 第 59 行.
NOTIC: [8] Undefined variable: addtime D:\wwwroot\btsmzj\wwwroot\Application\Runtime\Cache\Home\b703616f43106f0a92ef0e15a918e383.php 第 59 行.
NOTIC: [8] Undefined variable: addtime D:\wwwroot\btsmzj\wwwroot\Application\Runtime\Cache\Home\b703616f43106f0a92ef0e15a918e383.php 第 59 行.
NOTIC: [8] Undefined variable: addtime D:\wwwroot\btsmzj\wwwroot\Application\Runtime\Cache\Home\b703616f43106f0a92ef0e15a918e383.php 第 59 行.
INFO: Run Behavior\ParseTemplateBehavior [ RunTime:0.046875s ]
INFO: [ view_parse ] --END-- [ RunTime:0.046875s ]
INFO: [ view_filter ] --START--
INFO: Run Behavior\WriteHtmlCacheBehavior [ RunTime:0.000000s ]
INFO: [ view_filter ] --END-- [ RunTime:0.000000s ]
INFO: [ app_end ] --START--
INFO: Run Behavior\ShowPageTraceBehavior [ RunTime:0.000000s ]
INFO: [ app_end ] --END-- [ RunTime:0.000000s ]

[ 2016-04-27T21:53:38+08:00 ] 192.168.57.1 /index.php/home/index/lists?id=65
INFO: [ app_init ] --START--
INFO: Run Behavior\BuildLiteBehavior [ RunTime:0.000000s ]
INFO: [ app_init ] --END-- [ RunTime:0.000000s ]
INFO: [ app_begin ] --START--
INFO: Run Behavior\ReadHtmlCacheBehavior [ RunTime:0.000000s ]
INFO: [ app_begin ] --END-- [ RunTime:0.000000s ]
NOTIC: [2048] Declaration of Home\Controller\IndexController::show() should be compatible with that of Think\Controller::show() D:\wwwroot\btsmzj\wwwroot\Application\Home\Controller\IndexController.class.php 第 125 行.
SQL: SHOW COLUMNS FROM `mxweb_module` [ RunTime:0.0313s ]
SQL: SELECT * FROM `mxweb_module` WHERE `status` = 1  [ RunTime:0.0469s ]
SQL: SELECT * FROM `mxweb_module` WHERE `id` = '65' AND `status` = 1 LIMIT 1   [ RunTime:0.0313s ]
SQL: SHOW COLUMNS FROM `mxweb_data` [ RunTime:0.0469s ]
SQL: SELECT * FROM `mxweb_data` WHERE `cate` = '65' LIMIT 0,30   [ RunTime:0.2500s ]
SQL: SELECT * FROM `mxweb_module` WHERE `first_module` = 3 AND `status` = 1 LIMIT 1   [ RunTime:0.0313s ]
SQL: SELECT * FROM `mxweb_data` WHERE `cate` = '64' LIMIT 0,7   [ RunTime:0.2813s ]
INFO: [ view_parse ] --START--
INFO: [ template_filter ] --START--
INFO: Run Behavior\ContentReplaceBehavior [ RunTime:0.000000s ]
INFO: [ template_filter ] --END-- [ RunTime:0.000000s ]
NOTIC: [8] Undefined variable: addtime D:\wwwroot\btsmzj\wwwroot\Application\Runtime\Cache\Home\b703616f43106f0a92ef0e15a918e383.php 第 59 行.
NOTIC: [8] Undefined variable: addtime D:\wwwroot\btsmzj\wwwroot\Application\Runtime\Cache\Home\b703616f43106f0a92ef0e15a918e383.php 第 59 行.
NOTIC: [8] Undefined variable: addtime D:\wwwroot\btsmzj\wwwroot\Application\Runtime\Cache\Home\b703616f43106f0a92ef0e15a918e383.php 第 59 行.
NOTIC: [8] Undefined variable: addtime D:\wwwroot\btsmzj\wwwroot\Application\Runtime\Cache\Home\b703616f43106f0a92ef0e15a918e383.php 第 59 行.
NOTIC: [8] Undefined variable: addtime D:\wwwroot\btsmzj\wwwroot\Application\Runtime\Cache\Home\b703616f43106f0a92ef0e15a918e383.php 第 59 行.
NOTIC: [8] Undefined variable: addtime D:\wwwroot\btsmzj\wwwroot\Application\Runtime\Cache\Home\b703616f43106f0a92ef0e15a918e383.php 第 59 行.
NOTIC: [8] Undefined variable: addtime D:\wwwroot\btsmzj\wwwroot\Application\Runtime\Cache\Home\b703616f43106f0a92ef0e15a918e383.php 第 59 行.
NOTIC: [8] Undefined variable: addtime D:\wwwroot\btsmzj\wwwroot\Application\Runtime\Cache\Home\b703616f43106f0a92ef0e15a918e383.php 第 59 行.
INFO: Run Behavior\ParseTemplateBehavior [ RunTime:0.062500s ]
INFO: [ view_parse ] --END-- [ RunTime:0.062500s ]
INFO: [ view_filter ] --START--
INFO: Run Behavior\WriteHtmlCacheBehavior [ RunTime:0.000000s ]
INFO: [ view_filter ] --END-- [ RunTime:0.000000s ]
INFO: [ app_end ] --START--
INFO: Run Behavior\ShowPageTraceBehavior [ RunTime:0.000000s ]
INFO: [ app_end ] --END-- [ RunTime:0.000000s ]

[ 2016-04-27T21:53:42+08:00 ] 192.168.57.1 /index.php/home/index/lists?id=65
INFO: [ app_init ] --START--
INFO: Run Behavior\BuildLiteBehavior [ RunTime:0.000000s ]
INFO: [ app_init ] --END-- [ RunTime:0.000000s ]
INFO: [ app_begin ] --START--
INFO: Run Behavior\ReadHtmlCacheBehavior [ RunTime:0.000000s ]
INFO: [ app_begin ] --END-- [ RunTime:0.000000s ]
NOTIC: [2048] Declaration of Home\Controller\IndexController::show() should be compatible with that of Think\Controller::show() D:\wwwroot\btsmzj\wwwroot\Application\Home\Controller\IndexController.class.php 第 125 行.
SQL: SHOW COLUMNS FROM `mxweb_module` [ RunTime:0.0469s ]
SQL: SELECT * FROM `mxweb_module` WHERE `status` = 1  [ RunTime:0.0469s ]
SQL: SELECT * FROM `mxweb_module` WHERE `id` = '65' AND `status` = 1 LIMIT 1   [ RunTime:0.0469s ]
SQL: SHOW COLUMNS FROM `mxweb_data` [ RunTime:0.0469s ]
SQL: SELECT * FROM `mxweb_data` WHERE `cate` = '65' LIMIT 0,30   [ RunTime:0.3438s ]
SQL: SELECT * FROM `mxweb_module` WHERE `first_module` = 3 AND `status` = 1 LIMIT 1   [ RunTime:0.0469s ]
SQL: SELECT * FROM `mxweb_data` WHERE `cate` = '64' LIMIT 0,7   [ RunTime:0.3906s ]
INFO: [ view_parse ] --START--
INFO: [ template_filter ] --START--
INFO: Run Behavior\ContentReplaceBehavior [ RunTime:0.000000s ]
INFO: [ template_filter ] --END-- [ RunTime:0.000000s ]
NOTIC: [8] Undefined variable: addtime D:\wwwroot\btsmzj\wwwroot\Application\Runtime\Cache\Home\b703616f43106f0a92ef0e15a918e383.php 第 59 行.
NOTIC: [8] Undefined variable: addtime D:\wwwroot\btsmzj\wwwroot\Application\Runtime\Cache\Home\b703616f43106f0a92ef0e15a918e383.php 第 59 行.
NOTIC: [8] Undefined variable: addtime D:\wwwroot\btsmzj\wwwroot\Application\Runtime\Cache\Home\b703616f43106f0a92ef0e15a918e383.php 第 59 行.
NOTIC: [8] Undefined variable: addtime D:\wwwroot\btsmzj\wwwroot\Application\Runtime\Cache\Home\b703616f43106f0a92ef0e15a918e383.php 第 59 行.
NOTIC: [8] Undefined variable: addtime D:\wwwroot\btsmzj\wwwroot\Application\Runtime\Cache\Home\b703616f43106f0a92ef0e15a918e383.php 第 59 行.
NOTIC: [8] Undefined variable: addtime D:\wwwroot\btsmzj\wwwroot\Application\Runtime\Cache\Home\b703616f43106f0a92ef0e15a918e383.php 第 59 行.
NOTIC: [8] Undefined variable: addtime D:\wwwroot\btsmzj\wwwroot\Application\Runtime\Cache\Home\b703616f43106f0a92ef0e15a918e383.php 第 59 行.
NOTIC: [8] Undefined variable: addtime D:\wwwroot\btsmzj\wwwroot\Application\Runtime\Cache\Home\b703616f43106f0a92ef0e15a918e383.php 第 59 行.
INFO: Run Behavior\ParseTemplateBehavior [ RunTime:0.062500s ]
INFO: [ view_parse ] --END-- [ RunTime:0.062500s ]
INFO: [ view_filter ] --START--
INFO: Run Behavior\WriteHtmlCacheBehavior [ RunTime:0.015625s ]
INFO: [ view_filter ] --END-- [ RunTime:0.015625s ]
INFO: [ app_end ] --START--
INFO: Run Behavior\ShowPageTraceBehavior [ RunTime:0.000000s ]
INFO: [ app_end ] --END-- [ RunTime:0.000000s ]

[ 2016-04-27T21:53:47+08:00 ] 192.168.57.1 /index.php/home/index/lists?id=63
INFO: [ app_init ] --START--
INFO: Run Behavior\BuildLiteBehavior [ RunTime:0.000000s ]
INFO: [ app_init ] --END-- [ RunTime:0.000000s ]
INFO: [ app_begin ] --START--
INFO: Run Behavior\ReadHtmlCacheBehavior [ RunTime:0.000000s ]
INFO: [ app_begin ] --END-- [ RunTime:0.000000s ]
NOTIC: [2048] Declaration of Home\Controller\IndexController::show() should be compatible with that of Think\Controller::show() D:\wwwroot\btsmzj\wwwroot\Application\Home\Controller\IndexController.class.php 第 125 行.
SQL: SHOW COLUMNS FROM `mxweb_module` [ RunTime:0.0469s ]
SQL: SELECT * FROM `mxweb_module` WHERE `status` = 1  [ RunTime:0.0469s ]
SQL: SELECT * FROM `mxweb_module` WHERE `id` = '63' AND `status` = 1 LIMIT 1   [ RunTime:0.0313s ]
SQL: SHOW COLUMNS FROM `mxweb_data` [ RunTime:0.0469s ]
SQL: SELECT * FROM `mxweb_data` WHERE `cate` = '63' LIMIT 0,30   [ RunTime:0.4844s ]
SQL: SELECT * FROM `mxweb_module` WHERE `first_module` = 3 AND `status` = 1 LIMIT 1   [ RunTime:0.0469s ]
SQL: SELECT * FROM `mxweb_data` WHERE `cate` = '64' LIMIT 0,7   [ RunTime:0.3438s ]
INFO: [ view_parse ] --START--
INFO: [ template_filter ] --START--
INFO: Run Behavior\ContentReplaceBehavior [ RunTime:0.015625s ]
INFO: [ template_filter ] --END-- [ RunTime:0.015625s ]
NOTIC: [8] Undefined variable: addtime D:\wwwroot\btsmzj\wwwroot\Application\Runtime\Cache\Home\b703616f43106f0a92ef0e15a918e383.php 第 59 行.
NOTIC: [8] Undefined variable: addtime D:\wwwroot\btsmzj\wwwroot\Application\Runtime\Cache\Home\b703616f43106f0a92ef0e15a918e383.php 第 59 行.
NOTIC: [8] Undefined variable: addtime D:\wwwroot\btsmzj\wwwroot\Application\Runtime\Cache\Home\b703616f43106f0a92ef0e15a918e383.php 第 59 行.
NOTIC: [8] Undefined variable: addtime D:\wwwroot\btsmzj\wwwroot\Application\Runtime\Cache\Home\b703616f43106f0a92ef0e15a918e383.php 第 59 行.
NOTIC: [8] Undefined variable: addtime D:\wwwroot\btsmzj\wwwroot\Application\Runtime\Cache\Home\b703616f43106f0a92ef0e15a918e383.php 第 59 行.
NOTIC: [8] Undefined variable: addtime D:\wwwroot\btsmzj\wwwroot\Application\Runtime\Cache\Home\b703616f43106f0a92ef0e15a918e383.php 第 59 行.
NOTIC: [8] Undefined variable: addtime D:\wwwroot\btsmzj\wwwroot\Application\Runtime\Cache\Home\b703616f43106f0a92ef0e15a918e383.php 第 59 行.
INFO: Run Behavior\ParseTemplateBehavior [ RunTime:0.093750s ]
INFO: [ view_parse ] --END-- [ RunTime:0.093750s ]
INFO: [ view_filter ] --START--
INFO: Run Behavior\WriteHtmlCacheBehavior [ RunTime:0.015625s ]
INFO: [ view_filter ] --END-- [ RunTime:0.015625s ]
INFO: [ app_end ] --START--
INFO: Run Behavior\ShowPageTraceBehavior [ RunTime:0.000000s ]
INFO: [ app_end ] --END-- [ RunTime:0.000000s ]

[ 2016-04-27T22:25:39+08:00 ] 192.168.57.1 /
INFO: [ app_init ] --START--
INFO: Run Behavior\BuildLiteBehavior [ RunTime:0.000000s ]
INFO: [ app_init ] --END-- [ RunTime:0.000000s ]
INFO: [ app_begin ] --START--
INFO: Run Behavior\ReadHtmlCacheBehavior [ RunTime:0.000000s ]
INFO: [ app_begin ] --END-- [ RunTime:0.000000s ]
NOTIC: [2048] Declaration of Home\Controller\IndexController::show() should be compatible with that of Think\Controller::show() D:\wwwroot\btsmzj\wwwroot\Application\Home\Controller\IndexController.class.php 第 125 行.
SQL: SHOW COLUMNS FROM `mxweb_module` [ RunTime:0.0625s ]
SQL: SELECT * FROM `mxweb_module` WHERE `status` = 1  [ RunTime:0.0469s ]
SQL: SELECT * FROM `mxweb_module` WHERE `first_module` = 1 AND `status` = 1 LIMIT 1   [ RunTime:0.0469s ]
SQL: SHOW COLUMNS FROM `mxweb_data` [ RunTime:0.0469s ]
SQL: SELECT * FROM `mxweb_data` WHERE `cate` = '62' LIMIT 0,7   [ RunTime:0.2500s ]
SQL: SELECT * FROM `mxweb_module` WHERE `first_module` = 2 AND `status` = 1 LIMIT 1   [ RunTime:0.0469s ]
SQL: SELECT * FROM `mxweb_data` WHERE `cate` = '63' LIMIT 0,7   [ RunTime:0.5625s ]
SQL: SELECT * FROM `mxweb_module` WHERE `id` = 61 LIMIT 1   [ RunTime:0.0469s ]
SQL: SELECT * FROM `mxweb_data` WHERE `cate` = '61' LIMIT 0,7   [ RunTime:0.0469s ]
SQL: SELECT * FROM `mxweb_module` WHERE `id` = 63 LIMIT 1   [ RunTime:0.0469s ]
SQL: SELECT * FROM `mxweb_data` WHERE `cate` = '63' LIMIT 0,7   [ RunTime:0.5781s ]
SQL: SELECT * FROM `mxweb_module` WHERE `id` = 64 LIMIT 1   [ RunTime:0.0469s ]
SQL: SELECT * FROM `mxweb_data` WHERE `cate` = '64' LIMIT 0,7   [ RunTime:0.3750s ]
SQL: SELECT * FROM `mxweb_module` WHERE `id` = 65 LIMIT 1   [ RunTime:0.0469s ]
SQL: SELECT * FROM `mxweb_data` WHERE `cate` = '65' LIMIT 0,7   [ RunTime:0.2656s ]
SQL: SELECT * FROM `mxweb_module` WHERE `id` = 66 LIMIT 1   [ RunTime:0.0469s ]
SQL: SELECT * FROM `mxweb_data` WHERE `cate` = '66' LIMIT 0,7   [ RunTime:0.4375s ]
SQL: SELECT * FROM `mxweb_module` WHERE `id` = 67 LIMIT 1   [ RunTime:0.0469s ]
SQL: SELECT * FROM `mxweb_data` WHERE `cate` = '67' LIMIT 0,7   [ RunTime:0.4688s ]
SQL: SELECT * FROM `mxweb_module` WHERE `id` = 68 LIMIT 1   [ RunTime:0.0469s ]
SQL: SELECT * FROM `mxweb_data` WHERE `cate` = '68' LIMIT 0,7   [ RunTime:0.4688s ]
SQL: SELECT * FROM `mxweb_module` WHERE `id` = 69 LIMIT 1   [ RunTime:0.0469s ]
SQL: SELECT * FROM `mxweb_data` WHERE `cate` = '69' LIMIT 0,7   [ RunTime:0.1094s ]
INFO: [ view_parse ] --START--
INFO: [ template_filter ] --START--
INFO: Run Behavior\ContentReplaceBehavior [ RunTime:0.000000s ]
INFO: [ template_filter ] --END-- [ RunTime:0.000000s ]
INFO: Run Behavior\ParseTemplateBehavior [ RunTime:0.171875s ]
INFO: [ view_parse ] --END-- [ RunTime:0.171875s ]
INFO: [ view_filter ] --START--
INFO: Run Behavior\WriteHtmlCacheBehavior [ RunTime:0.000000s ]
INFO: [ view_filter ] --END-- [ RunTime:0.000000s ]
INFO: [ app_end ] --START--
INFO: Run Behavior\ShowPageTraceBehavior [ RunTime:0.000000s ]
INFO: [ app_end ] --END-- [ RunTime:0.000000s ]

