[ 2016-12-28T22:47:54+08:00 ] 127.0.0.1 /index.php/home/display/index
INFO: [ app_init ] --START--
INFO: Run Behavior\BuildLiteBehavior [ RunTime:0.000029s ]
INFO: [ app_init ] --END-- [ RunTime:0.004615s ]
INFO: [ app_begin ] --START--
INFO: Run Behavior\ReadHtmlCacheBehavior [ RunTime:0.000842s ]
INFO: [ app_begin ] --END-- [ RunTime:0.001007s ]
INFO: [ view_parse ] --START--
INFO: [ template_filter ] --START--
INFO: Run Behavior\ContentReplaceBehavior [ RunTime:0.006259s ]
INFO: [ template_filter ] --END-- [ RunTime:0.006407s ]
INFO: Run Behavior\ParseTemplateBehavior [ RunTime:0.030920s ]
INFO: [ view_parse ] --END-- [ RunTime:0.031066s ]
INFO: [ view_filter ] --START--
INFO: Run Behavior\WriteHtmlCacheBehavior [ RunTime:0.000406s ]
INFO: [ view_filter ] --END-- [ RunTime:0.000515s ]
INFO: [ app_end ] --START--
INFO: Run Behavior\ShowPageTraceBehavior [ RunTime:0.000559s ]
INFO: [ app_end ] --END-- [ RunTime:0.000674s ]

[ 2016-12-28T22:55:42+08:00 ] 127.0.0.1 /index.php/home/display/index
INFO: [ app_init ] --START--
INFO: Run Behavior\BuildLiteBehavior [ RunTime:0.000050s ]
INFO: [ app_init ] --END-- [ RunTime:0.000836s ]
INFO: [ app_begin ] --START--
INFO: Run Behavior\ReadHtmlCacheBehavior [ RunTime:0.001496s ]
INFO: [ app_begin ] --END-- [ RunTime:0.001807s ]
INFO: [ view_parse ] --START--
INFO: [ template_filter ] --START--
INFO: Run Behavior\ContentReplaceBehavior [ RunTime:0.000080s ]
INFO: [ template_filter ] --END-- [ RunTime:0.000438s ]
INFO: Run Behavior\ParseTemplateBehavior [ RunTime:0.012620s ]
INFO: [ view_parse ] --END-- [ RunTime:0.012806s ]
INFO: [ view_filter ] --START--
INFO: Run Behavior\WriteHtmlCacheBehavior [ RunTime:0.000450s ]
INFO: [ view_filter ] --END-- [ RunTime:0.000556s ]
INFO: [ app_end ] --START--
INFO: Run Behavior\ShowPageTraceBehavior [ RunTime:0.000745s ]
INFO: [ app_end ] --END-- [ RunTime:0.000857s ]

[ 2016-12-28T22:55:50+08:00 ] 127.0.0.1 /index.php/home/display/register
INFO: [ app_init ] --START--
INFO: Run Behavior\BuildLiteBehavior [ RunTime:0.000103s ]
INFO: [ app_init ] --END-- [ RunTime:0.002176s ]
INFO: [ app_begin ] --START--
INFO: Run Behavior\ReadHtmlCacheBehavior [ RunTime:0.000956s ]
INFO: [ app_begin ] --END-- [ RunTime:0.001182s ]
INFO: [ view_parse ] --START--
INFO: [ template_filter ] --START--
INFO: Run Behavior\ContentReplaceBehavior [ RunTime:0.000091s ]
INFO: [ template_filter ] --END-- [ RunTime:0.000258s ]
INFO: Run Behavior\ParseTemplateBehavior [ RunTime:0.021157s ]
INFO: [ view_parse ] --END-- [ RunTime:0.021363s ]
INFO: [ view_filter ] --START--
INFO: Run Behavior\WriteHtmlCacheBehavior [ RunTime:0.000981s ]
INFO: [ view_filter ] --END-- [ RunTime:0.001180s ]
INFO: [ app_end ] --START--
INFO: Run Behavior\ShowPageTraceBehavior [ RunTime:0.000886s ]
INFO: [ app_end ] --END-- [ RunTime:0.001012s ]

[ 2016-12-28T22:55:55+08:00 ] 127.0.0.1 /index.php/home/display/register
INFO: [ app_init ] --START--
INFO: Run Behavior\BuildLiteBehavior [ RunTime:0.000105s ]
INFO: [ app_init ] --END-- [ RunTime:0.002192s ]
INFO: [ app_begin ] --START--
INFO: Run Behavior\ReadHtmlCacheBehavior [ RunTime:0.000756s ]
INFO: [ app_begin ] --END-- [ RunTime:0.000994s ]
INFO: [ view_parse ] --START--
INFO: [ template_filter ] --START--
INFO: Run Behavior\ContentReplaceBehavior [ RunTime:0.000143s ]
INFO: [ template_filter ] --END-- [ RunTime:0.000421s ]
INFO: Run Behavior\ParseTemplateBehavior [ RunTime:0.010764s ]
INFO: [ view_parse ] --END-- [ RunTime:0.010954s ]
INFO: [ view_filter ] --START--
INFO: Run Behavior\WriteHtmlCacheBehavior [ RunTime:0.000317s ]
INFO: [ view_filter ] --END-- [ RunTime:0.000429s ]
INFO: [ app_end ] --START--
INFO: Run Behavior\ShowPageTraceBehavior [ RunTime:0.000510s ]
INFO: [ app_end ] --END-- [ RunTime:0.000633s ]

[ 2016-12-28T22:56:14+08:00 ] 127.0.0.1 /index.php/home/index/login
INFO: [ app_init ] --START--
INFO: Run Behavior\BuildLiteBehavior [ RunTime:0.000141s ]
INFO: [ app_init ] --END-- [ RunTime:0.001762s ]
INFO: [ app_begin ] --START--
INFO: Run Behavior\ReadHtmlCacheBehavior [ RunTime:0.000559s ]
INFO: [ app_begin ] --END-- [ RunTime:0.000738s ]
SQL: SHOW COLUMNS FROM `user_c` [ RunTime:0.0317s ]
NOTIC: [8] Undefined index: validate C:\wamp\www\lingkong\ThinkPHP\Library\Think\Model.class.php 第 1185 行.
NOTIC: [8] Undefined index: auto C:\wamp\www\lingkong\ThinkPHP\Library\Think\Model.class.php 第 1128 行.
SQL: SELECT * FROM `user_c` WHERE `username` = 'admin' LIMIT 1   [ RunTime:0.0216s ]
SQL: UPDATE `user_c` SET `loginnum`=loginnum+1 WHERE `username` = 'admin' AND `id` = 45 [ RunTime:0.0984s ]
SQL: UPDATE `user_c` SET `username`='admin',`password`='96e79218965eb72c92a549dd5a330112',`lasttime`='1482936973',`lastip`='127.0.0.1' WHERE `username` = 'admin' AND `id` = 45 [ RunTime:0.0331s ]
INFO: [ view_parse ] --START--
INFO: [ template_filter ] --START--
INFO: Run Behavior\ContentReplaceBehavior [ RunTime:0.000203s ]
INFO: [ template_filter ] --END-- [ RunTime:0.000559s ]
INFO: Run Behavior\ParseTemplateBehavior [ RunTime:0.048305s ]
INFO: [ view_parse ] --END-- [ RunTime:0.048581s ]
INFO: [ view_filter ] --START--
INFO: Run Behavior\WriteHtmlCacheBehavior [ RunTime:0.000375s ]
INFO: [ view_filter ] --END-- [ RunTime:0.000514s ]
INFO: [ app_end ] --START--
INFO: Run Behavior\ShowPageTraceBehavior [ RunTime:0.000485s ]
INFO: [ app_end ] --END-- [ RunTime:0.000598s ]

[ 2016-12-28T22:56:15+08:00 ] 127.0.0.1 /index.php/home/admin/user_index
INFO: [ app_init ] --START--
INFO: Run Behavior\BuildLiteBehavior [ RunTime:0.000075s ]
INFO: [ app_init ] --END-- [ RunTime:0.001194s ]
INFO: [ app_begin ] --START--
INFO: Run Behavior\ReadHtmlCacheBehavior [ RunTime:0.001004s ]
INFO: [ app_begin ] --END-- [ RunTime:0.001263s ]
NOTIC: [2] Missing argument 1 for Common\Controller\CommonController::get_user_roles(), called in C:\wamp\www\lingkong\Application\Home\Controller\AdminController.class.php on line 8 and defined C:\wamp\www\lingkong\Application\Common\Controller\CommonController.class.php 第 28 行.
NOTIC: [2] Missing argument 1 for Common\Controller\CommonController::get_user_roles(), called in C:\wamp\www\lingkong\Application\Common\Controller\CommonController.class.php on line 84 and defined C:\wamp\www\lingkong\Application\Common\Controller\CommonController.class.php 第 28 行.
INFO: [ view_parse ] --START--
INFO: [ template_filter ] --START--
INFO: Run Behavior\ContentReplaceBehavior [ RunTime:0.000204s ]
INFO: [ template_filter ] --END-- [ RunTime:0.000339s ]
NOTIC: [8] Undefined variable: roles C:\wamp\www\lingkong\Application\Runtime\Cache\Home\f324508a16a2d221eb71b92d9fd560ca.php 第 35 行.
INFO: Run Behavior\ParseTemplateBehavior [ RunTime:0.100477s ]
INFO: [ view_parse ] --END-- [ RunTime:0.100638s ]
INFO: [ view_filter ] --START--
INFO: Run Behavior\WriteHtmlCacheBehavior [ RunTime:0.000373s ]
INFO: [ view_filter ] --END-- [ RunTime:0.000480s ]
INFO: [ app_end ] --START--
INFO: Run Behavior\ShowPageTraceBehavior [ RunTime:0.000681s ]
INFO: [ app_end ] --END-- [ RunTime:0.000841s ]

[ 2016-12-28T22:56:15+08:00 ] 127.0.0.1 /index.php/home/admin/img/a3.jpg
INFO: [ app_init ] --START--
INFO: Run Behavior\BuildLiteBehavior [ RunTime:0.000037s ]
INFO: [ app_init ] --END-- [ RunTime:0.000534s ]

[ 2016-12-28T22:56:15+08:00 ] 127.0.0.1 /index.php/home/admin/img/a4.jpg
INFO: [ app_init ] --START--
INFO: Run Behavior\BuildLiteBehavior [ RunTime:0.000036s ]
INFO: [ app_init ] --END-- [ RunTime:0.000919s ]

[ 2016-12-28T22:56:15+08:00 ] 127.0.0.1 /index.php/home/index/index
INFO: [ app_init ] --START--
INFO: Run Behavior\BuildLiteBehavior [ RunTime:0.000032s ]
INFO: [ app_init ] --END-- [ RunTime:0.000539s ]
INFO: [ app_begin ] --START--
INFO: Run Behavior\ReadHtmlCacheBehavior [ RunTime:0.000688s ]
INFO: [ app_begin ] --END-- [ RunTime:0.000877s ]
ERR: 非法操作:index

[ 2016-12-28T22:56:15+08:00 ] 127.0.0.1 /index.php/home/admin/img/a1.jpg
INFO: [ app_init ] --START--
INFO: Run Behavior\BuildLiteBehavior [ RunTime:0.000041s ]
INFO: [ app_init ] --END-- [ RunTime:0.000874s ]

[ 2016-12-28T22:56:15+08:00 ] 127.0.0.1 /index.php/home/admin/img/a7.jpg
INFO: [ app_init ] --START--
INFO: Run Behavior\BuildLiteBehavior [ RunTime:0.000043s ]
INFO: [ app_init ] --END-- [ RunTime:0.000561s ]

[ 2016-12-28T22:56:15+08:00 ] 127.0.0.1 /index.php/home/admin/img/a2.jpg
INFO: [ app_init ] --START--
INFO: Run Behavior\BuildLiteBehavior [ RunTime:0.000040s ]
INFO: [ app_init ] --END-- [ RunTime:0.000604s ]

[ 2016-12-28T22:56:15+08:00 ] 127.0.0.1 /index.php/home/admin/img/a8.jpg
INFO: [ app_init ] --START--
INFO: Run Behavior\BuildLiteBehavior [ RunTime:0.000047s ]
INFO: [ app_init ] --END-- [ RunTime:0.001178s ]

[ 2016-12-28T22:56:23+08:00 ] 127.0.0.1 /index.php/home/display/register
INFO: [ app_init ] --START--
INFO: Run Behavior\BuildLiteBehavior [ RunTime:0.000286s ]
INFO: [ app_init ] --END-- [ RunTime:0.002201s ]
INFO: [ app_begin ] --START--
INFO: Run Behavior\ReadHtmlCacheBehavior [ RunTime:0.001365s ]
INFO: [ app_begin ] --END-- [ RunTime:0.002490s ]
INFO: [ view_parse ] --START--
INFO: [ template_filter ] --START--
INFO: Run Behavior\ContentReplaceBehavior [ RunTime:0.000084s ]
INFO: [ template_filter ] --END-- [ RunTime:0.000253s ]
INFO: Run Behavior\ParseTemplateBehavior [ RunTime:0.015576s ]
INFO: [ view_parse ] --END-- [ RunTime:0.015915s ]
INFO: [ view_filter ] --START--
INFO: Run Behavior\WriteHtmlCacheBehavior [ RunTime:0.000564s ]
INFO: [ view_filter ] --END-- [ RunTime:0.000705s ]
INFO: [ app_end ] --START--
INFO: Run Behavior\ShowPageTraceBehavior [ RunTime:0.000870s ]
INFO: [ app_end ] --END-- [ RunTime:0.001012s ]

[ 2016-12-28T23:12:49+08:00 ] ::1 /
INFO: [ app_init ] --START--
INFO: Run Behavior\BuildLiteBehavior [ RunTime:0.000059s ]
INFO: [ app_init ] --END-- [ RunTime:0.000904s ]
INFO: [ app_begin ] --START--
INFO: Run Behavior\ReadHtmlCacheBehavior [ RunTime:0.000708s ]
INFO: [ app_begin ] --END-- [ RunTime:0.000896s ]
ERR: 非法操作:index

[ 2016-12-28T23:13:03+08:00 ] ::1 /index.php/home/display
INFO: [ app_init ] --START--
INFO: Run Behavior\BuildLiteBehavior [ RunTime:0.000039s ]
INFO: [ app_init ] --END-- [ RunTime:0.000703s ]
INFO: [ app_begin ] --START--
INFO: Run Behavior\ReadHtmlCacheBehavior [ RunTime:0.000628s ]
INFO: [ app_begin ] --END-- [ RunTime:0.001116s ]
INFO: [ view_parse ] --START--
INFO: [ template_filter ] --START--
INFO: Run Behavior\ContentReplaceBehavior [ RunTime:0.000070s ]
INFO: [ template_filter ] --END-- [ RunTime:0.000188s ]
INFO: Run Behavior\ParseTemplateBehavior [ RunTime:0.009128s ]
INFO: [ view_parse ] --END-- [ RunTime:0.009272s ]
INFO: [ view_filter ] --START--
INFO: Run Behavior\WriteHtmlCacheBehavior [ RunTime:0.000683s ]
INFO: [ view_filter ] --END-- [ RunTime:0.000861s ]
INFO: [ app_end ] --START--
INFO: Run Behavior\ShowPageTraceBehavior [ RunTime:0.000718s ]
INFO: [ app_end ] --END-- [ RunTime:0.000885s ]

[ 2016-12-28T23:13:03+08:00 ] ::1 /index.php/home/favicon.ico
INFO: [ app_init ] --START--
INFO: Run Behavior\BuildLiteBehavior [ RunTime:0.000029s ]
INFO: [ app_init ] --END-- [ RunTime:0.000912s ]

[ 2016-12-28T23:13:10+08:00 ] ::1 /index.php/home/index/login
INFO: [ app_init ] --START--
INFO: Run Behavior\BuildLiteBehavior [ RunTime:0.000042s ]
INFO: [ app_init ] --END-- [ RunTime:0.000720s ]
INFO: [ app_begin ] --START--
INFO: Run Behavior\ReadHtmlCacheBehavior [ RunTime:0.000962s ]
INFO: [ app_begin ] --END-- [ RunTime:0.001135s ]
SQL: SHOW COLUMNS FROM `user_c` [ RunTime:0.0275s ]
NOTIC: [8] Undefined index: validate C:\wamp\www\lingkong\ThinkPHP\Library\Think\Model.class.php 第 1185 行.
NOTIC: [8] Undefined index: auto C:\wamp\www\lingkong\ThinkPHP\Library\Think\Model.class.php 第 1128 行.
SQL: SELECT * FROM `user_c` WHERE `username` = 'admin' LIMIT 1   [ RunTime:0.0119s ]
SQL: UPDATE `user_c` SET `loginnum`=loginnum+1 WHERE `username` = 'admin' AND `id` = 45 [ RunTime:0.0221s ]
SQL: UPDATE `user_c` SET `username`='admin',`password`='96e79218965eb72c92a549dd5a330112',`lasttime`='1482937990',`lastip`='0.0.0.0' WHERE `username` = 'admin' AND `id` = 45 [ RunTime:0.0183s ]
INFO: [ view_parse ] --START--
INFO: [ template_filter ] --START--
INFO: Run Behavior\ContentReplaceBehavior [ RunTime:0.000210s ]
INFO: [ template_filter ] --END-- [ RunTime:0.000568s ]
INFO: Run Behavior\ParseTemplateBehavior [ RunTime:0.016329s ]
INFO: [ view_parse ] --END-- [ RunTime:0.016693s ]
INFO: [ view_filter ] --START--
INFO: Run Behavior\WriteHtmlCacheBehavior [ RunTime:0.001083s ]
INFO: [ view_filter ] --END-- [ RunTime:0.001538s ]
INFO: [ app_end ] --START--
INFO: Run Behavior\ShowPageTraceBehavior [ RunTime:0.001902s ]
INFO: [ app_end ] --END-- [ RunTime:0.002184s ]

[ 2016-12-28T23:13:11+08:00 ] ::1 /index.php/home/admin/user_index
INFO: [ app_init ] --START--
INFO: Run Behavior\BuildLiteBehavior [ RunTime:0.000072s ]
INFO: [ app_init ] --END-- [ RunTime:0.001195s ]
INFO: [ app_begin ] --START--
INFO: Run Behavior\ReadHtmlCacheBehavior [ RunTime:0.001484s ]
INFO: [ app_begin ] --END-- [ RunTime:0.001867s ]
NOTIC: [2] Missing argument 1 for Common\Controller\CommonController::get_user_roles(), called in C:\wamp\www\lingkong\Application\Home\Controller\AdminController.class.php on line 8 and defined C:\wamp\www\lingkong\Application\Common\Controller\CommonController.class.php 第 28 行.
NOTIC: [2] Missing argument 1 for Common\Controller\CommonController::get_user_roles(), called in C:\wamp\www\lingkong\Application\Common\Controller\CommonController.class.php on line 84 and defined C:\wamp\www\lingkong\Application\Common\Controller\CommonController.class.php 第 28 行.
INFO: [ view_parse ] --START--
INFO: [ template_filter ] --START--
INFO: Run Behavior\ContentReplaceBehavior [ RunTime:0.000375s ]
INFO: [ template_filter ] --END-- [ RunTime:0.000623s ]
NOTIC: [8] Undefined variable: roles C:\wamp\www\lingkong\Application\Runtime\Cache\Home\f324508a16a2d221eb71b92d9fd560ca.php 第 35 行.
INFO: Run Behavior\ParseTemplateBehavior [ RunTime:0.107108s ]
INFO: [ view_parse ] --END-- [ RunTime:0.107536s ]
INFO: [ view_filter ] --START--
INFO: Run Behavior\WriteHtmlCacheBehavior [ RunTime:0.000338s ]
INFO: [ view_filter ] --END-- [ RunTime:0.000524s ]
INFO: [ app_end ] --START--
INFO: Run Behavior\ShowPageTraceBehavior [ RunTime:0.001709s ]
INFO: [ app_end ] --END-- [ RunTime:0.002016s ]

[ 2016-12-28T23:13:11+08:00 ] ::1 /index.php/home/admin/img/a1.jpg
INFO: [ app_init ] --START--
INFO: Run Behavior\BuildLiteBehavior [ RunTime:0.000083s ]
INFO: [ app_init ] --END-- [ RunTime:0.000841s ]

[ 2016-12-28T23:13:11+08:00 ] ::1 /index.php/home/admin/img/a3.jpg
INFO: [ app_init ] --START--
INFO: Run Behavior\BuildLiteBehavior [ RunTime:0.000038s ]
INFO: [ app_init ] --END-- [ RunTime:0.000614s ]

[ 2016-12-28T23:13:11+08:00 ] ::1 /index.php/home/admin/img/a2.jpg
INFO: [ app_init ] --START--
INFO: Run Behavior\BuildLiteBehavior [ RunTime:0.000036s ]
INFO: [ app_init ] --END-- [ RunTime:0.000494s ]

[ 2016-12-28T23:13:11+08:00 ] ::1 /index.php/home/admin/img/a7.jpg
INFO: [ app_init ] --START--
INFO: Run Behavior\BuildLiteBehavior [ RunTime:0.000046s ]
INFO: [ app_init ] --END-- [ RunTime:0.000797s ]

[ 2016-12-28T23:13:11+08:00 ] ::1 /index.php/home/index/index
INFO: [ app_init ] --START--
INFO: Run Behavior\BuildLiteBehavior [ RunTime:0.000075s ]
INFO: [ app_init ] --END-- [ RunTime:0.001277s ]
INFO: [ app_begin ] --START--
INFO: Run Behavior\ReadHtmlCacheBehavior [ RunTime:0.001146s ]
INFO: [ app_begin ] --END-- [ RunTime:0.001348s ]
ERR: 非法操作:index

[ 2016-12-28T23:13:12+08:00 ] ::1 /index.php/home/admin/favicon.ico
INFO: [ app_init ] --START--
INFO: Run Behavior\BuildLiteBehavior [ RunTime:0.000027s ]
INFO: [ app_init ] --END-- [ RunTime:0.000571s ]

[ 2016-12-28T23:13:40+08:00 ] ::1 /index.php/home/admin/add_customer?v=4.0
INFO: [ app_init ] --START--
INFO: Run Behavior\BuildLiteBehavior [ RunTime:0.000040s ]
INFO: [ app_init ] --END-- [ RunTime:0.000659s ]
INFO: [ app_begin ] --START--
INFO: Run Behavior\ReadHtmlCacheBehavior [ RunTime:0.001127s ]
INFO: [ app_begin ] --END-- [ RunTime:0.001399s ]
NOTIC: [2] Missing argument 1 for Common\Controller\CommonController::get_user_roles(), called in C:\wamp\www\lingkong\Application\Home\Controller\AdminController.class.php on line 8 and defined C:\wamp\www\lingkong\Application\Common\Controller\CommonController.class.php 第 28 行.
INFO: [ view_parse ] --START--
INFO: [ template_filter ] --START--
INFO: Run Behavior\ContentReplaceBehavior [ RunTime:0.000165s ]
INFO: [ template_filter ] --END-- [ RunTime:0.000368s ]
INFO: Run Behavior\ParseTemplateBehavior [ RunTime:0.060002s ]
INFO: [ view_parse ] --END-- [ RunTime:0.060246s ]
INFO: [ view_filter ] --START--
INFO: Run Behavior\WriteHtmlCacheBehavior [ RunTime:0.000433s ]
INFO: [ view_filter ] --END-- [ RunTime:0.000537s ]
INFO: [ app_end ] --START--
INFO: Run Behavior\ShowPageTraceBehavior [ RunTime:0.001167s ]
INFO: [ app_end ] --END-- [ RunTime:0.001416s ]

[ 2016-12-28T23:13:55+08:00 ] ::1 /index.php/home/admin/add_customer_o?v=4.0
INFO: [ app_init ] --START--
INFO: Run Behavior\BuildLiteBehavior [ RunTime:0.000097s ]
INFO: [ app_init ] --END-- [ RunTime:0.002078s ]
INFO: [ app_begin ] --START--
INFO: Run Behavior\ReadHtmlCacheBehavior [ RunTime:0.002034s ]
INFO: [ app_begin ] --END-- [ RunTime:0.002353s ]
NOTIC: [2] Missing argument 1 for Common\Controller\CommonController::get_user_roles(), called in C:\wamp\www\lingkong\Application\Home\Controller\AdminController.class.php on line 8 and defined C:\wamp\www\lingkong\Application\Common\Controller\CommonController.class.php 第 28 行.
INFO: [ view_parse ] --START--
INFO: [ template_filter ] --START--
INFO: Run Behavior\ContentReplaceBehavior [ RunTime:0.000118s ]
INFO: [ template_filter ] --END-- [ RunTime:0.000234s ]
INFO: Run Behavior\ParseTemplateBehavior [ RunTime:0.043048s ]
INFO: [ view_parse ] --END-- [ RunTime:0.043259s ]
INFO: [ view_filter ] --START--
INFO: Run Behavior\WriteHtmlCacheBehavior [ RunTime:0.000512s ]
INFO: [ view_filter ] --END-- [ RunTime:0.000713s ]
INFO: [ app_end ] --START--
INFO: Run Behavior\ShowPageTraceBehavior [ RunTime:0.000731s ]
INFO: [ app_end ] --END-- [ RunTime:0.000837s ]

[ 2016-12-28T23:13:57+08:00 ] ::1 /index.php/home/admin/customer_list?v=4.0
INFO: [ app_init ] --START--
INFO: Run Behavior\BuildLiteBehavior [ RunTime:0.000046s ]
INFO: [ app_init ] --END-- [ RunTime:0.000602s ]
INFO: [ app_begin ] --START--
INFO: Run Behavior\ReadHtmlCacheBehavior [ RunTime:0.000801s ]
INFO: [ app_begin ] --END-- [ RunTime:0.000981s ]
NOTIC: [2] Missing argument 1 for Common\Controller\CommonController::get_user_roles(), called in C:\wamp\www\lingkong\Application\Home\Controller\AdminController.class.php on line 8 and defined C:\wamp\www\lingkong\Application\Common\Controller\CommonController.class.php 第 28 行.
INFO: [ view_parse ] --START--
INFO: [ template_filter ] --START--
INFO: Run Behavior\ContentReplaceBehavior [ RunTime:0.000166s ]
INFO: [ template_filter ] --END-- [ RunTime:0.000280s ]
INFO: Run Behavior\ParseTemplateBehavior [ RunTime:0.059111s ]
INFO: [ view_parse ] --END-- [ RunTime:0.059230s ]
INFO: [ view_filter ] --START--
INFO: Run Behavior\WriteHtmlCacheBehavior [ RunTime:0.000389s ]
INFO: [ view_filter ] --END-- [ RunTime:0.000586s ]
INFO: [ app_end ] --START--
INFO: Run Behavior\ShowPageTraceBehavior [ RunTime:0.001321s ]
INFO: [ app_end ] --END-- [ RunTime:0.001848s ]

[ 2016-12-28T23:13:57+08:00 ] ::1 /index.php/home/admin/customer_search_ajax_org
INFO: [ app_init ] --START--
INFO: Run Behavior\BuildLiteBehavior [ RunTime:0.000045s ]
INFO: [ app_init ] --END-- [ RunTime:0.001153s ]
INFO: [ app_begin ] --START--
INFO: Run Behavior\ReadHtmlCacheBehavior [ RunTime:0.000487s ]
INFO: [ app_begin ] --END-- [ RunTime:0.000607s ]
NOTIC: [2] Missing argument 1 for Common\Controller\CommonController::get_user_roles(), called in C:\wamp\www\lingkong\Application\Home\Controller\AdminController.class.php on line 8 and defined C:\wamp\www\lingkong\Application\Common\Controller\CommonController.class.php 第 28 行.
SQL: SHOW COLUMNS FROM `customer_o` [ RunTime:0.0186s ]
SQL: SELECT * FROM `customer_o` WHERE `userid` IN ('45') AND `is_delete` = 0 ORDER BY id desc  [ RunTime:0.0161s ]

[ 2016-12-28T23:13:57+08:00 ] ::1 /index.php/home/admin/customer_search_ajax
INFO: [ app_init ] --START--
INFO: Run Behavior\BuildLiteBehavior [ RunTime:0.000118s ]
INFO: [ app_init ] --END-- [ RunTime:0.001089s ]
INFO: [ app_begin ] --START--
INFO: Run Behavior\ReadHtmlCacheBehavior [ RunTime:0.000806s ]
INFO: [ app_begin ] --END-- [ RunTime:0.001000s ]
NOTIC: [2] Missing argument 1 for Common\Controller\CommonController::get_user_roles(), called in C:\wamp\www\lingkong\Application\Home\Controller\AdminController.class.php on line 8 and defined C:\wamp\www\lingkong\Application\Common\Controller\CommonController.class.php 第 28 行.
SQL: SHOW COLUMNS FROM `customer_c` [ RunTime:0.0189s ]
SQL: SELECT * FROM `customer_c` WHERE `userid` IN ('45') AND `is_delete` = 0 ORDER BY id desc  [ RunTime:0.0201s ]

[ 2016-12-28T23:13:57+08:00 ] ::1 /index.php/home/admin/customer_list_ajax_org
INFO: [ app_init ] --START--
INFO: Run Behavior\BuildLiteBehavior [ RunTime:0.000045s ]
INFO: [ app_init ] --END-- [ RunTime:0.000597s ]
INFO: [ app_begin ] --START--
INFO: Run Behavior\ReadHtmlCacheBehavior [ RunTime:0.001103s ]
INFO: [ app_begin ] --END-- [ RunTime:0.001349s ]
NOTIC: [2] Missing argument 1 for Common\Controller\CommonController::get_user_roles(), called in C:\wamp\www\lingkong\Application\Home\Controller\AdminController.class.php on line 8 and defined C:\wamp\www\lingkong\Application\Common\Controller\CommonController.class.php 第 28 行.
SQL: SHOW COLUMNS FROM `customer_o` [ RunTime:0.0146s ]
SQL: SELECT * FROM `customer_o` WHERE `userid` IN ('45') AND `is_delete` = 0 ORDER BY id desc  [ RunTime:0.0170s ]

[ 2016-12-28T23:13:57+08:00 ] ::1 /index.php/home/admin/customer_list_ajax
INFO: [ app_init ] --START--
INFO: Run Behavior\BuildLiteBehavior [ RunTime:0.000111s ]
INFO: [ app_init ] --END-- [ RunTime:0.002598s ]
INFO: [ app_begin ] --START--
INFO: Run Behavior\ReadHtmlCacheBehavior [ RunTime:0.000733s ]
INFO: [ app_begin ] --END-- [ RunTime:0.000910s ]
NOTIC: [2] Missing argument 1 for Common\Controller\CommonController::get_user_roles(), called in C:\wamp\www\lingkong\Application\Home\Controller\AdminController.class.php on line 8 and defined C:\wamp\www\lingkong\Application\Common\Controller\CommonController.class.php 第 28 行.
SQL: SHOW COLUMNS FROM `customer_c` [ RunTime:0.0218s ]
SQL: SELECT * FROM `customer_c` WHERE `userid` IN ('45') AND `is_delete` = 0 ORDER BY id desc  [ RunTime:0.0281s ]
NOTIC: [8] Undefined variable: info C:\wamp\www\lingkong\Application\Common\Controller\CommonController.class.php 第 212 行.
NOTIC: [8] Undefined variable: status C:\wamp\www\lingkong\Application\Common\Controller\CommonController.class.php 第 212 行.
NOTIC: [8] Undefined variable: type C:\wamp\www\lingkong\Application\Common\Controller\CommonController.class.php 第 212 行.

[ 2016-12-28T23:14:17+08:00 ] ::1 /index.php/home/admin/list_car?v=4.0
INFO: [ app_init ] --START--
INFO: Run Behavior\BuildLiteBehavior [ RunTime:0.000138s ]
INFO: [ app_init ] --END-- [ RunTime:0.004039s ]
INFO: [ app_begin ] --START--
INFO: Run Behavior\ReadHtmlCacheBehavior [ RunTime:0.001630s ]
INFO: [ app_begin ] --END-- [ RunTime:0.002196s ]
NOTIC: [2] Missing argument 1 for Common\Controller\CommonController::get_user_roles(), called in C:\wamp\www\lingkong\Application\Home\Controller\AdminController.class.php on line 8 and defined C:\wamp\www\lingkong\Application\Common\Controller\CommonController.class.php 第 28 行.
INFO: [ view_parse ] --START--
INFO: [ template_filter ] --START--
INFO: Run Behavior\ContentReplaceBehavior [ RunTime:0.000230s ]
INFO: [ template_filter ] --END-- [ RunTime:0.000550s ]
INFO: Run Behavior\ParseTemplateBehavior [ RunTime:0.067995s ]
INFO: [ view_parse ] --END-- [ RunTime:0.068258s ]
INFO: [ view_filter ] --START--
INFO: Run Behavior\WriteHtmlCacheBehavior [ RunTime:0.000371s ]
INFO: [ view_filter ] --END-- [ RunTime:0.000539s ]
INFO: [ app_end ] --START--
INFO: Run Behavior\ShowPageTraceBehavior [ RunTime:0.000463s ]
INFO: [ app_end ] --END-- [ RunTime:0.000569s ]

[ 2016-12-28T23:14:17+08:00 ] ::1 /index.php/home/admin/cars_list
INFO: [ app_init ] --START--
INFO: Run Behavior\BuildLiteBehavior [ RunTime:0.000025s ]
INFO: [ app_init ] --END-- [ RunTime:0.000511s ]
INFO: [ app_begin ] --START--
INFO: Run Behavior\ReadHtmlCacheBehavior [ RunTime:0.000500s ]
INFO: [ app_begin ] --END-- [ RunTime:0.000594s ]
NOTIC: [2] Missing argument 1 for Common\Controller\CommonController::get_user_roles(), called in C:\wamp\www\lingkong\Application\Home\Controller\AdminController.class.php on line 8 and defined C:\wamp\www\lingkong\Application\Common\Controller\CommonController.class.php 第 28 行.
SQL: SHOW COLUMNS FROM `cars_c` [ RunTime:0.0133s ]
SQL: SELECT * FROM `cars_c` WHERE `userid` IN ('45') AND `is_delete` = 0 ORDER BY id desc  [ RunTime:0.0128s ]

[ 2016-12-28T23:14:22+08:00 ] ::1 /index.php/home/admin/view_car/id/7
INFO: [ app_init ] --START--
INFO: Run Behavior\BuildLiteBehavior [ RunTime:0.000028s ]
INFO: [ app_init ] --END-- [ RunTime:0.000487s ]
INFO: [ app_begin ] --START--
INFO: Run Behavior\ReadHtmlCacheBehavior [ RunTime:0.000813s ]
INFO: [ app_begin ] --END-- [ RunTime:0.001017s ]
NOTIC: [2] Missing argument 1 for Common\Controller\CommonController::get_user_roles(), called in C:\wamp\www\lingkong\Application\Home\Controller\AdminController.class.php on line 8 and defined C:\wamp\www\lingkong\Application\Common\Controller\CommonController.class.php 第 28 行.
SQL: SHOW COLUMNS FROM `cars_c` [ RunTime:0.0198s ]
SQL: SHOW COLUMNS FROM `cars_c` [ RunTime:0.0159s ]
SQL: SELECT * FROM cars_c as a INNER JOIN cars as b on b.id = a.cars_id  WHERE ( a.id =7 ) LIMIT 1   [ RunTime:0.0219s ]
INFO: [ view_parse ] --START--
INFO: [ template_filter ] --START--
INFO: Run Behavior\ContentReplaceBehavior [ RunTime:0.000206s ]
INFO: [ template_filter ] --END-- [ RunTime:0.000424s ]
NOTIC: [8] Undefined variable: tingkao_company C:\wamp\www\lingkong\Application\Runtime\Cache\Home\2c0af58fc21ecd11da7e90d60baeb03c.php 第 110 行.
NOTIC: [8] Undefined variable: tingkao_store C:\wamp\www\lingkong\Application\Runtime\Cache\Home\2c0af58fc21ecd11da7e90d60baeb03c.php 第 112 行.
INFO: Run Behavior\ParseTemplateBehavior [ RunTime:0.129280s ]
INFO: [ view_parse ] --END-- [ RunTime:0.129464s ]
INFO: [ view_filter ] --START--
INFO: Run Behavior\WriteHtmlCacheBehavior [ RunTime:0.000853s ]
INFO: [ view_filter ] --END-- [ RunTime:0.001130s ]
INFO: [ app_end ] --START--
INFO: Run Behavior\ShowPageTraceBehavior [ RunTime:0.001074s ]
INFO: [ app_end ] --END-- [ RunTime:0.001289s ]

[ 2016-12-28T23:14:33+08:00 ] ::1 /index.php/home/admin/order_add/car_id/7
INFO: [ app_init ] --START--
INFO: Run Behavior\BuildLiteBehavior [ RunTime:0.000088s ]
INFO: [ app_init ] --END-- [ RunTime:0.001071s ]
INFO: [ app_begin ] --START--
INFO: Run Behavior\ReadHtmlCacheBehavior [ RunTime:0.003202s ]
INFO: [ app_begin ] --END-- [ RunTime:0.003761s ]
NOTIC: [2] Missing argument 1 for Common\Controller\CommonController::get_user_roles(), called in C:\wamp\www\lingkong\Application\Home\Controller\AdminController.class.php on line 8 and defined C:\wamp\www\lingkong\Application\Common\Controller\CommonController.class.php 第 28 行.
SQL: SHOW COLUMNS FROM `child_company` [ RunTime:0.0121s ]
SQL: SHOW COLUMNS FROM `store_c` [ RunTime:0.0141s ]
SQL: SHOW COLUMNS FROM `cars_c` [ RunTime:0.0134s ]
SQL: SELECT * FROM cars_c as a INNER JOIN cars as b on b.id = a.cars_id  WHERE ( a.id =7 ) LIMIT 1   [ RunTime:0.0197s ]
SQL: SELECT * FROM `child_company` WHERE ( id=1 ) LIMIT 1   [ RunTime:0.0141s ]
SQL: SELECT * FROM `store_c` WHERE ( id=3 ) LIMIT 1   [ RunTime:0.0180s ]
INFO: [ view_parse ] --START--
INFO: [ template_filter ] --START--
INFO: Run Behavior\ContentReplaceBehavior [ RunTime:0.002030s ]
INFO: [ template_filter ] --END-- [ RunTime:0.003044s ]
NOTIC: [8] Undefined variable: address C:\wamp\www\lingkong\Application\Runtime\Cache\Home\b7f507eea3d552cd51ffe97cb08cf6c8.php 第 162 行.
INFO: Run Behavior\ParseTemplateBehavior [ RunTime:0.098047s ]
INFO: [ view_parse ] --END-- [ RunTime:0.098515s ]
INFO: [ view_filter ] --START--
INFO: Run Behavior\WriteHtmlCacheBehavior [ RunTime:0.000733s ]
INFO: [ view_filter ] --END-- [ RunTime:0.000879s ]
INFO: [ app_end ] --START--
INFO: Run Behavior\ShowPageTraceBehavior [ RunTime:0.011131s ]
INFO: [ app_end ] --END-- [ RunTime:0.011505s ]

[ 2016-12-28T23:14:40+08:00 ] ::1 /index.php/home/admin/add_car?v=4.0
INFO: [ app_init ] --START--
INFO: Run Behavior\BuildLiteBehavior [ RunTime:0.000028s ]
INFO: [ app_init ] --END-- [ RunTime:0.000653s ]
INFO: [ app_begin ] --START--
INFO: Run Behavior\ReadHtmlCacheBehavior [ RunTime:0.000839s ]
INFO: [ app_begin ] --END-- [ RunTime:0.001004s ]
NOTIC: [2] Missing argument 1 for Common\Controller\CommonController::get_user_roles(), called in C:\wamp\www\lingkong\Application\Home\Controller\AdminController.class.php on line 8 and defined C:\wamp\www\lingkong\Application\Common\Controller\CommonController.class.php 第 28 行.
INFO: [ view_parse ] --START--
INFO: [ template_filter ] --START--
INFO: Run Behavior\ContentReplaceBehavior [ RunTime:0.000323s ]
INFO: [ template_filter ] --END-- [ RunTime:0.000518s ]
INFO: Run Behavior\ParseTemplateBehavior [ RunTime:0.067925s ]
INFO: [ view_parse ] --END-- [ RunTime:0.068376s ]
INFO: [ view_filter ] --START--
INFO: Run Behavior\WriteHtmlCacheBehavior [ RunTime:0.000384s ]
INFO: [ view_filter ] --END-- [ RunTime:0.000498s ]
INFO: [ app_end ] --START--
INFO: Run Behavior\ShowPageTraceBehavior [ RunTime:0.001019s ]
INFO: [ app_end ] --END-- [ RunTime:0.001233s ]

[ 2016-12-28T23:14:40+08:00 ] ::1 /index.php/home/admin/car_search_ajax
INFO: [ app_init ] --START--
INFO: Run Behavior\BuildLiteBehavior [ RunTime:0.000032s ]
INFO: [ app_init ] --END-- [ RunTime:0.000462s ]
INFO: [ app_begin ] --START--
INFO: Run Behavior\ReadHtmlCacheBehavior [ RunTime:0.000585s ]
INFO: [ app_begin ] --END-- [ RunTime:0.000698s ]
NOTIC: [2] Missing argument 1 for Common\Controller\CommonController::get_user_roles(), called in C:\wamp\www\lingkong\Application\Home\Controller\AdminController.class.php on line 8 and defined C:\wamp\www\lingkong\Application\Common\Controller\CommonController.class.php 第 28 行.
SQL: SHOW COLUMNS FROM `cars` [ RunTime:0.0166s ]
NOTIC: [8] Undefined variable: where C:\wamp\www\lingkong\Application\Common\Controller\CommonController.class.php 第 454 行.
SQL: SELECT * FROM `cars` ORDER BY id desc  [ RunTime:0.0154s ]

[ 2016-12-28T23:14:41+08:00 ] ::1 /index.php/home/admin/fresh_store
INFO: [ app_init ] --START--
INFO: Run Behavior\BuildLiteBehavior [ RunTime:0.000041s ]
INFO: [ app_init ] --END-- [ RunTime:0.000694s ]
INFO: [ app_begin ] --START--
INFO: Run Behavior\ReadHtmlCacheBehavior [ RunTime:0.000489s ]
INFO: [ app_begin ] --END-- [ RunTime:0.000597s ]
NOTIC: [2] Missing argument 1 for Common\Controller\CommonController::get_user_roles(), called in C:\wamp\www\lingkong\Application\Home\Controller\AdminController.class.php on line 8 and defined C:\wamp\www\lingkong\Application\Common\Controller\CommonController.class.php 第 28 行.
SQL: SHOW COLUMNS FROM `child_company` [ RunTime:0.0143s ]
SQL: SHOW COLUMNS FROM `store_c` [ RunTime:0.0149s ]
SQL: SELECT * FROM `child_company` WHERE ( userid=45 )  [ RunTime:0.0258s ]

[ 2016-12-28T23:14:42+08:00 ] ::1 /index.php/home/admin/fresh_store_company_si
INFO: [ app_init ] --START--
INFO: Run Behavior\BuildLiteBehavior [ RunTime:0.000041s ]
INFO: [ app_init ] --END-- [ RunTime:0.000651s ]
INFO: [ app_begin ] --START--
INFO: Run Behavior\ReadHtmlCacheBehavior [ RunTime:0.000800s ]
INFO: [ app_begin ] --END-- [ RunTime:0.000983s ]
NOTIC: [2] Missing argument 1 for Common\Controller\CommonController::get_user_roles(), called in C:\wamp\www\lingkong\Application\Home\Controller\AdminController.class.php on line 8 and defined C:\wamp\www\lingkong\Application\Common\Controller\CommonController.class.php 第 28 行.
SQL: SHOW COLUMNS FROM `store_c` [ RunTime:0.0159s ]
ERR: 1064:You have an error in your SQL syntax; check the manual that corresponds to your MySQL server version for the right syntax to use near ')' at line 1
 [ SQL语句 ] : SELECT * FROM `store_c` WHERE ( userid=45 and parent_id= ) 
ERR: 1064:You have an error in your SQL syntax; check the manual that corresponds to your MySQL server version for the right syntax to use near ')' at line 1
 [ SQL语句 ] : SELECT * FROM `store_c` WHERE ( userid=45 and parent_id= ) 

[ 2016-12-28T23:14:42+08:00 ] ::1 /index.php/home/admin/
INFO: [ app_init ] --START--
INFO: Run Behavior\BuildLiteBehavior [ RunTime:0.000038s ]
INFO: [ app_init ] --END-- [ RunTime:0.000572s ]
INFO: [ app_begin ] --START--
INFO: Run Behavior\ReadHtmlCacheBehavior [ RunTime:0.000657s ]
INFO: [ app_begin ] --END-- [ RunTime:0.000891s ]
NOTIC: [2] Missing argument 1 for Common\Controller\CommonController::get_user_roles(), called in C:\wamp\www\lingkong\Application\Home\Controller\AdminController.class.php on line 8 and defined C:\wamp\www\lingkong\Application\Common\Controller\CommonController.class.php 第 28 行.
ERR: 非法操作:index

[ 2016-12-28T23:14:55+08:00 ] ::1 /index.php/home/admin/get_car_detail
INFO: [ app_init ] --START--
INFO: Run Behavior\BuildLiteBehavior [ RunTime:0.000028s ]
INFO: [ app_init ] --END-- [ RunTime:0.000629s ]
INFO: [ app_begin ] --START--
INFO: Run Behavior\ReadHtmlCacheBehavior [ RunTime:0.000564s ]
INFO: [ app_begin ] --END-- [ RunTime:0.000667s ]
NOTIC: [2] Missing argument 1 for Common\Controller\CommonController::get_user_roles(), called in C:\wamp\www\lingkong\Application\Home\Controller\AdminController.class.php on line 8 and defined C:\wamp\www\lingkong\Application\Common\Controller\CommonController.class.php 第 28 行.
SQL: SHOW COLUMNS FROM `cars` [ RunTime:0.0128s ]
SQL: SELECT * FROM `cars` WHERE ( id=2 ) LIMIT 1   [ RunTime:0.0129s ]
INFO: [ app_end ] --START--
INFO: Run Behavior\ShowPageTraceBehavior [ RunTime:0.001174s ]
INFO: [ app_end ] --END-- [ RunTime:0.001442s ]

[ 2016-12-28T23:16:12+08:00 ] ::1 /index.php/home/admin/fresh_store_company_si
INFO: [ app_init ] --START--
INFO: Run Behavior\BuildLiteBehavior [ RunTime:0.000025s ]
INFO: [ app_init ] --END-- [ RunTime:0.000399s ]
INFO: [ app_begin ] --START--
INFO: Run Behavior\ReadHtmlCacheBehavior [ RunTime:0.000413s ]
INFO: [ app_begin ] --END-- [ RunTime:0.000508s ]
NOTIC: [2] Missing argument 1 for Common\Controller\CommonController::get_user_roles(), called in C:\wamp\www\lingkong\Application\Home\Controller\AdminController.class.php on line 8 and defined C:\wamp\www\lingkong\Application\Common\Controller\CommonController.class.php 第 28 行.
SQL: SHOW COLUMNS FROM `store_c` [ RunTime:0.0370s ]
SQL: SELECT * FROM `store_c` WHERE ( userid=45 and parent_id=1 )  [ RunTime:0.0618s ]

[ 2016-12-28T23:34:14+08:00 ] ::1 /index.php/home/admin/css_animation.html?v=4.0
INFO: [ app_init ] --START--
INFO: Run Behavior\BuildLiteBehavior [ RunTime:0.000026s ]
INFO: [ app_init ] --END-- [ RunTime:0.013080s ]
INFO: [ app_begin ] --START--
INFO: Run Behavior\ReadHtmlCacheBehavior [ RunTime:0.015500s ]
INFO: [ app_begin ] --END-- [ RunTime:0.015621s ]
NOTIC: [2] Missing argument 1 for Common\Controller\CommonController::get_user_roles(), called in C:\wamp\www\lingkong\Application\Home\Controller\AdminController.class.php on line 8 and defined C:\wamp\www\lingkong\Application\Common\Controller\CommonController.class.php 第 28 行.
ERR: 非法操作:css_animation

[ 2016-12-28T23:55:10+08:00 ] ::1 /index.php/home/admin/logout
INFO: [ app_init ] --START--
INFO: Run Behavior\BuildLiteBehavior [ RunTime:0.000028s ]
INFO: [ app_init ] --END-- [ RunTime:0.000740s ]
INFO: [ app_begin ] --START--
INFO: Run Behavior\ReadHtmlCacheBehavior [ RunTime:0.000850s ]
INFO: [ app_begin ] --END-- [ RunTime:0.000990s ]
NOTIC: [2] Missing argument 1 for Common\Controller\CommonController::get_user_roles(), called in C:\wamp\www\lingkong\Application\Home\Controller\AdminController.class.php on line 8 and defined C:\wamp\www\lingkong\Application\Common\Controller\CommonController.class.php 第 28 行.

[ 2016-12-28T23:55:12+08:00 ] ::1 /index.php/home/display/index
INFO: [ app_init ] --START--
INFO: Run Behavior\BuildLiteBehavior [ RunTime:0.000025s ]
INFO: [ app_init ] --END-- [ RunTime:0.000400s ]
INFO: [ app_begin ] --START--
INFO: Run Behavior\ReadHtmlCacheBehavior [ RunTime:0.000414s ]
INFO: [ app_begin ] --END-- [ RunTime:0.000533s ]
INFO: [ view_parse ] --START--
INFO: [ template_filter ] --START--
INFO: Run Behavior\ContentReplaceBehavior [ RunTime:0.000078s ]
INFO: [ template_filter ] --END-- [ RunTime:0.000232s ]
INFO: Run Behavior\ParseTemplateBehavior [ RunTime:0.114624s ]
INFO: [ view_parse ] --END-- [ RunTime:0.114741s ]
INFO: [ view_filter ] --START--
INFO: Run Behavior\WriteHtmlCacheBehavior [ RunTime:0.011771s ]
INFO: [ view_filter ] --END-- [ RunTime:0.011916s ]
INFO: [ app_end ] --START--
INFO: Run Behavior\ShowPageTraceBehavior [ RunTime:0.009308s ]
INFO: [ app_end ] --END-- [ RunTime:0.009459s ]

[ 2016-12-28T23:55:12+08:00 ] ::1 /index.php/home/display/favicon.ico
INFO: [ app_init ] --START--
INFO: Run Behavior\BuildLiteBehavior [ RunTime:0.000094s ]
INFO: [ app_init ] --END-- [ RunTime:0.001911s ]

[ 2016-12-28T23:55:18+08:00 ] ::1 /index.php/home/index/login
INFO: [ app_init ] --START--
INFO: Run Behavior\BuildLiteBehavior [ RunTime:0.000035s ]
INFO: [ app_init ] --END-- [ RunTime:0.000742s ]
INFO: [ app_begin ] --START--
INFO: Run Behavior\ReadHtmlCacheBehavior [ RunTime:0.000408s ]
INFO: [ app_begin ] --END-- [ RunTime:0.000538s ]
SQL: SHOW COLUMNS FROM `user_c` [ RunTime:0.0160s ]
NOTIC: [8] Undefined index: validate C:\wamp\www\lingkong\ThinkPHP\Library\Think\Model.class.php 第 1185 行.
NOTIC: [8] Undefined index: auto C:\wamp\www\lingkong\ThinkPHP\Library\Think\Model.class.php 第 1128 行.
SQL: SELECT * FROM `user_c` WHERE `username` = 'admin' LIMIT 1   [ RunTime:0.0153s ]
SQL: UPDATE `user_c` SET `loginnum`=loginnum+1 WHERE `username` = 'admin' AND `id` = 45 [ RunTime:0.0537s ]
SQL: UPDATE `user_c` SET `username`='admin',`password`='96e79218965eb72c92a549dd5a330112',`lasttime`='1482940518',`lastip`='0.0.0.0' WHERE `username` = 'admin' AND `id` = 45 [ RunTime:0.0283s ]
INFO: [ view_parse ] --START--
INFO: [ template_filter ] --START--
INFO: Run Behavior\ContentReplaceBehavior [ RunTime:0.000068s ]
INFO: [ template_filter ] --END-- [ RunTime:0.000181s ]
INFO: Run Behavior\ParseTemplateBehavior [ RunTime:0.043083s ]
INFO: [ view_parse ] --END-- [ RunTime:0.043209s ]
INFO: [ view_filter ] --START--
INFO: Run Behavior\WriteHtmlCacheBehavior [ RunTime:0.000237s ]
INFO: [ view_filter ] --END-- [ RunTime:0.000325s ]
INFO: [ app_end ] --START--
INFO: Run Behavior\ShowPageTraceBehavior [ RunTime:0.000445s ]
INFO: [ app_end ] --END-- [ RunTime:0.000533s ]

[ 2016-12-28T23:55:19+08:00 ] ::1 /index.php/home/admin/user_index
INFO: [ app_init ] --START--
INFO: Run Behavior\BuildLiteBehavior [ RunTime:0.000022s ]
INFO: [ app_init ] --END-- [ RunTime:0.000385s ]
INFO: [ app_begin ] --START--
INFO: Run Behavior\ReadHtmlCacheBehavior [ RunTime:0.000382s ]
INFO: [ app_begin ] --END-- [ RunTime:0.000482s ]
NOTIC: [2] Missing argument 1 for Common\Controller\CommonController::get_user_roles(), called in C:\wamp\www\lingkong\Application\Home\Controller\AdminController.class.php on line 8 and defined C:\wamp\www\lingkong\Application\Common\Controller\CommonController.class.php 第 28 行.
NOTIC: [2] Missing argument 1 for Common\Controller\CommonController::get_user_roles(), called in C:\wamp\www\lingkong\Application\Common\Controller\CommonController.class.php on line 84 and defined C:\wamp\www\lingkong\Application\Common\Controller\CommonController.class.php 第 28 行.
INFO: [ view_parse ] --START--
INFO: [ template_filter ] --START--
INFO: Run Behavior\ContentReplaceBehavior [ RunTime:0.000231s ]
INFO: [ template_filter ] --END-- [ RunTime:0.000337s ]
NOTIC: [8] Undefined variable: roles C:\wamp\www\lingkong\Application\Runtime\Cache\Home\f324508a16a2d221eb71b92d9fd560ca.php 第 35 行.
INFO: Run Behavior\ParseTemplateBehavior [ RunTime:0.084049s ]
INFO: [ view_parse ] --END-- [ RunTime:0.084188s ]
INFO: [ view_filter ] --START--
INFO: Run Behavior\WriteHtmlCacheBehavior [ RunTime:0.000259s ]
INFO: [ view_filter ] --END-- [ RunTime:0.000349s ]
INFO: [ app_end ] --START--
INFO: Run Behavior\ShowPageTraceBehavior [ RunTime:0.000855s ]
INFO: [ app_end ] --END-- [ RunTime:0.001044s ]

[ 2016-12-28T23:55:19+08:00 ] ::1 /index.php/home/admin/img/a1.jpg
INFO: [ app_init ] --START--
INFO: Run Behavior\BuildLiteBehavior [ RunTime:0.000081s ]
INFO: [ app_init ] --END-- [ RunTime:0.001203s ]

[ 2016-12-28T23:55:19+08:00 ] ::1 /index.php/home/admin/img/a2.jpg
INFO: [ app_init ] --START--
INFO: Run Behavior\BuildLiteBehavior [ RunTime:0.000039s ]
INFO: [ app_init ] --END-- [ RunTime:0.000563s ]

[ 2016-12-28T23:55:19+08:00 ] ::1 /index.php/home/admin/img/a4.jpg
INFO: [ app_init ] --START--
INFO: Run Behavior\BuildLiteBehavior [ RunTime:0.000037s ]
INFO: [ app_init ] --END-- [ RunTime:0.000653s ]

[ 2016-12-28T23:55:19+08:00 ] ::1 /index.php/home/admin/img/a8.jpg
INFO: [ app_init ] --START--
INFO: Run Behavior\BuildLiteBehavior [ RunTime:0.000037s ]
INFO: [ app_init ] --END-- [ RunTime:0.000567s ]

[ 2016-12-28T23:55:19+08:00 ] ::1 /index.php/home/admin/img/a3.jpg
INFO: [ app_init ] --START--
INFO: Run Behavior\BuildLiteBehavior [ RunTime:0.000049s ]
INFO: [ app_init ] --END-- [ RunTime:0.000729s ]

[ 2016-12-28T23:55:19+08:00 ] ::1 /index.php/home/index/index
INFO: [ app_init ] --START--
INFO: Run Behavior\BuildLiteBehavior [ RunTime:0.000044s ]
INFO: [ app_init ] --END-- [ RunTime:0.000765s ]
INFO: [ app_begin ] --START--
INFO: Run Behavior\ReadHtmlCacheBehavior [ RunTime:0.000661s ]
INFO: [ app_begin ] --END-- [ RunTime:0.000844s ]
ERR: 非法操作:index

[ 2016-12-28T23:55:19+08:00 ] ::1 /index.php/home/admin/img/a7.jpg
INFO: [ app_init ] --START--
INFO: Run Behavior\BuildLiteBehavior [ RunTime:0.000040s ]
INFO: [ app_init ] --END-- [ RunTime:0.002894s ]

[ 2016-12-28T23:55:28+08:00 ] ::1 /index.php/home/admin/add_customer?v=4.0
INFO: [ app_init ] --START--
INFO: Run Behavior\BuildLiteBehavior [ RunTime:0.000038s ]
INFO: [ app_init ] --END-- [ RunTime:0.000678s ]
INFO: [ app_begin ] --START--
INFO: Run Behavior\ReadHtmlCacheBehavior [ RunTime:0.000925s ]
INFO: [ app_begin ] --END-- [ RunTime:0.001183s ]
NOTIC: [2] Missing argument 1 for Common\Controller\CommonController::get_user_roles(), called in C:\wamp\www\lingkong\Application\Home\Controller\AdminController.class.php on line 8 and defined C:\wamp\www\lingkong\Application\Common\Controller\CommonController.class.php 第 28 行.
INFO: [ view_parse ] --START--
INFO: [ template_filter ] --START--
INFO: Run Behavior\ContentReplaceBehavior [ RunTime:0.000092s ]
INFO: [ template_filter ] --END-- [ RunTime:0.000195s ]
INFO: Run Behavior\ParseTemplateBehavior [ RunTime:0.076516s ]
INFO: [ view_parse ] --END-- [ RunTime:0.076650s ]
INFO: [ view_filter ] --START--
INFO: Run Behavior\WriteHtmlCacheBehavior [ RunTime:0.000354s ]
INFO: [ view_filter ] --END-- [ RunTime:0.000445s ]
INFO: [ app_end ] --START--
INFO: Run Behavior\ShowPageTraceBehavior [ RunTime:0.000994s ]
INFO: [ app_end ] --END-- [ RunTime:0.001191s ]

