[ 2016-12-25T22:44:38+08:00 ] 127.0.0.1 /index.php/home/admin/logout
INFO: [ app_init ] --START--
INFO: Run Behavior\BuildLiteBehavior [ RunTime:0.000037s ]
INFO: [ app_init ] --END-- [ RunTime:0.015195s ]
INFO: [ app_begin ] --START--
INFO: Run Behavior\ReadHtmlCacheBehavior [ RunTime:0.021162s ]
INFO: [ app_begin ] --END-- [ RunTime:0.021299s ]

[ 2016-12-25T22:44:54+08:00 ] 127.0.0.1 /index.php/home/admin/logout
INFO: [ app_init ] --START--
INFO: Run Behavior\BuildLiteBehavior [ RunTime:0.000078s ]
INFO: [ app_init ] --END-- [ RunTime:0.001374s ]
INFO: [ app_begin ] --START--
INFO: Run Behavior\ReadHtmlCacheBehavior [ RunTime:0.001328s ]
INFO: [ app_begin ] --END-- [ RunTime:0.001923s ]

[ 2016-12-25T22:44:56+08:00 ] 127.0.0.1 /index.php/home/admin/logout
INFO: [ app_init ] --START--
INFO: Run Behavior\BuildLiteBehavior [ RunTime:0.000055s ]
INFO: [ app_init ] --END-- [ RunTime:0.000884s ]
INFO: [ app_begin ] --START--
INFO: Run Behavior\ReadHtmlCacheBehavior [ RunTime:0.000573s ]
INFO: [ app_begin ] --END-- [ RunTime:0.000726s ]

[ 2016-12-25T22:45:09+08:00 ] 127.0.0.1 /index.php/home/admin/logout
INFO: [ app_init ] --START--
INFO: Run Behavior\BuildLiteBehavior [ RunTime:0.000037s ]
INFO: [ app_init ] --END-- [ RunTime:0.000660s ]
INFO: [ app_begin ] --START--
INFO: Run Behavior\ReadHtmlCacheBehavior [ RunTime:0.000680s ]
INFO: [ app_begin ] --END-- [ RunTime:0.000830s ]

[ 2016-12-25T22:45:12+08:00 ] 127.0.0.1 /index.php/home/admin/logout
INFO: [ app_init ] --START--
INFO: Run Behavior\BuildLiteBehavior [ RunTime:0.000041s ]
INFO: [ app_init ] --END-- [ RunTime:0.000659s ]
INFO: [ app_begin ] --START--
INFO: Run Behavior\ReadHtmlCacheBehavior [ RunTime:0.000577s ]
INFO: [ app_begin ] --END-- [ RunTime:0.000730s ]

[ 2016-12-25T22:45:13+08:00 ] 127.0.0.1 /index.php/home/admin/logout
INFO: [ app_init ] --START--
INFO: Run Behavior\BuildLiteBehavior [ RunTime:0.000039s ]
INFO: [ app_init ] --END-- [ RunTime:0.000744s ]
INFO: [ app_begin ] --START--
INFO: Run Behavior\ReadHtmlCacheBehavior [ RunTime:0.000723s ]
INFO: [ app_begin ] --END-- [ RunTime:0.001033s ]

[ 2016-12-25T22:45:14+08:00 ] 127.0.0.1 /index.php/home/admin/logout
INFO: [ app_init ] --START--
INFO: Run Behavior\BuildLiteBehavior [ RunTime:0.000033s ]
INFO: [ app_init ] --END-- [ RunTime:0.000575s ]
INFO: [ app_begin ] --START--
INFO: Run Behavior\ReadHtmlCacheBehavior [ RunTime:0.000582s ]
INFO: [ app_begin ] --END-- [ RunTime:0.000735s ]

[ 2016-12-25T22:45:15+08:00 ] 127.0.0.1 /index.php/home/admin/logout
INFO: [ app_init ] --START--
INFO: Run Behavior\BuildLiteBehavior [ RunTime:0.000038s ]
INFO: [ app_init ] --END-- [ RunTime:0.000599s ]
INFO: [ app_begin ] --START--
INFO: Run Behavior\ReadHtmlCacheBehavior [ RunTime:0.000695s ]
INFO: [ app_begin ] --END-- [ RunTime:0.000881s ]

[ 2016-12-25T22:45:28+08:00 ] 127.0.0.1 /index.php/home/admin/logout
INFO: [ app_init ] --START--
INFO: Run Behavior\BuildLiteBehavior [ RunTime:0.000078s ]
INFO: [ app_init ] --END-- [ RunTime:0.001403s ]
INFO: [ app_begin ] --START--
INFO: Run Behavior\ReadHtmlCacheBehavior [ RunTime:0.002672s ]
INFO: [ app_begin ] --END-- [ RunTime:0.003298s ]
NOTIC: [2] Missing argument 1 for Common\Controller\CommonController::get_user_roles(), called in C:\wamp\www\wwwroot\Application\Home\Controller\AdminController.class.php on line 8 and defined C:\wamp\www\wwwroot\Application\Common\Controller\CommonController.class.php 第 28 行.
NOTIC: [8] Undefined index:  C:\wamp\www\wwwroot\Application\Common\Controller\CommonController.class.php 第 34 行.

[ 2016-12-25T22:45:35+08:00 ] 127.0.0.1 /index.php/home/display/index
INFO: [ app_init ] --START--
INFO: Run Behavior\BuildLiteBehavior [ RunTime:0.000023s ]
INFO: [ app_init ] --END-- [ RunTime:0.000360s ]
INFO: [ app_begin ] --START--
INFO: Run Behavior\ReadHtmlCacheBehavior [ RunTime:0.000405s ]
INFO: [ app_begin ] --END-- [ RunTime:0.000512s ]
INFO: [ view_parse ] --START--
INFO: [ template_filter ] --START--
INFO: Run Behavior\ContentReplaceBehavior [ RunTime:0.005205s ]
INFO: [ template_filter ] --END-- [ RunTime:0.005424s ]
INFO: Run Behavior\ParseTemplateBehavior [ RunTime:0.150674s ]
INFO: [ view_parse ] --END-- [ RunTime:0.150834s ]
INFO: [ view_filter ] --START--
INFO: Run Behavior\WriteHtmlCacheBehavior [ RunTime:0.016344s ]
INFO: [ view_filter ] --END-- [ RunTime:0.016480s ]
INFO: [ app_end ] --START--
INFO: Run Behavior\ShowPageTraceBehavior [ RunTime:0.009961s ]
INFO: [ app_end ] --END-- [ RunTime:0.010113s ]

[ 2016-12-25T22:45:35+08:00 ] 127.0.0.1 /index.php/home/display/favicon.ico
INFO: [ app_init ] --START--
INFO: Run Behavior\BuildLiteBehavior [ RunTime:0.000023s ]
INFO: [ app_init ] --END-- [ RunTime:0.000365s ]

[ 2016-12-25T22:45:42+08:00 ] 127.0.0.1 /index.php/home/index/login
INFO: [ app_init ] --START--
INFO: Run Behavior\BuildLiteBehavior [ RunTime:0.000052s ]
INFO: [ app_init ] --END-- [ RunTime:0.001523s ]
INFO: [ app_begin ] --START--
INFO: Run Behavior\ReadHtmlCacheBehavior [ RunTime:0.000731s ]
INFO: [ app_begin ] --END-- [ RunTime:0.000936s ]
SQL: SHOW COLUMNS FROM `user_c` [ RunTime:0.0161s ]
NOTIC: [8] Undefined index: validate C:\wamp\www\wwwroot\ThinkPHP\Library\Think\Model.class.php 第 1185 行.
NOTIC: [8] Undefined index: auto C:\wamp\www\wwwroot\ThinkPHP\Library\Think\Model.class.php 第 1128 行.
SQL: SELECT * FROM `user_c` WHERE `username` = 'admin' LIMIT 1   [ RunTime:0.0157s ]
SQL: UPDATE `user_c` SET `loginnum`=loginnum+1 WHERE `username` = 'admin' AND `id` = 45 [ RunTime:0.1229s ]
SQL: UPDATE `user_c` SET `username`='admin',`password`='96e79218965eb72c92a549dd5a330112',`lasttime`='1482677142',`lastip`='127.0.0.1' WHERE `username` = 'admin' AND `id` = 45 [ RunTime:0.0508s ]
INFO: [ view_parse ] --START--
INFO: [ template_filter ] --START--
INFO: Run Behavior\ContentReplaceBehavior [ RunTime:0.000065s ]
INFO: [ template_filter ] --END-- [ RunTime:0.000194s ]
INFO: Run Behavior\ParseTemplateBehavior [ RunTime:0.066743s ]
INFO: [ view_parse ] --END-- [ RunTime:0.067025s ]
INFO: [ view_filter ] --START--
INFO: Run Behavior\WriteHtmlCacheBehavior [ RunTime:0.000269s ]
INFO: [ view_filter ] --END-- [ RunTime:0.000364s ]
INFO: [ app_end ] --START--
INFO: Run Behavior\ShowPageTraceBehavior [ RunTime:0.000438s ]
INFO: [ app_end ] --END-- [ RunTime:0.000537s ]

[ 2016-12-25T22:45:44+08:00 ] 127.0.0.1 /index.php/home/admin/user_index
INFO: [ app_init ] --START--
INFO: Run Behavior\BuildLiteBehavior [ RunTime:0.000026s ]
INFO: [ app_init ] --END-- [ RunTime:0.000441s ]
INFO: [ app_begin ] --START--
INFO: Run Behavior\ReadHtmlCacheBehavior [ RunTime:0.000484s ]
INFO: [ app_begin ] --END-- [ RunTime:0.000609s ]
NOTIC: [2] Missing argument 1 for Common\Controller\CommonController::get_user_roles(), called in C:\wamp\www\wwwroot\Application\Home\Controller\AdminController.class.php on line 8 and defined C:\wamp\www\wwwroot\Application\Common\Controller\CommonController.class.php 第 28 行.
NOTIC: [2] Missing argument 1 for Common\Controller\CommonController::get_user_roles(), called in C:\wamp\www\wwwroot\Application\Common\Controller\CommonController.class.php on line 84 and defined C:\wamp\www\wwwroot\Application\Common\Controller\CommonController.class.php 第 28 行.
INFO: [ view_parse ] --START--
INFO: [ template_filter ] --START--
INFO: Run Behavior\ContentReplaceBehavior [ RunTime:0.000184s ]
INFO: [ template_filter ] --END-- [ RunTime:0.000302s ]
NOTIC: [8] Undefined variable: roles C:\wamp\www\wwwroot\Application\Runtime\Cache\Home\f324508a16a2d221eb71b92d9fd560ca.php 第 35 行.
INFO: Run Behavior\ParseTemplateBehavior [ RunTime:0.087219s ]
INFO: [ view_parse ] --END-- [ RunTime:0.087340s ]
INFO: [ view_filter ] --START--
INFO: Run Behavior\WriteHtmlCacheBehavior [ RunTime:0.000368s ]
INFO: [ view_filter ] --END-- [ RunTime:0.000468s ]
INFO: [ app_end ] --START--
INFO: Run Behavior\ShowPageTraceBehavior [ RunTime:0.000593s ]
INFO: [ app_end ] --END-- [ RunTime:0.000770s ]

[ 2016-12-25T22:45:44+08:00 ] 127.0.0.1 /index.php/home/admin/img/a4.jpg
INFO: [ app_init ] --START--
INFO: Run Behavior\BuildLiteBehavior [ RunTime:0.000040s ]
INFO: [ app_init ] --END-- [ RunTime:0.000746s ]

[ 2016-12-25T22:45:44+08:00 ] 127.0.0.1 /index.php/home/admin/img/a8.jpg
INFO: [ app_init ] --START--
INFO: Run Behavior\BuildLiteBehavior [ RunTime:0.000042s ]
INFO: [ app_init ] --END-- [ RunTime:0.000666s ]

[ 2016-12-25T22:45:44+08:00 ] 127.0.0.1 /index.php/home/admin/img/a7.jpg
INFO: [ app_init ] --START--
INFO: Run Behavior\BuildLiteBehavior [ RunTime:0.000037s ]
INFO: [ app_init ] --END-- [ RunTime:0.000581s ]

[ 2016-12-25T22:45:44+08:00 ] 127.0.0.1 /index.php/home/index/index
INFO: [ app_init ] --START--
INFO: Run Behavior\BuildLiteBehavior [ RunTime:0.000041s ]
INFO: [ app_init ] --END-- [ RunTime:0.000634s ]
INFO: [ app_begin ] --START--
INFO: Run Behavior\ReadHtmlCacheBehavior [ RunTime:0.000634s ]
INFO: [ app_begin ] --END-- [ RunTime:0.000814s ]
ERR: 非法操作:index

[ 2016-12-25T22:45:44+08:00 ] 127.0.0.1 /index.php/home/admin/img/a2.jpg
INFO: [ app_init ] --START--
INFO: Run Behavior\BuildLiteBehavior [ RunTime:0.000039s ]
INFO: [ app_init ] --END-- [ RunTime:0.000574s ]

[ 2016-12-25T22:45:44+08:00 ] 127.0.0.1 /index.php/home/admin/img/a3.jpg
INFO: [ app_init ] --START--
INFO: Run Behavior\BuildLiteBehavior [ RunTime:0.000078s ]
INFO: [ app_init ] --END-- [ RunTime:0.005585s ]

[ 2016-12-25T22:45:44+08:00 ] 127.0.0.1 /index.php/home/admin/favicon.ico
INFO: [ app_init ] --START--
INFO: Run Behavior\BuildLiteBehavior [ RunTime:0.000040s ]
INFO: [ app_init ] --END-- [ RunTime:0.000795s ]

[ 2016-12-25T22:45:48+08:00 ] 127.0.0.1 /index.php/home/admin/list_car?v=4.0
INFO: [ app_init ] --START--
INFO: Run Behavior\BuildLiteBehavior [ RunTime:0.000042s ]
INFO: [ app_init ] --END-- [ RunTime:0.000549s ]
INFO: [ app_begin ] --START--
INFO: Run Behavior\ReadHtmlCacheBehavior [ RunTime:0.000780s ]
INFO: [ app_begin ] --END-- [ RunTime:0.000995s ]
NOTIC: [2] Missing argument 1 for Common\Controller\CommonController::get_user_roles(), called in C:\wamp\www\wwwroot\Application\Home\Controller\AdminController.class.php on line 8 and defined C:\wamp\www\wwwroot\Application\Common\Controller\CommonController.class.php 第 28 行.
INFO: [ view_parse ] --START--
INFO: [ template_filter ] --START--
INFO: Run Behavior\ContentReplaceBehavior [ RunTime:0.000135s ]
INFO: [ template_filter ] --END-- [ RunTime:0.000329s ]
INFO: Run Behavior\ParseTemplateBehavior [ RunTime:0.118959s ]
INFO: [ view_parse ] --END-- [ RunTime:0.119170s ]
INFO: [ view_filter ] --START--
INFO: Run Behavior\WriteHtmlCacheBehavior [ RunTime:0.000355s ]
INFO: [ view_filter ] --END-- [ RunTime:0.000448s ]
INFO: [ app_end ] --START--
INFO: Run Behavior\ShowPageTraceBehavior [ RunTime:0.000489s ]
INFO: [ app_end ] --END-- [ RunTime:0.000587s ]

[ 2016-12-25T22:45:49+08:00 ] 127.0.0.1 /index.php/home/admin/cars_list
INFO: [ app_init ] --START--
INFO: Run Behavior\BuildLiteBehavior [ RunTime:0.000067s ]
INFO: [ app_init ] --END-- [ RunTime:0.001052s ]
INFO: [ app_begin ] --START--
INFO: Run Behavior\ReadHtmlCacheBehavior [ RunTime:0.001404s ]
INFO: [ app_begin ] --END-- [ RunTime:0.001714s ]
NOTIC: [2] Missing argument 1 for Common\Controller\CommonController::get_user_roles(), called in C:\wamp\www\wwwroot\Application\Home\Controller\AdminController.class.php on line 8 and defined C:\wamp\www\wwwroot\Application\Common\Controller\CommonController.class.php 第 28 行.
SQL: SHOW COLUMNS FROM `cars_c` [ RunTime:0.0143s ]
SQL: SELECT * FROM `cars_c` WHERE `userid` IN ('45') AND `is_delete` = 0 ORDER BY id desc  [ RunTime:0.0565s ]

[ 2016-12-25T22:45:51+08:00 ] 127.0.0.1 /index.php/home/admin/view_car/id/7
INFO: [ app_init ] --START--
INFO: Run Behavior\BuildLiteBehavior [ RunTime:0.000028s ]
INFO: [ app_init ] --END-- [ RunTime:0.000484s ]
INFO: [ app_begin ] --START--
INFO: Run Behavior\ReadHtmlCacheBehavior [ RunTime:0.000578s ]
INFO: [ app_begin ] --END-- [ RunTime:0.000737s ]
NOTIC: [2] Missing argument 1 for Common\Controller\CommonController::get_user_roles(), called in C:\wamp\www\wwwroot\Application\Home\Controller\AdminController.class.php on line 8 and defined C:\wamp\www\wwwroot\Application\Common\Controller\CommonController.class.php 第 28 行.
SQL: SHOW COLUMNS FROM `cars_c` [ RunTime:0.0095s ]
SQL: SHOW COLUMNS FROM `cars_c` [ RunTime:0.0092s ]
SQL: SELECT * FROM cars_c as a INNER JOIN cars as b on b.id = a.cars_id  WHERE ( a.id =7 ) LIMIT 1   [ RunTime:0.0086s ]
INFO: [ view_parse ] --START--
INFO: [ template_filter ] --START--
INFO: Run Behavior\ContentReplaceBehavior [ RunTime:0.000126s ]
INFO: [ template_filter ] --END-- [ RunTime:0.000253s ]
NOTIC: [8] Undefined variable: tingkao_company C:\wamp\www\wwwroot\Application\Runtime\Cache\Home\2c0af58fc21ecd11da7e90d60baeb03c.php 第 110 行.
NOTIC: [8] Undefined variable: tingkao_store C:\wamp\www\wwwroot\Application\Runtime\Cache\Home\2c0af58fc21ecd11da7e90d60baeb03c.php 第 112 行.
INFO: Run Behavior\ParseTemplateBehavior [ RunTime:0.097003s ]
INFO: [ view_parse ] --END-- [ RunTime:0.097142s ]
INFO: [ view_filter ] --START--
INFO: Run Behavior\WriteHtmlCacheBehavior [ RunTime:0.000589s ]
INFO: [ view_filter ] --END-- [ RunTime:0.000703s ]
INFO: [ app_end ] --START--
INFO: Run Behavior\ShowPageTraceBehavior [ RunTime:0.002075s ]
INFO: [ app_end ] --END-- [ RunTime:0.002294s ]

[ 2016-12-25T22:45:53+08:00 ] 127.0.0.1 /index.php/home/admin/order_add/car_id/7
INFO: [ app_init ] --START--
INFO: Run Behavior\BuildLiteBehavior [ RunTime:0.000077s ]
INFO: [ app_init ] --END-- [ RunTime:0.001144s ]
INFO: [ app_begin ] --START--
INFO: Run Behavior\ReadHtmlCacheBehavior [ RunTime:0.000929s ]
INFO: [ app_begin ] --END-- [ RunTime:0.001185s ]
NOTIC: [2] Missing argument 1 for Common\Controller\CommonController::get_user_roles(), called in C:\wamp\www\wwwroot\Application\Home\Controller\AdminController.class.php on line 8 and defined C:\wamp\www\wwwroot\Application\Common\Controller\CommonController.class.php 第 28 行.
SQL: SHOW COLUMNS FROM `child_company` [ RunTime:0.0104s ]
SQL: SHOW COLUMNS FROM `store_c` [ RunTime:0.0102s ]
SQL: SHOW COLUMNS FROM `cars_c` [ RunTime:0.0119s ]
SQL: SELECT * FROM cars_c as a INNER JOIN cars as b on b.id = a.cars_id  WHERE ( a.id =7 ) LIMIT 1   [ RunTime:0.0100s ]
SQL: SELECT * FROM `child_company` WHERE ( id=1 ) LIMIT 1   [ RunTime:0.0098s ]
SQL: SELECT * FROM `store_c` WHERE ( id=3 ) LIMIT 1   [ RunTime:0.0101s ]
INFO: [ view_parse ] --START--
INFO: [ template_filter ] --START--
INFO: Run Behavior\ContentReplaceBehavior [ RunTime:0.000276s ]
INFO: [ template_filter ] --END-- [ RunTime:0.000432s ]
NOTIC: [8] Undefined variable: address C:\wamp\www\wwwroot\Application\Runtime\Cache\Home\b7f507eea3d552cd51ffe97cb08cf6c8.php 第 162 行.
INFO: Run Behavior\ParseTemplateBehavior [ RunTime:0.053349s ]
INFO: [ view_parse ] --END-- [ RunTime:0.053491s ]
INFO: [ view_filter ] --START--
INFO: Run Behavior\WriteHtmlCacheBehavior [ RunTime:0.000433s ]
INFO: [ view_filter ] --END-- [ RunTime:0.000549s ]
INFO: [ app_end ] --START--
INFO: Run Behavior\ShowPageTraceBehavior [ RunTime:0.000706s ]
INFO: [ app_end ] --END-- [ RunTime:0.000836s ]

[ 2016-12-25T22:46:02+08:00 ] 127.0.0.1 /index.php/home/admin/price_all
INFO: [ app_init ] --START--
INFO: Run Behavior\BuildLiteBehavior [ RunTime:0.000034s ]
INFO: [ app_init ] --END-- [ RunTime:0.000664s ]
INFO: [ app_begin ] --START--
INFO: Run Behavior\ReadHtmlCacheBehavior [ RunTime:0.000463s ]
INFO: [ app_begin ] --END-- [ RunTime:0.000573s ]
NOTIC: [2] Missing argument 1 for Common\Controller\CommonController::get_user_roles(), called in C:\wamp\www\wwwroot\Application\Home\Controller\AdminController.class.php on line 8 and defined C:\wamp\www\wwwroot\Application\Common\Controller\CommonController.class.php 第 28 行.
INFO: [ app_end ] --START--
INFO: Run Behavior\ShowPageTraceBehavior [ RunTime:0.000692s ]
INFO: [ app_end ] --END-- [ RunTime:0.000822s ]

[ 2016-12-25T22:46:11+08:00 ] 127.0.0.1 /index.php/home/admin/price_all
INFO: [ app_init ] --START--
INFO: Run Behavior\BuildLiteBehavior [ RunTime:0.000024s ]
INFO: [ app_init ] --END-- [ RunTime:0.000393s ]
INFO: [ app_begin ] --START--
INFO: Run Behavior\ReadHtmlCacheBehavior [ RunTime:0.000411s ]
INFO: [ app_begin ] --END-- [ RunTime:0.000504s ]
NOTIC: [2] Missing argument 1 for Common\Controller\CommonController::get_user_roles(), called in C:\wamp\www\wwwroot\Application\Home\Controller\AdminController.class.php on line 8 and defined C:\wamp\www\wwwroot\Application\Common\Controller\CommonController.class.php 第 28 行.
INFO: [ app_end ] --START--
INFO: Run Behavior\ShowPageTraceBehavior [ RunTime:0.000482s ]
INFO: [ app_end ] --END-- [ RunTime:0.000577s ]

[ 2016-12-25T22:46:25+08:00 ] 127.0.0.1 /index.php/home/admin/add_order
INFO: [ app_init ] --START--
INFO: Run Behavior\BuildLiteBehavior [ RunTime:0.000049s ]
INFO: [ app_init ] --END-- [ RunTime:0.000839s ]
INFO: [ app_begin ] --START--
INFO: Run Behavior\ReadHtmlCacheBehavior [ RunTime:0.000901s ]
INFO: [ app_begin ] --END-- [ RunTime:0.001111s ]
NOTIC: [2] Missing argument 1 for Common\Controller\CommonController::get_user_roles(), called in C:\wamp\www\wwwroot\Application\Home\Controller\AdminController.class.php on line 8 and defined C:\wamp\www\wwwroot\Application\Common\Controller\CommonController.class.php 第 28 行.
SQL: SHOW COLUMNS FROM `cars_c` [ RunTime:0.0159s ]
SQL: SELECT * FROM `cars_c` WHERE ( id=7 ) LIMIT 1   [ RunTime:0.0157s ]
SQL: SHOW COLUMNS FROM `order_c` [ RunTime:0.0155s ]
NOTIC: [8] Undefined index: validate C:\wamp\www\wwwroot\ThinkPHP\Library\Think\Model.class.php 第 1185 行.
NOTIC: [8] Undefined index: auto C:\wamp\www\wwwroot\ThinkPHP\Library\Think\Model.class.php 第 1128 行.

[ 2016-12-25T22:47:43+08:00 ] 127.0.0.1 /index.php/home/admin/order_add/car_id/7
INFO: [ app_init ] --START--
INFO: Run Behavior\BuildLiteBehavior [ RunTime:0.000096s ]
INFO: [ app_init ] --END-- [ RunTime:0.002754s ]
INFO: [ app_begin ] --START--
INFO: Run Behavior\ReadHtmlCacheBehavior [ RunTime:0.001612s ]
INFO: [ app_begin ] --END-- [ RunTime:0.002469s ]
NOTIC: [2] Missing argument 1 for Common\Controller\CommonController::get_user_roles(), called in C:\wamp\www\wwwroot\Application\Home\Controller\AdminController.class.php on line 8 and defined C:\wamp\www\wwwroot\Application\Common\Controller\CommonController.class.php 第 28 行.
SQL: SHOW COLUMNS FROM `child_company` [ RunTime:0.0113s ]
SQL: SHOW COLUMNS FROM `store_c` [ RunTime:0.0114s ]
SQL: SHOW COLUMNS FROM `cars_c` [ RunTime:0.0107s ]
SQL: SELECT * FROM cars_c as a INNER JOIN cars as b on b.id = a.cars_id  WHERE ( a.id =7 ) LIMIT 1   [ RunTime:0.0117s ]
SQL: SELECT * FROM `child_company` WHERE ( id=1 ) LIMIT 1   [ RunTime:0.0098s ]
SQL: SELECT * FROM `store_c` WHERE ( id=3 ) LIMIT 1   [ RunTime:0.0149s ]
INFO: [ view_parse ] --START--
INFO: [ template_filter ] --START--
INFO: Run Behavior\ContentReplaceBehavior [ RunTime:0.000635s ]
INFO: [ template_filter ] --END-- [ RunTime:0.001021s ]
NOTIC: [8] Undefined variable: address C:\wamp\www\wwwroot\Application\Runtime\Cache\Home\b7f507eea3d552cd51ffe97cb08cf6c8.php 第 162 行.
INFO: Run Behavior\ParseTemplateBehavior [ RunTime:0.073709s ]
INFO: [ view_parse ] --END-- [ RunTime:0.074160s ]
INFO: [ view_filter ] --START--
INFO: Run Behavior\WriteHtmlCacheBehavior [ RunTime:0.002004s ]
INFO: [ view_filter ] --END-- [ RunTime:0.002356s ]
INFO: [ app_end ] --START--
INFO: Run Behavior\ShowPageTraceBehavior [ RunTime:0.003735s ]
INFO: [ app_end ] --END-- [ RunTime:0.004086s ]

[ 2016-12-25T22:47:49+08:00 ] 127.0.0.1 /index.php/home/admin/price_all
INFO: [ app_init ] --START--
INFO: Run Behavior\BuildLiteBehavior [ RunTime:0.000027s ]
INFO: [ app_init ] --END-- [ RunTime:0.000472s ]
INFO: [ app_begin ] --START--
INFO: Run Behavior\ReadHtmlCacheBehavior [ RunTime:0.000512s ]
INFO: [ app_begin ] --END-- [ RunTime:0.000612s ]
NOTIC: [2] Missing argument 1 for Common\Controller\CommonController::get_user_roles(), called in C:\wamp\www\wwwroot\Application\Home\Controller\AdminController.class.php on line 8 and defined C:\wamp\www\wwwroot\Application\Common\Controller\CommonController.class.php 第 28 行.
INFO: [ app_end ] --START--
INFO: Run Behavior\ShowPageTraceBehavior [ RunTime:0.000533s ]
INFO: [ app_end ] --END-- [ RunTime:0.000631s ]

[ 2016-12-25T22:47:55+08:00 ] 127.0.0.1 /index.php/home/admin/price_all
INFO: [ app_init ] --START--
INFO: Run Behavior\BuildLiteBehavior [ RunTime:0.000036s ]
INFO: [ app_init ] --END-- [ RunTime:0.000596s ]
INFO: [ app_begin ] --START--
INFO: Run Behavior\ReadHtmlCacheBehavior [ RunTime:0.000427s ]
INFO: [ app_begin ] --END-- [ RunTime:0.000532s ]
NOTIC: [2] Missing argument 1 for Common\Controller\CommonController::get_user_roles(), called in C:\wamp\www\wwwroot\Application\Home\Controller\AdminController.class.php on line 8 and defined C:\wamp\www\wwwroot\Application\Common\Controller\CommonController.class.php 第 28 行.
INFO: [ app_end ] --START--
INFO: Run Behavior\ShowPageTraceBehavior [ RunTime:0.000432s ]
INFO: [ app_end ] --END-- [ RunTime:0.000522s ]

[ 2016-12-25T22:48:07+08:00 ] 127.0.0.1 /index.php/home/admin/add_order
INFO: [ app_init ] --START--
INFO: Run Behavior\BuildLiteBehavior [ RunTime:0.000023s ]
INFO: [ app_init ] --END-- [ RunTime:0.000395s ]
INFO: [ app_begin ] --START--
INFO: Run Behavior\ReadHtmlCacheBehavior [ RunTime:0.000433s ]
INFO: [ app_begin ] --END-- [ RunTime:0.000539s ]
NOTIC: [2] Missing argument 1 for Common\Controller\CommonController::get_user_roles(), called in C:\wamp\www\wwwroot\Application\Home\Controller\AdminController.class.php on line 8 and defined C:\wamp\www\wwwroot\Application\Common\Controller\CommonController.class.php 第 28 行.
SQL: SHOW COLUMNS FROM `cars_c` [ RunTime:0.0108s ]
SQL: SELECT * FROM `cars_c` WHERE ( id=7 ) LIMIT 1   [ RunTime:0.0103s ]
SQL: SHOW COLUMNS FROM `order_c` [ RunTime:0.0112s ]
NOTIC: [8] Undefined index: validate C:\wamp\www\wwwroot\ThinkPHP\Library\Think\Model.class.php 第 1185 行.
NOTIC: [8] Undefined index: auto C:\wamp\www\wwwroot\ThinkPHP\Library\Think\Model.class.php 第 1128 行.

[ 2016-12-25T22:48:08+08:00 ] 127.0.0.1 /index.php/home/admin/add_order
INFO: [ app_init ] --START--
INFO: Run Behavior\BuildLiteBehavior [ RunTime:0.000052s ]
INFO: [ app_init ] --END-- [ RunTime:0.000818s ]
INFO: [ app_begin ] --START--
INFO: Run Behavior\ReadHtmlCacheBehavior [ RunTime:0.000682s ]
INFO: [ app_begin ] --END-- [ RunTime:0.000843s ]
NOTIC: [2] Missing argument 1 for Common\Controller\CommonController::get_user_roles(), called in C:\wamp\www\wwwroot\Application\Home\Controller\AdminController.class.php on line 8 and defined C:\wamp\www\wwwroot\Application\Common\Controller\CommonController.class.php 第 28 行.
SQL: SHOW COLUMNS FROM `cars_c` [ RunTime:0.0172s ]
SQL: SELECT * FROM `cars_c` WHERE ( id=7 ) LIMIT 1   [ RunTime:0.0160s ]
SQL: SHOW COLUMNS FROM `order_c` [ RunTime:0.0665s ]
NOTIC: [8] Undefined index: validate C:\wamp\www\wwwroot\ThinkPHP\Library\Think\Model.class.php 第 1185 行.
NOTIC: [8] Undefined index: auto C:\wamp\www\wwwroot\ThinkPHP\Library\Think\Model.class.php 第 1128 行.

[ 2016-12-25T22:48:11+08:00 ] 127.0.0.1 /index.php/home/admin/customer_search_ajax
INFO: [ app_init ] --START--
INFO: Run Behavior\BuildLiteBehavior [ RunTime:0.000028s ]
INFO: [ app_init ] --END-- [ RunTime:0.000487s ]
INFO: [ app_begin ] --START--
INFO: Run Behavior\ReadHtmlCacheBehavior [ RunTime:0.000525s ]
INFO: [ app_begin ] --END-- [ RunTime:0.000648s ]
NOTIC: [2] Missing argument 1 for Common\Controller\CommonController::get_user_roles(), called in C:\wamp\www\wwwroot\Application\Home\Controller\AdminController.class.php on line 8 and defined C:\wamp\www\wwwroot\Application\Common\Controller\CommonController.class.php 第 28 行.
SQL: SHOW COLUMNS FROM `customer_c` [ RunTime:0.0146s ]
SQL: SELECT * FROM `customer_c` WHERE `userid` IN ('45') AND `is_delete` = 0 ORDER BY id desc  [ RunTime:0.0204s ]

[ 2016-12-25T22:48:12+08:00 ] 127.0.0.1 /index.php/home/admin/customer_detail_ajax
INFO: [ app_init ] --START--
INFO: Run Behavior\BuildLiteBehavior [ RunTime:0.000054s ]
INFO: [ app_init ] --END-- [ RunTime:0.000924s ]
INFO: [ app_begin ] --START--
INFO: Run Behavior\ReadHtmlCacheBehavior [ RunTime:0.001275s ]
INFO: [ app_begin ] --END-- [ RunTime:0.001610s ]
NOTIC: [2] Missing argument 1 for Common\Controller\CommonController::get_user_roles(), called in C:\wamp\www\wwwroot\Application\Home\Controller\AdminController.class.php on line 8 and defined C:\wamp\www\wwwroot\Application\Common\Controller\CommonController.class.php 第 28 行.
SQL: SHOW COLUMNS FROM `customer_c` [ RunTime:0.0154s ]
SQL: SELECT * FROM `customer_c` WHERE `userid` = 45 AND `id` = 5 LIMIT 1   [ RunTime:0.0146s ]

[ 2016-12-25T22:48:12+08:00 ] 127.0.0.1 /index.php/home/admin/customer_detail_ajax
INFO: [ app_init ] --START--
INFO: Run Behavior\BuildLiteBehavior [ RunTime:0.000034s ]
INFO: [ app_init ] --END-- [ RunTime:0.000586s ]
INFO: [ app_begin ] --START--
INFO: Run Behavior\ReadHtmlCacheBehavior [ RunTime:0.000676s ]
INFO: [ app_begin ] --END-- [ RunTime:0.000808s ]
NOTIC: [2] Missing argument 1 for Common\Controller\CommonController::get_user_roles(), called in C:\wamp\www\wwwroot\Application\Home\Controller\AdminController.class.php on line 8 and defined C:\wamp\www\wwwroot\Application\Common\Controller\CommonController.class.php 第 28 行.
SQL: SHOW COLUMNS FROM `customer_c` [ RunTime:0.0168s ]
SQL: SELECT * FROM `customer_c` WHERE `userid` = 45 AND `id` = 5 LIMIT 1   [ RunTime:0.0166s ]

[ 2016-12-25T22:48:16+08:00 ] 127.0.0.1 /index.php/home/admin/add_order
INFO: [ app_init ] --START--
INFO: Run Behavior\BuildLiteBehavior [ RunTime:0.000030s ]
INFO: [ app_init ] --END-- [ RunTime:0.000416s ]
INFO: [ app_begin ] --START--
INFO: Run Behavior\ReadHtmlCacheBehavior [ RunTime:0.000452s ]
INFO: [ app_begin ] --END-- [ RunTime:0.000551s ]
NOTIC: [2] Missing argument 1 for Common\Controller\CommonController::get_user_roles(), called in C:\wamp\www\wwwroot\Application\Home\Controller\AdminController.class.php on line 8 and defined C:\wamp\www\wwwroot\Application\Common\Controller\CommonController.class.php 第 28 行.
SQL: SHOW COLUMNS FROM `cars_c` [ RunTime:0.0143s ]
SQL: SELECT * FROM `cars_c` WHERE ( id=7 ) LIMIT 1   [ RunTime:0.0342s ]
SQL: SHOW COLUMNS FROM `order_c` [ RunTime:0.0133s ]
NOTIC: [8] Undefined index: validate C:\wamp\www\wwwroot\ThinkPHP\Library\Think\Model.class.php 第 1185 行.
NOTIC: [8] Undefined index: auto C:\wamp\www\wwwroot\ThinkPHP\Library\Think\Model.class.php 第 1128 行.

[ 2016-12-25T22:49:06+08:00 ] 127.0.0.1 /index.php/home/admin/add_order
INFO: [ app_init ] --START--
INFO: Run Behavior\BuildLiteBehavior [ RunTime:0.000041s ]
INFO: [ app_init ] --END-- [ RunTime:0.000661s ]
INFO: [ app_begin ] --START--
INFO: Run Behavior\ReadHtmlCacheBehavior [ RunTime:0.000555s ]
INFO: [ app_begin ] --END-- [ RunTime:0.000671s ]
NOTIC: [2] Missing argument 1 for Common\Controller\CommonController::get_user_roles(), called in C:\wamp\www\wwwroot\Application\Home\Controller\AdminController.class.php on line 8 and defined C:\wamp\www\wwwroot\Application\Common\Controller\CommonController.class.php 第 28 行.
SQL: SHOW COLUMNS FROM `cars_c` [ RunTime:0.0122s ]
SQL: SELECT * FROM `cars_c` WHERE ( id=7 ) LIMIT 1   [ RunTime:0.0130s ]
SQL: SHOW COLUMNS FROM `order_c` [ RunTime:0.0126s ]
NOTIC: [8] Undefined index: validate C:\wamp\www\wwwroot\ThinkPHP\Library\Think\Model.class.php 第 1185 行.
NOTIC: [8] Undefined index: auto C:\wamp\www\wwwroot\ThinkPHP\Library\Think\Model.class.php 第 1128 行.

[ 2016-12-25T22:50:57+08:00 ] 127.0.0.1 /index.php/home/admin/test_d
INFO: [ app_init ] --START--
INFO: Run Behavior\BuildLiteBehavior [ RunTime:0.000035s ]
INFO: [ app_init ] --END-- [ RunTime:0.000488s ]
INFO: [ app_begin ] --START--
INFO: Run Behavior\ReadHtmlCacheBehavior [ RunTime:0.000577s ]
INFO: [ app_begin ] --END-- [ RunTime:0.000702s ]
NOTIC: [2] Missing argument 1 for Common\Controller\CommonController::get_user_roles(), called in C:\wamp\www\wwwroot\Application\Home\Controller\AdminController.class.php on line 8 and defined C:\wamp\www\wwwroot\Application\Common\Controller\CommonController.class.php 第 28 行.

[ 2016-12-25T22:51:42+08:00 ] 127.0.0.1 /index.php/home/admin/test_d
INFO: [ app_init ] --START--
INFO: Run Behavior\BuildLiteBehavior [ RunTime:0.000104s ]
INFO: [ app_init ] --END-- [ RunTime:0.001891s ]
INFO: [ app_begin ] --START--
INFO: Run Behavior\ReadHtmlCacheBehavior [ RunTime:0.002528s ]
INFO: [ app_begin ] --END-- [ RunTime:0.003157s ]
NOTIC: [2] Missing argument 1 for Common\Controller\CommonController::get_user_roles(), called in C:\wamp\www\wwwroot\Application\Home\Controller\AdminController.class.php on line 8 and defined C:\wamp\www\wwwroot\Application\Common\Controller\CommonController.class.php 第 28 行.

[ 2016-12-25T22:51:44+08:00 ] 127.0.0.1 /index.php/home/admin/test_d
INFO: [ app_init ] --START--
INFO: Run Behavior\BuildLiteBehavior [ RunTime:0.000093s ]
INFO: [ app_init ] --END-- [ RunTime:0.001493s ]
INFO: [ app_begin ] --START--
INFO: Run Behavior\ReadHtmlCacheBehavior [ RunTime:0.001554s ]
INFO: [ app_begin ] --END-- [ RunTime:0.001980s ]
NOTIC: [2] Missing argument 1 for Common\Controller\CommonController::get_user_roles(), called in C:\wamp\www\wwwroot\Application\Home\Controller\AdminController.class.php on line 8 and defined C:\wamp\www\wwwroot\Application\Common\Controller\CommonController.class.php 第 28 行.

[ 2016-12-25T22:52:25+08:00 ] 127.0.0.1 /index.php/home/admin/test_d
INFO: [ app_init ] --START--
INFO: Run Behavior\BuildLiteBehavior [ RunTime:0.000048s ]
INFO: [ app_init ] --END-- [ RunTime:0.000872s ]
INFO: [ app_begin ] --START--
INFO: Run Behavior\ReadHtmlCacheBehavior [ RunTime:0.001063s ]
INFO: [ app_begin ] --END-- [ RunTime:0.001392s ]
NOTIC: [2] Missing argument 1 for Common\Controller\CommonController::get_user_roles(), called in C:\wamp\www\wwwroot\Application\Home\Controller\AdminController.class.php on line 8 and defined C:\wamp\www\wwwroot\Application\Common\Controller\CommonController.class.php 第 28 行.

[ 2016-12-25T22:52:28+08:00 ] 127.0.0.1 /index.php/home/admin/test_d
INFO: [ app_init ] --START--
INFO: Run Behavior\BuildLiteBehavior [ RunTime:0.000063s ]
INFO: [ app_init ] --END-- [ RunTime:0.001203s ]
INFO: [ app_begin ] --START--
INFO: Run Behavior\ReadHtmlCacheBehavior [ RunTime:0.001044s ]
INFO: [ app_begin ] --END-- [ RunTime:0.001319s ]
NOTIC: [2] Missing argument 1 for Common\Controller\CommonController::get_user_roles(), called in C:\wamp\www\wwwroot\Application\Home\Controller\AdminController.class.php on line 8 and defined C:\wamp\www\wwwroot\Application\Common\Controller\CommonController.class.php 第 28 行.

[ 2016-12-25T22:52:58+08:00 ] 127.0.0.1 /index.php/home/admin/test_d
INFO: [ app_init ] --START--
INFO: Run Behavior\BuildLiteBehavior [ RunTime:0.000027s ]
INFO: [ app_init ] --END-- [ RunTime:0.000470s ]
INFO: [ app_begin ] --START--
INFO: Run Behavior\ReadHtmlCacheBehavior [ RunTime:0.000567s ]
INFO: [ app_begin ] --END-- [ RunTime:0.000679s ]
NOTIC: [2] Missing argument 1 for Common\Controller\CommonController::get_user_roles(), called in C:\wamp\www\wwwroot\Application\Home\Controller\AdminController.class.php on line 8 and defined C:\wamp\www\wwwroot\Application\Common\Controller\CommonController.class.php 第 28 行.

[ 2016-12-25T22:53:31+08:00 ] 127.0.0.1 /index.php/home/admin/test_d
INFO: [ app_init ] --START--
INFO: Run Behavior\BuildLiteBehavior [ RunTime:0.000074s ]
INFO: [ app_init ] --END-- [ RunTime:0.001453s ]
INFO: [ app_begin ] --START--
INFO: Run Behavior\ReadHtmlCacheBehavior [ RunTime:0.001972s ]
INFO: [ app_begin ] --END-- [ RunTime:0.002365s ]
NOTIC: [2] Missing argument 1 for Common\Controller\CommonController::get_user_roles(), called in C:\wamp\www\wwwroot\Application\Home\Controller\AdminController.class.php on line 8 and defined C:\wamp\www\wwwroot\Application\Common\Controller\CommonController.class.php 第 28 行.

[ 2016-12-25T22:53:34+08:00 ] 127.0.0.1 /index.php/home/admin/test_d
INFO: [ app_init ] --START--
INFO: Run Behavior\BuildLiteBehavior [ RunTime:0.000039s ]
INFO: [ app_init ] --END-- [ RunTime:0.000617s ]
INFO: [ app_begin ] --START--
INFO: Run Behavior\ReadHtmlCacheBehavior [ RunTime:0.000699s ]
INFO: [ app_begin ] --END-- [ RunTime:0.000888s ]
NOTIC: [2] Missing argument 1 for Common\Controller\CommonController::get_user_roles(), called in C:\wamp\www\wwwroot\Application\Home\Controller\AdminController.class.php on line 8 and defined C:\wamp\www\wwwroot\Application\Common\Controller\CommonController.class.php 第 28 行.

[ 2016-12-25T22:53:35+08:00 ] 127.0.0.1 /index.php/home/admin/test_d
INFO: [ app_init ] --START--
INFO: Run Behavior\BuildLiteBehavior [ RunTime:0.000040s ]
INFO: [ app_init ] --END-- [ RunTime:0.000617s ]
INFO: [ app_begin ] --START--
INFO: Run Behavior\ReadHtmlCacheBehavior [ RunTime:0.000691s ]
INFO: [ app_begin ] --END-- [ RunTime:0.000875s ]
NOTIC: [2] Missing argument 1 for Common\Controller\CommonController::get_user_roles(), called in C:\wamp\www\wwwroot\Application\Home\Controller\AdminController.class.php on line 8 and defined C:\wamp\www\wwwroot\Application\Common\Controller\CommonController.class.php 第 28 行.

[ 2016-12-25T22:55:22+08:00 ] 127.0.0.1 /index.php/home/index/login
INFO: [ app_init ] --START--
INFO: Run Behavior\BuildLiteBehavior [ RunTime:0.000140s ]
INFO: [ app_init ] --END-- [ RunTime:0.001302s ]
INFO: [ app_begin ] --START--
INFO: Run Behavior\ReadHtmlCacheBehavior [ RunTime:0.000772s ]
INFO: [ app_begin ] --END-- [ RunTime:0.001023s ]
SQL: SHOW COLUMNS FROM `user_c` [ RunTime:0.0126s ]
NOTIC: [8] Undefined index: validate C:\wamp\www\wwwroot\ThinkPHP\Library\Think\Model.class.php 第 1185 行.
NOTIC: [8] Undefined index: auto C:\wamp\www\wwwroot\ThinkPHP\Library\Think\Model.class.php 第 1128 行.
SQL: SELECT * FROM `user_c` WHERE `username` = 'admin' LIMIT 1   [ RunTime:0.0127s ]
SQL: UPDATE `user_c` SET `loginnum`=loginnum+1 WHERE `username` = 'admin' AND `id` = 45 [ RunTime:0.0242s ]
SQL: UPDATE `user_c` SET `username`='admin',`password`='96e79218965eb72c92a549dd5a330112',`lasttime`='1482677722',`lastip`='127.0.0.1' WHERE `username` = 'admin' AND `id` = 45 [ RunTime:0.0245s ]
INFO: [ view_parse ] --START--
INFO: [ template_filter ] --START--
INFO: Run Behavior\ContentReplaceBehavior [ RunTime:0.000107s ]
INFO: [ template_filter ] --END-- [ RunTime:0.000276s ]
INFO: Run Behavior\ParseTemplateBehavior [ RunTime:0.115707s ]
INFO: [ view_parse ] --END-- [ RunTime:0.116382s ]
INFO: [ view_filter ] --START--
INFO: Run Behavior\WriteHtmlCacheBehavior [ RunTime:0.000757s ]
INFO: [ view_filter ] --END-- [ RunTime:0.000985s ]
INFO: [ app_end ] --START--
INFO: Run Behavior\ShowPageTraceBehavior [ RunTime:0.001066s ]
INFO: [ app_end ] --END-- [ RunTime:0.001328s ]

[ 2016-12-25T22:55:24+08:00 ] 127.0.0.1 /index.php/home/admin/user_index
INFO: [ app_init ] --START--
INFO: Run Behavior\BuildLiteBehavior [ RunTime:0.000126s ]
INFO: [ app_init ] --END-- [ RunTime:0.001898s ]
INFO: [ app_begin ] --START--
INFO: Run Behavior\ReadHtmlCacheBehavior [ RunTime:0.001530s ]
INFO: [ app_begin ] --END-- [ RunTime:0.002221s ]
NOTIC: [2] Missing argument 1 for Common\Controller\CommonController::get_user_roles(), called in C:\wamp\www\wwwroot\Application\Home\Controller\AdminController.class.php on line 8 and defined C:\wamp\www\wwwroot\Application\Common\Controller\CommonController.class.php 第 28 行.
NOTIC: [2] Missing argument 1 for Common\Controller\CommonController::get_user_roles(), called in C:\wamp\www\wwwroot\Application\Common\Controller\CommonController.class.php on line 84 and defined C:\wamp\www\wwwroot\Application\Common\Controller\CommonController.class.php 第 28 行.
INFO: [ view_parse ] --START--
INFO: [ template_filter ] --START--
INFO: Run Behavior\ContentReplaceBehavior [ RunTime:0.000241s ]
INFO: [ template_filter ] --END-- [ RunTime:0.000405s ]
NOTIC: [8] Undefined variable: roles C:\wamp\www\wwwroot\Application\Runtime\Cache\Home\f324508a16a2d221eb71b92d9fd560ca.php 第 35 行.
INFO: Run Behavior\ParseTemplateBehavior [ RunTime:0.111938s ]
INFO: [ view_parse ] --END-- [ RunTime:0.112221s ]
INFO: [ view_filter ] --START--
INFO: Run Behavior\WriteHtmlCacheBehavior [ RunTime:0.000413s ]
INFO: [ view_filter ] --END-- [ RunTime:0.000526s ]
INFO: [ app_end ] --START--
INFO: Run Behavior\ShowPageTraceBehavior [ RunTime:0.001148s ]
INFO: [ app_end ] --END-- [ RunTime:0.001358s ]

[ 2016-12-25T22:55:24+08:00 ] 127.0.0.1 /index.php/home/admin/img/a1.jpg
INFO: [ app_init ] --START--
INFO: Run Behavior\BuildLiteBehavior [ RunTime:0.000038s ]
INFO: [ app_init ] --END-- [ RunTime:0.000537s ]

[ 2016-12-25T22:55:24+08:00 ] 127.0.0.1 /index.php/home/admin/img/a8.jpg
INFO: [ app_init ] --START--
INFO: Run Behavior\BuildLiteBehavior [ RunTime:0.000038s ]
INFO: [ app_init ] --END-- [ RunTime:0.000598s ]

[ 2016-12-25T22:55:24+08:00 ] 127.0.0.1 /index.php/home/admin/img/a4.jpg
INFO: [ app_init ] --START--
INFO: Run Behavior\BuildLiteBehavior [ RunTime:0.000036s ]
INFO: [ app_init ] --END-- [ RunTime:0.000610s ]

[ 2016-12-25T22:55:24+08:00 ] 127.0.0.1 /index.php/home/admin/img/a2.jpg
INFO: [ app_init ] --START--
INFO: Run Behavior\BuildLiteBehavior [ RunTime:0.000037s ]
INFO: [ app_init ] --END-- [ RunTime:0.000591s ]

[ 2016-12-25T22:55:24+08:00 ] 127.0.0.1 /index.php/home/admin/img/a7.jpg
INFO: [ app_init ] --START--
INFO: Run Behavior\BuildLiteBehavior [ RunTime:0.000040s ]
INFO: [ app_init ] --END-- [ RunTime:0.000625s ]

[ 2016-12-25T22:55:24+08:00 ] 127.0.0.1 /index.php/home/index/index
INFO: [ app_init ] --START--
INFO: Run Behavior\BuildLiteBehavior [ RunTime:0.000176s ]
INFO: [ app_init ] --END-- [ RunTime:0.001254s ]
INFO: [ app_begin ] --START--
INFO: Run Behavior\ReadHtmlCacheBehavior [ RunTime:0.002017s ]
INFO: [ app_begin ] --END-- [ RunTime:0.002615s ]
ERR: 非法操作:index

[ 2016-12-25T22:55:27+08:00 ] 127.0.0.1 /index.php/home/admin/list_car?v=4.0
INFO: [ app_init ] --START--
INFO: Run Behavior\BuildLiteBehavior [ RunTime:0.000124s ]
INFO: [ app_init ] --END-- [ RunTime:0.002509s ]
INFO: [ app_begin ] --START--
INFO: Run Behavior\ReadHtmlCacheBehavior [ RunTime:0.002804s ]
INFO: [ app_begin ] --END-- [ RunTime:0.003599s ]
NOTIC: [2] Missing argument 1 for Common\Controller\CommonController::get_user_roles(), called in C:\wamp\www\wwwroot\Application\Home\Controller\AdminController.class.php on line 8 and defined C:\wamp\www\wwwroot\Application\Common\Controller\CommonController.class.php 第 28 行.
INFO: [ view_parse ] --START--
INFO: [ template_filter ] --START--
INFO: Run Behavior\ContentReplaceBehavior [ RunTime:0.000110s ]
INFO: [ template_filter ] --END-- [ RunTime:0.000256s ]
INFO: Run Behavior\ParseTemplateBehavior [ RunTime:0.056855s ]
INFO: [ view_parse ] --END-- [ RunTime:0.057317s ]
INFO: [ view_filter ] --START--
INFO: Run Behavior\WriteHtmlCacheBehavior [ RunTime:0.000435s ]
INFO: [ view_filter ] --END-- [ RunTime:0.000566s ]
INFO: [ app_end ] --START--
INFO: Run Behavior\ShowPageTraceBehavior [ RunTime:0.001352s ]
INFO: [ app_end ] --END-- [ RunTime:0.001578s ]

[ 2016-12-25T22:55:27+08:00 ] 127.0.0.1 /index.php/home/admin/cars_list
INFO: [ app_init ] --START--
INFO: Run Behavior\BuildLiteBehavior [ RunTime:0.000044s ]
INFO: [ app_init ] --END-- [ RunTime:0.000769s ]
INFO: [ app_begin ] --START--
INFO: Run Behavior\ReadHtmlCacheBehavior [ RunTime:0.000739s ]
INFO: [ app_begin ] --END-- [ RunTime:0.000933s ]
NOTIC: [2] Missing argument 1 for Common\Controller\CommonController::get_user_roles(), called in C:\wamp\www\wwwroot\Application\Home\Controller\AdminController.class.php on line 8 and defined C:\wamp\www\wwwroot\Application\Common\Controller\CommonController.class.php 第 28 行.
SQL: SHOW COLUMNS FROM `cars_c` [ RunTime:0.0112s ]
SQL: SELECT * FROM `cars_c` WHERE `userid` IN ('45') AND `is_delete` = 0 ORDER BY id desc  [ RunTime:0.0104s ]

[ 2016-12-25T22:55:29+08:00 ] 127.0.0.1 /index.php/home/admin/view_car/id/7
INFO: [ app_init ] --START--
INFO: Run Behavior\BuildLiteBehavior [ RunTime:0.000149s ]
INFO: [ app_init ] --END-- [ RunTime:0.002757s ]
INFO: [ app_begin ] --START--
INFO: Run Behavior\ReadHtmlCacheBehavior [ RunTime:0.002432s ]
INFO: [ app_begin ] --END-- [ RunTime:0.002980s ]
NOTIC: [2] Missing argument 1 for Common\Controller\CommonController::get_user_roles(), called in C:\wamp\www\wwwroot\Application\Home\Controller\AdminController.class.php on line 8 and defined C:\wamp\www\wwwroot\Application\Common\Controller\CommonController.class.php 第 28 行.
SQL: SHOW COLUMNS FROM `cars_c` [ RunTime:0.0166s ]
SQL: SHOW COLUMNS FROM `cars_c` [ RunTime:0.0155s ]
SQL: SELECT * FROM cars_c as a INNER JOIN cars as b on b.id = a.cars_id  WHERE ( a.id =7 ) LIMIT 1   [ RunTime:0.0129s ]
INFO: [ view_parse ] --START--
INFO: [ template_filter ] --START--
INFO: Run Behavior\ContentReplaceBehavior [ RunTime:0.000191s ]
INFO: [ template_filter ] --END-- [ RunTime:0.000449s ]
NOTIC: [8] Undefined variable: tingkao_company C:\wamp\www\wwwroot\Application\Runtime\Cache\Home\2c0af58fc21ecd11da7e90d60baeb03c.php 第 110 行.
NOTIC: [8] Undefined variable: tingkao_store C:\wamp\www\wwwroot\Application\Runtime\Cache\Home\2c0af58fc21ecd11da7e90d60baeb03c.php 第 112 行.
INFO: Run Behavior\ParseTemplateBehavior [ RunTime:0.157143s ]
INFO: [ view_parse ] --END-- [ RunTime:0.157392s ]
INFO: [ view_filter ] --START--
INFO: Run Behavior\WriteHtmlCacheBehavior [ RunTime:0.000296s ]
INFO: [ view_filter ] --END-- [ RunTime:0.000389s ]
INFO: [ app_end ] --START--
INFO: Run Behavior\ShowPageTraceBehavior [ RunTime:0.000718s ]
INFO: [ app_end ] --END-- [ RunTime:0.000878s ]

[ 2016-12-25T22:55:31+08:00 ] 127.0.0.1 /index.php/home/admin/order_add/car_id/7
INFO: [ app_init ] --START--
INFO: Run Behavior\BuildLiteBehavior [ RunTime:0.000076s ]
INFO: [ app_init ] --END-- [ RunTime:0.001433s ]
INFO: [ app_begin ] --START--
INFO: Run Behavior\ReadHtmlCacheBehavior [ RunTime:0.001203s ]
INFO: [ app_begin ] --END-- [ RunTime:0.001569s ]
NOTIC: [2] Missing argument 1 for Common\Controller\CommonController::get_user_roles(), called in C:\wamp\www\wwwroot\Application\Home\Controller\AdminController.class.php on line 8 and defined C:\wamp\www\wwwroot\Application\Common\Controller\CommonController.class.php 第 28 行.
SQL: SHOW COLUMNS FROM `child_company` [ RunTime:0.0148s ]
SQL: SHOW COLUMNS FROM `store_c` [ RunTime:0.0134s ]
SQL: SHOW COLUMNS FROM `cars_c` [ RunTime:0.0119s ]
SQL: SELECT * FROM cars_c as a INNER JOIN cars as b on b.id = a.cars_id  WHERE ( a.id =7 ) LIMIT 1   [ RunTime:0.0121s ]
SQL: SELECT * FROM `child_company` WHERE ( id=1 ) LIMIT 1   [ RunTime:0.0111s ]
SQL: SELECT * FROM `store_c` WHERE ( id=3 ) LIMIT 1   [ RunTime:0.0138s ]
INFO: [ view_parse ] --START--
INFO: [ template_filter ] --START--
INFO: Run Behavior\ContentReplaceBehavior [ RunTime:0.001025s ]
INFO: [ template_filter ] --END-- [ RunTime:0.001714s ]
NOTIC: [8] Undefined variable: address C:\wamp\www\wwwroot\Application\Runtime\Cache\Home\b7f507eea3d552cd51ffe97cb08cf6c8.php 第 162 行.
INFO: Run Behavior\ParseTemplateBehavior [ RunTime:0.107193s ]
INFO: [ view_parse ] --END-- [ RunTime:0.107622s ]
INFO: [ view_filter ] --START--
INFO: Run Behavior\WriteHtmlCacheBehavior [ RunTime:0.001244s ]
INFO: [ view_filter ] --END-- [ RunTime:0.001808s ]
INFO: [ app_end ] --START--
INFO: Run Behavior\ShowPageTraceBehavior [ RunTime:0.009293s ]
INFO: [ app_end ] --END-- [ RunTime:0.009783s ]

[ 2016-12-25T22:55:37+08:00 ] 127.0.0.1 /index.php/home/admin/price_all
INFO: [ app_init ] --START--
INFO: Run Behavior\BuildLiteBehavior [ RunTime:0.000047s ]
INFO: [ app_init ] --END-- [ RunTime:0.000744s ]
INFO: [ app_begin ] --START--
INFO: Run Behavior\ReadHtmlCacheBehavior [ RunTime:0.000640s ]
INFO: [ app_begin ] --END-- [ RunTime:0.000778s ]
NOTIC: [2] Missing argument 1 for Common\Controller\CommonController::get_user_roles(), called in C:\wamp\www\wwwroot\Application\Home\Controller\AdminController.class.php on line 8 and defined C:\wamp\www\wwwroot\Application\Common\Controller\CommonController.class.php 第 28 行.
INFO: [ app_end ] --START--
INFO: Run Behavior\ShowPageTraceBehavior [ RunTime:0.000563s ]
INFO: [ app_end ] --END-- [ RunTime:0.000686s ]

[ 2016-12-25T22:55:43+08:00 ] 127.0.0.1 /index.php/home/admin/price_all
INFO: [ app_init ] --START--
INFO: Run Behavior\BuildLiteBehavior [ RunTime:0.000047s ]
INFO: [ app_init ] --END-- [ RunTime:0.000834s ]
INFO: [ app_begin ] --START--
INFO: Run Behavior\ReadHtmlCacheBehavior [ RunTime:0.000531s ]
INFO: [ app_begin ] --END-- [ RunTime:0.000645s ]
NOTIC: [2] Missing argument 1 for Common\Controller\CommonController::get_user_roles(), called in C:\wamp\www\wwwroot\Application\Home\Controller\AdminController.class.php on line 8 and defined C:\wamp\www\wwwroot\Application\Common\Controller\CommonController.class.php 第 28 行.
INFO: [ app_end ] --START--
INFO: Run Behavior\ShowPageTraceBehavior [ RunTime:0.000779s ]
INFO: [ app_end ] --END-- [ RunTime:0.000924s ]

[ 2016-12-25T22:56:03+08:00 ] 127.0.0.1 /index.php/home/admin/order_add/car_id/7
INFO: [ app_init ] --START--
INFO: Run Behavior\BuildLiteBehavior [ RunTime:0.000058s ]
INFO: [ app_init ] --END-- [ RunTime:0.001150s ]
INFO: [ app_begin ] --START--
INFO: Run Behavior\ReadHtmlCacheBehavior [ RunTime:0.001244s ]
INFO: [ app_begin ] --END-- [ RunTime:0.001541s ]
NOTIC: [2] Missing argument 1 for Common\Controller\CommonController::get_user_roles(), called in C:\wamp\www\wwwroot\Application\Home\Controller\AdminController.class.php on line 8 and defined C:\wamp\www\wwwroot\Application\Common\Controller\CommonController.class.php 第 28 行.
SQL: SHOW COLUMNS FROM `child_company` [ RunTime:0.0155s ]
SQL: SHOW COLUMNS FROM `store_c` [ RunTime:0.0141s ]
SQL: SHOW COLUMNS FROM `cars_c` [ RunTime:0.0165s ]
SQL: SELECT * FROM cars_c as a INNER JOIN cars as b on b.id = a.cars_id  WHERE ( a.id =7 ) LIMIT 1   [ RunTime:0.0144s ]
SQL: SELECT * FROM `child_company` WHERE ( id=1 ) LIMIT 1   [ RunTime:0.0136s ]
SQL: SELECT * FROM `store_c` WHERE ( id=3 ) LIMIT 1   [ RunTime:0.0177s ]
INFO: [ view_parse ] --START--
INFO: [ template_filter ] --START--
INFO: Run Behavior\ContentReplaceBehavior [ RunTime:0.000645s ]
INFO: [ template_filter ] --END-- [ RunTime:0.001064s ]
NOTIC: [8] Undefined variable: address C:\wamp\www\wwwroot\Application\Runtime\Cache\Home\b7f507eea3d552cd51ffe97cb08cf6c8.php 第 162 行.
INFO: Run Behavior\ParseTemplateBehavior [ RunTime:0.115504s ]
INFO: [ view_parse ] --END-- [ RunTime:0.115815s ]
INFO: [ view_filter ] --START--
INFO: Run Behavior\WriteHtmlCacheBehavior [ RunTime:0.000661s ]
INFO: [ view_filter ] --END-- [ RunTime:0.000859s ]
INFO: [ app_end ] --START--
INFO: Run Behavior\ShowPageTraceBehavior [ RunTime:0.006028s ]
INFO: [ app_end ] --END-- [ RunTime:0.006532s ]

[ 2016-12-25T22:56:08+08:00 ] 127.0.0.1 /index.php/home/admin/price_all
INFO: [ app_init ] --START--
INFO: Run Behavior\BuildLiteBehavior [ RunTime:0.000036s ]
INFO: [ app_init ] --END-- [ RunTime:0.000585s ]
INFO: [ app_begin ] --START--
INFO: Run Behavior\ReadHtmlCacheBehavior [ RunTime:0.000557s ]
INFO: [ app_begin ] --END-- [ RunTime:0.000676s ]
NOTIC: [2] Missing argument 1 for Common\Controller\CommonController::get_user_roles(), called in C:\wamp\www\wwwroot\Application\Home\Controller\AdminController.class.php on line 8 and defined C:\wamp\www\wwwroot\Application\Common\Controller\CommonController.class.php 第 28 行.
INFO: [ app_end ] --START--
INFO: Run Behavior\ShowPageTraceBehavior [ RunTime:0.000507s ]
INFO: [ app_end ] --END-- [ RunTime:0.000601s ]

[ 2016-12-25T22:56:12+08:00 ] 127.0.0.1 /index.php/home/admin/price_all
INFO: [ app_init ] --START--
INFO: Run Behavior\BuildLiteBehavior [ RunTime:0.000028s ]
INFO: [ app_init ] --END-- [ RunTime:0.000535s ]
INFO: [ app_begin ] --START--
INFO: Run Behavior\ReadHtmlCacheBehavior [ RunTime:0.000576s ]
INFO: [ app_begin ] --END-- [ RunTime:0.000692s ]
NOTIC: [2] Missing argument 1 for Common\Controller\CommonController::get_user_roles(), called in C:\wamp\www\wwwroot\Application\Home\Controller\AdminController.class.php on line 8 and defined C:\wamp\www\wwwroot\Application\Common\Controller\CommonController.class.php 第 28 行.
INFO: [ app_end ] --START--
INFO: Run Behavior\ShowPageTraceBehavior [ RunTime:0.000525s ]
INFO: [ app_end ] --END-- [ RunTime:0.000622s ]

[ 2016-12-25T22:56:56+08:00 ] 127.0.0.1 /index.php/home/admin/test_d
INFO: [ app_init ] --START--
INFO: Run Behavior\BuildLiteBehavior [ RunTime:0.000024s ]
INFO: [ app_init ] --END-- [ RunTime:0.000384s ]
INFO: [ app_begin ] --START--
INFO: Run Behavior\ReadHtmlCacheBehavior [ RunTime:0.000409s ]
INFO: [ app_begin ] --END-- [ RunTime:0.000517s ]
NOTIC: [2] Missing argument 1 for Common\Controller\CommonController::get_user_roles(), called in C:\wamp\www\wwwroot\Application\Home\Controller\AdminController.class.php on line 8 and defined C:\wamp\www\wwwroot\Application\Common\Controller\CommonController.class.php 第 28 行.

[ 2016-12-25T22:57:09+08:00 ] 127.0.0.1 /index.php/home/admin/price_all
INFO: [ app_init ] --START--
INFO: Run Behavior\BuildLiteBehavior [ RunTime:0.000023s ]
INFO: [ app_init ] --END-- [ RunTime:0.000371s ]
INFO: [ app_begin ] --START--
INFO: Run Behavior\ReadHtmlCacheBehavior [ RunTime:0.000610s ]
INFO: [ app_begin ] --END-- [ RunTime:0.000716s ]
NOTIC: [2] Missing argument 1 for Common\Controller\CommonController::get_user_roles(), called in C:\wamp\www\wwwroot\Application\Home\Controller\AdminController.class.php on line 8 and defined C:\wamp\www\wwwroot\Application\Common\Controller\CommonController.class.php 第 28 行.
INFO: [ app_end ] --START--
INFO: Run Behavior\ShowPageTraceBehavior [ RunTime:0.000471s ]
INFO: [ app_end ] --END-- [ RunTime:0.000563s ]

[ 2016-12-25T22:57:11+08:00 ] 127.0.0.1 /index.php/home/admin/test_d
INFO: [ app_init ] --START--
INFO: Run Behavior\BuildLiteBehavior [ RunTime:0.000061s ]
INFO: [ app_init ] --END-- [ RunTime:0.000884s ]
INFO: [ app_begin ] --START--
INFO: Run Behavior\ReadHtmlCacheBehavior [ RunTime:0.000708s ]
INFO: [ app_begin ] --END-- [ RunTime:0.000900s ]
NOTIC: [2] Missing argument 1 for Common\Controller\CommonController::get_user_roles(), called in C:\wamp\www\wwwroot\Application\Home\Controller\AdminController.class.php on line 8 and defined C:\wamp\www\wwwroot\Application\Common\Controller\CommonController.class.php 第 28 行.

[ 2016-12-25T22:57:27+08:00 ] 127.0.0.1 /index.php/home/admin/price_all
INFO: [ app_init ] --START--
INFO: Run Behavior\BuildLiteBehavior [ RunTime:0.000033s ]
INFO: [ app_init ] --END-- [ RunTime:0.000494s ]
INFO: [ app_begin ] --START--
INFO: Run Behavior\ReadHtmlCacheBehavior [ RunTime:0.000467s ]
INFO: [ app_begin ] --END-- [ RunTime:0.000575s ]
NOTIC: [2] Missing argument 1 for Common\Controller\CommonController::get_user_roles(), called in C:\wamp\www\wwwroot\Application\Home\Controller\AdminController.class.php on line 8 and defined C:\wamp\www\wwwroot\Application\Common\Controller\CommonController.class.php 第 28 行.
INFO: [ app_end ] --START--
INFO: Run Behavior\ShowPageTraceBehavior [ RunTime:0.000544s ]
INFO: [ app_end ] --END-- [ RunTime:0.000649s ]

[ 2016-12-25T22:57:29+08:00 ] 127.0.0.1 /index.php/home/admin/test_d
INFO: [ app_init ] --START--
INFO: Run Behavior\BuildLiteBehavior [ RunTime:0.000075s ]
INFO: [ app_init ] --END-- [ RunTime:0.001228s ]
INFO: [ app_begin ] --START--
INFO: Run Behavior\ReadHtmlCacheBehavior [ RunTime:0.001538s ]
INFO: [ app_begin ] --END-- [ RunTime:0.001939s ]
NOTIC: [2] Missing argument 1 for Common\Controller\CommonController::get_user_roles(), called in C:\wamp\www\wwwroot\Application\Home\Controller\AdminController.class.php on line 8 and defined C:\wamp\www\wwwroot\Application\Common\Controller\CommonController.class.php 第 28 行.

[ 2016-12-25T22:57:41+08:00 ] 127.0.0.1 /index.php/home/admin/price_all
INFO: [ app_init ] --START--
INFO: Run Behavior\BuildLiteBehavior [ RunTime:0.000035s ]
INFO: [ app_init ] --END-- [ RunTime:0.000502s ]
INFO: [ app_begin ] --START--
INFO: Run Behavior\ReadHtmlCacheBehavior [ RunTime:0.000522s ]
INFO: [ app_begin ] --END-- [ RunTime:0.000628s ]
NOTIC: [2] Missing argument 1 for Common\Controller\CommonController::get_user_roles(), called in C:\wamp\www\wwwroot\Application\Home\Controller\AdminController.class.php on line 8 and defined C:\wamp\www\wwwroot\Application\Common\Controller\CommonController.class.php 第 28 行.
INFO: [ app_end ] --START--
INFO: Run Behavior\ShowPageTraceBehavior [ RunTime:0.000554s ]
INFO: [ app_end ] --END-- [ RunTime:0.000655s ]

[ 2016-12-25T22:57:43+08:00 ] 127.0.0.1 /index.php/home/admin/test_d
INFO: [ app_init ] --START--
INFO: Run Behavior\BuildLiteBehavior [ RunTime:0.000077s ]
INFO: [ app_init ] --END-- [ RunTime:0.001325s ]
INFO: [ app_begin ] --START--
INFO: Run Behavior\ReadHtmlCacheBehavior [ RunTime:0.001682s ]
INFO: [ app_begin ] --END-- [ RunTime:0.002191s ]
NOTIC: [2] Missing argument 1 for Common\Controller\CommonController::get_user_roles(), called in C:\wamp\www\wwwroot\Application\Home\Controller\AdminController.class.php on line 8 and defined C:\wamp\www\wwwroot\Application\Common\Controller\CommonController.class.php 第 28 行.

[ 2016-12-25T22:58:04+08:00 ] 127.0.0.1 /index.php/home/admin/price_all
INFO: [ app_init ] --START--
INFO: Run Behavior\BuildLiteBehavior [ RunTime:0.000025s ]
INFO: [ app_init ] --END-- [ RunTime:0.000382s ]
INFO: [ app_begin ] --START--
INFO: Run Behavior\ReadHtmlCacheBehavior [ RunTime:0.000405s ]
INFO: [ app_begin ] --END-- [ RunTime:0.000501s ]
NOTIC: [2] Missing argument 1 for Common\Controller\CommonController::get_user_roles(), called in C:\wamp\www\wwwroot\Application\Home\Controller\AdminController.class.php on line 8 and defined C:\wamp\www\wwwroot\Application\Common\Controller\CommonController.class.php 第 28 行.
INFO: [ app_end ] --START--
INFO: Run Behavior\ShowPageTraceBehavior [ RunTime:0.000544s ]
INFO: [ app_end ] --END-- [ RunTime:0.000643s ]

[ 2016-12-25T22:58:06+08:00 ] 127.0.0.1 /index.php/home/admin/test_d
INFO: [ app_init ] --START--
INFO: Run Behavior\BuildLiteBehavior [ RunTime:0.000031s ]
INFO: [ app_init ] --END-- [ RunTime:0.000500s ]
INFO: [ app_begin ] --START--
INFO: Run Behavior\ReadHtmlCacheBehavior [ RunTime:0.000455s ]
INFO: [ app_begin ] --END-- [ RunTime:0.000580s ]
NOTIC: [2] Missing argument 1 for Common\Controller\CommonController::get_user_roles(), called in C:\wamp\www\wwwroot\Application\Home\Controller\AdminController.class.php on line 8 and defined C:\wamp\www\wwwroot\Application\Common\Controller\CommonController.class.php 第 28 行.

