[ 2017-01-16T16:39:54+08:00 ] ::1 /index.php/home/display/index
INFO: [ app_init ] --START--
INFO: Run Behavior\BuildLiteBehavior [ RunTime:0.000025s ]
INFO: [ app_init ] --END-- [ RunTime:0.013398s ]
INFO: [ app_begin ] --START--
INFO: Run Behavior\ReadHtmlCacheBehavior [ RunTime:0.024818s ]
INFO: [ app_begin ] --END-- [ RunTime:0.025118s ]
INFO: [ view_parse ] --START--
INFO: [ template_filter ] --START--
INFO: Run Behavior\ContentReplaceBehavior [ RunTime:0.004182s ]
INFO: [ template_filter ] --END-- [ RunTime:0.004368s ]
INFO: Run Behavior\ParseTemplateBehavior [ RunTime:0.129179s ]
INFO: [ view_parse ] --END-- [ RunTime:0.129338s ]
INFO: [ view_filter ] --START--
INFO: Run Behavior\WriteHtmlCacheBehavior [ RunTime:0.011232s ]
INFO: [ view_filter ] --END-- [ RunTime:0.011371s ]
INFO: [ app_end ] --START--
INFO: Run Behavior\ShowPageTraceBehavior [ RunTime:0.010457s ]
INFO: [ app_end ] --END-- [ RunTime:0.010621s ]

[ 2017-01-16T16:39:55+08:00 ] ::1 /index.php/home/display/favicon.ico
INFO: [ app_init ] --START--
INFO: Run Behavior\BuildLiteBehavior [ RunTime:0.000028s ]
INFO: [ app_init ] --END-- [ RunTime:0.000428s ]

[ 2017-01-16T16:40:05+08:00 ] ::1 /index.php/home/index/login
INFO: [ app_init ] --START--
INFO: Run Behavior\BuildLiteBehavior [ RunTime:0.000047s ]
INFO: [ app_init ] --END-- [ RunTime:0.000651s ]
INFO: [ app_begin ] --START--
INFO: Run Behavior\ReadHtmlCacheBehavior [ RunTime:0.000845s ]
INFO: [ app_begin ] --END-- [ RunTime:0.001050s ]
SQL: SHOW COLUMNS FROM `user_c` [ RunTime:0.0196s ]
NOTIC: [8] Undefined index: validate C:\wamp\www\lingkong\ThinkPHP\Library\Think\Model.class.php 第 1185 行.
NOTIC: [8] Undefined index: auto C:\wamp\www\lingkong\ThinkPHP\Library\Think\Model.class.php 第 1128 行.
SQL: SELECT * FROM `user_c` WHERE `username` = 'admin' LIMIT 1   [ RunTime:0.0281s ]

[ 2017-01-16T16:40:07+08:00 ] ::1 /index.php/home/display/index
INFO: [ app_init ] --START--
INFO: Run Behavior\BuildLiteBehavior [ RunTime:0.000026s ]
INFO: [ app_init ] --END-- [ RunTime:0.000550s ]
INFO: [ app_begin ] --START--
INFO: Run Behavior\ReadHtmlCacheBehavior [ RunTime:0.000599s ]
INFO: [ app_begin ] --END-- [ RunTime:0.000750s ]
INFO: [ view_parse ] --START--
INFO: [ template_filter ] --START--
INFO: Run Behavior\ContentReplaceBehavior [ RunTime:0.000062s ]
INFO: [ template_filter ] --END-- [ RunTime:0.000186s ]
INFO: Run Behavior\ParseTemplateBehavior [ RunTime:0.007866s ]
INFO: [ view_parse ] --END-- [ RunTime:0.008040s ]
INFO: [ view_filter ] --START--
INFO: Run Behavior\WriteHtmlCacheBehavior [ RunTime:0.000339s ]
INFO: [ view_filter ] --END-- [ RunTime:0.000432s ]
INFO: [ app_end ] --START--
INFO: Run Behavior\ShowPageTraceBehavior [ RunTime:0.000568s ]
INFO: [ app_end ] --END-- [ RunTime:0.000702s ]

[ 2017-01-16T16:40:13+08:00 ] ::1 /index.php/home/index/login
INFO: [ app_init ] --START--
INFO: Run Behavior\BuildLiteBehavior [ RunTime:0.000023s ]
INFO: [ app_init ] --END-- [ RunTime:0.000507s ]
INFO: [ app_begin ] --START--
INFO: Run Behavior\ReadHtmlCacheBehavior [ RunTime:0.000384s ]
INFO: [ app_begin ] --END-- [ RunTime:0.000489s ]
SQL: SHOW COLUMNS FROM `user_c` [ RunTime:0.0259s ]
NOTIC: [8] Undefined index: validate C:\wamp\www\lingkong\ThinkPHP\Library\Think\Model.class.php 第 1185 行.
NOTIC: [8] Undefined index: auto C:\wamp\www\lingkong\ThinkPHP\Library\Think\Model.class.php 第 1128 行.
SQL: SELECT * FROM `user_c` WHERE `username` = 'admin' LIMIT 1   [ RunTime:0.0211s ]

[ 2017-01-16T16:40:18+08:00 ] ::1 /index.php/home/index/login
INFO: [ app_init ] --START--
INFO: Run Behavior\BuildLiteBehavior [ RunTime:0.000040s ]
INFO: [ app_init ] --END-- [ RunTime:0.000683s ]
INFO: [ app_begin ] --START--
INFO: Run Behavior\ReadHtmlCacheBehavior [ RunTime:0.000739s ]
INFO: [ app_begin ] --END-- [ RunTime:0.000969s ]
SQL: SHOW COLUMNS FROM `user_c` [ RunTime:0.0178s ]
NOTIC: [8] Undefined index: validate C:\wamp\www\lingkong\ThinkPHP\Library\Think\Model.class.php 第 1185 行.
NOTIC: [8] Undefined index: auto C:\wamp\www\lingkong\ThinkPHP\Library\Think\Model.class.php 第 1128 行.
SQL: SELECT * FROM `user_c` WHERE `username` = 'admin' LIMIT 1   [ RunTime:0.0178s ]
SQL: UPDATE `user_c` SET `loginnum`=loginnum+1 WHERE `username` = 'admin' AND `id` = '45' [ RunTime:0.0405s ]
SQL: UPDATE `user_c` SET `username`='admin',`password`='96e79218965eb72c92a549dd5a330112',`lasttime`='1484556018',`lastip`='0.0.0.0' WHERE `username` = 'admin' AND `id` = '45' [ RunTime:0.0287s ]
INFO: [ view_parse ] --START--
INFO: [ template_filter ] --START--
INFO: Run Behavior\ContentReplaceBehavior [ RunTime:0.000589s ]
INFO: [ template_filter ] --END-- [ RunTime:0.001285s ]
INFO: Run Behavior\ParseTemplateBehavior [ RunTime:0.052915s ]
INFO: [ view_parse ] --END-- [ RunTime:0.053244s ]
INFO: [ view_filter ] --START--
INFO: Run Behavior\WriteHtmlCacheBehavior [ RunTime:0.000291s ]
INFO: [ view_filter ] --END-- [ RunTime:0.000395s ]
INFO: [ app_end ] --START--
INFO: Run Behavior\ShowPageTraceBehavior [ RunTime:0.000787s ]
INFO: [ app_end ] --END-- [ RunTime:0.000931s ]

[ 2017-01-16T16:40:19+08:00 ] ::1 /index.php/home/admin/user_index
INFO: [ app_init ] --START--
INFO: Run Behavior\BuildLiteBehavior [ RunTime:0.000028s ]
INFO: [ app_init ] --END-- [ RunTime:0.000460s ]
INFO: [ app_begin ] --START--
INFO: Run Behavior\ReadHtmlCacheBehavior [ RunTime:0.000587s ]
INFO: [ app_begin ] --END-- [ RunTime:0.000807s ]
NOTIC: [2] Missing argument 1 for Common\Controller\CommonController::get_user_roles(), called in C:\wamp\www\lingkong\Application\Common\Controller\CommonController.class.php on line 194 and defined C:\wamp\www\lingkong\Application\Common\Controller\CommonController.class.php 第 138 行.
INFO: [ view_parse ] --START--
INFO: [ template_filter ] --START--
INFO: Run Behavior\ContentReplaceBehavior [ RunTime:0.000326s ]
INFO: [ template_filter ] --END-- [ RunTime:0.000571s ]
NOTIC: [8] Undefined variable: roles C:\wamp\www\lingkong\Application\Runtime\Cache\Home\f324508a16a2d221eb71b92d9fd560ca.php 第 36 行.
INFO: Run Behavior\ParseTemplateBehavior [ RunTime:0.121766s ]
INFO: [ view_parse ] --END-- [ RunTime:0.121907s ]
INFO: [ view_filter ] --START--
INFO: Run Behavior\WriteHtmlCacheBehavior [ RunTime:0.000338s ]
INFO: [ view_filter ] --END-- [ RunTime:0.000430s ]
INFO: [ app_end ] --START--
INFO: Run Behavior\ShowPageTraceBehavior [ RunTime:0.000579s ]
INFO: [ app_end ] --END-- [ RunTime:0.000709s ]

[ 2017-01-16T16:40:19+08:00 ] ::1 /index.php/home/admin/img/a8.jpg
INFO: [ app_init ] --START--
INFO: Run Behavior\BuildLiteBehavior [ RunTime:0.000039s ]
INFO: [ app_init ] --END-- [ RunTime:0.000523s ]

[ 2017-01-16T16:40:19+08:00 ] ::1 /index.php/home/admin/img/a2.jpg
INFO: [ app_init ] --START--
INFO: Run Behavior\BuildLiteBehavior [ RunTime:0.000035s ]
INFO: [ app_init ] --END-- [ RunTime:0.000525s ]

[ 2017-01-16T16:40:19+08:00 ] ::1 /index.php/home/admin/img/a4.jpg
INFO: [ app_init ] --START--
INFO: Run Behavior\BuildLiteBehavior [ RunTime:0.000039s ]
INFO: [ app_init ] --END-- [ RunTime:0.000742s ]

[ 2017-01-16T16:40:19+08:00 ] ::1 /index.php/home/admin/img/a7.jpg
INFO: [ app_init ] --START--
INFO: Run Behavior\BuildLiteBehavior [ RunTime:0.000120s ]
INFO: [ app_init ] --END-- [ RunTime:0.000738s ]

[ 2017-01-16T16:40:19+08:00 ] ::1 /index.php/home/admin/img/a3.jpg
INFO: [ app_init ] --START--
INFO: Run Behavior\BuildLiteBehavior [ RunTime:0.000041s ]
INFO: [ app_init ] --END-- [ RunTime:0.000653s ]

[ 2017-01-16T16:40:19+08:00 ] ::1 /index.php/home/admin/img/a1.jpg
INFO: [ app_init ] --START--
INFO: Run Behavior\BuildLiteBehavior [ RunTime:0.000142s ]
INFO: [ app_init ] --END-- [ RunTime:0.001108s ]

[ 2017-01-16T16:40:19+08:00 ] ::1 /index.php/home/index/index
INFO: [ app_init ] --START--
INFO: Run Behavior\BuildLiteBehavior [ RunTime:0.000037s ]
INFO: [ app_init ] --END-- [ RunTime:0.000579s ]
INFO: [ app_begin ] --START--
INFO: Run Behavior\ReadHtmlCacheBehavior [ RunTime:0.000792s ]
INFO: [ app_begin ] --END-- [ RunTime:0.000982s ]
INFO: [ view_parse ] --START--
INFO: [ template_filter ] --START--
INFO: Run Behavior\ContentReplaceBehavior [ RunTime:0.000115s ]
INFO: [ template_filter ] --END-- [ RunTime:0.000251s ]
INFO: Run Behavior\ParseTemplateBehavior [ RunTime:0.105036s ]
INFO: [ view_parse ] --END-- [ RunTime:0.105202s ]
INFO: [ view_filter ] --START--
INFO: Run Behavior\WriteHtmlCacheBehavior [ RunTime:0.000345s ]
INFO: [ view_filter ] --END-- [ RunTime:0.000597s ]
INFO: [ app_end ] --START--
INFO: Run Behavior\ShowPageTraceBehavior [ RunTime:0.000998s ]
INFO: [ app_end ] --END-- [ RunTime:0.001169s ]

[ 2017-01-16T16:40:20+08:00 ] ::1 /index.php/home/admin/favicon.ico
INFO: [ app_init ] --START--
INFO: Run Behavior\BuildLiteBehavior [ RunTime:0.000039s ]
INFO: [ app_init ] --END-- [ RunTime:0.000695s ]

[ 2017-01-16T16:40:51+08:00 ] ::1 /index.php/home/order/order_add
INFO: [ app_init ] --START--
INFO: Run Behavior\BuildLiteBehavior [ RunTime:0.000041s ]
INFO: [ app_init ] --END-- [ RunTime:0.000645s ]
INFO: [ app_begin ] --START--
INFO: Run Behavior\ReadHtmlCacheBehavior [ RunTime:0.000860s ]
INFO: [ app_begin ] --END-- [ RunTime:0.001061s ]
INFO: [ view_parse ] --START--
INFO: [ template_filter ] --START--
INFO: Run Behavior\ContentReplaceBehavior [ RunTime:0.000491s ]
INFO: [ template_filter ] --END-- [ RunTime:0.002533s ]
INFO: Run Behavior\ParseTemplateBehavior [ RunTime:0.101858s ]
INFO: [ view_parse ] --END-- [ RunTime:0.102135s ]
INFO: [ view_filter ] --START--
INFO: Run Behavior\WriteHtmlCacheBehavior [ RunTime:0.000576s ]
INFO: [ view_filter ] --END-- [ RunTime:0.000740s ]
INFO: [ app_end ] --START--
INFO: Run Behavior\ShowPageTraceBehavior [ RunTime:0.002915s ]
INFO: [ app_end ] --END-- [ RunTime:0.003315s ]

[ 2017-01-16T16:40:57+08:00 ] ::1 /index.php/home/order/search_car
INFO: [ app_init ] --START--
INFO: Run Behavior\BuildLiteBehavior [ RunTime:0.000023s ]
INFO: [ app_init ] --END-- [ RunTime:0.000375s ]
INFO: [ app_begin ] --START--
INFO: Run Behavior\ReadHtmlCacheBehavior [ RunTime:0.000419s ]
INFO: [ app_begin ] --END-- [ RunTime:0.000516s ]
SQL: SHOW COLUMNS FROM `cars_c` [ RunTime:0.0220s ]
SQL: SELECT * FROM `cars_c` WHERE `userid` IN ('45') AND `status` = '待租' AND `is_delete` = 0 AND `nickname` LIKE '%%' ORDER BY id desc  [ RunTime:0.0177s ]

