[ 2017-03-02T09:38:08+08:00 ] ::1 /
INFO: [ app_init ] --START--
INFO: Run Behavior\BuildLiteBehavior [ RunTime:0.000027s ]
INFO: [ app_init ] --END-- [ RunTime:0.011294s ]
INFO: [ app_begin ] --START--
INFO: Run Behavior\ReadHtmlCacheBehavior [ RunTime:0.014128s ]
INFO: [ app_begin ] --END-- [ RunTime:0.014296s ]
INFO: [ view_parse ] --START--
INFO: [ template_filter ] --START--
INFO: Run Behavior\ContentReplaceBehavior [ RunTime:0.000104s ]
INFO: [ template_filter ] --END-- [ RunTime:0.000250s ]
INFO: Run Behavior\ParseTemplateBehavior [ RunTime:0.170479s ]
INFO: [ view_parse ] --END-- [ RunTime:0.170612s ]
INFO: [ view_filter ] --START--
INFO: Run Behavior\WriteHtmlCacheBehavior [ RunTime:0.003130s ]
INFO: [ view_filter ] --END-- [ RunTime:0.003294s ]
INFO: [ app_end ] --START--
INFO: Run Behavior\ShowPageTraceBehavior [ RunTime:0.003025s ]
INFO: [ app_end ] --END-- [ RunTime:0.003379s ]

[ 2017-03-02T09:38:23+08:00 ] ::1 /index.php/home/display/index
INFO: [ app_init ] --START--
INFO: Run Behavior\BuildLiteBehavior [ RunTime:0.000029s ]
INFO: [ app_init ] --END-- [ RunTime:0.001382s ]
INFO: [ app_begin ] --START--
INFO: Run Behavior\ReadHtmlCacheBehavior [ RunTime:0.000608s ]
INFO: [ app_begin ] --END-- [ RunTime:0.000762s ]
INFO: [ view_parse ] --START--
INFO: [ template_filter ] --START--
INFO: Run Behavior\ContentReplaceBehavior [ RunTime:0.000079s ]
INFO: [ template_filter ] --END-- [ RunTime:0.000215s ]
INFO: Run Behavior\ParseTemplateBehavior [ RunTime:0.039556s ]
INFO: [ view_parse ] --END-- [ RunTime:0.039679s ]
INFO: [ view_filter ] --START--
INFO: Run Behavior\WriteHtmlCacheBehavior [ RunTime:0.000381s ]
INFO: [ view_filter ] --END-- [ RunTime:0.000471s ]
INFO: [ app_end ] --START--
INFO: Run Behavior\ShowPageTraceBehavior [ RunTime:0.000467s ]
INFO: [ app_end ] --END-- [ RunTime:0.000595s ]

[ 2017-03-02T09:38:23+08:00 ] ::1 /index.php/home/display/images/bg1_1.png
INFO: [ app_init ] --START--
INFO: Run Behavior\BuildLiteBehavior [ RunTime:0.000037s ]
INFO: [ app_init ] --END-- [ RunTime:0.000535s ]

[ 2017-03-02T09:38:25+08:00 ] ::1 /index.php/home/index/login
INFO: [ app_init ] --START--
INFO: Run Behavior\BuildLiteBehavior [ RunTime:0.000023s ]
INFO: [ app_init ] --END-- [ RunTime:0.000525s ]
INFO: [ app_begin ] --START--
INFO: Run Behavior\ReadHtmlCacheBehavior [ RunTime:0.000615s ]
INFO: [ app_begin ] --END-- [ RunTime:0.000786s ]
SQL: SHOW COLUMNS FROM `user_c` [ RunTime:0.0113s ]
NOTIC: [8] Undefined index: validate C:\wamp\www\lingkong\ThinkPHP\Library\Think\Model.class.php 第 1185 行.
NOTIC: [8] Undefined index: auto C:\wamp\www\lingkong\ThinkPHP\Library\Think\Model.class.php 第 1128 行.
SQL: SELECT * FROM `user_c` WHERE `username` = 'admin' LIMIT 1   [ RunTime:0.0579s ]
SQL: UPDATE `user_c` SET `loginnum`=loginnum+1 WHERE `username` = 'admin' AND `id` = '45' [ RunTime:0.0575s ]
SQL: UPDATE `user_c` SET `username`='admin',`password`='96e79218965eb72c92a549dd5a330112',`lasttime`='1488418705',`lastip`='0.0.0.0' WHERE `username` = 'admin' AND `id` = '45' [ RunTime:0.0259s ]
INFO: [ app_end ] --START--
INFO: Run Behavior\ShowPageTraceBehavior [ RunTime:0.000787s ]
INFO: [ app_end ] --END-- [ RunTime:0.000904s ]

[ 2017-03-02T09:38:25+08:00 ] ::1 /index.php/home/admin/user_index
INFO: [ app_init ] --START--
INFO: Run Behavior\BuildLiteBehavior [ RunTime:0.000022s ]
INFO: [ app_init ] --END-- [ RunTime:0.000356s ]
INFO: [ app_begin ] --START--
INFO: Run Behavior\ReadHtmlCacheBehavior [ RunTime:0.000442s ]
INFO: [ app_begin ] --END-- [ RunTime:0.000576s ]
NOTIC: [2] Missing argument 1 for Common\Controller\CommonController::get_user_roles(), called in C:\wamp\www\lingkong\Application\Common\Controller\CommonController.class.php on line 228 and defined C:\wamp\www\lingkong\Application\Common\Controller\CommonController.class.php 第 172 行.
INFO: [ view_parse ] --START--
INFO: [ template_filter ] --START--
INFO: Run Behavior\ContentReplaceBehavior [ RunTime:0.000166s ]
INFO: [ template_filter ] --END-- [ RunTime:0.000278s ]
NOTIC: [8] Undefined variable: roles C:\wamp\www\lingkong\Application\Runtime\Cache\Home\f324508a16a2d221eb71b92d9fd560ca.php 第 36 行.
INFO: Run Behavior\ParseTemplateBehavior [ RunTime:0.088005s ]
INFO: [ view_parse ] --END-- [ RunTime:0.088112s ]
INFO: [ view_filter ] --START--
INFO: Run Behavior\WriteHtmlCacheBehavior [ RunTime:0.000346s ]
INFO: [ view_filter ] --END-- [ RunTime:0.000473s ]
INFO: [ app_end ] --START--
INFO: Run Behavior\ShowPageTraceBehavior [ RunTime:0.004550s ]
INFO: [ app_end ] --END-- [ RunTime:0.004960s ]

[ 2017-03-02T09:38:25+08:00 ] ::1 /index.php/home/admin/img/a1.jpg
INFO: [ app_init ] --START--
INFO: Run Behavior\BuildLiteBehavior [ RunTime:0.000045s ]
INFO: [ app_init ] --END-- [ RunTime:0.000600s ]

[ 2017-03-02T09:38:25+08:00 ] ::1 /index.php/home/admin/img/a2.jpg
INFO: [ app_init ] --START--
INFO: Run Behavior\BuildLiteBehavior [ RunTime:0.000049s ]
INFO: [ app_init ] --END-- [ RunTime:0.000617s ]

[ 2017-03-02T09:38:25+08:00 ] ::1 /index.php/home/admin/img/a4.jpg
INFO: [ app_init ] --START--
INFO: Run Behavior\BuildLiteBehavior [ RunTime:0.000036s ]
INFO: [ app_init ] --END-- [ RunTime:0.000593s ]

[ 2017-03-02T09:38:25+08:00 ] ::1 /index.php/home/admin/img/a7.jpg
INFO: [ app_init ] --START--
INFO: Run Behavior\BuildLiteBehavior [ RunTime:0.000072s ]
INFO: [ app_init ] --END-- [ RunTime:0.000835s ]

[ 2017-03-02T09:38:25+08:00 ] ::1 /index.php/home/admin/img/a8.jpg
INFO: [ app_init ] --START--
INFO: Run Behavior\BuildLiteBehavior [ RunTime:0.000038s ]
INFO: [ app_init ] --END-- [ RunTime:0.000728s ]

[ 2017-03-02T09:38:25+08:00 ] ::1 /index.php/home/index/index
INFO: [ app_init ] --START--
INFO: Run Behavior\BuildLiteBehavior [ RunTime:0.000037s ]
INFO: [ app_init ] --END-- [ RunTime:0.000639s ]
INFO: [ app_begin ] --START--
INFO: Run Behavior\ReadHtmlCacheBehavior [ RunTime:0.000824s ]
INFO: [ app_begin ] --END-- [ RunTime:0.001025s ]
INFO: [ view_parse ] --START--
INFO: [ template_filter ] --START--
INFO: Run Behavior\ContentReplaceBehavior [ RunTime:0.000180s ]
INFO: [ template_filter ] --END-- [ RunTime:0.000379s ]
INFO: Run Behavior\ParseTemplateBehavior [ RunTime:0.090193s ]
INFO: [ view_parse ] --END-- [ RunTime:0.090402s ]
INFO: [ view_filter ] --START--
INFO: Run Behavior\WriteHtmlCacheBehavior [ RunTime:0.000492s ]
INFO: [ view_filter ] --END-- [ RunTime:0.000729s ]
INFO: [ app_end ] --START--
INFO: Run Behavior\ShowPageTraceBehavior [ RunTime:0.001229s ]
INFO: [ app_end ] --END-- [ RunTime:0.001415s ]

[ 2017-03-02T09:38:26+08:00 ] ::1 /index.php/home/admin/favicon.ico
INFO: [ app_init ] --START--
INFO: Run Behavior\BuildLiteBehavior [ RunTime:0.000024s ]
INFO: [ app_init ] --END-- [ RunTime:0.000388s ]

[ 2017-03-02T09:49:56+08:00 ] 192.168.0.111 /index.php/home/admin/user_index
INFO: [ app_init ] --START--
INFO: Run Behavior\BuildLiteBehavior [ RunTime:0.000025s ]
INFO: [ app_init ] --END-- [ RunTime:0.001477s ]
INFO: [ app_begin ] --START--
INFO: Run Behavior\ReadHtmlCacheBehavior [ RunTime:0.013953s ]
INFO: [ app_begin ] --END-- [ RunTime:0.014114s ]

[ 2017-03-02T09:49:58+08:00 ] 192.168.0.111 /index.php/home/display/index
INFO: [ app_init ] --START--
INFO: Run Behavior\BuildLiteBehavior [ RunTime:0.000032s ]
INFO: [ app_init ] --END-- [ RunTime:0.000516s ]
INFO: [ app_begin ] --START--
INFO: Run Behavior\ReadHtmlCacheBehavior [ RunTime:0.000410s ]
INFO: [ app_begin ] --END-- [ RunTime:0.000519s ]
INFO: [ view_parse ] --START--
INFO: [ template_filter ] --START--
INFO: Run Behavior\ContentReplaceBehavior [ RunTime:0.000077s ]
INFO: [ template_filter ] --END-- [ RunTime:0.000197s ]
INFO: Run Behavior\ParseTemplateBehavior [ RunTime:0.101657s ]
INFO: [ view_parse ] --END-- [ RunTime:0.101780s ]
INFO: [ view_filter ] --START--
INFO: Run Behavior\WriteHtmlCacheBehavior [ RunTime:0.001664s ]
INFO: [ view_filter ] --END-- [ RunTime:0.001763s ]
INFO: [ app_end ] --START--
INFO: Run Behavior\ShowPageTraceBehavior [ RunTime:0.001868s ]
INFO: [ app_end ] --END-- [ RunTime:0.001973s ]

[ 2017-03-02T09:50:00+08:00 ] 192.168.0.111 /index.php/home/display/images/bg1_1.png
INFO: [ app_init ] --START--
INFO: Run Behavior\BuildLiteBehavior [ RunTime:0.000037s ]
INFO: [ app_init ] --END-- [ RunTime:0.000767s ]

[ 2017-03-02T09:50:22+08:00 ] 192.168.0.111 /index.php/home/index/login
INFO: [ app_init ] --START--
INFO: Run Behavior\BuildLiteBehavior [ RunTime:0.000029s ]
INFO: [ app_init ] --END-- [ RunTime:0.000688s ]
INFO: [ app_begin ] --START--
INFO: Run Behavior\ReadHtmlCacheBehavior [ RunTime:0.000695s ]
INFO: [ app_begin ] --END-- [ RunTime:0.000871s ]
SQL: SHOW COLUMNS FROM `user_c` [ RunTime:0.0155s ]
NOTIC: [8] Undefined index: validate C:\wamp\www\lingkong\ThinkPHP\Library\Think\Model.class.php 第 1185 行.
NOTIC: [8] Undefined index: auto C:\wamp\www\lingkong\ThinkPHP\Library\Think\Model.class.php 第 1128 行.
SQL: SELECT * FROM `user_c` WHERE `username` = 'admin' LIMIT 1   [ RunTime:0.0195s ]
SQL: UPDATE `user_c` SET `loginnum`=loginnum+1 WHERE `username` = 'admin' AND `id` = '45' [ RunTime:0.0300s ]
SQL: UPDATE `user_c` SET `username`='admin',`password`='96e79218965eb72c92a549dd5a330112',`lasttime`='1488419422',`lastip`='192.168.0.111' WHERE `username` = 'admin' AND `id` = '45' [ RunTime:0.0672s ]
INFO: [ app_end ] --START--
INFO: Run Behavior\ShowPageTraceBehavior [ RunTime:0.002466s ]
INFO: [ app_end ] --END-- [ RunTime:0.002884s ]

[ 2017-03-02T09:50:22+08:00 ] 192.168.0.111 /index.php/home/admin/user_index
INFO: [ app_init ] --START--
INFO: Run Behavior\BuildLiteBehavior [ RunTime:0.000027s ]
INFO: [ app_init ] --END-- [ RunTime:0.000434s ]
INFO: [ app_begin ] --START--
INFO: Run Behavior\ReadHtmlCacheBehavior [ RunTime:0.000417s ]
INFO: [ app_begin ] --END-- [ RunTime:0.000525s ]
NOTIC: [2] Missing argument 1 for Common\Controller\CommonController::get_user_roles(), called in C:\wamp\www\lingkong\Application\Common\Controller\CommonController.class.php on line 228 and defined C:\wamp\www\lingkong\Application\Common\Controller\CommonController.class.php 第 172 行.
INFO: [ view_parse ] --START--
INFO: [ template_filter ] --START--
INFO: Run Behavior\ContentReplaceBehavior [ RunTime:0.000174s ]
INFO: [ template_filter ] --END-- [ RunTime:0.000290s ]
NOTIC: [8] Undefined variable: roles C:\wamp\www\lingkong\Application\Runtime\Cache\Home\f324508a16a2d221eb71b92d9fd560ca.php 第 36 行.
INFO: Run Behavior\ParseTemplateBehavior [ RunTime:0.086608s ]
INFO: [ view_parse ] --END-- [ RunTime:0.086754s ]
INFO: [ view_filter ] --START--
INFO: Run Behavior\WriteHtmlCacheBehavior [ RunTime:0.000418s ]
INFO: [ view_filter ] --END-- [ RunTime:0.000550s ]
INFO: [ app_end ] --START--
INFO: Run Behavior\ShowPageTraceBehavior [ RunTime:0.000611s ]
INFO: [ app_end ] --END-- [ RunTime:0.000776s ]

[ 2017-03-02T09:50:22+08:00 ] 192.168.0.111 /index.php/home/admin/img/a1.jpg
INFO: [ app_init ] --START--
INFO: Run Behavior\BuildLiteBehavior [ RunTime:0.000041s ]
INFO: [ app_init ] --END-- [ RunTime:0.001597s ]

[ 2017-03-02T09:50:22+08:00 ] 192.168.0.111 /index.php/home/admin/favicon.ico
INFO: [ app_init ] --START--
INFO: Run Behavior\BuildLiteBehavior [ RunTime:0.000038s ]
INFO: [ app_init ] --END-- [ RunTime:0.000702s ]

[ 2017-03-02T09:50:22+08:00 ] 192.168.0.111 /index.php/home/admin/img/a2.jpg
INFO: [ app_init ] --START--
INFO: Run Behavior\BuildLiteBehavior [ RunTime:0.000035s ]
INFO: [ app_init ] --END-- [ RunTime:0.000529s ]

[ 2017-03-02T09:50:22+08:00 ] 192.168.0.111 /index.php/home/index/index
INFO: [ app_init ] --START--
INFO: Run Behavior\BuildLiteBehavior [ RunTime:0.000036s ]
INFO: [ app_init ] --END-- [ RunTime:0.000786s ]
INFO: [ app_begin ] --START--
INFO: Run Behavior\ReadHtmlCacheBehavior [ RunTime:0.001353s ]
INFO: [ app_begin ] --END-- [ RunTime:0.001539s ]
INFO: [ view_parse ] --START--
INFO: [ template_filter ] --START--
INFO: Run Behavior\ContentReplaceBehavior [ RunTime:0.000265s ]
INFO: [ template_filter ] --END-- [ RunTime:0.000630s ]
INFO: Run Behavior\ParseTemplateBehavior [ RunTime:0.160843s ]
INFO: [ view_parse ] --END-- [ RunTime:0.161044s ]
INFO: [ view_filter ] --START--
INFO: Run Behavior\WriteHtmlCacheBehavior [ RunTime:0.000495s ]
INFO: [ view_filter ] --END-- [ RunTime:0.000669s ]
INFO: [ app_end ] --START--
INFO: Run Behavior\ShowPageTraceBehavior [ RunTime:0.000791s ]
INFO: [ app_end ] --END-- [ RunTime:0.000990s ]

[ 2017-03-02T09:50:22+08:00 ] 192.168.0.111 /index.php/home/admin/img/a8.jpg
INFO: [ app_init ] --START--
INFO: Run Behavior\BuildLiteBehavior [ RunTime:0.000047s ]
INFO: [ app_init ] --END-- [ RunTime:0.000777s ]

[ 2017-03-02T09:50:22+08:00 ] 192.168.0.111 /index.php/home/admin/img/a7.jpg
INFO: [ app_init ] --START--
INFO: Run Behavior\BuildLiteBehavior [ RunTime:0.000040s ]
INFO: [ app_init ] --END-- [ RunTime:0.000560s ]

[ 2017-03-02T09:50:22+08:00 ] 192.168.0.111 /index.php/home/admin/img/a4.jpg
INFO: [ app_init ] --START--
INFO: Run Behavior\BuildLiteBehavior [ RunTime:0.000052s ]
INFO: [ app_init ] --END-- [ RunTime:0.000863s ]

[ 2017-03-02T10:45:45+08:00 ] ::1 /index.php/home/admin/user_index
INFO: [ app_init ] --START--
INFO: Run Behavior\BuildLiteBehavior [ RunTime:0.000031s ]
INFO: [ app_init ] --END-- [ RunTime:0.001654s ]
INFO: [ app_begin ] --START--
INFO: Run Behavior\ReadHtmlCacheBehavior [ RunTime:0.001885s ]
INFO: [ app_begin ] --END-- [ RunTime:0.003054s ]
NOTIC: [2] Missing argument 1 for Common\Controller\CommonController::get_user_roles(), called in C:\wamp\www\lingkong\Application\Common\Controller\CommonController.class.php on line 228 and defined C:\wamp\www\lingkong\Application\Common\Controller\CommonController.class.php 第 172 行.
INFO: [ view_parse ] --START--
INFO: [ template_filter ] --START--
INFO: Run Behavior\ContentReplaceBehavior [ RunTime:0.000177s ]
INFO: [ template_filter ] --END-- [ RunTime:0.000292s ]
NOTIC: [8] Undefined variable: roles C:\wamp\www\lingkong\Application\Runtime\Cache\Home\f324508a16a2d221eb71b92d9fd560ca.php 第 36 行.
INFO: Run Behavior\ParseTemplateBehavior [ RunTime:0.148461s ]
INFO: [ view_parse ] --END-- [ RunTime:0.148566s ]
INFO: [ view_filter ] --START--
INFO: Run Behavior\WriteHtmlCacheBehavior [ RunTime:0.001438s ]
INFO: [ view_filter ] --END-- [ RunTime:0.001548s ]
INFO: [ app_end ] --START--
INFO: Run Behavior\ShowPageTraceBehavior [ RunTime:0.002310s ]
INFO: [ app_end ] --END-- [ RunTime:0.002613s ]

[ 2017-03-02T10:45:45+08:00 ] ::1 /index.php/home/admin/img/a1.jpg
INFO: [ app_init ] --START--
INFO: Run Behavior\BuildLiteBehavior [ RunTime:0.000038s ]
INFO: [ app_init ] --END-- [ RunTime:0.000579s ]

[ 2017-03-02T10:45:45+08:00 ] ::1 /index.php/home/admin/img/a8.jpg
INFO: [ app_init ] --START--
INFO: Run Behavior\BuildLiteBehavior [ RunTime:0.000039s ]
INFO: [ app_init ] --END-- [ RunTime:0.000651s ]

[ 2017-03-02T10:45:45+08:00 ] ::1 /index.php/home/admin/img/a3.jpg
INFO: [ app_init ] --START--
INFO: Run Behavior\BuildLiteBehavior [ RunTime:0.000039s ]
INFO: [ app_init ] --END-- [ RunTime:0.000828s ]

[ 2017-03-02T10:45:45+08:00 ] ::1 /index.php/home/admin/img/a2.jpg
INFO: [ app_init ] --START--
INFO: Run Behavior\BuildLiteBehavior [ RunTime:0.000040s ]
INFO: [ app_init ] --END-- [ RunTime:0.001428s ]

[ 2017-03-02T10:45:45+08:00 ] ::1 /index.php/home/admin/img/a7.jpg
INFO: [ app_init ] --START--
INFO: Run Behavior\BuildLiteBehavior [ RunTime:0.000038s ]
INFO: [ app_init ] --END-- [ RunTime:0.001422s ]

[ 2017-03-02T10:45:45+08:00 ] ::1 /index.php/home/admin/img/a4.jpg
INFO: [ app_init ] --START--
INFO: Run Behavior\BuildLiteBehavior [ RunTime:0.000040s ]
INFO: [ app_init ] --END-- [ RunTime:0.000729s ]

[ 2017-03-02T10:45:45+08:00 ] ::1 /index.php/home/index/index
INFO: [ app_init ] --START--
INFO: Run Behavior\BuildLiteBehavior [ RunTime:0.000051s ]
INFO: [ app_init ] --END-- [ RunTime:0.000679s ]
INFO: [ app_begin ] --START--
INFO: Run Behavior\ReadHtmlCacheBehavior [ RunTime:0.000870s ]
INFO: [ app_begin ] --END-- [ RunTime:0.001059s ]
INFO: [ view_parse ] --START--
INFO: [ template_filter ] --START--
INFO: Run Behavior\ContentReplaceBehavior [ RunTime:0.000123s ]
INFO: [ template_filter ] --END-- [ RunTime:0.000241s ]
INFO: Run Behavior\ParseTemplateBehavior [ RunTime:0.098543s ]
INFO: [ view_parse ] --END-- [ RunTime:0.098803s ]
INFO: [ view_filter ] --START--
INFO: Run Behavior\WriteHtmlCacheBehavior [ RunTime:0.010617s ]
INFO: [ view_filter ] --END-- [ RunTime:0.011709s ]
INFO: [ app_end ] --START--
INFO: Run Behavior\ShowPageTraceBehavior [ RunTime:0.003840s ]
INFO: [ app_end ] --END-- [ RunTime:0.004568s ]

[ 2017-03-02T10:45:49+08:00 ] ::1 /index.php/home/car/wb?v=4.0
INFO: [ app_init ] --START--
INFO: Run Behavior\BuildLiteBehavior [ RunTime:0.000026s ]
INFO: [ app_init ] --END-- [ RunTime:0.000401s ]
INFO: [ app_begin ] --START--
INFO: Run Behavior\ReadHtmlCacheBehavior [ RunTime:0.000413s ]
INFO: [ app_begin ] --END-- [ RunTime:0.000514s ]

[ 2017-03-02T10:47:59+08:00 ] ::1 /index.php/home/car/wb?v=4.0
INFO: [ app_init ] --START--
INFO: Run Behavior\BuildLiteBehavior [ RunTime:0.000033s ]
INFO: [ app_init ] --END-- [ RunTime:0.000885s ]
INFO: [ app_begin ] --START--
INFO: Run Behavior\ReadHtmlCacheBehavior [ RunTime:0.001142s ]
INFO: [ app_begin ] --END-- [ RunTime:0.001379s ]
INFO: [ app_end ] --START--
INFO: Run Behavior\ShowPageTraceBehavior [ RunTime:0.002258s ]
INFO: [ app_end ] --END-- [ RunTime:0.002629s ]

[ 2017-03-02T10:48:49+08:00 ] ::1 /index.php/home/car/wb?v=4.0
INFO: [ app_init ] --START--
INFO: Run Behavior\BuildLiteBehavior [ RunTime:0.000042s ]
INFO: [ app_init ] --END-- [ RunTime:0.000732s ]
INFO: [ app_begin ] --START--
INFO: Run Behavior\ReadHtmlCacheBehavior [ RunTime:0.002247s ]
INFO: [ app_begin ] --END-- [ RunTime:0.002462s ]
INFO: [ app_end ] --START--
INFO: Run Behavior\ShowPageTraceBehavior [ RunTime:0.000749s ]
INFO: [ app_end ] --END-- [ RunTime:0.000916s ]

[ 2017-03-02T10:49:18+08:00 ] ::1 /index.php/home/car/wb?v=4.0
INFO: [ app_init ] --START--
INFO: Run Behavior\BuildLiteBehavior [ RunTime:0.000088s ]
INFO: [ app_init ] --END-- [ RunTime:0.002340s ]
INFO: [ app_begin ] --START--
INFO: Run Behavior\ReadHtmlCacheBehavior [ RunTime:0.000785s ]
INFO: [ app_begin ] --END-- [ RunTime:0.000966s ]
INFO: [ app_end ] --START--
INFO: Run Behavior\ShowPageTraceBehavior [ RunTime:0.000694s ]
INFO: [ app_end ] --END-- [ RunTime:0.000864s ]

[ 2017-03-02T10:49:28+08:00 ] ::1 /index.php/home/car/list_car?v=4.0
INFO: [ app_init ] --START--
INFO: Run Behavior\BuildLiteBehavior [ RunTime:0.000029s ]
INFO: [ app_init ] --END-- [ RunTime:0.000468s ]
INFO: [ app_begin ] --START--
INFO: Run Behavior\ReadHtmlCacheBehavior [ RunTime:0.001130s ]
INFO: [ app_begin ] --END-- [ RunTime:0.001359s ]
INFO: [ view_parse ] --START--
INFO: [ template_filter ] --START--
INFO: Run Behavior\ContentReplaceBehavior [ RunTime:0.000089s ]
INFO: [ template_filter ] --END-- [ RunTime:0.000191s ]
INFO: Run Behavior\ParseTemplateBehavior [ RunTime:0.098264s ]
INFO: [ view_parse ] --END-- [ RunTime:0.098467s ]
INFO: [ view_filter ] --START--
INFO: Run Behavior\WriteHtmlCacheBehavior [ RunTime:0.000430s ]
INFO: [ view_filter ] --END-- [ RunTime:0.000525s ]
INFO: [ app_end ] --START--
INFO: Run Behavior\ShowPageTraceBehavior [ RunTime:0.000469s ]
INFO: [ app_end ] --END-- [ RunTime:0.000563s ]

[ 2017-03-02T10:49:28+08:00 ] ::1 /index.php/home/car/cars_list
INFO: [ app_init ] --START--
INFO: Run Behavior\BuildLiteBehavior [ RunTime:0.000032s ]
INFO: [ app_init ] --END-- [ RunTime:0.000575s ]
INFO: [ app_begin ] --START--
INFO: Run Behavior\ReadHtmlCacheBehavior [ RunTime:0.000587s ]
INFO: [ app_begin ] --END-- [ RunTime:0.000737s ]
SQL: SHOW COLUMNS FROM `cars_c` [ RunTime:0.0264s ]
SQL: SELECT * FROM `cars_c` WHERE `userid` IN ('45') AND `is_delete` = 0 ORDER BY id desc  [ RunTime:0.0212s ]

[ 2017-03-02T10:49:48+08:00 ] ::1 /index.php/home/car/cars_list
INFO: [ app_init ] --START--
INFO: Run Behavior\BuildLiteBehavior [ RunTime:0.000029s ]
INFO: [ app_init ] --END-- [ RunTime:0.000468s ]
INFO: [ app_begin ] --START--
INFO: Run Behavior\ReadHtmlCacheBehavior [ RunTime:0.000705s ]
INFO: [ app_begin ] --END-- [ RunTime:0.000875s ]
SQL: SHOW COLUMNS FROM `cars_c` [ RunTime:0.0217s ]
SQL: SELECT * FROM `cars_c` WHERE `userid` IN ('45') AND `status` = '维修/保养' AND `is_delete` = 0 ORDER BY id desc  [ RunTime:0.0224s ]

[ 2017-03-02T10:49:50+08:00 ] ::1 /index.php/home/car/cars_list
INFO: [ app_init ] --START--
INFO: Run Behavior\BuildLiteBehavior [ RunTime:0.000029s ]
INFO: [ app_init ] --END-- [ RunTime:0.000498s ]
INFO: [ app_begin ] --START--
INFO: Run Behavior\ReadHtmlCacheBehavior [ RunTime:0.000513s ]
INFO: [ app_begin ] --END-- [ RunTime:0.000642s ]
SQL: SHOW COLUMNS FROM `cars_c` [ RunTime:0.0161s ]
SQL: SELECT * FROM `cars_c` WHERE `userid` IN ('45') AND `status` = '待租' AND `is_delete` = 0 ORDER BY id desc  [ RunTime:0.0146s ]

[ 2017-03-02T10:49:51+08:00 ] ::1 /index.php/home/car/cars_list
INFO: [ app_init ] --START--
INFO: Run Behavior\BuildLiteBehavior [ RunTime:0.000024s ]
INFO: [ app_init ] --END-- [ RunTime:0.000385s ]
INFO: [ app_begin ] --START--
INFO: Run Behavior\ReadHtmlCacheBehavior [ RunTime:0.000416s ]
INFO: [ app_begin ] --END-- [ RunTime:0.000510s ]
SQL: SHOW COLUMNS FROM `cars_c` [ RunTime:0.0239s ]
SQL: SELECT * FROM `cars_c` WHERE `userid` IN ('45') AND `status` = '在租' AND `is_delete` = 0 ORDER BY id desc  [ RunTime:0.0241s ]

[ 2017-03-02T10:49:52+08:00 ] ::1 /index.php/home/car/cars_list
INFO: [ app_init ] --START--
INFO: Run Behavior\BuildLiteBehavior [ RunTime:0.000032s ]
INFO: [ app_init ] --END-- [ RunTime:0.000519s ]
INFO: [ app_begin ] --START--
INFO: Run Behavior\ReadHtmlCacheBehavior [ RunTime:0.000496s ]
INFO: [ app_begin ] --END-- [ RunTime:0.000609s ]
SQL: SHOW COLUMNS FROM `cars_c` [ RunTime:0.0256s ]
SQL: SELECT * FROM `cars_c` WHERE `userid` IN ('45') AND `is_delete` = 0 ORDER BY id desc  [ RunTime:0.0204s ]

[ 2017-03-02T10:49:54+08:00 ] ::1 /index.php/home/car/cars_list
INFO: [ app_init ] --START--
INFO: Run Behavior\BuildLiteBehavior [ RunTime:0.000032s ]
INFO: [ app_init ] --END-- [ RunTime:0.000519s ]
INFO: [ app_begin ] --START--
INFO: Run Behavior\ReadHtmlCacheBehavior [ RunTime:0.000505s ]
INFO: [ app_begin ] --END-- [ RunTime:0.000619s ]
SQL: SHOW COLUMNS FROM `cars_c` [ RunTime:0.0210s ]
SQL: SELECT * FROM `cars_c` WHERE `userid` IN ('45') AND `status` = '在租' AND `is_delete` = 0 ORDER BY id desc  [ RunTime:0.0212s ]

[ 2017-03-02T10:49:55+08:00 ] ::1 /index.php/home/car/cars_list
INFO: [ app_init ] --START--
INFO: Run Behavior\BuildLiteBehavior [ RunTime:0.000027s ]
INFO: [ app_init ] --END-- [ RunTime:0.000472s ]
INFO: [ app_begin ] --START--
INFO: Run Behavior\ReadHtmlCacheBehavior [ RunTime:0.000563s ]
INFO: [ app_begin ] --END-- [ RunTime:0.000681s ]
SQL: SHOW COLUMNS FROM `cars_c` [ RunTime:0.0237s ]
SQL: SELECT * FROM `cars_c` WHERE `userid` IN ('45') AND `status` = '待租' AND `is_delete` = 0 ORDER BY id desc  [ RunTime:0.0208s ]

[ 2017-03-02T10:49:56+08:00 ] ::1 /index.php/home/car/cars_list
INFO: [ app_init ] --START--
INFO: Run Behavior\BuildLiteBehavior [ RunTime:0.000035s ]
INFO: [ app_init ] --END-- [ RunTime:0.000569s ]
INFO: [ app_begin ] --START--
INFO: Run Behavior\ReadHtmlCacheBehavior [ RunTime:0.000493s ]
INFO: [ app_begin ] --END-- [ RunTime:0.000606s ]
SQL: SHOW COLUMNS FROM `cars_c` [ RunTime:0.0300s ]
SQL: SELECT * FROM `cars_c` WHERE `userid` IN ('45') AND `is_delete` = 0 ORDER BY id desc  [ RunTime:0.0260s ]

[ 2017-03-02T10:50:08+08:00 ] ::1 /index.php/home/car/wb?v=4.0
INFO: [ app_init ] --START--
INFO: Run Behavior\BuildLiteBehavior [ RunTime:0.000041s ]
INFO: [ app_init ] --END-- [ RunTime:0.001253s ]
INFO: [ app_begin ] --START--
INFO: Run Behavior\ReadHtmlCacheBehavior [ RunTime:0.000835s ]
INFO: [ app_begin ] --END-- [ RunTime:0.001034s ]
INFO: [ app_end ] --START--
INFO: Run Behavior\ShowPageTraceBehavior [ RunTime:0.001045s ]
INFO: [ app_end ] --END-- [ RunTime:0.001300s ]

[ 2017-03-02T10:50:24+08:00 ] ::1 /index.php/home/employer/add_employer?v=4.0
INFO: [ app_init ] --START--
INFO: Run Behavior\BuildLiteBehavior [ RunTime:0.000042s ]
INFO: [ app_init ] --END-- [ RunTime:0.000641s ]
INFO: [ app_begin ] --START--
INFO: Run Behavior\ReadHtmlCacheBehavior [ RunTime:0.000945s ]
INFO: [ app_begin ] --END-- [ RunTime:0.001136s ]
INFO: [ view_parse ] --START--
INFO: [ template_filter ] --START--
INFO: Run Behavior\ContentReplaceBehavior [ RunTime:0.000122s ]
INFO: [ template_filter ] --END-- [ RunTime:0.000313s ]
INFO: Run Behavior\ParseTemplateBehavior [ RunTime:0.081317s ]
INFO: [ view_parse ] --END-- [ RunTime:0.081473s ]
INFO: [ view_filter ] --START--
INFO: Run Behavior\WriteHtmlCacheBehavior [ RunTime:0.000464s ]
INFO: [ view_filter ] --END-- [ RunTime:0.000570s ]
INFO: [ app_end ] --START--
INFO: Run Behavior\ShowPageTraceBehavior [ RunTime:0.000406s ]
INFO: [ app_end ] --END-- [ RunTime:0.000502s ]

[ 2017-03-02T10:50:52+08:00 ] ::1 /index.php/home/store/list_store?v=4.0
INFO: [ app_init ] --START--
INFO: Run Behavior\BuildLiteBehavior [ RunTime:0.000037s ]
INFO: [ app_init ] --END-- [ RunTime:0.000833s ]
INFO: [ app_begin ] --START--
INFO: Run Behavior\ReadHtmlCacheBehavior [ RunTime:0.000540s ]
INFO: [ app_begin ] --END-- [ RunTime:0.000686s ]
INFO: [ view_parse ] --START--
INFO: [ template_filter ] --START--
INFO: Run Behavior\ContentReplaceBehavior [ RunTime:0.000107s ]
INFO: [ template_filter ] --END-- [ RunTime:0.000214s ]
INFO: Run Behavior\ParseTemplateBehavior [ RunTime:0.111692s ]
INFO: [ view_parse ] --END-- [ RunTime:0.111815s ]
INFO: [ view_filter ] --START--
INFO: Run Behavior\WriteHtmlCacheBehavior [ RunTime:0.000413s ]
INFO: [ view_filter ] --END-- [ RunTime:0.000523s ]
INFO: [ app_end ] --START--
INFO: Run Behavior\ShowPageTraceBehavior [ RunTime:0.001267s ]
INFO: [ app_end ] --END-- [ RunTime:0.002360s ]

[ 2017-03-02T10:50:52+08:00 ] ::1 /index.php/home/store/fresh_store
INFO: [ app_init ] --START--
INFO: Run Behavior\BuildLiteBehavior [ RunTime:0.000041s ]
INFO: [ app_init ] --END-- [ RunTime:0.000664s ]
INFO: [ app_begin ] --START--
INFO: Run Behavior\ReadHtmlCacheBehavior [ RunTime:0.000733s ]
INFO: [ app_begin ] --END-- [ RunTime:0.000944s ]
SQL: SHOW COLUMNS FROM `child_company` [ RunTime:0.0238s ]
SQL: SHOW COLUMNS FROM `store_c` [ RunTime:0.0235s ]
SQL: SELECT * FROM `child_company` WHERE ( userid=45 )  [ RunTime:0.0180s ]

[ 2017-03-02T10:50:53+08:00 ] ::1 /index.php/home/store/fresh_store_company
INFO: [ app_init ] --START--
INFO: Run Behavior\BuildLiteBehavior [ RunTime:0.000037s ]
INFO: [ app_init ] --END-- [ RunTime:0.000598s ]
INFO: [ app_begin ] --START--
INFO: Run Behavior\ReadHtmlCacheBehavior [ RunTime:0.000489s ]
INFO: [ app_begin ] --END-- [ RunTime:0.000607s ]
SQL: SHOW COLUMNS FROM `store_c` [ RunTime:0.0169s ]
SQL: SELECT * FROM `store_c` WHERE ( userid=45 )  [ RunTime:0.0169s ]

[ 2017-03-02T10:51:30+08:00 ] ::1 /index.php/home/car/list_car?v=4.0
INFO: [ app_init ] --START--
INFO: Run Behavior\BuildLiteBehavior [ RunTime:0.000037s ]
INFO: [ app_init ] --END-- [ RunTime:0.000685s ]
INFO: [ app_begin ] --START--
INFO: Run Behavior\ReadHtmlCacheBehavior [ RunTime:0.000712s ]
INFO: [ app_begin ] --END-- [ RunTime:0.000905s ]
INFO: [ view_parse ] --START--
INFO: [ template_filter ] --START--
INFO: Run Behavior\ContentReplaceBehavior [ RunTime:0.000107s ]
INFO: [ template_filter ] --END-- [ RunTime:0.000258s ]
INFO: Run Behavior\ParseTemplateBehavior [ RunTime:0.009780s ]
INFO: [ view_parse ] --END-- [ RunTime:0.009926s ]
INFO: [ view_filter ] --START--
INFO: Run Behavior\WriteHtmlCacheBehavior [ RunTime:0.000497s ]
INFO: [ view_filter ] --END-- [ RunTime:0.000604s ]
INFO: [ app_end ] --START--
INFO: Run Behavior\ShowPageTraceBehavior [ RunTime:0.000570s ]
INFO: [ app_end ] --END-- [ RunTime:0.000688s ]

[ 2017-03-02T10:51:30+08:00 ] ::1 /index.php/home/car/cars_list
INFO: [ app_init ] --START--
INFO: Run Behavior\BuildLiteBehavior [ RunTime:0.000098s ]
INFO: [ app_init ] --END-- [ RunTime:0.002077s ]
INFO: [ app_begin ] --START--
INFO: Run Behavior\ReadHtmlCacheBehavior [ RunTime:0.000789s ]
INFO: [ app_begin ] --END-- [ RunTime:0.000965s ]
SQL: SHOW COLUMNS FROM `cars_c` [ RunTime:0.0213s ]
SQL: SELECT * FROM `cars_c` WHERE `userid` IN ('45') AND `is_delete` = 0 ORDER BY id desc  [ RunTime:0.0204s ]

[ 2017-03-02T10:51:50+08:00 ] ::1 /index.php/home/car/view_car/id/7
INFO: [ app_init ] --START--
INFO: Run Behavior\BuildLiteBehavior [ RunTime:0.000025s ]
INFO: [ app_init ] --END-- [ RunTime:0.000574s ]
INFO: [ app_begin ] --START--
INFO: Run Behavior\ReadHtmlCacheBehavior [ RunTime:0.000897s ]
INFO: [ app_begin ] --END-- [ RunTime:0.001161s ]
SQL: SHOW COLUMNS FROM `cars_c` [ RunTime:0.0195s ]
SQL: SHOW COLUMNS FROM `cars_c` [ RunTime:0.0253s ]
SQL: SELECT * FROM cars_c as a INNER JOIN cars as b on b.id = a.cars_id  WHERE ( a.id ='7' ) LIMIT 1   [ RunTime:0.0209s ]
INFO: [ view_parse ] --START--
INFO: [ template_filter ] --START--
INFO: Run Behavior\ContentReplaceBehavior [ RunTime:0.000152s ]
INFO: [ template_filter ] --END-- [ RunTime:0.000255s ]
NOTIC: [8] Undefined variable: tingkao_company C:\wamp\www\lingkong\Application\Runtime\Cache\Home\2c0af58fc21ecd11da7e90d60baeb03c.php 第 110 行.
NOTIC: [8] Undefined variable: tingkao_store C:\wamp\www\lingkong\Application\Runtime\Cache\Home\2c0af58fc21ecd11da7e90d60baeb03c.php 第 112 行.
INFO: Run Behavior\ParseTemplateBehavior [ RunTime:0.079468s ]
INFO: [ view_parse ] --END-- [ RunTime:0.079578s ]
INFO: [ view_filter ] --START--
INFO: Run Behavior\WriteHtmlCacheBehavior [ RunTime:0.000432s ]
INFO: [ view_filter ] --END-- [ RunTime:0.000523s ]
INFO: [ app_end ] --START--
INFO: Run Behavior\ShowPageTraceBehavior [ RunTime:0.000958s ]
INFO: [ app_end ] --END-- [ RunTime:0.001129s ]

[ 2017-03-02T10:53:35+08:00 ] ::1 /index.php/home/car/view_car/id/7
INFO: [ app_init ] --START--
INFO: Run Behavior\BuildLiteBehavior [ RunTime:0.000049s ]
INFO: [ app_init ] --END-- [ RunTime:0.001206s ]
INFO: [ app_begin ] --START--
INFO: Run Behavior\ReadHtmlCacheBehavior [ RunTime:0.000850s ]
INFO: [ app_begin ] --END-- [ RunTime:0.001030s ]
SQL: SHOW COLUMNS FROM `cars_c` [ RunTime:0.0219s ]
SQL: SHOW COLUMNS FROM `cars_c` [ RunTime:0.0209s ]
SQL: SELECT * FROM cars_c as a INNER JOIN cars as b on b.id = a.cars_id  WHERE ( a.id ='7' ) LIMIT 1   [ RunTime:0.0199s ]
INFO: [ view_parse ] --START--
INFO: [ template_filter ] --START--
INFO: Run Behavior\ContentReplaceBehavior [ RunTime:0.000154s ]
INFO: [ template_filter ] --END-- [ RunTime:0.000308s ]
NOTIC: [8] Undefined variable: tingkao_company C:\wamp\www\lingkong\Application\Runtime\Cache\Home\2c0af58fc21ecd11da7e90d60baeb03c.php 第 110 行.
NOTIC: [8] Undefined variable: tingkao_store C:\wamp\www\lingkong\Application\Runtime\Cache\Home\2c0af58fc21ecd11da7e90d60baeb03c.php 第 112 行.
INFO: Run Behavior\ParseTemplateBehavior [ RunTime:0.068512s ]
INFO: [ view_parse ] --END-- [ RunTime:0.068664s ]
INFO: [ view_filter ] --START--
INFO: Run Behavior\WriteHtmlCacheBehavior [ RunTime:0.000758s ]
INFO: [ view_filter ] --END-- [ RunTime:0.000890s ]
INFO: [ app_end ] --START--
INFO: Run Behavior\ShowPageTraceBehavior [ RunTime:0.001119s ]
INFO: [ app_end ] --END-- [ RunTime:0.001357s ]

[ 2017-03-02T10:53:41+08:00 ] ::1 /index.php/home/car/view_car/id/7
INFO: [ app_init ] --START--
INFO: Run Behavior\BuildLiteBehavior [ RunTime:0.000034s ]
INFO: [ app_init ] --END-- [ RunTime:0.000643s ]
INFO: [ app_begin ] --START--
INFO: Run Behavior\ReadHtmlCacheBehavior [ RunTime:0.000726s ]
INFO: [ app_begin ] --END-- [ RunTime:0.000920s ]
SQL: SHOW COLUMNS FROM `cars_c` [ RunTime:0.0223s ]
SQL: SHOW COLUMNS FROM `cars_c` [ RunTime:0.0208s ]
SQL: SELECT * FROM cars_c as a INNER JOIN cars as b on b.id = a.cars_id  WHERE ( a.id ='7' ) LIMIT 1   [ RunTime:0.0200s ]
INFO: [ view_parse ] --START--
INFO: [ template_filter ] --START--
INFO: Run Behavior\ContentReplaceBehavior [ RunTime:0.000109s ]
INFO: [ template_filter ] --END-- [ RunTime:0.000214s ]
NOTIC: [8] Undefined variable: tingkao_company C:\wamp\www\lingkong\Application\Runtime\Cache\Home\2c0af58fc21ecd11da7e90d60baeb03c.php 第 110 行.
NOTIC: [8] Undefined variable: tingkao_store C:\wamp\www\lingkong\Application\Runtime\Cache\Home\2c0af58fc21ecd11da7e90d60baeb03c.php 第 112 行.
INFO: Run Behavior\ParseTemplateBehavior [ RunTime:0.054839s ]
INFO: [ view_parse ] --END-- [ RunTime:0.054966s ]
INFO: [ view_filter ] --START--
INFO: Run Behavior\WriteHtmlCacheBehavior [ RunTime:0.000937s ]
INFO: [ view_filter ] --END-- [ RunTime:0.001101s ]
INFO: [ app_end ] --START--
INFO: Run Behavior\ShowPageTraceBehavior [ RunTime:0.000959s ]
INFO: [ app_end ] --END-- [ RunTime:0.001279s ]

[ 2017-03-02T10:53:48+08:00 ] ::1 /index.php/home/car/view_car/id/7
INFO: [ app_init ] --START--
INFO: Run Behavior\BuildLiteBehavior [ RunTime:0.000038s ]
INFO: [ app_init ] --END-- [ RunTime:0.000644s ]
INFO: [ app_begin ] --START--
INFO: Run Behavior\ReadHtmlCacheBehavior [ RunTime:0.000735s ]
INFO: [ app_begin ] --END-- [ RunTime:0.000932s ]
SQL: SHOW COLUMNS FROM `cars_c` [ RunTime:0.0252s ]
SQL: SHOW COLUMNS FROM `cars_c` [ RunTime:0.0182s ]
SQL: SELECT * FROM cars_c as a INNER JOIN cars as b on b.id = a.cars_id  WHERE ( a.id ='7' ) LIMIT 1   [ RunTime:0.0177s ]
INFO: [ view_parse ] --START--
INFO: [ template_filter ] --START--
INFO: Run Behavior\ContentReplaceBehavior [ RunTime:0.000122s ]
INFO: [ template_filter ] --END-- [ RunTime:0.000273s ]
NOTIC: [8] Undefined variable: tingkao_company C:\wamp\www\lingkong\Application\Runtime\Cache\Home\2c0af58fc21ecd11da7e90d60baeb03c.php 第 110 行.
NOTIC: [8] Undefined variable: tingkao_store C:\wamp\www\lingkong\Application\Runtime\Cache\Home\2c0af58fc21ecd11da7e90d60baeb03c.php 第 112 行.
INFO: Run Behavior\ParseTemplateBehavior [ RunTime:0.052011s ]
INFO: [ view_parse ] --END-- [ RunTime:0.052121s ]
INFO: [ view_filter ] --START--
INFO: Run Behavior\WriteHtmlCacheBehavior [ RunTime:0.000422s ]
INFO: [ view_filter ] --END-- [ RunTime:0.000511s ]
INFO: [ app_end ] --START--
INFO: Run Behavior\ShowPageTraceBehavior [ RunTime:0.000749s ]
INFO: [ app_end ] --END-- [ RunTime:0.000933s ]

[ 2017-03-02T10:53:52+08:00 ] ::1 /index.php/home/car/view_car/id/7
INFO: [ app_init ] --START--
INFO: Run Behavior\BuildLiteBehavior [ RunTime:0.000039s ]
INFO: [ app_init ] --END-- [ RunTime:0.000762s ]
INFO: [ app_begin ] --START--
INFO: Run Behavior\ReadHtmlCacheBehavior [ RunTime:0.001058s ]
INFO: [ app_begin ] --END-- [ RunTime:0.001247s ]
SQL: SHOW COLUMNS FROM `cars_c` [ RunTime:0.0209s ]
SQL: SHOW COLUMNS FROM `cars_c` [ RunTime:0.0146s ]
SQL: SELECT * FROM cars_c as a INNER JOIN cars as b on b.id = a.cars_id  WHERE ( a.id ='7' ) LIMIT 1   [ RunTime:0.0134s ]
INFO: [ view_parse ] --START--
INFO: [ template_filter ] --START--
INFO: Run Behavior\ContentReplaceBehavior [ RunTime:0.000189s ]
INFO: [ template_filter ] --END-- [ RunTime:0.000375s ]
NOTIC: [8] Undefined variable: tingkao_company C:\wamp\www\lingkong\Application\Runtime\Cache\Home\2c0af58fc21ecd11da7e90d60baeb03c.php 第 110 行.
NOTIC: [8] Undefined variable: tingkao_store C:\wamp\www\lingkong\Application\Runtime\Cache\Home\2c0af58fc21ecd11da7e90d60baeb03c.php 第 112 行.
INFO: Run Behavior\ParseTemplateBehavior [ RunTime:0.086052s ]
INFO: [ view_parse ] --END-- [ RunTime:0.086190s ]
INFO: [ view_filter ] --START--
INFO: Run Behavior\WriteHtmlCacheBehavior [ RunTime:0.000389s ]
INFO: [ view_filter ] --END-- [ RunTime:0.000479s ]
INFO: [ app_end ] --START--
INFO: Run Behavior\ShowPageTraceBehavior [ RunTime:0.000785s ]
INFO: [ app_end ] --END-- [ RunTime:0.001026s ]

[ 2017-03-02T10:56:51+08:00 ] ::1 /index.php/home/car/view_car/id/7
INFO: [ app_init ] --START--
INFO: Run Behavior\BuildLiteBehavior [ RunTime:0.000031s ]
INFO: [ app_init ] --END-- [ RunTime:0.000551s ]
INFO: [ app_begin ] --START--
INFO: Run Behavior\ReadHtmlCacheBehavior [ RunTime:0.000883s ]
INFO: [ app_begin ] --END-- [ RunTime:0.001064s ]
SQL: SHOW COLUMNS FROM `cars_c` [ RunTime:0.0185s ]
SQL: SHOW COLUMNS FROM `cars_c` [ RunTime:0.0181s ]
SQL: SELECT * FROM cars_c as a INNER JOIN cars as b on b.id = a.cars_id  WHERE ( a.id ='7' ) LIMIT 1   [ RunTime:0.0146s ]
INFO: [ view_parse ] --START--
INFO: [ template_filter ] --START--
INFO: Run Behavior\ContentReplaceBehavior [ RunTime:0.000110s ]
INFO: [ template_filter ] --END-- [ RunTime:0.000256s ]
NOTIC: [8] Undefined variable: tingkao_company C:\wamp\www\lingkong\Application\Runtime\Cache\Home\2c0af58fc21ecd11da7e90d60baeb03c.php 第 110 行.
NOTIC: [8] Undefined variable: tingkao_store C:\wamp\www\lingkong\Application\Runtime\Cache\Home\2c0af58fc21ecd11da7e90d60baeb03c.php 第 112 行.
INFO: Run Behavior\ParseTemplateBehavior [ RunTime:0.050905s ]
INFO: [ view_parse ] --END-- [ RunTime:0.051008s ]
INFO: [ view_filter ] --START--
INFO: Run Behavior\WriteHtmlCacheBehavior [ RunTime:0.000429s ]
INFO: [ view_filter ] --END-- [ RunTime:0.000517s ]
INFO: [ app_end ] --START--
INFO: Run Behavior\ShowPageTraceBehavior [ RunTime:0.000924s ]
INFO: [ app_end ] --END-- [ RunTime:0.001127s ]

[ 2017-03-02T11:02:13+08:00 ] ::1 /index.php/home/car/view_car/id/7
INFO: [ app_init ] --START--
INFO: Run Behavior\BuildLiteBehavior [ RunTime:0.000024s ]
INFO: [ app_init ] --END-- [ RunTime:0.000457s ]
INFO: [ app_begin ] --START--
INFO: Run Behavior\ReadHtmlCacheBehavior [ RunTime:0.000555s ]
INFO: [ app_begin ] --END-- [ RunTime:0.000670s ]
SQL: SHOW COLUMNS FROM `cars_c` [ RunTime:0.0246s ]
SQL: SHOW COLUMNS FROM `cars_c` [ RunTime:0.0226s ]
SQL: SELECT * FROM cars_c as a INNER JOIN cars as b on b.id = a.cars_id  WHERE ( a.id ='7' ) LIMIT 1   [ RunTime:0.0217s ]
INFO: [ view_parse ] --START--
INFO: [ template_filter ] --START--
INFO: Run Behavior\ContentReplaceBehavior [ RunTime:0.000108s ]
INFO: [ template_filter ] --END-- [ RunTime:0.000214s ]
NOTIC: [8] Undefined variable: tingkao_company C:\wamp\www\lingkong\Application\Runtime\Cache\Home\2c0af58fc21ecd11da7e90d60baeb03c.php 第 110 行.
NOTIC: [8] Undefined variable: tingkao_store C:\wamp\www\lingkong\Application\Runtime\Cache\Home\2c0af58fc21ecd11da7e90d60baeb03c.php 第 112 行.
INFO: Run Behavior\ParseTemplateBehavior [ RunTime:0.050796s ]
INFO: [ view_parse ] --END-- [ RunTime:0.050901s ]
INFO: [ view_filter ] --START--
INFO: Run Behavior\WriteHtmlCacheBehavior [ RunTime:0.000446s ]
INFO: [ view_filter ] --END-- [ RunTime:0.000539s ]
INFO: [ app_end ] --START--
INFO: Run Behavior\ShowPageTraceBehavior [ RunTime:0.000951s ]
INFO: [ app_end ] --END-- [ RunTime:0.001817s ]

[ 2017-03-02T11:03:03+08:00 ] ::1 /index.php/home/car/view_car/id/7
INFO: [ app_init ] --START--
INFO: Run Behavior\BuildLiteBehavior [ RunTime:0.000039s ]
INFO: [ app_init ] --END-- [ RunTime:0.000591s ]
INFO: [ app_begin ] --START--
INFO: Run Behavior\ReadHtmlCacheBehavior [ RunTime:0.000768s ]
INFO: [ app_begin ] --END-- [ RunTime:0.000968s ]
SQL: SHOW COLUMNS FROM `cars_c` [ RunTime:0.0186s ]
SQL: SHOW COLUMNS FROM `cars_c` [ RunTime:0.0186s ]
SQL: SELECT * FROM cars_c as a INNER JOIN cars as b on b.id = a.cars_id  WHERE ( a.id ='7' ) LIMIT 1   [ RunTime:0.0177s ]
INFO: [ view_parse ] --START--
INFO: [ template_filter ] --START--
INFO: Run Behavior\ContentReplaceBehavior [ RunTime:0.000105s ]
INFO: [ template_filter ] --END-- [ RunTime:0.000212s ]
NOTIC: [8] Undefined variable: tingkao_company C:\wamp\www\lingkong\Application\Runtime\Cache\Home\2c0af58fc21ecd11da7e90d60baeb03c.php 第 110 行.
NOTIC: [8] Undefined variable: tingkao_store C:\wamp\www\lingkong\Application\Runtime\Cache\Home\2c0af58fc21ecd11da7e90d60baeb03c.php 第 112 行.
INFO: Run Behavior\ParseTemplateBehavior [ RunTime:0.049867s ]
INFO: [ view_parse ] --END-- [ RunTime:0.050003s ]
INFO: [ view_filter ] --START--
INFO: Run Behavior\WriteHtmlCacheBehavior [ RunTime:0.000384s ]
INFO: [ view_filter ] --END-- [ RunTime:0.000496s ]
INFO: [ app_end ] --START--
INFO: Run Behavior\ShowPageTraceBehavior [ RunTime:0.000814s ]
INFO: [ app_end ] --END-- [ RunTime:0.001071s ]

[ 2017-03-02T11:38:01+08:00 ] 192.168.0.111 /index.php/home/car/add_car?v=4.0
INFO: [ app_init ] --START--
INFO: Run Behavior\BuildLiteBehavior [ RunTime:0.000028s ]
INFO: [ app_init ] --END-- [ RunTime:0.000598s ]
INFO: [ app_begin ] --START--
INFO: Run Behavior\ReadHtmlCacheBehavior [ RunTime:0.000661s ]
INFO: [ app_begin ] --END-- [ RunTime:0.000801s ]
INFO: [ view_parse ] --START--
INFO: [ template_filter ] --START--
INFO: Run Behavior\ContentReplaceBehavior [ RunTime:0.000205s ]
INFO: [ template_filter ] --END-- [ RunTime:0.000360s ]
INFO: Run Behavior\ParseTemplateBehavior [ RunTime:0.078013s ]
INFO: [ view_parse ] --END-- [ RunTime:0.078135s ]
INFO: [ view_filter ] --START--
INFO: Run Behavior\WriteHtmlCacheBehavior [ RunTime:0.000384s ]
INFO: [ view_filter ] --END-- [ RunTime:0.000481s ]
INFO: [ app_end ] --START--
INFO: Run Behavior\ShowPageTraceBehavior [ RunTime:0.000873s ]
INFO: [ app_end ] --END-- [ RunTime:0.001329s ]

[ 2017-03-02T11:38:02+08:00 ] 192.168.0.111 /index.php/home/store/fresh_store
INFO: [ app_init ] --START--
INFO: Run Behavior\BuildLiteBehavior [ RunTime:0.000022s ]
INFO: [ app_init ] --END-- [ RunTime:0.000368s ]
INFO: [ app_begin ] --START--
INFO: Run Behavior\ReadHtmlCacheBehavior [ RunTime:0.000412s ]
INFO: [ app_begin ] --END-- [ RunTime:0.000501s ]
SQL: SHOW COLUMNS FROM `child_company` [ RunTime:0.0201s ]
SQL: SHOW COLUMNS FROM `store_c` [ RunTime:0.0176s ]
SQL: SELECT * FROM `child_company` WHERE ( userid=45 )  [ RunTime:0.0188s ]

[ 2017-03-02T11:38:02+08:00 ] 192.168.0.111 /index.php/home/car/car_search_ajax
INFO: [ app_init ] --START--
INFO: Run Behavior\BuildLiteBehavior [ RunTime:0.000022s ]
INFO: [ app_init ] --END-- [ RunTime:0.000432s ]
INFO: [ app_begin ] --START--
INFO: Run Behavior\ReadHtmlCacheBehavior [ RunTime:0.000528s ]
INFO: [ app_begin ] --END-- [ RunTime:0.000638s ]
SQL: SHOW COLUMNS FROM `cars` [ RunTime:0.0230s ]
NOTIC: [8] Undefined variable: where C:\wamp\www\lingkong\Application\Home\Controller\CarController.class.php 第 14 行.
SQL: SELECT * FROM `cars` ORDER BY id desc  [ RunTime:0.0166s ]

[ 2017-03-02T11:38:06+08:00 ] 192.168.0.111 /index.php/home/admin/user_index
INFO: [ app_init ] --START--
INFO: Run Behavior\BuildLiteBehavior [ RunTime:0.000022s ]
INFO: [ app_init ] --END-- [ RunTime:0.000351s ]
INFO: [ app_begin ] --START--
INFO: Run Behavior\ReadHtmlCacheBehavior [ RunTime:0.000389s ]
INFO: [ app_begin ] --END-- [ RunTime:0.000488s ]
NOTIC: [2] Missing argument 1 for Common\Controller\CommonController::get_user_roles(), called in C:\wamp\www\lingkong\Application\Common\Controller\CommonController.class.php on line 229 and defined C:\wamp\www\lingkong\Application\Common\Controller\CommonController.class.php 第 173 行.
INFO: [ view_parse ] --START--
INFO: [ template_filter ] --START--
INFO: Run Behavior\ContentReplaceBehavior [ RunTime:0.000171s ]
INFO: [ template_filter ] --END-- [ RunTime:0.000296s ]
NOTIC: [8] Undefined variable: roles C:\wamp\www\lingkong\Application\Runtime\Cache\Home\f324508a16a2d221eb71b92d9fd560ca.php 第 36 行.
INFO: Run Behavior\ParseTemplateBehavior [ RunTime:0.056192s ]
INFO: [ view_parse ] --END-- [ RunTime:0.056295s ]
INFO: [ view_filter ] --START--
INFO: Run Behavior\WriteHtmlCacheBehavior [ RunTime:0.000332s ]
INFO: [ view_filter ] --END-- [ RunTime:0.000422s ]
INFO: [ app_end ] --START--
INFO: Run Behavior\ShowPageTraceBehavior [ RunTime:0.000612s ]
INFO: [ app_end ] --END-- [ RunTime:0.000711s ]

[ 2017-03-02T11:38:07+08:00 ] 192.168.0.111 /index.php/home/admin/img/a1.jpg
INFO: [ app_init ] --START--
INFO: Run Behavior\BuildLiteBehavior [ RunTime:0.000036s ]
INFO: [ app_init ] --END-- [ RunTime:0.000561s ]

[ 2017-03-02T11:38:07+08:00 ] 192.168.0.111 /index.php/home/admin/favicon.ico
INFO: [ app_init ] --START--
INFO: Run Behavior\BuildLiteBehavior [ RunTime:0.000040s ]
INFO: [ app_init ] --END-- [ RunTime:0.000643s ]

[ 2017-03-02T11:38:07+08:00 ] 192.168.0.111 /index.php/home/admin/img/a2.jpg
INFO: [ app_init ] --START--
INFO: Run Behavior\BuildLiteBehavior [ RunTime:0.000029s ]
INFO: [ app_init ] --END-- [ RunTime:0.000446s ]

[ 2017-03-02T11:38:07+08:00 ] 192.168.0.111 /index.php/home/admin/img/a3.jpg
INFO: [ app_init ] --START--
INFO: Run Behavior\BuildLiteBehavior [ RunTime:0.000045s ]
INFO: [ app_init ] --END-- [ RunTime:0.000736s ]

[ 2017-03-02T11:38:07+08:00 ] 192.168.0.111 /index.php/home/admin/img/a8.jpg
INFO: [ app_init ] --START--
INFO: Run Behavior\BuildLiteBehavior [ RunTime:0.000028s ]
INFO: [ app_init ] --END-- [ RunTime:0.000422s ]

[ 2017-03-02T11:38:07+08:00 ] 192.168.0.111 /index.php/home/admin/img/a4.jpg
INFO: [ app_init ] --START--
INFO: Run Behavior\BuildLiteBehavior [ RunTime:0.000067s ]
INFO: [ app_init ] --END-- [ RunTime:0.000620s ]

[ 2017-03-02T11:38:07+08:00 ] 192.168.0.111 /index.php/home/admin/img/a7.jpg
INFO: [ app_init ] --START--
INFO: Run Behavior\BuildLiteBehavior [ RunTime:0.000036s ]
INFO: [ app_init ] --END-- [ RunTime:0.000875s ]

[ 2017-03-02T11:38:20+08:00 ] 192.168.0.111 /index.php/home/car/add_car?v=4.0
INFO: [ app_init ] --START--
INFO: Run Behavior\BuildLiteBehavior [ RunTime:0.000072s ]
INFO: [ app_init ] --END-- [ RunTime:0.000527s ]
INFO: [ app_begin ] --START--
INFO: Run Behavior\ReadHtmlCacheBehavior [ RunTime:0.000916s ]
INFO: [ app_begin ] --END-- [ RunTime:0.001128s ]
INFO: [ view_parse ] --START--
INFO: [ template_filter ] --START--
INFO: Run Behavior\ContentReplaceBehavior [ RunTime:0.000214s ]
INFO: [ template_filter ] --END-- [ RunTime:0.000344s ]
INFO: Run Behavior\ParseTemplateBehavior [ RunTime:0.043797s ]
INFO: [ view_parse ] --END-- [ RunTime:0.043930s ]
INFO: [ view_filter ] --START--
INFO: Run Behavior\WriteHtmlCacheBehavior [ RunTime:0.000332s ]
INFO: [ view_filter ] --END-- [ RunTime:0.000451s ]
INFO: [ app_end ] --START--
INFO: Run Behavior\ShowPageTraceBehavior [ RunTime:0.000916s ]
INFO: [ app_end ] --END-- [ RunTime:0.001199s ]

[ 2017-03-02T11:38:20+08:00 ] 192.168.0.111 /index.php/home/car/car_search_ajax
INFO: [ app_init ] --START--
INFO: Run Behavior\BuildLiteBehavior [ RunTime:0.000036s ]
INFO: [ app_init ] --END-- [ RunTime:0.000582s ]
INFO: [ app_begin ] --START--
INFO: Run Behavior\ReadHtmlCacheBehavior [ RunTime:0.000540s ]
INFO: [ app_begin ] --END-- [ RunTime:0.000657s ]
SQL: SHOW COLUMNS FROM `cars` [ RunTime:0.0167s ]
NOTIC: [8] Undefined variable: where C:\wamp\www\lingkong\Application\Home\Controller\CarController.class.php 第 14 行.
SQL: SELECT * FROM `cars` ORDER BY id desc  [ RunTime:0.0116s ]

[ 2017-03-02T11:38:20+08:00 ] 192.168.0.111 /index.php/home/store/fresh_store
INFO: [ app_init ] --START--
INFO: Run Behavior\BuildLiteBehavior [ RunTime:0.000037s ]
INFO: [ app_init ] --END-- [ RunTime:0.000558s ]
INFO: [ app_begin ] --START--
INFO: Run Behavior\ReadHtmlCacheBehavior [ RunTime:0.000552s ]
INFO: [ app_begin ] --END-- [ RunTime:0.000696s ]
SQL: SHOW COLUMNS FROM `child_company` [ RunTime:0.0137s ]
SQL: SHOW COLUMNS FROM `store_c` [ RunTime:0.0146s ]
SQL: SELECT * FROM `child_company` WHERE ( userid=45 )  [ RunTime:0.0136s ]

[ 2017-03-02T11:38:20+08:00 ] 192.168.0.111 /index.php/home/store/fresh_store_company_si
INFO: [ app_init ] --START--
INFO: Run Behavior\BuildLiteBehavior [ RunTime:0.000039s ]
INFO: [ app_init ] --END-- [ RunTime:0.000417s ]
INFO: [ app_begin ] --START--
INFO: Run Behavior\ReadHtmlCacheBehavior [ RunTime:0.000435s ]
INFO: [ app_begin ] --END-- [ RunTime:0.000529s ]
SQL: SHOW COLUMNS FROM `store_c` [ RunTime:0.0148s ]
ERR: 1064:You have an error in your SQL syntax; check the manual that corresponds to your MySQL server version for the right syntax to use near ')' at line 1
 [ SQL语句 ] : SELECT * FROM `store_c` WHERE ( userid=45 and parent_id= ) 
ERR: 1064:You have an error in your SQL syntax; check the manual that corresponds to your MySQL server version for the right syntax to use near ')' at line 1
 [ SQL语句 ] : SELECT * FROM `store_c` WHERE ( userid=45 and parent_id= ) 

[ 2017-03-02T11:38:20+08:00 ] 192.168.0.111 /index.php/home/car/
INFO: [ app_init ] --START--
INFO: Run Behavior\BuildLiteBehavior [ RunTime:0.000022s ]
INFO: [ app_init ] --END-- [ RunTime:0.000345s ]
INFO: [ app_begin ] --START--
INFO: Run Behavior\ReadHtmlCacheBehavior [ RunTime:0.000457s ]
INFO: [ app_begin ] --END-- [ RunTime:0.000573s ]

[ 2017-03-02T11:38:27+08:00 ] 192.168.0.111 /index.php/home/employer/add_employer?v=4.0
INFO: [ app_init ] --START--
INFO: Run Behavior\BuildLiteBehavior [ RunTime:0.000039s ]
INFO: [ app_init ] --END-- [ RunTime:0.000570s ]
INFO: [ app_begin ] --START--
INFO: Run Behavior\ReadHtmlCacheBehavior [ RunTime:0.000651s ]
INFO: [ app_begin ] --END-- [ RunTime:0.000840s ]
INFO: [ view_parse ] --START--
INFO: [ template_filter ] --START--
INFO: Run Behavior\ContentReplaceBehavior [ RunTime:0.000091s ]
INFO: [ template_filter ] --END-- [ RunTime:0.000229s ]
INFO: Run Behavior\ParseTemplateBehavior [ RunTime:0.030293s ]
INFO: [ view_parse ] --END-- [ RunTime:0.030433s ]
INFO: [ view_filter ] --START--
INFO: Run Behavior\WriteHtmlCacheBehavior [ RunTime:0.000405s ]
INFO: [ view_filter ] --END-- [ RunTime:0.000498s ]
INFO: [ app_end ] --START--
INFO: Run Behavior\ShowPageTraceBehavior [ RunTime:0.000405s ]
INFO: [ app_end ] --END-- [ RunTime:0.000499s ]

[ 2017-03-02T13:55:27+08:00 ] 192.168.0.111 /index.php/home/admin/upload
INFO: [ app_init ] --START--
INFO: Run Behavior\BuildLiteBehavior [ RunTime:0.000070s ]
INFO: [ app_init ] --END-- [ RunTime:0.000433s ]
INFO: [ app_begin ] --START--
INFO: Run Behavior\ReadHtmlCacheBehavior [ RunTime:0.000478s ]
INFO: [ app_begin ] --END-- [ RunTime:0.000584s ]

[ 2017-03-02T14:21:33+08:00 ] 192.168.0.111 /index.php/home/car/get_car_detail
INFO: [ app_init ] --START--
INFO: Run Behavior\BuildLiteBehavior [ RunTime:0.000036s ]
INFO: [ app_init ] --END-- [ RunTime:0.000573s ]
INFO: [ app_begin ] --START--
INFO: Run Behavior\ReadHtmlCacheBehavior [ RunTime:0.000495s ]
INFO: [ app_begin ] --END-- [ RunTime:0.000587s ]
SQL: SHOW COLUMNS FROM `cars` [ RunTime:0.0207s ]
SQL: SELECT * FROM `cars` WHERE ( id='2' ) LIMIT 1   [ RunTime:0.0169s ]
INFO: [ app_end ] --START--
INFO: Run Behavior\ShowPageTraceBehavior [ RunTime:0.001710s ]
INFO: [ app_end ] --END-- [ RunTime:0.001987s ]

[ 2017-03-02T14:21:45+08:00 ] 192.168.0.111 /index.php/home/car/get_car_detail
INFO: [ app_init ] --START--
INFO: Run Behavior\BuildLiteBehavior [ RunTime:0.000022s ]
INFO: [ app_init ] --END-- [ RunTime:0.000357s ]
INFO: [ app_begin ] --START--
INFO: Run Behavior\ReadHtmlCacheBehavior [ RunTime:0.000392s ]
INFO: [ app_begin ] --END-- [ RunTime:0.000481s ]
SQL: SHOW COLUMNS FROM `cars` [ RunTime:0.0121s ]
SQL: SELECT * FROM `cars` WHERE ( id='1' ) LIMIT 1   [ RunTime:0.0134s ]
INFO: [ app_end ] --START--
INFO: Run Behavior\ShowPageTraceBehavior [ RunTime:0.000739s ]
INFO: [ app_end ] --END-- [ RunTime:0.000869s ]

[ 2017-03-02T14:55:58+08:00 ] 192.168.0.111 /index.php/home/car/get_car_detail
INFO: [ app_init ] --START--
INFO: Run Behavior\BuildLiteBehavior [ RunTime:0.000027s ]
INFO: [ app_init ] --END-- [ RunTime:0.000669s ]
INFO: [ app_begin ] --START--
INFO: Run Behavior\ReadHtmlCacheBehavior [ RunTime:0.000556s ]
INFO: [ app_begin ] --END-- [ RunTime:0.000671s ]
SQL: SHOW COLUMNS FROM `cars` [ RunTime:0.0209s ]
SQL: SELECT * FROM `cars` WHERE ( id='2' ) LIMIT 1   [ RunTime:0.0210s ]
INFO: [ app_end ] --START--
INFO: Run Behavior\ShowPageTraceBehavior [ RunTime:0.000719s ]
INFO: [ app_end ] --END-- [ RunTime:0.000830s ]

[ 2017-03-02T14:56:09+08:00 ] 192.168.0.111 /index.php/home/car/get_car_detail
INFO: [ app_init ] --START--
INFO: Run Behavior\BuildLiteBehavior [ RunTime:0.000023s ]
INFO: [ app_init ] --END-- [ RunTime:0.000365s ]
INFO: [ app_begin ] --START--
INFO: Run Behavior\ReadHtmlCacheBehavior [ RunTime:0.000489s ]
INFO: [ app_begin ] --END-- [ RunTime:0.000618s ]
SQL: SHOW COLUMNS FROM `cars` [ RunTime:0.0127s ]
SQL: SELECT * FROM `cars` WHERE ( id='1' ) LIMIT 1   [ RunTime:0.0126s ]
INFO: [ app_end ] --START--
INFO: Run Behavior\ShowPageTraceBehavior [ RunTime:0.000696s ]
INFO: [ app_end ] --END-- [ RunTime:0.000838s ]

[ 2017-03-02T16:09:16+08:00 ] ::1 /index.php/home/admin/user_index
INFO: [ app_init ] --START--
INFO: Run Behavior\BuildLiteBehavior [ RunTime:0.000024s ]
INFO: [ app_init ] --END-- [ RunTime:0.001470s ]
INFO: [ app_begin ] --START--
INFO: Run Behavior\ReadHtmlCacheBehavior [ RunTime:0.002559s ]
INFO: [ app_begin ] --END-- [ RunTime:0.002792s ]
NOTIC: [2] Missing argument 1 for Common\Controller\CommonController::get_user_roles(), called in C:\wamp\www\lingkong\Application\Common\Controller\CommonController.class.php on line 229 and defined C:\wamp\www\lingkong\Application\Common\Controller\CommonController.class.php 第 173 行.
INFO: [ view_parse ] --START--
INFO: [ template_filter ] --START--
INFO: Run Behavior\ContentReplaceBehavior [ RunTime:0.000179s ]
INFO: [ template_filter ] --END-- [ RunTime:0.000333s ]
NOTIC: [8] Undefined variable: roles C:\wamp\www\lingkong\Application\Runtime\Cache\Home\f324508a16a2d221eb71b92d9fd560ca.php 第 36 行.
INFO: Run Behavior\ParseTemplateBehavior [ RunTime:0.240088s ]
INFO: [ view_parse ] --END-- [ RunTime:0.240257s ]
INFO: [ view_filter ] --START--
INFO: Run Behavior\WriteHtmlCacheBehavior [ RunTime:0.002420s ]
INFO: [ view_filter ] --END-- [ RunTime:0.002527s ]
INFO: [ app_end ] --START--
INFO: Run Behavior\ShowPageTraceBehavior [ RunTime:0.003926s ]
INFO: [ app_end ] --END-- [ RunTime:0.004300s ]

[ 2017-03-02T16:09:16+08:00 ] ::1 /index.php/home/admin/img/a7.jpg
INFO: [ app_init ] --START--
INFO: Run Behavior\BuildLiteBehavior [ RunTime:0.000037s ]
INFO: [ app_init ] --END-- [ RunTime:0.000597s ]

[ 2017-03-02T16:09:16+08:00 ] ::1 /index.php/home/admin/img/a4.jpg
INFO: [ app_init ] --START--
INFO: Run Behavior\BuildLiteBehavior [ RunTime:0.000039s ]
INFO: [ app_init ] --END-- [ RunTime:0.000590s ]

[ 2017-03-02T16:09:16+08:00 ] ::1 /index.php/home/admin/img/a8.jpg
INFO: [ app_init ] --START--
INFO: Run Behavior\BuildLiteBehavior [ RunTime:0.000038s ]
INFO: [ app_init ] --END-- [ RunTime:0.000733s ]

[ 2017-03-02T16:09:16+08:00 ] ::1 /index.php/home/admin/img/a1.jpg
INFO: [ app_init ] --START--
INFO: Run Behavior\BuildLiteBehavior [ RunTime:0.000048s ]
INFO: [ app_init ] --END-- [ RunTime:0.003484s ]

[ 2017-03-02T16:09:17+08:00 ] ::1 /index.php/home/index/index
INFO: [ app_init ] --START--
INFO: Run Behavior\BuildLiteBehavior [ RunTime:0.000041s ]
INFO: [ app_init ] --END-- [ RunTime:0.000653s ]
INFO: [ app_begin ] --START--
INFO: Run Behavior\ReadHtmlCacheBehavior [ RunTime:0.002836s ]
INFO: [ app_begin ] --END-- [ RunTime:0.003748s ]
INFO: [ view_parse ] --START--
INFO: [ template_filter ] --START--
INFO: Run Behavior\ContentReplaceBehavior [ RunTime:0.000284s ]
INFO: [ template_filter ] --END-- [ RunTime:0.000738s ]
INFO: Run Behavior\ParseTemplateBehavior [ RunTime:0.135310s ]
INFO: [ view_parse ] --END-- [ RunTime:0.135530s ]
INFO: [ view_filter ] --START--
INFO: Run Behavior\WriteHtmlCacheBehavior [ RunTime:0.000490s ]
INFO: [ view_filter ] --END-- [ RunTime:0.000622s ]
INFO: [ app_end ] --START--
INFO: Run Behavior\ShowPageTraceBehavior [ RunTime:0.001877s ]
INFO: [ app_end ] --END-- [ RunTime:0.002265s ]

[ 2017-03-02T16:09:22+08:00 ] ::1 /index.php/home/car/list_car?v=4.0
INFO: [ app_init ] --START--
INFO: Run Behavior\BuildLiteBehavior [ RunTime:0.000026s ]
INFO: [ app_init ] --END-- [ RunTime:0.000445s ]
INFO: [ app_begin ] --START--
INFO: Run Behavior\ReadHtmlCacheBehavior [ RunTime:0.000864s ]
INFO: [ app_begin ] --END-- [ RunTime:0.001127s ]
INFO: [ view_parse ] --START--
INFO: [ template_filter ] --START--
INFO: Run Behavior\ContentReplaceBehavior [ RunTime:0.000086s ]
INFO: [ template_filter ] --END-- [ RunTime:0.000199s ]
INFO: Run Behavior\ParseTemplateBehavior [ RunTime:0.056456s ]
INFO: [ view_parse ] --END-- [ RunTime:0.056647s ]
INFO: [ view_filter ] --START--
INFO: Run Behavior\WriteHtmlCacheBehavior [ RunTime:0.000460s ]
INFO: [ view_filter ] --END-- [ RunTime:0.000552s ]
INFO: [ app_end ] --START--
INFO: Run Behavior\ShowPageTraceBehavior [ RunTime:0.000581s ]
INFO: [ app_end ] --END-- [ RunTime:0.000695s ]

[ 2017-03-02T16:09:22+08:00 ] ::1 /index.php/home/car/cars_list
INFO: [ app_init ] --START--
INFO: Run Behavior\BuildLiteBehavior [ RunTime:0.000025s ]
INFO: [ app_init ] --END-- [ RunTime:0.000430s ]
INFO: [ app_begin ] --START--
INFO: Run Behavior\ReadHtmlCacheBehavior [ RunTime:0.002001s ]
INFO: [ app_begin ] --END-- [ RunTime:0.002438s ]
NOTIC: [2] PDO::__construct():  C:\wamp\www\lingkong\ThinkPHP\Library\Think\Db\Driver.class.php 第 103 行.
ERR: SQLSTATE[HY000] [2002] php_network_getaddresses: getaddrinfo failed: ֪ 

[ 2017-03-02T16:09:25+08:00 ] ::1 /index.php/home/car/cars_list
INFO: [ app_init ] --START--
INFO: Run Behavior\BuildLiteBehavior [ RunTime:0.000026s ]
INFO: [ app_init ] --END-- [ RunTime:0.000413s ]
INFO: [ app_begin ] --START--
INFO: Run Behavior\ReadHtmlCacheBehavior [ RunTime:0.000449s ]
INFO: [ app_begin ] --END-- [ RunTime:0.000553s ]
NOTIC: [2] PDO::__construct():  C:\wamp\www\lingkong\ThinkPHP\Library\Think\Db\Driver.class.php 第 103 行.
ERR: SQLSTATE[HY000] [2002] php_network_getaddresses: getaddrinfo failed: ֪ 

[ 2017-03-02T16:09:26+08:00 ] ::1 /index.php/home/car/cars_list
INFO: [ app_init ] --START--
INFO: Run Behavior\BuildLiteBehavior [ RunTime:0.000024s ]
INFO: [ app_init ] --END-- [ RunTime:0.000393s ]
INFO: [ app_begin ] --START--
INFO: Run Behavior\ReadHtmlCacheBehavior [ RunTime:0.000449s ]
INFO: [ app_begin ] --END-- [ RunTime:0.000552s ]
NOTIC: [2] PDO::__construct():  C:\wamp\www\lingkong\ThinkPHP\Library\Think\Db\Driver.class.php 第 103 行.
ERR: SQLSTATE[HY000] [2002] php_network_getaddresses: getaddrinfo failed: ֪ 

[ 2017-03-02T16:09:27+08:00 ] ::1 /index.php/home/car/cars_list
INFO: [ app_init ] --START--
INFO: Run Behavior\BuildLiteBehavior [ RunTime:0.000027s ]
INFO: [ app_init ] --END-- [ RunTime:0.000461s ]
INFO: [ app_begin ] --START--
INFO: Run Behavior\ReadHtmlCacheBehavior [ RunTime:0.000447s ]
INFO: [ app_begin ] --END-- [ RunTime:0.000546s ]
NOTIC: [2] PDO::__construct():  C:\wamp\www\lingkong\ThinkPHP\Library\Think\Db\Driver.class.php 第 103 行.
ERR: SQLSTATE[HY000] [2002] php_network_getaddresses: getaddrinfo failed: ֪ 

[ 2017-03-02T16:09:27+08:00 ] ::1 /index.php/home/car/cars_list
INFO: [ app_init ] --START--
INFO: Run Behavior\BuildLiteBehavior [ RunTime:0.000029s ]
INFO: [ app_init ] --END-- [ RunTime:0.000463s ]
INFO: [ app_begin ] --START--
INFO: Run Behavior\ReadHtmlCacheBehavior [ RunTime:0.000390s ]
INFO: [ app_begin ] --END-- [ RunTime:0.000481s ]
NOTIC: [2] PDO::__construct():  C:\wamp\www\lingkong\ThinkPHP\Library\Think\Db\Driver.class.php 第 103 行.
ERR: SQLSTATE[HY000] [2002] php_network_getaddresses: getaddrinfo failed: ֪ 

[ 2017-03-02T16:09:27+08:00 ] ::1 /index.php/home/car/cars_list
INFO: [ app_init ] --START--
INFO: Run Behavior\BuildLiteBehavior [ RunTime:0.000025s ]
INFO: [ app_init ] --END-- [ RunTime:0.000430s ]
INFO: [ app_begin ] --START--
INFO: Run Behavior\ReadHtmlCacheBehavior [ RunTime:0.000399s ]
INFO: [ app_begin ] --END-- [ RunTime:0.000492s ]
NOTIC: [2] PDO::__construct():  C:\wamp\www\lingkong\ThinkPHP\Library\Think\Db\Driver.class.php 第 103 行.
ERR: SQLSTATE[HY000] [2002] php_network_getaddresses: getaddrinfo failed: ֪ 

[ 2017-03-02T16:09:28+08:00 ] ::1 /index.php/home/car/cars_list
INFO: [ app_init ] --START--
INFO: Run Behavior\BuildLiteBehavior [ RunTime:0.000031s ]
INFO: [ app_init ] --END-- [ RunTime:0.000502s ]
INFO: [ app_begin ] --START--
INFO: Run Behavior\ReadHtmlCacheBehavior [ RunTime:0.000461s ]
INFO: [ app_begin ] --END-- [ RunTime:0.000564s ]
NOTIC: [2] PDO::__construct():  C:\wamp\www\lingkong\ThinkPHP\Library\Think\Db\Driver.class.php 第 103 行.
ERR: SQLSTATE[HY000] [2002] php_network_getaddresses: getaddrinfo failed: ֪ 

[ 2017-03-02T16:09:28+08:00 ] ::1 /index.php/home/car/cars_list
INFO: [ app_init ] --START--
INFO: Run Behavior\BuildLiteBehavior [ RunTime:0.000032s ]
INFO: [ app_init ] --END-- [ RunTime:0.000531s ]
INFO: [ app_begin ] --START--
INFO: Run Behavior\ReadHtmlCacheBehavior [ RunTime:0.000573s ]
INFO: [ app_begin ] --END-- [ RunTime:0.000673s ]
NOTIC: [2] PDO::__construct():  C:\wamp\www\lingkong\ThinkPHP\Library\Think\Db\Driver.class.php 第 103 行.
ERR: SQLSTATE[HY000] [2002] php_network_getaddresses: getaddrinfo failed: ֪ 

[ 2017-03-02T16:09:28+08:00 ] ::1 /index.php/home/car/cars_list
INFO: [ app_init ] --START--
INFO: Run Behavior\BuildLiteBehavior [ RunTime:0.000024s ]
INFO: [ app_init ] --END-- [ RunTime:0.000397s ]
INFO: [ app_begin ] --START--
INFO: Run Behavior\ReadHtmlCacheBehavior [ RunTime:0.000392s ]
INFO: [ app_begin ] --END-- [ RunTime:0.000484s ]
NOTIC: [2] PDO::__construct():  C:\wamp\www\lingkong\ThinkPHP\Library\Think\Db\Driver.class.php 第 103 行.
ERR: SQLSTATE[HY000] [2002] php_network_getaddresses: getaddrinfo failed: ֪ 

[ 2017-03-02T16:09:29+08:00 ] ::1 /index.php/home/car/cars_list
INFO: [ app_init ] --START--
INFO: Run Behavior\BuildLiteBehavior [ RunTime:0.000028s ]
INFO: [ app_init ] --END-- [ RunTime:0.000439s ]
INFO: [ app_begin ] --START--
INFO: Run Behavior\ReadHtmlCacheBehavior [ RunTime:0.000487s ]
INFO: [ app_begin ] --END-- [ RunTime:0.000602s ]
NOTIC: [2] PDO::__construct():  C:\wamp\www\lingkong\ThinkPHP\Library\Think\Db\Driver.class.php 第 103 行.
ERR: SQLSTATE[HY000] [2002] php_network_getaddresses: getaddrinfo failed: ֪ 

[ 2017-03-02T16:09:29+08:00 ] ::1 /index.php/home/car/cars_list
INFO: [ app_init ] --START--
INFO: Run Behavior\BuildLiteBehavior [ RunTime:0.000023s ]
INFO: [ app_init ] --END-- [ RunTime:0.000421s ]
INFO: [ app_begin ] --START--
INFO: Run Behavior\ReadHtmlCacheBehavior [ RunTime:0.000414s ]
INFO: [ app_begin ] --END-- [ RunTime:0.000517s ]
NOTIC: [2] PDO::__construct():  C:\wamp\www\lingkong\ThinkPHP\Library\Think\Db\Driver.class.php 第 103 行.
ERR: SQLSTATE[HY000] [2002] php_network_getaddresses: getaddrinfo failed: ֪ 

[ 2017-03-02T16:09:32+08:00 ] ::1 /index.php/home/index/logout
INFO: [ app_init ] --START--
INFO: Run Behavior\BuildLiteBehavior [ RunTime:0.000024s ]
INFO: [ app_init ] --END-- [ RunTime:0.000385s ]
INFO: [ app_begin ] --START--
INFO: Run Behavior\ReadHtmlCacheBehavior [ RunTime:0.000487s ]
INFO: [ app_begin ] --END-- [ RunTime:0.000601s ]

[ 2017-03-02T16:09:34+08:00 ] ::1 /index.php/home/display/index
INFO: [ app_init ] --START--
INFO: Run Behavior\BuildLiteBehavior [ RunTime:0.000022s ]
INFO: [ app_init ] --END-- [ RunTime:0.000407s ]
INFO: [ app_begin ] --START--
INFO: Run Behavior\ReadHtmlCacheBehavior [ RunTime:0.000447s ]
INFO: [ app_begin ] --END-- [ RunTime:0.000558s ]
INFO: [ view_parse ] --START--
INFO: [ template_filter ] --START--
INFO: Run Behavior\ContentReplaceBehavior [ RunTime:0.000089s ]
INFO: [ template_filter ] --END-- [ RunTime:0.000208s ]
INFO: Run Behavior\ParseTemplateBehavior [ RunTime:0.008653s ]
INFO: [ view_parse ] --END-- [ RunTime:0.008795s ]
INFO: [ view_filter ] --START--
INFO: Run Behavior\WriteHtmlCacheBehavior [ RunTime:0.000248s ]
INFO: [ view_filter ] --END-- [ RunTime:0.000337s ]
INFO: [ app_end ] --START--
INFO: Run Behavior\ShowPageTraceBehavior [ RunTime:0.000484s ]
INFO: [ app_end ] --END-- [ RunTime:0.000607s ]

[ 2017-03-02T16:09:34+08:00 ] ::1 /index.php/home/display/images/bg1_1.png
INFO: [ app_init ] --START--
INFO: Run Behavior\BuildLiteBehavior [ RunTime:0.000050s ]
INFO: [ app_init ] --END-- [ RunTime:0.001022s ]

[ 2017-03-02T16:09:36+08:00 ] ::1 /index.php/home/index/login
INFO: [ app_init ] --START--
INFO: Run Behavior\BuildLiteBehavior [ RunTime:0.000043s ]
INFO: [ app_init ] --END-- [ RunTime:0.000492s ]
INFO: [ app_begin ] --START--
INFO: Run Behavior\ReadHtmlCacheBehavior [ RunTime:0.000449s ]
INFO: [ app_begin ] --END-- [ RunTime:0.000562s ]
NOTIC: [2] PDO::__construct():  C:\wamp\www\lingkong\ThinkPHP\Library\Think\Db\Driver.class.php 第 103 行.
ERR: SQLSTATE[HY000] [2002] php_network_getaddresses: getaddrinfo failed: ֪ 

[ 2017-03-02T16:09:56+08:00 ] ::1 /index.php/home/index/login
INFO: [ app_init ] --START--
INFO: Run Behavior\BuildLiteBehavior [ RunTime:0.000038s ]
INFO: [ app_init ] --END-- [ RunTime:0.000543s ]
INFO: [ app_begin ] --START--
INFO: Run Behavior\ReadHtmlCacheBehavior [ RunTime:0.000628s ]
INFO: [ app_begin ] --END-- [ RunTime:0.000804s ]
NOTIC: [2] PDO::__construct():  C:\wamp\www\lingkong\ThinkPHP\Library\Think\Db\Driver.class.php 第 103 行.
ERR: SQLSTATE[HY000] [2002] php_network_getaddresses: getaddrinfo failed: ֪ 

[ 2017-03-02T16:10:00+08:00 ] ::1 /index.php/home/index/login
INFO: [ app_init ] --START--
INFO: Run Behavior\BuildLiteBehavior [ RunTime:0.000045s ]
INFO: [ app_init ] --END-- [ RunTime:0.000559s ]
INFO: [ app_begin ] --START--
INFO: Run Behavior\ReadHtmlCacheBehavior [ RunTime:0.000412s ]
INFO: [ app_begin ] --END-- [ RunTime:0.000523s ]
NOTIC: [2] PDO::__construct():  C:\wamp\www\lingkong\ThinkPHP\Library\Think\Db\Driver.class.php 第 103 行.
ERR: SQLSTATE[HY000] [2002] php_network_getaddresses: getaddrinfo failed: ֪ 

[ 2017-03-02T16:10:28+08:00 ] ::1 /index.php/home/index/login
INFO: [ app_init ] --START--
INFO: Run Behavior\BuildLiteBehavior [ RunTime:0.000023s ]
INFO: [ app_init ] --END-- [ RunTime:0.000457s ]
INFO: [ app_begin ] --START--
INFO: Run Behavior\ReadHtmlCacheBehavior [ RunTime:0.000836s ]
INFO: [ app_begin ] --END-- [ RunTime:0.001001s ]
ERR: SQLSTATE[HY000] [1044] Accès refusé pour l'utilisateur: 'root'@'@%'. Base 'lingkong'

[ 2017-03-02T16:10:39+08:00 ] ::1 /index.php/home/index/login
INFO: [ app_init ] --START--
INFO: Run Behavior\BuildLiteBehavior [ RunTime:0.000032s ]
INFO: [ app_init ] --END-- [ RunTime:0.000576s ]
INFO: [ app_begin ] --START--
INFO: Run Behavior\ReadHtmlCacheBehavior [ RunTime:0.000398s ]
INFO: [ app_begin ] --END-- [ RunTime:0.000502s ]
ERR: SQLSTATE[HY000] [1045] Accès refusé pour l'utilisateur: 'root'@'@106.114.251.122' (mot de passe: NON)

[ 2017-03-02T16:10:46+08:00 ] ::1 /index.php/home/index/login
INFO: [ app_init ] --START--
INFO: Run Behavior\BuildLiteBehavior [ RunTime:0.000028s ]
INFO: [ app_init ] --END-- [ RunTime:0.000401s ]
INFO: [ app_begin ] --START--
INFO: Run Behavior\ReadHtmlCacheBehavior [ RunTime:0.000487s ]
INFO: [ app_begin ] --END-- [ RunTime:0.000630s ]
ERR: SQLSTATE[HY000] [1045] Accès refusé pour l'utilisateur: 'root'@'@106.114.251.122' (mot de passe: NON)

[ 2017-03-02T16:11:42+08:00 ] ::1 /index.php/home/index/login
INFO: [ app_init ] --START--
INFO: Run Behavior\BuildLiteBehavior [ RunTime:0.000022s ]
INFO: [ app_init ] --END-- [ RunTime:0.000394s ]
INFO: [ app_begin ] --START--
INFO: Run Behavior\ReadHtmlCacheBehavior [ RunTime:0.000530s ]
INFO: [ app_begin ] --END-- [ RunTime:0.000637s ]
ERR: SQLSTATE[HY000] [1045] Accès refusé pour l'utilisateur: 'root'@'@106.114.251.122' (mot de passe: NON)

[ 2017-03-02T16:12:08+08:00 ] ::1 /index.php/home/index/login
INFO: [ app_init ] --START--
INFO: Run Behavior\BuildLiteBehavior [ RunTime:0.000026s ]
INFO: [ app_init ] --END-- [ RunTime:0.000466s ]
INFO: [ app_begin ] --START--
INFO: Run Behavior\ReadHtmlCacheBehavior [ RunTime:0.000600s ]
INFO: [ app_begin ] --END-- [ RunTime:0.000750s ]
SQL: SHOW COLUMNS FROM `user_c` [ RunTime:0.0194s ]
NOTIC: [8] Undefined index: validate C:\wamp\www\lingkong\ThinkPHP\Library\Think\Model.class.php 第 1185 行.
NOTIC: [8] Undefined index: auto C:\wamp\www\lingkong\ThinkPHP\Library\Think\Model.class.php 第 1128 行.
SQL: SELECT * FROM `user_c` WHERE `username` = 'admin' LIMIT 1   [ RunTime:0.0146s ]
SQL: UPDATE `user_c` SET `loginnum`=loginnum+1 WHERE `username` = 'admin' AND `id` = '45' [ RunTime:0.0243s ]
SQL: UPDATE `user_c` SET `username`='admin',`password`='96e79218965eb72c92a549dd5a330112',`lasttime`='1488442328',`lastip`='0.0.0.0' WHERE `username` = 'admin' AND `id` = '45' [ RunTime:0.0179s ]
INFO: [ app_end ] --START--
INFO: Run Behavior\ShowPageTraceBehavior [ RunTime:0.000794s ]
INFO: [ app_end ] --END-- [ RunTime:0.000906s ]

[ 2017-03-02T16:12:08+08:00 ] ::1 /index.php/home/admin/user_index
INFO: [ app_init ] --START--
INFO: Run Behavior\BuildLiteBehavior [ RunTime:0.000021s ]
INFO: [ app_init ] --END-- [ RunTime:0.000400s ]
INFO: [ app_begin ] --START--
INFO: Run Behavior\ReadHtmlCacheBehavior [ RunTime:0.000436s ]
INFO: [ app_begin ] --END-- [ RunTime:0.000539s ]
NOTIC: [2] Missing argument 1 for Common\Controller\CommonController::get_user_roles(), called in C:\wamp\www\lingkong\Application\Common\Controller\CommonController.class.php on line 229 and defined C:\wamp\www\lingkong\Application\Common\Controller\CommonController.class.php 第 173 行.
INFO: [ view_parse ] --START--
INFO: [ template_filter ] --START--
INFO: Run Behavior\ContentReplaceBehavior [ RunTime:0.000170s ]
INFO: [ template_filter ] --END-- [ RunTime:0.000288s ]
NOTIC: [8] Undefined variable: roles C:\wamp\www\lingkong\Application\Runtime\Cache\Home\f324508a16a2d221eb71b92d9fd560ca.php 第 36 行.
INFO: Run Behavior\ParseTemplateBehavior [ RunTime:0.065765s ]
INFO: [ view_parse ] --END-- [ RunTime:0.065880s ]
INFO: [ view_filter ] --START--
INFO: Run Behavior\WriteHtmlCacheBehavior [ RunTime:0.000344s ]
INFO: [ view_filter ] --END-- [ RunTime:0.000435s ]
INFO: [ app_end ] --START--
INFO: Run Behavior\ShowPageTraceBehavior [ RunTime:0.000739s ]
INFO: [ app_end ] --END-- [ RunTime:0.000986s ]

[ 2017-03-02T16:12:08+08:00 ] ::1 /index.php/home/admin/img/a2.jpg
INFO: [ app_init ] --START--
INFO: Run Behavior\BuildLiteBehavior [ RunTime:0.000048s ]
INFO: [ app_init ] --END-- [ RunTime:0.000641s ]

[ 2017-03-02T16:12:08+08:00 ] ::1 /index.php/home/admin/img/a4.jpg
INFO: [ app_init ] --START--
INFO: Run Behavior\BuildLiteBehavior [ RunTime:0.000072s ]
INFO: [ app_init ] --END-- [ RunTime:0.000672s ]

[ 2017-03-02T16:12:08+08:00 ] ::1 /index.php/home/admin/img/a3.jpg
INFO: [ app_init ] --START--
INFO: Run Behavior\BuildLiteBehavior [ RunTime:0.000039s ]
INFO: [ app_init ] --END-- [ RunTime:0.000718s ]

[ 2017-03-02T16:12:08+08:00 ] ::1 /index.php/home/admin/img/a7.jpg
INFO: [ app_init ] --START--
INFO: Run Behavior\BuildLiteBehavior [ RunTime:0.000048s ]
INFO: [ app_init ] --END-- [ RunTime:0.000632s ]

[ 2017-03-02T16:12:08+08:00 ] ::1 /index.php/home/admin/img/a1.jpg
INFO: [ app_init ] --START--
INFO: Run Behavior\BuildLiteBehavior [ RunTime:0.000036s ]
INFO: [ app_init ] --END-- [ RunTime:0.001212s ]

[ 2017-03-02T16:12:08+08:00 ] ::1 /index.php/home/index/index
INFO: [ app_init ] --START--
INFO: Run Behavior\BuildLiteBehavior [ RunTime:0.000042s ]
INFO: [ app_init ] --END-- [ RunTime:0.000633s ]
INFO: [ app_begin ] --START--
INFO: Run Behavior\ReadHtmlCacheBehavior [ RunTime:0.000601s ]
INFO: [ app_begin ] --END-- [ RunTime:0.000802s ]
INFO: [ view_parse ] --START--
INFO: [ template_filter ] --START--
INFO: Run Behavior\ContentReplaceBehavior [ RunTime:0.000200s ]
INFO: [ template_filter ] --END-- [ RunTime:0.000416s ]
INFO: Run Behavior\ParseTemplateBehavior [ RunTime:0.099730s ]
INFO: [ view_parse ] --END-- [ RunTime:0.099944s ]
INFO: [ view_filter ] --START--
INFO: Run Behavior\WriteHtmlCacheBehavior [ RunTime:0.000440s ]
INFO: [ view_filter ] --END-- [ RunTime:0.000606s ]
INFO: [ app_end ] --START--
INFO: Run Behavior\ShowPageTraceBehavior [ RunTime:0.001172s ]
INFO: [ app_end ] --END-- [ RunTime:0.001509s ]

[ 2017-03-02T16:12:11+08:00 ] ::1 /index.php/home/index/logout
INFO: [ app_init ] --START--
INFO: Run Behavior\BuildLiteBehavior [ RunTime:0.000032s ]
INFO: [ app_init ] --END-- [ RunTime:0.000522s ]
INFO: [ app_begin ] --START--
INFO: Run Behavior\ReadHtmlCacheBehavior [ RunTime:0.000503s ]
INFO: [ app_begin ] --END-- [ RunTime:0.000632s ]

[ 2017-03-02T16:12:14+08:00 ] ::1 /index.php/home/display/index
INFO: [ app_init ] --START--
INFO: Run Behavior\BuildLiteBehavior [ RunTime:0.000027s ]
INFO: [ app_init ] --END-- [ RunTime:0.000411s ]
INFO: [ app_begin ] --START--
INFO: Run Behavior\ReadHtmlCacheBehavior [ RunTime:0.000704s ]
INFO: [ app_begin ] --END-- [ RunTime:0.000865s ]
INFO: [ view_parse ] --START--
INFO: [ template_filter ] --START--
INFO: Run Behavior\ContentReplaceBehavior [ RunTime:0.000081s ]
INFO: [ template_filter ] --END-- [ RunTime:0.000202s ]
INFO: Run Behavior\ParseTemplateBehavior [ RunTime:0.009590s ]
INFO: [ view_parse ] --END-- [ RunTime:0.009721s ]
INFO: [ view_filter ] --START--
INFO: Run Behavior\WriteHtmlCacheBehavior [ RunTime:0.000265s ]
INFO: [ view_filter ] --END-- [ RunTime:0.000357s ]
INFO: [ app_end ] --START--
INFO: Run Behavior\ShowPageTraceBehavior [ RunTime:0.000458s ]
INFO: [ app_end ] --END-- [ RunTime:0.000564s ]

[ 2017-03-02T16:12:14+08:00 ] ::1 /index.php/home/display/images/bg1_1.png
INFO: [ app_init ] --START--
INFO: Run Behavior\BuildLiteBehavior [ RunTime:0.000047s ]
INFO: [ app_init ] --END-- [ RunTime:0.000637s ]

[ 2017-03-02T16:12:15+08:00 ] ::1 /index.php/home/index/login
INFO: [ app_init ] --START--
INFO: Run Behavior\BuildLiteBehavior [ RunTime:0.000024s ]
INFO: [ app_init ] --END-- [ RunTime:0.000403s ]
INFO: [ app_begin ] --START--
INFO: Run Behavior\ReadHtmlCacheBehavior [ RunTime:0.000480s ]
INFO: [ app_begin ] --END-- [ RunTime:0.000615s ]
SQL: SHOW COLUMNS FROM `user_c` [ RunTime:0.0362s ]
NOTIC: [8] Undefined index: validate C:\wamp\www\lingkong\ThinkPHP\Library\Think\Model.class.php 第 1185 行.
NOTIC: [8] Undefined index: auto C:\wamp\www\lingkong\ThinkPHP\Library\Think\Model.class.php 第 1128 行.
SQL: SELECT * FROM `user_c` WHERE `username` = 'admin' LIMIT 1   [ RunTime:0.0183s ]
SQL: UPDATE `user_c` SET `loginnum`=loginnum+1 WHERE `username` = 'admin' AND `id` = '45' [ RunTime:0.0406s ]
SQL: UPDATE `user_c` SET `username`='admin',`password`='96e79218965eb72c92a549dd5a330112',`lasttime`='1488442335',`lastip`='0.0.0.0' WHERE `username` = 'admin' AND `id` = '45' [ RunTime:0.0211s ]
INFO: [ app_end ] --START--
INFO: Run Behavior\ShowPageTraceBehavior [ RunTime:0.000767s ]
INFO: [ app_end ] --END-- [ RunTime:0.000930s ]

[ 2017-03-02T16:12:16+08:00 ] ::1 /index.php/home/admin/user_index
INFO: [ app_init ] --START--
INFO: Run Behavior\BuildLiteBehavior [ RunTime:0.000032s ]
INFO: [ app_init ] --END-- [ RunTime:0.000409s ]
INFO: [ app_begin ] --START--
INFO: Run Behavior\ReadHtmlCacheBehavior [ RunTime:0.000489s ]
INFO: [ app_begin ] --END-- [ RunTime:0.000612s ]
NOTIC: [2] Missing argument 1 for Common\Controller\CommonController::get_user_roles(), called in C:\wamp\www\lingkong\Application\Common\Controller\CommonController.class.php on line 229 and defined C:\wamp\www\lingkong\Application\Common\Controller\CommonController.class.php 第 173 行.
INFO: [ view_parse ] --START--
INFO: [ template_filter ] --START--
INFO: Run Behavior\ContentReplaceBehavior [ RunTime:0.000163s ]
INFO: [ template_filter ] --END-- [ RunTime:0.000270s ]
NOTIC: [8] Undefined variable: roles C:\wamp\www\lingkong\Application\Runtime\Cache\Home\f324508a16a2d221eb71b92d9fd560ca.php 第 36 行.
INFO: Run Behavior\ParseTemplateBehavior [ RunTime:0.069934s ]
INFO: [ view_parse ] --END-- [ RunTime:0.070035s ]
INFO: [ view_filter ] --START--
INFO: Run Behavior\WriteHtmlCacheBehavior [ RunTime:0.000252s ]
INFO: [ view_filter ] --END-- [ RunTime:0.000342s ]
INFO: [ app_end ] --START--
INFO: Run Behavior\ShowPageTraceBehavior [ RunTime:0.000731s ]
INFO: [ app_end ] --END-- [ RunTime:0.000842s ]

[ 2017-03-02T16:12:16+08:00 ] ::1 /index.php/home/admin/img/a1.jpg
INFO: [ app_init ] --START--
INFO: Run Behavior\BuildLiteBehavior [ RunTime:0.000044s ]
INFO: [ app_init ] --END-- [ RunTime:0.000574s ]

[ 2017-03-02T16:12:16+08:00 ] ::1 /index.php/home/admin/img/a2.jpg
INFO: [ app_init ] --START--
INFO: Run Behavior\BuildLiteBehavior [ RunTime:0.000036s ]
INFO: [ app_init ] --END-- [ RunTime:0.000570s ]

[ 2017-03-02T16:12:16+08:00 ] ::1 /index.php/home/admin/img/a3.jpg
INFO: [ app_init ] --START--
INFO: Run Behavior\BuildLiteBehavior [ RunTime:0.000044s ]
INFO: [ app_init ] --END-- [ RunTime:0.000576s ]

[ 2017-03-02T16:12:16+08:00 ] ::1 /index.php/home/admin/img/a4.jpg
INFO: [ app_init ] --START--
INFO: Run Behavior\BuildLiteBehavior [ RunTime:0.000039s ]
INFO: [ app_init ] --END-- [ RunTime:0.000571s ]

[ 2017-03-02T16:12:16+08:00 ] ::1 /index.php/home/admin/img/a7.jpg
INFO: [ app_init ] --START--
INFO: Run Behavior\BuildLiteBehavior [ RunTime:0.000036s ]
INFO: [ app_init ] --END-- [ RunTime:0.000574s ]

[ 2017-03-02T16:12:16+08:00 ] ::1 /index.php/home/admin/img/a8.jpg
INFO: [ app_init ] --START--
INFO: Run Behavior\BuildLiteBehavior [ RunTime:0.000036s ]
INFO: [ app_init ] --END-- [ RunTime:0.000516s ]

[ 2017-03-02T16:12:16+08:00 ] ::1 /index.php/home/index/index
INFO: [ app_init ] --START--
INFO: Run Behavior\BuildLiteBehavior [ RunTime:0.000044s ]
INFO: [ app_init ] --END-- [ RunTime:0.000641s ]
INFO: [ app_begin ] --START--
INFO: Run Behavior\ReadHtmlCacheBehavior [ RunTime:0.001451s ]
INFO: [ app_begin ] --END-- [ RunTime:0.001653s ]
INFO: [ view_parse ] --START--
INFO: [ template_filter ] --START--
INFO: Run Behavior\ContentReplaceBehavior [ RunTime:0.000192s ]
INFO: [ template_filter ] --END-- [ RunTime:0.000509s ]
INFO: Run Behavior\ParseTemplateBehavior [ RunTime:0.112634s ]
INFO: [ view_parse ] --END-- [ RunTime:0.112797s ]
INFO: [ view_filter ] --START--
INFO: Run Behavior\WriteHtmlCacheBehavior [ RunTime:0.001307s ]
INFO: [ view_filter ] --END-- [ RunTime:0.001473s ]
INFO: [ app_end ] --START--
INFO: Run Behavior\ShowPageTraceBehavior [ RunTime:0.001189s ]
INFO: [ app_end ] --END-- [ RunTime:0.001428s ]

[ 2017-03-02T16:12:20+08:00 ] ::1 /index.php/home/car/list_car?v=4.0
INFO: [ app_init ] --START--
INFO: Run Behavior\BuildLiteBehavior [ RunTime:0.000045s ]
INFO: [ app_init ] --END-- [ RunTime:0.000734s ]
INFO: [ app_begin ] --START--
INFO: Run Behavior\ReadHtmlCacheBehavior [ RunTime:0.000948s ]
INFO: [ app_begin ] --END-- [ RunTime:0.001150s ]
INFO: [ view_parse ] --START--
INFO: [ template_filter ] --START--
INFO: Run Behavior\ContentReplaceBehavior [ RunTime:0.000245s ]
INFO: [ template_filter ] --END-- [ RunTime:0.000447s ]
INFO: Run Behavior\ParseTemplateBehavior [ RunTime:0.012837s ]
INFO: [ view_parse ] --END-- [ RunTime:0.013024s ]
INFO: [ view_filter ] --START--
INFO: Run Behavior\WriteHtmlCacheBehavior [ RunTime:0.000709s ]
INFO: [ view_filter ] --END-- [ RunTime:0.000886s ]
INFO: [ app_end ] --START--
INFO: Run Behavior\ShowPageTraceBehavior [ RunTime:0.001028s ]
INFO: [ app_end ] --END-- [ RunTime:0.001224s ]

[ 2017-03-02T16:12:20+08:00 ] ::1 /index.php/home/car/cars_list
INFO: [ app_init ] --START--
INFO: Run Behavior\BuildLiteBehavior [ RunTime:0.000092s ]
INFO: [ app_init ] --END-- [ RunTime:0.001938s ]
INFO: [ app_begin ] --START--
INFO: Run Behavior\ReadHtmlCacheBehavior [ RunTime:0.000700s ]
INFO: [ app_begin ] --END-- [ RunTime:0.000882s ]
SQL: SHOW COLUMNS FROM `cars_c` [ RunTime:0.0220s ]
SQL: SELECT * FROM `cars_c` WHERE `userid` IN ('45') AND `is_delete` = 0 ORDER BY id desc  [ RunTime:0.0164s ]

[ 2017-03-02T16:12:33+08:00 ] ::1 /index.php/home/store/list_store?v=4.0
INFO: [ app_init ] --START--
INFO: Run Behavior\BuildLiteBehavior [ RunTime:0.000049s ]
INFO: [ app_init ] --END-- [ RunTime:0.000789s ]
INFO: [ app_begin ] --START--
INFO: Run Behavior\ReadHtmlCacheBehavior [ RunTime:0.000533s ]
INFO: [ app_begin ] --END-- [ RunTime:0.000659s ]
INFO: [ view_parse ] --START--
INFO: [ template_filter ] --START--
INFO: Run Behavior\ContentReplaceBehavior [ RunTime:0.000109s ]
INFO: [ template_filter ] --END-- [ RunTime:0.000220s ]
INFO: Run Behavior\ParseTemplateBehavior [ RunTime:0.123846s ]
INFO: [ view_parse ] --END-- [ RunTime:0.123974s ]
INFO: [ view_filter ] --START--
INFO: Run Behavior\WriteHtmlCacheBehavior [ RunTime:0.000377s ]
INFO: [ view_filter ] --END-- [ RunTime:0.000469s ]
INFO: [ app_end ] --START--
INFO: Run Behavior\ShowPageTraceBehavior [ RunTime:0.000799s ]
INFO: [ app_end ] --END-- [ RunTime:0.001254s ]

[ 2017-03-02T16:12:33+08:00 ] ::1 /index.php/home/store/fresh_store
INFO: [ app_init ] --START--
INFO: Run Behavior\BuildLiteBehavior [ RunTime:0.000039s ]
INFO: [ app_init ] --END-- [ RunTime:0.000686s ]
INFO: [ app_begin ] --START--
INFO: Run Behavior\ReadHtmlCacheBehavior [ RunTime:0.000750s ]
INFO: [ app_begin ] --END-- [ RunTime:0.000931s ]
ERR: SQLSTATE[HY000] [1045] Accès refusé pour l'utilisateur: 'root'@'@106.114.251.122' (mot de passe: OUI)

[ 2017-03-02T16:12:33+08:00 ] ::1 /index.php/home/store/fresh_store_company
INFO: [ app_init ] --START--
INFO: Run Behavior\BuildLiteBehavior [ RunTime:0.000037s ]
INFO: [ app_init ] --END-- [ RunTime:0.000589s ]
INFO: [ app_begin ] --START--
INFO: Run Behavior\ReadHtmlCacheBehavior [ RunTime:0.000552s ]
INFO: [ app_begin ] --END-- [ RunTime:0.000673s ]
ERR: SQLSTATE[HY000] [1045] Accès refusé pour l'utilisateur: 'root'@'@106.114.251.122' (mot de passe: OUI)

[ 2017-03-02T16:12:40+08:00 ] ::1 /index.php/home/employer/list_employer?v=4.0
INFO: [ app_init ] --START--
INFO: Run Behavior\BuildLiteBehavior [ RunTime:0.000047s ]
INFO: [ app_init ] --END-- [ RunTime:0.000685s ]
INFO: [ app_begin ] --START--
INFO: Run Behavior\ReadHtmlCacheBehavior [ RunTime:0.000903s ]
INFO: [ app_begin ] --END-- [ RunTime:0.001085s ]
ERR: SQLSTATE[HY000] [1045] Accès refusé pour l'utilisateur: 'root'@'@106.114.251.122' (mot de passe: OUI)

[ 2017-03-02T16:12:50+08:00 ] ::1 /index.php/home/employer/list_employer?v=4.0
INFO: [ app_init ] --START--
INFO: Run Behavior\BuildLiteBehavior [ RunTime:0.000039s ]
INFO: [ app_init ] --END-- [ RunTime:0.000669s ]
INFO: [ app_begin ] --START--
INFO: Run Behavior\ReadHtmlCacheBehavior [ RunTime:0.000712s ]
INFO: [ app_begin ] --END-- [ RunTime:0.000938s ]
SQL: SHOW COLUMNS FROM `user_c` [ RunTime:0.0275s ]
SQL: SELECT * FROM `user_c` WHERE `parent` IN ('0','45') ORDER BY id desc  [ RunTime:0.0209s ]
INFO: [ view_parse ] --START--
INFO: [ template_filter ] --START--
INFO: Run Behavior\ContentReplaceBehavior [ RunTime:0.000165s ]
INFO: [ template_filter ] --END-- [ RunTime:0.000269s ]
INFO: Run Behavior\ParseTemplateBehavior [ RunTime:0.127549s ]
INFO: [ view_parse ] --END-- [ RunTime:0.127681s ]
INFO: [ view_filter ] --START--
INFO: Run Behavior\WriteHtmlCacheBehavior [ RunTime:0.000414s ]
INFO: [ view_filter ] --END-- [ RunTime:0.000507s ]
INFO: [ app_end ] --START--
INFO: Run Behavior\ShowPageTraceBehavior [ RunTime:0.003137s ]
INFO: [ app_end ] --END-- [ RunTime:0.003399s ]

[ 2017-03-02T16:12:50+08:00 ] ::1 /index.php/home/employer/fresh_employer
INFO: [ app_init ] --START--
INFO: Run Behavior\BuildLiteBehavior [ RunTime:0.000043s ]
INFO: [ app_init ] --END-- [ RunTime:0.000684s ]
INFO: [ app_begin ] --START--
INFO: Run Behavior\ReadHtmlCacheBehavior [ RunTime:0.000807s ]
INFO: [ app_begin ] --END-- [ RunTime:0.001005s ]
SQL: SHOW COLUMNS FROM `user_c` [ RunTime:0.0270s ]
SQL: SELECT * FROM `user_c` WHERE `parent` IN ('0','45') ORDER BY id desc  [ RunTime:0.0174s ]
NOTIC: [8] Undefined variable: info C:\wamp\www\lingkong\Application\Home\Controller\EmployerController.class.php 第 45 行.
NOTIC: [8] Undefined variable: status C:\wamp\www\lingkong\Application\Home\Controller\EmployerController.class.php 第 45 行.
NOTIC: [8] Undefined variable: type C:\wamp\www\lingkong\Application\Home\Controller\EmployerController.class.php 第 45 行.

[ 2017-03-02T16:12:53+08:00 ] ::1 /index.php/home/store/list_store?v=4.0
INFO: [ app_init ] --START--
INFO: Run Behavior\BuildLiteBehavior [ RunTime:0.000042s ]
INFO: [ app_init ] --END-- [ RunTime:0.000666s ]
INFO: [ app_begin ] --START--
INFO: Run Behavior\ReadHtmlCacheBehavior [ RunTime:0.000942s ]
INFO: [ app_begin ] --END-- [ RunTime:0.001206s ]
INFO: [ view_parse ] --START--
INFO: [ template_filter ] --START--
INFO: Run Behavior\ContentReplaceBehavior [ RunTime:0.000126s ]
INFO: [ template_filter ] --END-- [ RunTime:0.000246s ]
INFO: Run Behavior\ParseTemplateBehavior [ RunTime:0.074011s ]
INFO: [ view_parse ] --END-- [ RunTime:0.074184s ]
INFO: [ view_filter ] --START--
INFO: Run Behavior\WriteHtmlCacheBehavior [ RunTime:0.000438s ]
INFO: [ view_filter ] --END-- [ RunTime:0.000534s ]
INFO: [ app_end ] --START--
INFO: Run Behavior\ShowPageTraceBehavior [ RunTime:0.000480s ]
INFO: [ app_end ] --END-- [ RunTime:0.000590s ]

[ 2017-03-02T16:12:53+08:00 ] ::1 /index.php/home/store/fresh_store
INFO: [ app_init ] --START--
INFO: Run Behavior\BuildLiteBehavior [ RunTime:0.000044s ]
INFO: [ app_init ] --END-- [ RunTime:0.000647s ]
INFO: [ app_begin ] --START--
INFO: Run Behavior\ReadHtmlCacheBehavior [ RunTime:0.001286s ]
INFO: [ app_begin ] --END-- [ RunTime:0.001559s ]
SQL: SHOW COLUMNS FROM `child_company` [ RunTime:0.0232s ]
SQL: SHOW COLUMNS FROM `store_c` [ RunTime:0.0243s ]
SQL: SELECT * FROM `child_company` WHERE ( userid=45 )  [ RunTime:0.0200s ]

[ 2017-03-02T16:12:53+08:00 ] ::1 /index.php/home/store/fresh_store_company
INFO: [ app_init ] --START--
INFO: Run Behavior\BuildLiteBehavior [ RunTime:0.000037s ]
INFO: [ app_init ] --END-- [ RunTime:0.000605s ]
INFO: [ app_begin ] --START--
INFO: Run Behavior\ReadHtmlCacheBehavior [ RunTime:0.000428s ]
INFO: [ app_begin ] --END-- [ RunTime:0.000534s ]
SQL: SHOW COLUMNS FROM `store_c` [ RunTime:0.0216s ]
SQL: SELECT * FROM `store_c` WHERE ( userid=45 )  [ RunTime:0.0195s ]

[ 2017-03-02T16:18:29+08:00 ] ::1 /index.php/home/store/list_store?v=4.0
INFO: [ app_init ] --START--
INFO: Run Behavior\BuildLiteBehavior [ RunTime:0.000039s ]
INFO: [ app_init ] --END-- [ RunTime:0.000955s ]
INFO: [ app_begin ] --START--
INFO: Run Behavior\ReadHtmlCacheBehavior [ RunTime:0.001169s ]
INFO: [ app_begin ] --END-- [ RunTime:0.001697s ]
INFO: [ view_parse ] --START--
INFO: [ template_filter ] --START--
INFO: Run Behavior\ContentReplaceBehavior [ RunTime:0.000170s ]
INFO: [ template_filter ] --END-- [ RunTime:0.000332s ]
INFO: Run Behavior\ParseTemplateBehavior [ RunTime:0.077088s ]
INFO: [ view_parse ] --END-- [ RunTime:0.077305s ]
INFO: [ view_filter ] --START--
INFO: Run Behavior\WriteHtmlCacheBehavior [ RunTime:0.000745s ]
INFO: [ view_filter ] --END-- [ RunTime:0.000888s ]
INFO: [ app_end ] --START--
INFO: Run Behavior\ShowPageTraceBehavior [ RunTime:0.001551s ]
INFO: [ app_end ] --END-- [ RunTime:0.001877s ]

[ 2017-03-02T16:18:29+08:00 ] ::1 /index.php/home/store/fresh_store
INFO: [ app_init ] --START--
INFO: Run Behavior\BuildLiteBehavior [ RunTime:0.000038s ]
INFO: [ app_init ] --END-- [ RunTime:0.000650s ]
INFO: [ app_begin ] --START--
INFO: Run Behavior\ReadHtmlCacheBehavior [ RunTime:0.000788s ]
INFO: [ app_begin ] --END-- [ RunTime:0.000964s ]
SQL: SHOW COLUMNS FROM `child_company` [ RunTime:0.0220s ]
SQL: SHOW COLUMNS FROM `store_c` [ RunTime:0.0211s ]
SQL: SELECT * FROM `child_company` WHERE ( userid=45 )  [ RunTime:0.0236s ]

[ 2017-03-02T16:18:29+08:00 ] ::1 /index.php/home/store/fresh_store_company
INFO: [ app_init ] --START--
INFO: Run Behavior\BuildLiteBehavior [ RunTime:0.000023s ]
INFO: [ app_init ] --END-- [ RunTime:0.000406s ]
INFO: [ app_begin ] --START--
INFO: Run Behavior\ReadHtmlCacheBehavior [ RunTime:0.000412s ]
INFO: [ app_begin ] --END-- [ RunTime:0.000504s ]
SQL: SHOW COLUMNS FROM `store_c` [ RunTime:0.0147s ]
SQL: SELECT * FROM `store_c` WHERE ( userid=45 )  [ RunTime:0.0151s ]

[ 2017-03-02T16:59:57+08:00 ] ::1 /index.php/home/display
INFO: [ app_init ] --START--
INFO: Run Behavior\BuildLiteBehavior [ RunTime:0.000038s ]
INFO: [ app_init ] --END-- [ RunTime:0.012820s ]
INFO: [ app_begin ] --START--
INFO: Run Behavior\ReadHtmlCacheBehavior [ RunTime:0.013689s ]
INFO: [ app_begin ] --END-- [ RunTime:0.013836s ]
INFO: [ view_parse ] --START--
INFO: [ template_filter ] --START--
INFO: Run Behavior\ContentReplaceBehavior [ RunTime:0.000088s ]
INFO: [ template_filter ] --END-- [ RunTime:0.000205s ]
INFO: Run Behavior\ParseTemplateBehavior [ RunTime:0.117948s ]
INFO: [ view_parse ] --END-- [ RunTime:0.118114s ]
INFO: [ view_filter ] --START--
INFO: Run Behavior\WriteHtmlCacheBehavior [ RunTime:0.016508s ]
INFO: [ view_filter ] --END-- [ RunTime:0.016650s ]
INFO: [ app_end ] --START--
INFO: Run Behavior\ShowPageTraceBehavior [ RunTime:0.011387s ]
INFO: [ app_end ] --END-- [ RunTime:0.011503s ]

[ 2017-03-02T16:59:57+08:00 ] ::1 /index.php/home/images/bg1_1.png
INFO: [ app_init ] --START--
INFO: Run Behavior\BuildLiteBehavior [ RunTime:0.000040s ]
INFO: [ app_init ] --END-- [ RunTime:0.000824s ]

[ 2017-03-02T16:59:58+08:00 ] ::1 /index.php/home/index/login
INFO: [ app_init ] --START--
INFO: Run Behavior\BuildLiteBehavior [ RunTime:0.000048s ]
INFO: [ app_init ] --END-- [ RunTime:0.000816s ]
INFO: [ app_begin ] --START--
INFO: Run Behavior\ReadHtmlCacheBehavior [ RunTime:0.000437s ]
INFO: [ app_begin ] --END-- [ RunTime:0.000551s ]
SQL: SHOW COLUMNS FROM `user_c` [ RunTime:0.0157s ]
NOTIC: [8] Undefined index: validate C:\wamp\www\ThinkPHP\Library\Think\Model.class.php 第 1185 行.
NOTIC: [8] Undefined index: auto C:\wamp\www\ThinkPHP\Library\Think\Model.class.php 第 1128 行.
SQL: SELECT * FROM `user_c` WHERE `username` = 'admin' LIMIT 1   [ RunTime:0.0135s ]
SQL: UPDATE `user_c` SET `loginnum`=loginnum+1 WHERE `username` = 'admin' AND `id` = '45' [ RunTime:0.0412s ]
SQL: UPDATE `user_c` SET `username`='admin',`password`='96e79218965eb72c92a549dd5a330112',`lasttime`='1488445198',`lastip`='0.0.0.0' WHERE `username` = 'admin' AND `id` = '45' [ RunTime:0.0555s ]
INFO: [ app_end ] --START--
INFO: Run Behavior\ShowPageTraceBehavior [ RunTime:0.002492s ]
INFO: [ app_end ] --END-- [ RunTime:0.002983s ]

[ 2017-03-02T16:59:59+08:00 ] ::1 /index.php/home/admin/user_index
INFO: [ app_init ] --START--
INFO: Run Behavior\BuildLiteBehavior [ RunTime:0.000027s ]
INFO: [ app_init ] --END-- [ RunTime:0.000400s ]
INFO: [ app_begin ] --START--
INFO: Run Behavior\ReadHtmlCacheBehavior [ RunTime:0.000451s ]
INFO: [ app_begin ] --END-- [ RunTime:0.000555s ]
NOTIC: [2] Missing argument 1 for Common\Controller\CommonController::get_user_roles(), called in C:\wamp\www\Application\Common\Controller\CommonController.class.php on line 229 and defined C:\wamp\www\Application\Common\Controller\CommonController.class.php 第 173 行.
INFO: [ view_parse ] --START--
INFO: [ template_filter ] --START--
INFO: Run Behavior\ContentReplaceBehavior [ RunTime:0.000165s ]
INFO: [ template_filter ] --END-- [ RunTime:0.000275s ]
NOTIC: [8] Undefined variable: roles C:\wamp\www\Application\Runtime\Cache\Home\f324508a16a2d221eb71b92d9fd560ca.php 第 36 行.
INFO: Run Behavior\ParseTemplateBehavior [ RunTime:0.106731s ]
INFO: [ view_parse ] --END-- [ RunTime:0.106850s ]
INFO: [ view_filter ] --START--
INFO: Run Behavior\WriteHtmlCacheBehavior [ RunTime:0.000271s ]
INFO: [ view_filter ] --END-- [ RunTime:0.000380s ]
INFO: [ app_end ] --START--
INFO: Run Behavior\ShowPageTraceBehavior [ RunTime:0.001441s ]
INFO: [ app_end ] --END-- [ RunTime:0.001772s ]

[ 2017-03-02T16:59:59+08:00 ] ::1 /index.php/home/admin/img/a3.jpg
INFO: [ app_init ] --START--
INFO: Run Behavior\BuildLiteBehavior [ RunTime:0.000036s ]
INFO: [ app_init ] --END-- [ RunTime:0.000558s ]

[ 2017-03-02T16:59:59+08:00 ] ::1 /index.php/home/admin/img/a4.jpg
INFO: [ app_init ] --START--
INFO: Run Behavior\BuildLiteBehavior [ RunTime:0.000042s ]
INFO: [ app_init ] --END-- [ RunTime:0.000542s ]

[ 2017-03-02T16:59:59+08:00 ] ::1 /index.php/home/admin/img/a8.jpg
INFO: [ app_init ] --START--
INFO: Run Behavior\BuildLiteBehavior [ RunTime:0.000048s ]
INFO: [ app_init ] --END-- [ RunTime:0.000559s ]

[ 2017-03-02T16:59:59+08:00 ] ::1 /index.php/home/admin/img/a2.jpg
INFO: [ app_init ] --START--
INFO: Run Behavior\BuildLiteBehavior [ RunTime:0.000037s ]
INFO: [ app_init ] --END-- [ RunTime:0.000550s ]

[ 2017-03-02T16:59:59+08:00 ] ::1 /index.php/home/admin/img/a1.jpg
INFO: [ app_init ] --START--
INFO: Run Behavior\BuildLiteBehavior [ RunTime:0.000040s ]
INFO: [ app_init ] --END-- [ RunTime:0.000998s ]

[ 2017-03-02T16:59:59+08:00 ] ::1 /index.php/home/admin/img/a7.jpg
INFO: [ app_init ] --START--
INFO: Run Behavior\BuildLiteBehavior [ RunTime:0.000037s ]
INFO: [ app_init ] --END-- [ RunTime:0.000588s ]

[ 2017-03-02T16:59:59+08:00 ] ::1 /index.php/home/index/index
INFO: [ app_init ] --START--
INFO: Run Behavior\BuildLiteBehavior [ RunTime:0.000090s ]
INFO: [ app_init ] --END-- [ RunTime:0.001293s ]
INFO: [ app_begin ] --START--
INFO: Run Behavior\ReadHtmlCacheBehavior [ RunTime:0.000666s ]
INFO: [ app_begin ] --END-- [ RunTime:0.000844s ]
INFO: [ view_parse ] --START--
INFO: [ template_filter ] --START--
INFO: Run Behavior\ContentReplaceBehavior [ RunTime:0.000165s ]
INFO: [ template_filter ] --END-- [ RunTime:0.000329s ]
INFO: Run Behavior\ParseTemplateBehavior [ RunTime:0.175044s ]
INFO: [ view_parse ] --END-- [ RunTime:0.175271s ]
INFO: [ view_filter ] --START--
INFO: Run Behavior\WriteHtmlCacheBehavior [ RunTime:0.002132s ]
INFO: [ view_filter ] --END-- [ RunTime:0.002362s ]
INFO: [ app_end ] --START--
INFO: Run Behavior\ShowPageTraceBehavior [ RunTime:0.004065s ]
INFO: [ app_end ] --END-- [ RunTime:0.004435s ]

[ 2017-03-02T17:00:03+08:00 ] ::1 /index.php/home/employer/list_employer?v=4.0
INFO: [ app_init ] --START--
INFO: Run Behavior\BuildLiteBehavior [ RunTime:0.000036s ]
INFO: [ app_init ] --END-- [ RunTime:0.000608s ]
INFO: [ app_begin ] --START--
INFO: Run Behavior\ReadHtmlCacheBehavior [ RunTime:0.000813s ]
INFO: [ app_begin ] --END-- [ RunTime:0.001008s ]
SQL: SHOW COLUMNS FROM `user_c` [ RunTime:0.0173s ]
SQL: SELECT * FROM `user_c` WHERE `parent` IN ('0','45') ORDER BY id desc  [ RunTime:0.0176s ]
INFO: [ view_parse ] --START--
INFO: [ template_filter ] --START--
INFO: Run Behavior\ContentReplaceBehavior [ RunTime:0.000110s ]
INFO: [ template_filter ] --END-- [ RunTime:0.000231s ]
INFO: Run Behavior\ParseTemplateBehavior [ RunTime:0.108745s ]
INFO: [ view_parse ] --END-- [ RunTime:0.108861s ]
INFO: [ view_filter ] --START--
INFO: Run Behavior\WriteHtmlCacheBehavior [ RunTime:0.000433s ]
INFO: [ view_filter ] --END-- [ RunTime:0.000527s ]
INFO: [ app_end ] --START--
INFO: Run Behavior\ShowPageTraceBehavior [ RunTime:0.002526s ]
INFO: [ app_end ] --END-- [ RunTime:0.003655s ]

[ 2017-03-02T17:00:03+08:00 ] ::1 /index.php/home/employer/fresh_employer
INFO: [ app_init ] --START--
INFO: Run Behavior\BuildLiteBehavior [ RunTime:0.000160s ]
INFO: [ app_init ] --END-- [ RunTime:0.001889s ]
INFO: [ app_begin ] --START--
INFO: Run Behavior\ReadHtmlCacheBehavior [ RunTime:0.001453s ]
INFO: [ app_begin ] --END-- [ RunTime:0.001730s ]
SQL: SHOW COLUMNS FROM `user_c` [ RunTime:0.0227s ]
SQL: SELECT * FROM `user_c` WHERE `parent` IN ('0','45') ORDER BY id desc  [ RunTime:0.0260s ]
NOTIC: [8] Undefined variable: info C:\wamp\www\Application\Home\Controller\EmployerController.class.php 第 45 行.
NOTIC: [8] Undefined variable: status C:\wamp\www\Application\Home\Controller\EmployerController.class.php 第 45 行.
NOTIC: [8] Undefined variable: type C:\wamp\www\Application\Home\Controller\EmployerController.class.php 第 45 行.

